[INFO] Scanning for projects...
[WARNING] 
[WARNING] Some problems were encountered while building the effective model for com.zaxxer:nuprocess:bundle:2.0.5-SNAPSHOT
[WARNING] 'build.pluginManagement.plugins.plugin.(groupId:artifactId)' must be unique but found duplicate declaration of plugin org.apache.maven.plugins:maven-surefire-plugin @ line 169, column 21
[WARNING] 
[WARNING] It is highly recommended to fix these problems because they threaten the stability of your build.
[WARNING] 
[WARNING] For this reason, future Maven versions might no longer support building such malformed projects.
[WARNING] 
[INFO] 
[INFO] ------------------------< com.zaxxer:nuprocess >------------------------
[INFO] Building NuProcess 2.0.5-SNAPSHOT
[INFO] -------------------------------[ bundle ]-------------------------------
[INFO] 
[INFO] --- maven-resources-plugin:3.2.0:resources (default-resources) @ nuprocess ---
[INFO] Using 'UTF-8' encoding to copy filtered resources.
[INFO] Using 'UTF-8' encoding to copy filtered properties files.
[INFO] skip non existing resourceDirectory /mnt/c/Users/fujiwara yuma/evaluation/Ekstazi/NuProcess/workingDir/src/main/resources
[INFO] 
[INFO] --- maven-compiler-plugin:3.10.1:compile (default-compile) @ nuprocess ---
[INFO] Changes detected - recompiling the module!
[INFO] Compiling 35 source files to /mnt/c/Users/fujiwara yuma/evaluation/Ekstazi/NuProcess/workingDir/target/classes
[INFO] /mnt/c/Users/fujiwara yuma/evaluation/Ekstazi/NuProcess/workingDir/src/main/java/com/zaxxer/nuprocess/internal/ReferenceCountedFileDescriptor.java: Some input files use or override a deprecated API.
[INFO] /mnt/c/Users/fujiwara yuma/evaluation/Ekstazi/NuProcess/workingDir/src/main/java/com/zaxxer/nuprocess/internal/ReferenceCountedFileDescriptor.java: Recompile with -Xlint:deprecation for details.
[INFO] /mnt/c/Users/fujiwara yuma/evaluation/Ekstazi/NuProcess/workingDir/src/main/java/com/zaxxer/nuprocess/osx/LibKevent.java: Some input files use unchecked or unsafe operations.
[INFO] /mnt/c/Users/fujiwara yuma/evaluation/Ekstazi/NuProcess/workingDir/src/main/java/com/zaxxer/nuprocess/osx/LibKevent.java: Recompile with -Xlint:unchecked for details.
[INFO] 
[INFO] --- maven-resources-plugin:3.2.0:testResources (default-testResources) @ nuprocess ---
[INFO] Using 'UTF-8' encoding to copy filtered resources.
[INFO] Using 'UTF-8' encoding to copy filtered properties files.
[INFO] skip non existing resourceDirectory /mnt/c/Users/fujiwara yuma/evaluation/Ekstazi/NuProcess/workingDir/src/test/resources
[INFO] 
[INFO] --- maven-compiler-plugin:3.10.1:testCompile (default-testCompile) @ nuprocess ---
[INFO] Changes detected - recompiling the module!
[INFO] Compiling 11 source files to /mnt/c/Users/fujiwara yuma/evaluation/Ekstazi/NuProcess/workingDir/target/test-classes
[INFO] /mnt/c/Users/fujiwara yuma/evaluation/Ekstazi/NuProcess/workingDir/src/test/java/com/zaxxer/nuprocess/FastExitingProcessTest.java: /mnt/c/Users/fujiwara yuma/evaluation/Ekstazi/NuProcess/workingDir/src/test/java/com/zaxxer/nuprocess/FastExitingProcessTest.java uses or overrides a deprecated API.
[INFO] /mnt/c/Users/fujiwara yuma/evaluation/Ekstazi/NuProcess/workingDir/src/test/java/com/zaxxer/nuprocess/FastExitingProcessTest.java: Recompile with -Xlint:deprecation for details.
[INFO] 
[INFO] --- maven-surefire-plugin:3.1.2:test (default-test) @ nuprocess ---
[INFO] Using auto detected provider org.apache.maven.surefire.junit4.JUnit4Provider
[INFO] 
[INFO] -------------------------------------------------------
[INFO]  T E S T S
[INFO] -------------------------------------------------------
[INFO] Running com.zaxxer.nuprocess.CatTest
[INFO] Tests run: 0, Failures: 0, Errors: 0, Skipped: 0, Time elapsed: 0.071 s -- in com.zaxxer.nuprocess.CatTest
[INFO] Running com.zaxxer.nuprocess.DirectWriteTest
[INFO] Tests run: 0, Failures: 0, Errors: 0, Skipped: 0, Time elapsed: 0 s -- in com.zaxxer.nuprocess.DirectWriteTest
[INFO] Running com.zaxxer.nuprocess.EnvironmentTest
[INFO] Tests run: 0, Failures: 0, Errors: 0, Skipped: 0, Time elapsed: 0 s -- in com.zaxxer.nuprocess.EnvironmentTest
[INFO] Running com.zaxxer.nuprocess.FastExitingProcessTest
[INFO] Tests run: 0, Failures: 0, Errors: 0, Skipped: 0, Time elapsed: 0 s -- in com.zaxxer.nuprocess.FastExitingProcessTest
[INFO] Running com.zaxxer.nuprocess.internal.ConstantsTest
[INFO] Tests run: 0, Failures: 0, Errors: 0, Skipped: 0, Time elapsed: 0.001 s -- in com.zaxxer.nuprocess.internal.ConstantsTest
[INFO] Running com.zaxxer.nuprocess.InterruptTest
[INFO] Tests run: 0, Failures: 0, Errors: 0, Skipped: 0, Time elapsed: 0 s -- in com.zaxxer.nuprocess.InterruptTest
[INFO] Running com.zaxxer.nuprocess.linux.EpollEventTest
[INFO] Tests run: 0, Failures: 0, Errors: 0, Skipped: 0, Time elapsed: 0 s -- in com.zaxxer.nuprocess.linux.EpollEventTest
[INFO] Running com.zaxxer.nuprocess.RunTest
[INFO] Tests run: 13, Failures: 0, Errors: 0, Skipped: 0, Time elapsed: 2.903 s -- in com.zaxxer.nuprocess.RunTest
[INFO] Running com.zaxxer.nuprocess.ThreadedTest
[INFO] Tests run: 0, Failures: 0, Errors: 0, Skipped: 0, Time elapsed: 0 s -- in com.zaxxer.nuprocess.ThreadedTest
[INFO] 
[INFO] Results:
[INFO] 
[INFO] Tests run: 13, Failures: 0, Errors: 0, Skipped: 0
[INFO] 
[INFO] ------------------------------------------------------------------------
[INFO] BUILD SUCCESS
[INFO] ------------------------------------------------------------------------
[INFO] Total time:  7.913 s
[INFO] Finished at: 2023-12-22T15:49:55+09:00
[INFO] ------------------------------------------------------------------------
