[INFO] Scanning for projects...
Downloading from sonatype-nexus-snapshots: https://oss.sonatype.org/content/repositories/snapshots/com/fasterxml/jackson/jackson-base/2.17.0-SNAPSHOT/maven-metadata.xml
Progress (1): 612 B                   Downloaded from sonatype-nexus-snapshots: https://oss.sonatype.org/content/repositories/snapshots/com/fasterxml/jackson/jackson-base/2.17.0-SNAPSHOT/maven-metadata.xml (612 B at 383 B/s)
Downloading from sonatype-nexus-snapshots: https://oss.sonatype.org/content/repositories/snapshots/com/fasterxml/jackson/jackson-bom/2.17.0-SNAPSHOT/maven-metadata.xml
Progress (1): 611 B                   Downloaded from sonatype-nexus-snapshots: https://oss.sonatype.org/content/repositories/snapshots/com/fasterxml/jackson/jackson-bom/2.17.0-SNAPSHOT/maven-metadata.xml (611 B at 1.4 kB/s)
Downloading from sonatype-nexus-snapshots: https://oss.sonatype.org/content/repositories/snapshots/com/fasterxml/jackson/jackson-parent/2.17-SNAPSHOT/maven-metadata.xml
Progress (1): 610 B                   Downloaded from sonatype-nexus-snapshots: https://oss.sonatype.org/content/repositories/snapshots/com/fasterxml/jackson/jackson-parent/2.17-SNAPSHOT/maven-metadata.xml (610 B at 1.4 kB/s)
[WARNING] 
[WARNING] Some problems were encountered while building the effective model for com.fasterxml.jackson.dataformat:jackson-dataformat-xml:jar:2.17.0-SNAPSHOT
[WARNING] 'build.plugins.plugin.(groupId:artifactId)' must be unique but found duplicate declaration of plugin org.apache.maven.plugins:maven-surefire-plugin @ line 189, column 13
[WARNING] 
[WARNING] It is highly recommended to fix these problems because they threaten the stability of your build.
[WARNING] 
[WARNING] For this reason, future Maven versions might no longer support building such malformed projects.
[WARNING] 
[INFO] Inspecting build with total of 1 modules...
[INFO] Installing Nexus Staging features:
[INFO]   ... total of 1 executions of maven-deploy-plugin replaced with nexus-staging-maven-plugin
[INFO] 
[INFO] ------< com.fasterxml.jackson.dataformat:jackson-dataformat-xml >-------
[INFO] Building Jackson-dataformat-XML 2.17.0-SNAPSHOT
[INFO] --------------------------------[ jar ]---------------------------------
Downloading from sonatype-nexus-snapshots: https://oss.sonatype.org/content/repositories/snapshots/com/fasterxml/jackson/core/jackson-core/2.17.0-SNAPSHOT/maven-metadata.xml
Progress (1): 1.2 kB                    Downloaded from sonatype-nexus-snapshots: https://oss.sonatype.org/content/repositories/snapshots/com/fasterxml/jackson/core/jackson-core/2.17.0-SNAPSHOT/maven-metadata.xml (1.2 kB at 2.7 kB/s)
Downloading from sonatype-nexus-snapshots: https://oss.sonatype.org/content/repositories/snapshots/com/fasterxml/jackson/core/jackson-core/2.17.0-SNAPSHOT/jackson-core-2.17.0-20231218.171141-34.pom
Progress (1): 4.1/9.9 kBProgress (1): 7.8/9.9 kBProgress (1): 9.9 kB                        Downloaded from sonatype-nexus-snapshots: https://oss.sonatype.org/content/repositories/snapshots/com/fasterxml/jackson/core/jackson-core/2.17.0-SNAPSHOT/jackson-core-2.17.0-20231218.171141-34.pom (9.9 kB at 23 kB/s)
Downloading from sonatype-nexus-snapshots: https://oss.sonatype.org/content/repositories/snapshots/com/fasterxml/jackson/core/jackson-annotations/2.17.0-SNAPSHOT/maven-metadata.xml
Progress (1): 1.2 kB                    Downloaded from sonatype-nexus-snapshots: https://oss.sonatype.org/content/repositories/snapshots/com/fasterxml/jackson/core/jackson-annotations/2.17.0-SNAPSHOT/maven-metadata.xml (1.2 kB at 2.6 kB/s)
Downloading from sonatype-nexus-snapshots: https://oss.sonatype.org/content/repositories/snapshots/com/fasterxml/jackson/core/jackson-databind/2.17.0-SNAPSHOT/maven-metadata.xml
Progress (1): 1.2 kB                    Downloaded from sonatype-nexus-snapshots: https://oss.sonatype.org/content/repositories/snapshots/com/fasterxml/jackson/core/jackson-databind/2.17.0-SNAPSHOT/maven-metadata.xml (1.2 kB at 2.7 kB/s)
Downloading from sonatype-nexus-snapshots: https://oss.sonatype.org/content/repositories/snapshots/com/fasterxml/jackson/core/jackson-databind/2.17.0-SNAPSHOT/jackson-databind-2.17.0-20231222.045401-62.pom
Progress (1): 4.1/22 kBProgress (1): 7.8/22 kBProgress (1): 12/22 kB Progress (1): 16/22 kBProgress (1): 20/22 kBProgress (1): 22 kB                      Downloaded from sonatype-nexus-snapshots: https://oss.sonatype.org/content/repositories/snapshots/com/fasterxml/jackson/core/jackson-databind/2.17.0-SNAPSHOT/jackson-databind-2.17.0-20231222.045401-62.pom (22 kB at 46 kB/s)
Downloading from sonatype-nexus-snapshots: https://oss.sonatype.org/content/repositories/snapshots/com/fasterxml/jackson/module/jackson-module-jakarta-xmlbind-annotations/2.17.0-SNAPSHOT/maven-metadata.xml
Progress (1): 1.2 kB                    Downloaded from sonatype-nexus-snapshots: https://oss.sonatype.org/content/repositories/snapshots/com/fasterxml/jackson/module/jackson-module-jakarta-xmlbind-annotations/2.17.0-SNAPSHOT/maven-metadata.xml (1.2 kB at 2.7 kB/s)
Downloading from sonatype-nexus-snapshots: https://oss.sonatype.org/content/repositories/snapshots/com/fasterxml/jackson/module/jackson-module-jakarta-xmlbind-annotations/2.17.0-SNAPSHOT/jackson-module-jakarta-xmlbind-annotations-2.17.0-20231221.005729-2.pom
Progress (1): 3.8 kB                    Downloaded from sonatype-nexus-snapshots: https://oss.sonatype.org/content/repositories/snapshots/com/fasterxml/jackson/module/jackson-module-jakarta-xmlbind-annotations/2.17.0-SNAPSHOT/jackson-module-jakarta-xmlbind-annotations-2.17.0-20231221.005729-2.pom (3.8 kB at 8.3 kB/s)
Downloading from sonatype-nexus-snapshots: https://oss.sonatype.org/content/repositories/snapshots/com/fasterxml/jackson/module/jackson-modules-base/2.17.0-SNAPSHOT/maven-metadata.xml
Progress (1): 627 B                   Downloaded from sonatype-nexus-snapshots: https://oss.sonatype.org/content/repositories/snapshots/com/fasterxml/jackson/module/jackson-modules-base/2.17.0-SNAPSHOT/maven-metadata.xml (627 B at 1.4 kB/s)
Downloading from sonatype-nexus-snapshots: https://oss.sonatype.org/content/repositories/snapshots/com/fasterxml/jackson/module/jackson-modules-base/2.17.0-SNAPSHOT/jackson-modules-base-2.17.0-20231221.005729-2.pom
Progress (1): 4.1 kB                    Downloaded from sonatype-nexus-snapshots: https://oss.sonatype.org/content/repositories/snapshots/com/fasterxml/jackson/module/jackson-modules-base/2.17.0-SNAPSHOT/jackson-modules-base-2.17.0-20231221.005729-2.pom (4.1 kB at 9.0 kB/s)
Downloading from sonatype-nexus-snapshots: https://oss.sonatype.org/content/repositories/snapshots/com/fasterxml/jackson/core/jackson-core/2.17.0-SNAPSHOT/jackson-core-2.17.0-20231218.171141-34.jar
Downloading from sonatype-nexus-snapshots: https://oss.sonatype.org/content/repositories/snapshots/com/fasterxml/jackson/core/jackson-databind/2.17.0-SNAPSHOT/jackson-databind-2.17.0-20231222.045401-62.jar
Downloading from sonatype-nexus-snapshots: https://oss.sonatype.org/content/repositories/snapshots/com/fasterxml/jackson/module/jackson-module-jakarta-xmlbind-annotations/2.17.0-SNAPSHOT/jackson-module-jakarta-xmlbind-annotations-2.17.0-20231221.005729-2.jar
Progress (1): 4.1/578 kBProgress (1): 7.8/578 kBProgress (1): 12/578 kB Progress (1): 16/578 kBProgress (1): 20/578 kBProgress (1): 24/578 kBProgress (1): 28/578 kBProgress (1): 32/578 kBProgress (1): 37/578 kBProgress (1): 41/578 kBProgress (1): 45/578 kBProgress (1): 49/578 kBProgress (1): 52/578 kBProgress (1): 56/578 kBProgress (1): 60/578 kBProgress (1): 64/578 kBProgress (1): 69/578 kBProgress (1): 73/578 kBProgress (1): 77/578 kBProgress (1): 81/578 kBProgress (1): 85/578 kBProgress (1): 89/578 kBProgress (1): 93/578 kBProgress (1): 97/578 kBProgress (1): 101/578 kBProgress (1): 105/578 kBProgress (1): 109/578 kBProgress (1): 113/578 kBProgress (1): 117/578 kBProgress (1): 122/578 kBProgress (1): 126/578 kBProgress (1): 130/578 kBProgress (1): 134/578 kBProgress (1): 138/578 kBProgress (1): 142/578 kBProgress (1): 146/578 kBProgress (1): 150/578 kBProgress (1): 154/578 kBProgress (1): 158/578 kBProgress (1): 162/578 kBProgress (1): 167/578 kBProgress (1): 171/578 kBProgress (1): 175/578 kBProgress (1): 179/578 kBProgress (1): 183/578 kBProgress (1): 187/578 kBProgress (1): 191/578 kBProgress (1): 195/578 kBProgress (1): 199/578 kBProgress (1): 203/578 kBProgress (1): 208/578 kBProgress (1): 212/578 kBProgress (1): 216/578 kBProgress (1): 220/578 kBProgress (1): 224/578 kBProgress (1): 228/578 kBProgress (1): 232/578 kBProgress (1): 236/578 kBProgress (1): 240/578 kBProgress (1): 244/578 kBProgress (1): 248/578 kBProgress (1): 253/578 kBProgress (1): 257/578 kBProgress (1): 261/578 kBProgress (1): 265/578 kBProgress (1): 269/578 kBProgress (1): 273/578 kBProgress (1): 277/578 kBProgress (1): 281/578 kBProgress (1): 285/578 kBProgress (1): 289/578 kBProgress (1): 294/578 kBProgress (1): 298/578 kBProgress (1): 302/578 kBProgress (1): 306/578 kBProgress (1): 310/578 kBProgress (2): 310/578 kB | 4.1/32 kBProgress (2): 310/578 kB | 7.8/32 kBProgress (2): 310/578 kB | 12/32 kB Progress (2): 310/578 kB | 16/32 kBProgress (2): 310/578 kB | 20/32 kBProgress (2): 310/578 kB | 24/32 kBProgress (2): 310/578 kB | 28/32 kBProgress (2): 310/578 kB | 32/32 kBProgress (2): 310/578 kB | 32 kB   Progress (2): 314/578 kB | 32 kBProgress (2): 318/578 kB | 32 kBProgress (2): 322/578 kB | 32 kBProgress (2): 326/578 kB | 32 kBProgress (2): 330/578 kB | 32 kBProgress (2): 334/578 kB | 32 kBProgress (2): 339/578 kB | 32 kBProgress (2): 343/578 kB | 32 kBProgress (2): 347/578 kB | 32 kBProgress (2): 351/578 kB | 32 kBProgress (2): 355/578 kB | 32 kBProgress (2): 359/578 kB | 32 kBProgress (2): 363/578 kB | 32 kBProgress (2): 367/578 kB | 32 kBProgress (2): 371/578 kB | 32 kBProgress (2): 375/578 kB | 32 kBProgress (2): 380/578 kB | 32 kBProgress (2): 384/578 kB | 32 kBProgress (2): 388/578 kB | 32 kBProgress (2): 392/578 kB | 32 kBProgress (2): 396/578 kB | 32 kBProgress (2): 400/578 kB | 32 kBProgress (2): 404/578 kB | 32 kBProgress (2): 408/578 kB | 32 kBProgress (2): 412/578 kB | 32 kBProgress (2): 416/578 kB | 32 kBProgress (2): 421/578 kB | 32 kBProgress (2): 425/578 kB | 32 kBProgress (2): 429/578 kB | 32 kBProgress (2): 433/578 kB | 32 kBProgress (2): 437/578 kB | 32 kBProgress (2): 441/578 kB | 32 kBProgress (2): 445/578 kB | 32 kBProgress (2): 449/578 kB | 32 kBProgress (2): 453/578 kB | 32 kBProgress (2): 457/578 kB | 32 kBProgress (2): 461/578 kB | 32 kBProgress (2): 466/578 kB | 32 kBProgress (2): 470/578 kB | 32 kBProgress (2): 474/578 kB | 32 kBProgress (2): 478/578 kB | 32 kBProgress (2): 482/578 kB | 32 kBProgress (2): 486/578 kB | 32 kBProgress (2): 490/578 kB | 32 kBProgress (2): 494/578 kB | 32 kBProgress (2): 498/578 kB | 32 kBProgress (2): 502/578 kB | 32 kBProgress (2): 507/578 kB | 32 kBProgress (2): 511/578 kB | 32 kBProgress (2): 515/578 kB | 32 kBProgress (2): 519/578 kB | 32 kBProgress (2): 523/578 kB | 32 kBProgress (2): 527/578 kB | 32 kBProgress (2): 531/578 kB | 32 kBProgress (2): 535/578 kB | 32 kBProgress (2): 539/578 kB | 32 kBProgress (2): 543/578 kB | 32 kBProgress (2): 547/578 kB | 32 kBProgress (2): 552/578 kB | 32 kBProgress (2): 556/578 kB | 32 kBProgress (2): 560/578 kB | 32 kBProgress (2): 564/578 kB | 32 kBProgress (2): 568/578 kB | 32 kBProgress (2): 572/578 kB | 32 kBProgress (2): 576/578 kB | 32 kBProgress (2): 578 kB | 32 kB    Progress (3): 578 kB | 32 kB | 0/1.6 MBProgress (3): 578 kB | 32 kB | 0/1.6 MBProgress (3): 578 kB | 32 kB | 0/1.6 MB                                       Downloaded from sonatype-nexus-snapshots: https://oss.sonatype.org/content/repositories/snapshots/com/fasterxml/jackson/module/jackson-module-jakarta-xmlbind-annotations/2.17.0-SNAPSHOT/jackson-module-jakarta-xmlbind-annotations-2.17.0-20231221.005729-2.jar (32 kB at 32 kB/s)
Downloaded from sonatype-nexus-snapshots: https://oss.sonatype.org/content/repositories/snapshots/com/fasterxml/jackson/core/jackson-core/2.17.0-SNAPSHOT/jackson-core-2.17.0-20231218.171141-34.jar (578 kB at 523 kB/s)
Progress (1): 0/1.6 MBProgress (1): 0/1.6 MBProgress (1): 0.1/1.6 MBProgress (1): 0.1/1.6 MBProgress (1): 0.1/1.6 MBProgress (1): 0.1/1.6 MBProgress (1): 0.1/1.6 MBProgress (1): 0.1/1.6 MBProgress (1): 0.1/1.6 MBProgress (1): 0.1/1.6 MBProgress (1): 0.1/1.6 MBProgress (1): 0.1/1.6 MBProgress (1): 0.1/1.6 MBProgress (1): 0.1/1.6 MBProgress (1): 0.2/1.6 MBProgress (1): 0.2/1.6 MBProgress (1): 0.2/1.6 MBProgress (1): 0.2/1.6 MBProgress (1): 0.2/1.6 MBProgress (1): 0.2/1.6 MBProgress (1): 0.2/1.6 MBProgress (1): 0.2/1.6 MBProgress (1): 0.2/1.6 MBProgress (1): 0.2/1.6 MBProgress (1): 0.2/1.6 MBProgress (1): 0.2/1.6 MBProgress (1): 0.3/1.6 MBProgress (1): 0.3/1.6 MBProgress (1): 0.3/1.6 MBProgress (1): 0.3/1.6 MBProgress (1): 0.3/1.6 MBProgress (1): 0.3/1.6 MBProgress (1): 0.3/1.6 MBProgress (1): 0.3/1.6 MBProgress (1): 0.3/1.6 MBProgress (1): 0.3/1.6 MBProgress (1): 0.3/1.6 MBProgress (1): 0.3/1.6 MBProgress (1): 0.4/1.6 MBProgress (1): 0.4/1.6 MBProgress (1): 0.4/1.6 MBProgress (1): 0.4/1.6 MBProgress (1): 0.4/1.6 MBProgress (1): 0.4/1.6 MBProgress (1): 0.4/1.6 MBProgress (1): 0.4/1.6 MBProgress (1): 0.4/1.6 MBProgress (1): 0.4/1.6 MBProgress (1): 0.4/1.6 MBProgress (1): 0.4/1.6 MBProgress (1): 0.5/1.6 MBProgress (1): 0.5/1.6 MBProgress (1): 0.5/1.6 MBProgress (1): 0.5/1.6 MBProgress (1): 0.5/1.6 MBProgress (1): 0.5/1.6 MBProgress (1): 0.5/1.6 MBProgress (1): 0.5/1.6 MBProgress (1): 0.5/1.6 MBProgress (1): 0.5/1.6 MBProgress (1): 0.5/1.6 MBProgress (1): 0.5/1.6 MBProgress (1): 0.5/1.6 MBProgress (1): 0.6/1.6 MBProgress (1): 0.6/1.6 MBProgress (1): 0.6/1.6 MBProgress (1): 0.6/1.6 MBProgress (1): 0.6/1.6 MBProgress (1): 0.6/1.6 MBProgress (1): 0.6/1.6 MBProgress (1): 0.6/1.6 MBProgress (1): 0.6/1.6 MBProgress (1): 0.6/1.6 MBProgress (1): 0.6/1.6 MBProgress (1): 0.6/1.6 MBProgress (1): 0.7/1.6 MBProgress (1): 0.7/1.6 MBProgress (1): 0.7/1.6 MBProgress (1): 0.7/1.6 MBProgress (1): 0.7/1.6 MBProgress (1): 0.7/1.6 MBProgress (1): 0.7/1.6 MBProgress (1): 0.7/1.6 MBProgress (1): 0.7/1.6 MBProgress (1): 0.7/1.6 MBProgress (1): 0.7/1.6 MBProgress (1): 0.7/1.6 MBProgress (1): 0.8/1.6 MBProgress (1): 0.8/1.6 MBProgress (1): 0.8/1.6 MBProgress (1): 0.8/1.6 MBProgress (1): 0.8/1.6 MBProgress (1): 0.8/1.6 MBProgress (1): 0.8/1.6 MBProgress (1): 0.8/1.6 MBProgress (1): 0.8/1.6 MBProgress (1): 0.8/1.6 MBProgress (1): 0.8/1.6 MBProgress (1): 0.8/1.6 MBProgress (1): 0.9/1.6 MBProgress (1): 0.9/1.6 MBProgress (1): 0.9/1.6 MBProgress (1): 0.9/1.6 MBProgress (1): 0.9/1.6 MBProgress (1): 0.9/1.6 MBProgress (1): 0.9/1.6 MBProgress (1): 0.9/1.6 MBProgress (1): 0.9/1.6 MBProgress (1): 0.9/1.6 MBProgress (1): 0.9/1.6 MBProgress (1): 0.9/1.6 MBProgress (1): 1.0/1.6 MBProgress (1): 1.0/1.6 MBProgress (1): 1.0/1.6 MBProgress (1): 1.0/1.6 MBProgress (1): 1.0/1.6 MBProgress (1): 1.0/1.6 MBProgress (1): 1.0/1.6 MBProgress (1): 1.0/1.6 MBProgress (1): 1.0/1.6 MBProgress (1): 1.0/1.6 MBProgress (1): 1.0/1.6 MBProgress (1): 1.0/1.6 MBProgress (1): 1.0/1.6 MBProgress (1): 1.1/1.6 MBProgress (1): 1.1/1.6 MBProgress (1): 1.1/1.6 MBProgress (1): 1.1/1.6 MBProgress (1): 1.1/1.6 MBProgress (1): 1.1/1.6 MBProgress (1): 1.1/1.6 MBProgress (1): 1.1/1.6 MBProgress (1): 1.1/1.6 MBProgress (1): 1.1/1.6 MBProgress (1): 1.1/1.6 MBProgress (1): 1.1/1.6 MBProgress (1): 1.2/1.6 MBProgress (1): 1.2/1.6 MBProgress (1): 1.2/1.6 MBProgress (1): 1.2/1.6 MBProgress (1): 1.2/1.6 MBProgress (1): 1.2/1.6 MBProgress (1): 1.2/1.6 MBProgress (1): 1.2/1.6 MBProgress (1): 1.2/1.6 MBProgress (1): 1.2/1.6 MBProgress (1): 1.2/1.6 MBProgress (1): 1.2/1.6 MBProgress (1): 1.3/1.6 MBProgress (1): 1.3/1.6 MBProgress (1): 1.3/1.6 MBProgress (1): 1.3/1.6 MBProgress (1): 1.3/1.6 MBProgress (1): 1.3/1.6 MBProgress (1): 1.3/1.6 MBProgress (1): 1.3/1.6 MBProgress (1): 1.3/1.6 MBProgress (1): 1.3/1.6 MBProgress (1): 1.3/1.6 MBProgress (1): 1.3/1.6 MBProgress (1): 1.4/1.6 MBProgress (1): 1.4/1.6 MBProgress (1): 1.4/1.6 MBProgress (1): 1.4/1.6 MBProgress (1): 1.4/1.6 MBProgress (1): 1.4/1.6 MBProgress (1): 1.4/1.6 MBProgress (1): 1.4/1.6 MBProgress (1): 1.4/1.6 MBProgress (1): 1.4/1.6 MBProgress (1): 1.4/1.6 MBProgress (1): 1.4/1.6 MBProgress (1): 1.4/1.6 MBProgress (1): 1.5/1.6 MBProgress (1): 1.5/1.6 MBProgress (1): 1.5/1.6 MBProgress (1): 1.5/1.6 MBProgress (1): 1.5/1.6 MBProgress (1): 1.5/1.6 MBProgress (1): 1.5/1.6 MBProgress (1): 1.5/1.6 MBProgress (1): 1.5/1.6 MBProgress (1): 1.5/1.6 MBProgress (1): 1.5/1.6 MBProgress (1): 1.5/1.6 MBProgress (1): 1.6/1.6 MBProgress (1): 1.6/1.6 MBProgress (1): 1.6/1.6 MBProgress (1): 1.6/1.6 MBProgress (1): 1.6/1.6 MBProgress (1): 1.6/1.6 MBProgress (1): 1.6/1.6 MBProgress (1): 1.6/1.6 MBProgress (1): 1.6/1.6 MBProgress (1): 1.6/1.6 MBProgress (1): 1.6/1.6 MBProgress (1): 1.6 MB                        Downloaded from sonatype-nexus-snapshots: https://oss.sonatype.org/content/repositories/snapshots/com/fasterxml/jackson/core/jackson-databind/2.17.0-SNAPSHOT/jackson-databind-2.17.0-20231222.045401-62.jar (1.6 MB at 584 kB/s)
[INFO] 
[INFO] --- maven-enforcer-plugin:3.4.1:enforce (enforce-java) @ jackson-dataformat-xml ---
[INFO] Rule 0: org.apache.maven.enforcer.rules.version.RequireJavaVersion passed
[INFO] Rule 1: org.apache.maven.enforcer.rules.version.RequireMavenVersion passed
[INFO] Rule 2: org.apache.maven.enforcer.rules.RequirePluginVersions passed
[INFO] 
[INFO] --- jacoco-maven-plugin:0.8.10:prepare-agent (default) @ jackson-dataformat-xml ---
[INFO] argLine set to "-javaagent:/home/ym-fujwr/.m2/repository/org/jacoco/org.jacoco.agent/0.8.10/org.jacoco.agent-0.8.10-runtime.jar=destfile=/mnt/c/Users/fujiwara yuma/evaluation/Ekstazi/jacksonXML/workingDir/target/jacoco.exec"
[INFO] 
[INFO] --- build-helper-maven-plugin:3.4.0:add-source (add-generated-sources) @ jackson-dataformat-xml ---
[INFO] Source directory: /mnt/c/Users/fujiwara yuma/evaluation/Ekstazi/jacksonXML/workingDir/target/generated-sources added.
[INFO] 
[INFO] --- replacer:1.5.3:replace (process-packageVersion) @ jackson-dataformat-xml ---
[INFO] Replacement run on 1 file.
[INFO] 
[INFO] --- build-helper-maven-plugin:3.4.0:add-resource (add-resource) @ jackson-dataformat-xml ---
[INFO] 
[INFO] --- maven-resources-plugin:3.3.1:resources (default-resources) @ jackson-dataformat-xml ---
[INFO] Copying 4 resources from src/main/resources to target/classes
[INFO] Copying 1 resource from  to target/classes/META-INF
[INFO] 
[INFO] --- maven-compiler-plugin:3.11.0:compile (default-compile) @ jackson-dataformat-xml ---
[INFO] Changes detected - recompiling the module! :dependency
[INFO] Compiling 43 source files with javac [debug:lines,source,vars deprecation target 1.8] to target/classes
[WARNING] bootstrap class path not set in conjunction with -source 8
[WARNING] /mnt/c/Users/fujiwara yuma/evaluation/Ekstazi/jacksonXML/workingDir/src/main/java/com/fasterxml/jackson/dataformat/xml/deser/FromXmlParser.java:[476,19] getCurrentName() in com.fasterxml.jackson.core.base.ParserMinimalBase has been deprecated
[WARNING] /mnt/c/Users/fujiwara yuma/evaluation/Ekstazi/jacksonXML/workingDir/src/main/java/com/fasterxml/jackson/dataformat/xml/deser/FromXmlParser.java:[539,25] getTokenLocation() in com.fasterxml.jackson.core.JsonParser has been deprecated
[WARNING] /mnt/c/Users/fujiwara yuma/evaluation/Ekstazi/jacksonXML/workingDir/src/main/java/com/fasterxml/jackson/dataformat/xml/deser/FromXmlParser.java:[548,25] getCurrentLocation() in com.fasterxml.jackson.core.JsonParser has been deprecated
[INFO] 
[INFO] --- maven-bundle-plugin:5.1.9:manifest (bundle-manifest) @ jackson-dataformat-xml ---
[WARNING] Manifest com.fasterxml.jackson.dataformat:jackson-dataformat-xml:jar:2.17.0-SNAPSHOT : Version for package com.fasterxml.jackson.dataformat.xml is set to different values in the source (2.17.0-SNAPSHOT) and in the manifest (2.16.0.rc1-SNAPSHOT). The version in the manifest is not picked up by an other sibling bundles in this project or projects that directly depend on this project
[WARNING] Manifest com.fasterxml.jackson.dataformat:jackson-dataformat-xml:jar:2.17.0-SNAPSHOT : Version for package com.fasterxml.jackson.dataformat.xml.annotation is set to different values in the source (2.17.0-SNAPSHOT) and in the manifest (2.16.0.rc1-SNAPSHOT). The version in the manifest is not picked up by an other sibling bundles in this project or projects that directly depend on this project
[WARNING] Manifest com.fasterxml.jackson.dataformat:jackson-dataformat-xml:jar:2.17.0-SNAPSHOT : Version for package com.fasterxml.jackson.dataformat.xml.deser is set to different values in the source (2.17.0-SNAPSHOT) and in the manifest (2.16.0.rc1-SNAPSHOT). The version in the manifest is not picked up by an other sibling bundles in this project or projects that directly depend on this project
[WARNING] Manifest com.fasterxml.jackson.dataformat:jackson-dataformat-xml:jar:2.17.0-SNAPSHOT : Version for package com.fasterxml.jackson.dataformat.xml.jaxb is set to different values in the source (2.17.0-SNAPSHOT) and in the manifest (2.16.0.rc1-SNAPSHOT). The version in the manifest is not picked up by an other sibling bundles in this project or projects that directly depend on this project
[WARNING] Manifest com.fasterxml.jackson.dataformat:jackson-dataformat-xml:jar:2.17.0-SNAPSHOT : Version for package com.fasterxml.jackson.dataformat.xml.ser is set to different values in the source (2.17.0-SNAPSHOT) and in the manifest (2.16.0.rc1-SNAPSHOT). The version in the manifest is not picked up by an other sibling bundles in this project or projects that directly depend on this project
[WARNING] Manifest com.fasterxml.jackson.dataformat:jackson-dataformat-xml:jar:2.17.0-SNAPSHOT : Version for package com.fasterxml.jackson.dataformat.xml.util is set to different values in the source (2.17.0-SNAPSHOT) and in the manifest (2.16.0.rc1-SNAPSHOT). The version in the manifest is not picked up by an other sibling bundles in this project or projects that directly depend on this project
[INFO] Writing manifest: /mnt/c/Users/fujiwara yuma/evaluation/Ekstazi/jacksonXML/workingDir/target/classes/META-INF/MANIFEST.MF
[INFO] 
[INFO] --- maven-resources-plugin:3.3.1:testResources (default-testResources) @ jackson-dataformat-xml ---
[INFO] Copying 2 resources from src/test/resources to target/test-classes
[INFO] 
[INFO] --- maven-compiler-plugin:3.11.0:testCompile (default-testCompile) @ jackson-dataformat-xml ---
[INFO] Changes detected - recompiling the module! :dependency
[INFO] Compiling 146 source files with javac [debug:lines,source,vars deprecation target 1.8] to target/test-classes
[WARNING] bootstrap class path not set in conjunction with -source 8
[WARNING] /mnt/c/Users/fujiwara yuma/evaluation/Ekstazi/jacksonXML/workingDir/src/test/java/com/fasterxml/jackson/dataformat/xml/XmlTestBase.java:[296,33] getCurrentName() in com.fasterxml.jackson.core.JsonParser has been deprecated
[INFO] 
[INFO] --- maven-surefire-plugin:3.2.1:test (default-test) @ jackson-dataformat-xml ---
[INFO] Using auto detected provider org.apache.maven.surefire.junit4.JUnit4Provider
[INFO] 
[INFO] -------------------------------------------------------
[INFO]  T E S T S
[INFO] -------------------------------------------------------
[INFO] Running com.fasterxml.jackson.dataformat.xml.adapters.TestIssue47Attribute
[INFO] Tests run: 1, Failures: 0, Errors: 0, Skipped: 0, Time elapsed: 1.395 s -- in com.fasterxml.jackson.dataformat.xml.adapters.TestIssue47Attribute
[INFO] Running com.fasterxml.jackson.dataformat.xml.deser.builder.BuilderSimpleTest
[INFO] Tests run: 0, Failures: 0, Errors: 0, Skipped: 0, Time elapsed: 0.095 s -- in com.fasterxml.jackson.dataformat.xml.deser.builder.BuilderSimpleTest
[INFO] Running com.fasterxml.jackson.dataformat.xml.deser.builder.BuilderWithXmlText345Test
[INFO] Tests run: 1, Failures: 0, Errors: 0, Skipped: 0, Time elapsed: 0.274 s -- in com.fasterxml.jackson.dataformat.xml.deser.builder.BuilderWithXmlText345Test
[INFO] Running com.fasterxml.jackson.dataformat.xml.deser.CaseInsensitiveDeserTest
[INFO] Tests run: 0, Failures: 0, Errors: 0, Skipped: 0, Time elapsed: 0.007 s -- in com.fasterxml.jackson.dataformat.xml.deser.CaseInsensitiveDeserTest
[INFO] Running com.fasterxml.jackson.dataformat.xml.deser.CoerceFromEmptyStringTest
[INFO] Tests run: 0, Failures: 0, Errors: 0, Skipped: 0, Time elapsed: 0.019 s -- in com.fasterxml.jackson.dataformat.xml.deser.CoerceFromEmptyStringTest
[INFO] Running com.fasterxml.jackson.dataformat.xml.deser.convert.CoerceStringToIntsTest
[INFO] Tests run: 0, Failures: 0, Errors: 0, Skipped: 0, Time elapsed: 0.003 s -- in com.fasterxml.jackson.dataformat.xml.deser.convert.CoerceStringToIntsTest
[INFO] Running com.fasterxml.jackson.dataformat.xml.deser.convert.CoerceToBooleanTest
[INFO] Tests run: 0, Failures: 0, Errors: 0, Skipped: 0, Time elapsed: 0.009 s -- in com.fasterxml.jackson.dataformat.xml.deser.convert.CoerceToBooleanTest
[INFO] Running com.fasterxml.jackson.dataformat.xml.deser.creator.NestedSingleArgCtors547Test
[INFO] Tests run: 0, Failures: 0, Errors: 0, Skipped: 0, Time elapsed: 0.007 s -- in com.fasterxml.jackson.dataformat.xml.deser.creator.NestedSingleArgCtors547Test
[INFO] Running com.fasterxml.jackson.dataformat.xml.deser.creator.NoArgCtorDeser491Test
[INFO] Tests run: 0, Failures: 0, Errors: 0, Skipped: 0, Time elapsed: 0.007 s -- in com.fasterxml.jackson.dataformat.xml.deser.creator.NoArgCtorDeser491Test
[INFO] Running com.fasterxml.jackson.dataformat.xml.deser.creator.PojoWithCreatorRequired538Test
[INFO] Tests run: 0, Failures: 0, Errors: 0, Skipped: 0, Time elapsed: 0 s -- in com.fasterxml.jackson.dataformat.xml.deser.creator.PojoWithCreatorRequired538Test
[INFO] Running com.fasterxml.jackson.dataformat.xml.deser.DefaultTyping325Test
[INFO] Tests run: 1, Failures: 0, Errors: 0, Skipped: 0, Time elapsed: 0.210 s -- in com.fasterxml.jackson.dataformat.xml.deser.DefaultTyping325Test
[INFO] Running com.fasterxml.jackson.dataformat.xml.deser.DelegatingCreator254Test
[INFO] Tests run: 0, Failures: 0, Errors: 0, Skipped: 0, Time elapsed: 0 s -- in com.fasterxml.jackson.dataformat.xml.deser.DelegatingCreator254Test
[INFO] Running com.fasterxml.jackson.dataformat.xml.deser.DeserErrorHandling236Test
[INFO] Tests run: 0, Failures: 0, Errors: 0, Skipped: 0, Time elapsed: 0.001 s -- in com.fasterxml.jackson.dataformat.xml.deser.DeserErrorHandling236Test
[INFO] Running com.fasterxml.jackson.dataformat.xml.deser.ElementWithScalarAndAttr412Test
[INFO] Tests run: 0, Failures: 0, Errors: 0, Skipped: 0, Time elapsed: 0.007 s -- in com.fasterxml.jackson.dataformat.xml.deser.ElementWithScalarAndAttr412Test
[INFO] Running com.fasterxml.jackson.dataformat.xml.deser.EmptyBeanDeser318Test
[INFO] Tests run: 0, Failures: 0, Errors: 0, Skipped: 0, Time elapsed: 0.002 s -- in com.fasterxml.jackson.dataformat.xml.deser.EmptyBeanDeser318Test
[INFO] Running com.fasterxml.jackson.dataformat.xml.deser.EmptyStringValueTest
[INFO] Tests run: 0, Failures: 0, Errors: 0, Skipped: 0, Time elapsed: 0.002 s -- in com.fasterxml.jackson.dataformat.xml.deser.EmptyStringValueTest
[INFO] Running com.fasterxml.jackson.dataformat.xml.deser.EmptyWithScalarsTest
[INFO] Tests run: 0, Failures: 0, Errors: 0, Skipped: 0, Time elapsed: 0.003 s -- in com.fasterxml.jackson.dataformat.xml.deser.EmptyWithScalarsTest
[INFO] Running com.fasterxml.jackson.dataformat.xml.deser.EnumDeserTest
[INFO] Tests run: 2, Failures: 0, Errors: 0, Skipped: 0, Time elapsed: 0.157 s -- in com.fasterxml.jackson.dataformat.xml.deser.EnumDeserTest
[INFO] Running com.fasterxml.jackson.dataformat.xml.deser.ExceptionDeserializationTest
[INFO] Tests run: 1, Failures: 0, Errors: 0, Skipped: 0, Time elapsed: 0.245 s -- in com.fasterxml.jackson.dataformat.xml.deser.ExceptionDeserializationTest
[INFO] Running com.fasterxml.jackson.dataformat.xml.deser.Issue274PropertyNameTest
[INFO] Tests run: 0, Failures: 0, Errors: 0, Skipped: 0, Time elapsed: 0.001 s -- in com.fasterxml.jackson.dataformat.xml.deser.Issue274PropertyNameTest
[INFO] Running com.fasterxml.jackson.dataformat.xml.deser.MapDeserializationTest
[INFO] Tests run: 0, Failures: 0, Errors: 0, Skipped: 0, Time elapsed: 0.011 s -- in com.fasterxml.jackson.dataformat.xml.deser.MapDeserializationTest
[INFO] Running com.fasterxml.jackson.dataformat.xml.deser.MapWithDupsDeser498Test
[INFO] Tests run: 0, Failures: 0, Errors: 0, Skipped: 0, Time elapsed: 0 s -- in com.fasterxml.jackson.dataformat.xml.deser.MapWithDupsDeser498Test
[INFO] Running com.fasterxml.jackson.dataformat.xml.deser.NonNamespaceAwareDeser422Test
[INFO] Tests run: 0, Failures: 0, Errors: 0, Skipped: 0, Time elapsed: 0.007 s -- in com.fasterxml.jackson.dataformat.xml.deser.NonNamespaceAwareDeser422Test
[INFO] Running com.fasterxml.jackson.dataformat.xml.deser.NullConversionsSkipTest
[INFO] Tests run: 0, Failures: 0, Errors: 0, Skipped: 0, Time elapsed: 0 s -- in com.fasterxml.jackson.dataformat.xml.deser.NullConversionsSkipTest
[INFO] Running com.fasterxml.jackson.dataformat.xml.deser.NumberDeserWithXMLTest
[INFO] Tests run: 0, Failures: 0, Errors: 0, Skipped: 0, Time elapsed: 0.018 s -- in com.fasterxml.jackson.dataformat.xml.deser.NumberDeserWithXMLTest
[INFO] Running com.fasterxml.jackson.dataformat.xml.deser.RootValueDeserTest
[INFO] Tests run: 0, Failures: 0, Errors: 0, Skipped: 0, Time elapsed: 0.008 s -- in com.fasterxml.jackson.dataformat.xml.deser.RootValueDeserTest
[INFO] Running com.fasterxml.jackson.dataformat.xml.deser.SimpleStringValuesTest
[INFO] Tests run: 7, Failures: 0, Errors: 0, Skipped: 0, Time elapsed: 0.233 s -- in com.fasterxml.jackson.dataformat.xml.deser.SimpleStringValuesTest
[INFO] Running com.fasterxml.jackson.dataformat.xml.deser.TestBinaryData
[INFO] Tests run: 0, Failures: 0, Errors: 0, Skipped: 0, Time elapsed: 0.006 s -- in com.fasterxml.jackson.dataformat.xml.deser.TestBinaryData
[INFO] Running com.fasterxml.jackson.dataformat.xml.deser.TestDeserialization
[INFO] Tests run: 5, Failures: 0, Errors: 0, Skipped: 0, Time elapsed: 0.165 s -- in com.fasterxml.jackson.dataformat.xml.deser.TestDeserialization
[INFO] Running com.fasterxml.jackson.dataformat.xml.deser.TestViews
[INFO] Tests run: 3, Failures: 0, Errors: 0, Skipped: 0, Time elapsed: 0.139 s -- in com.fasterxml.jackson.dataformat.xml.deser.TestViews
[INFO] Running com.fasterxml.jackson.dataformat.xml.deser.TypeAttributeOrder242Test
[INFO] Tests run: 0, Failures: 0, Errors: 0, Skipped: 0, Time elapsed: 0.003 s -- in com.fasterxml.jackson.dataformat.xml.deser.TypeAttributeOrder242Test
[INFO] Running com.fasterxml.jackson.dataformat.xml.deser.UntypedObjectDeserTest
[INFO] Tests run: 0, Failures: 0, Errors: 0, Skipped: 0, Time elapsed: 0.006 s -- in com.fasterxml.jackson.dataformat.xml.deser.UntypedObjectDeserTest
[INFO] Running com.fasterxml.jackson.dataformat.xml.deser.XsiNilBasicTest
[INFO] Tests run: 0, Failures: 0, Errors: 0, Skipped: 0, Time elapsed: 0.002 s -- in com.fasterxml.jackson.dataformat.xml.deser.XsiNilBasicTest
[INFO] Running com.fasterxml.jackson.dataformat.xml.deser.XsiNilForStringsTest
[INFO] Tests run: 0, Failures: 0, Errors: 0, Skipped: 0, Time elapsed: 0 s -- in com.fasterxml.jackson.dataformat.xml.deser.XsiNilForStringsTest
[INFO] Running com.fasterxml.jackson.dataformat.xml.deser.XsiNilNestingTest
[INFO] Tests run: 0, Failures: 0, Errors: 0, Skipped: 0, Time elapsed: 0.002 s -- in com.fasterxml.jackson.dataformat.xml.deser.XsiNilNestingTest
[INFO] Running com.fasterxml.jackson.dataformat.xml.FeatureDefaultsTest
[INFO] Tests run: 0, Failures: 0, Errors: 0, Skipped: 0, Time elapsed: 0 s -- in com.fasterxml.jackson.dataformat.xml.FeatureDefaultsTest
[INFO] Running com.fasterxml.jackson.dataformat.xml.fuzz.Fuzz463_32872_XmlDeclTest
[INFO] Tests run: 0, Failures: 0, Errors: 0, Skipped: 0, Time elapsed: 0.004 s -- in com.fasterxml.jackson.dataformat.xml.fuzz.Fuzz463_32872_XmlDeclTest
[INFO] Running com.fasterxml.jackson.dataformat.xml.fuzz.Fuzz465_32906_CDataReadTest
[INFO] Tests run: 0, Failures: 0, Errors: 0, Skipped: 0, Time elapsed: 0 s -- in com.fasterxml.jackson.dataformat.xml.fuzz.Fuzz465_32906_CDataReadTest
[INFO] Running com.fasterxml.jackson.dataformat.xml.fuzz.FuzzXXX_32969_UTF32Test
[INFO] Tests run: 0, Failures: 0, Errors: 0, Skipped: 0, Time elapsed: 0 s -- in com.fasterxml.jackson.dataformat.xml.fuzz.FuzzXXX_32969_UTF32Test
[INFO] Running com.fasterxml.jackson.dataformat.xml.incr.IncrementalWritingTest
[INFO] Tests run: 1, Failures: 0, Errors: 0, Skipped: 0, Time elapsed: 0.135 s -- in com.fasterxml.jackson.dataformat.xml.incr.IncrementalWritingTest
[INFO] Running com.fasterxml.jackson.dataformat.xml.incr.PartialReadTest
[INFO] Tests run: 1, Failures: 0, Errors: 0, Skipped: 0, Time elapsed: 0.096 s -- in com.fasterxml.jackson.dataformat.xml.incr.PartialReadTest
[INFO] Running com.fasterxml.jackson.dataformat.xml.interop.NonWoodstoxStaxImpl482Test
[INFO] Tests run: 2, Failures: 0, Errors: 0, Skipped: 0, Time elapsed: 0.169 s -- in com.fasterxml.jackson.dataformat.xml.interop.NonWoodstoxStaxImpl482Test
[INFO] Running com.fasterxml.jackson.dataformat.xml.jaxb.AttributesWithJAXBTest
[INFO] Tests run: 2, Failures: 0, Errors: 0, Skipped: 0, Time elapsed: 0.117 s -- in com.fasterxml.jackson.dataformat.xml.jaxb.AttributesWithJAXBTest
[INFO] Running com.fasterxml.jackson.dataformat.xml.jaxb.BuilderWithJAXB291Test
[INFO] Tests run: 0, Failures: 0, Errors: 0, Skipped: 0, Time elapsed: 0.004 s -- in com.fasterxml.jackson.dataformat.xml.jaxb.BuilderWithJAXB291Test
[INFO] Running com.fasterxml.jackson.dataformat.xml.jaxb.ElementWrapperTest
[INFO] Tests run: 2, Failures: 0, Errors: 0, Skipped: 0, Time elapsed: 0.101 s -- in com.fasterxml.jackson.dataformat.xml.jaxb.ElementWrapperTest
[INFO] Running com.fasterxml.jackson.dataformat.xml.jaxb.JAXBObjectId170Test
[INFO] Tests run: 0, Failures: 0, Errors: 0, Skipped: 0, Time elapsed: 0.005 s -- in com.fasterxml.jackson.dataformat.xml.jaxb.JAXBObjectId170Test
[INFO] Running com.fasterxml.jackson.dataformat.xml.jaxb.JaxbXmlValue418Test
[INFO] Tests run: 2, Failures: 0, Errors: 0, Skipped: 0, Time elapsed: 0.139 s -- in com.fasterxml.jackson.dataformat.xml.jaxb.JaxbXmlValue418Test
[INFO] Running com.fasterxml.jackson.dataformat.xml.jaxb.NamespaceViaJAXB18Test
[INFO] Tests run: 1, Failures: 0, Errors: 0, Skipped: 0, Time elapsed: 0.089 s -- in com.fasterxml.jackson.dataformat.xml.jaxb.NamespaceViaJAXB18Test
[INFO] Running com.fasterxml.jackson.dataformat.xml.jaxb.WithJAXBAnnotationsTest
[INFO] Tests run: 4, Failures: 0, Errors: 0, Skipped: 0, Time elapsed: 0.140 s -- in com.fasterxml.jackson.dataformat.xml.jaxb.WithJAXBAnnotationsTest
[INFO] Running com.fasterxml.jackson.dataformat.xml.lists.DeserializePolyList178Test
[INFO] Tests run: 1, Failures: 0, Errors: 0, Skipped: 0, Time elapsed: 0.126 s -- in com.fasterxml.jackson.dataformat.xml.lists.DeserializePolyList178Test
[INFO] Running com.fasterxml.jackson.dataformat.xml.lists.EmptyListDeserTest
[INFO] Tests run: 5, Failures: 0, Errors: 0, Skipped: 0, Time elapsed: 0.172 s -- in com.fasterxml.jackson.dataformat.xml.lists.EmptyListDeserTest
[INFO] Running com.fasterxml.jackson.dataformat.xml.lists.Issue101UnwrappedListAttributesTest
[INFO] Tests run: 1, Failures: 0, Errors: 0, Skipped: 0, Time elapsed: 0.127 s -- in com.fasterxml.jackson.dataformat.xml.lists.Issue101UnwrappedListAttributesTest
[INFO] Running com.fasterxml.jackson.dataformat.xml.lists.ListAnnotationSharingTest
[INFO] Tests run: 1, Failures: 0, Errors: 0, Skipped: 0, Time elapsed: 0.125 s -- in com.fasterxml.jackson.dataformat.xml.lists.ListAnnotationSharingTest
[INFO] Running com.fasterxml.jackson.dataformat.xml.lists.ListAsObject76Test
[INFO] Tests run: 0, Failures: 0, Errors: 0, Skipped: 0, Time elapsed: 0.005 s -- in com.fasterxml.jackson.dataformat.xml.lists.ListAsObject76Test
[INFO] Running com.fasterxml.jackson.dataformat.xml.lists.ListDeser393Test
[INFO] Tests run: 0, Failures: 0, Errors: 0, Skipped: 0, Time elapsed: 0.008 s -- in com.fasterxml.jackson.dataformat.xml.lists.ListDeser393Test
[INFO] Running com.fasterxml.jackson.dataformat.xml.lists.ListDeser399Test
[INFO] Tests run: 0, Failures: 0, Errors: 0, Skipped: 0, Time elapsed: 0.003 s -- in com.fasterxml.jackson.dataformat.xml.lists.ListDeser399Test
[INFO] Running com.fasterxml.jackson.dataformat.xml.lists.ListDeser469Test
[INFO] Tests run: 2, Failures: 0, Errors: 0, Skipped: 0, Time elapsed: 0.133 s -- in com.fasterxml.jackson.dataformat.xml.lists.ListDeser469Test
[INFO] Running com.fasterxml.jackson.dataformat.xml.lists.ListDeserializationTest
[INFO] Tests run: 11, Failures: 0, Errors: 0, Skipped: 0, Time elapsed: 0.257 s -- in com.fasterxml.jackson.dataformat.xml.lists.ListDeserializationTest
[INFO] Running com.fasterxml.jackson.dataformat.xml.lists.ListRoundtripTest
[INFO] Tests run: 3, Failures: 0, Errors: 0, Skipped: 0, Time elapsed: 0.141 s -- in com.fasterxml.jackson.dataformat.xml.lists.ListRoundtripTest
[INFO] Running com.fasterxml.jackson.dataformat.xml.lists.ListSerializationTest
[INFO] Tests run: 2, Failures: 0, Errors: 0, Skipped: 0, Time elapsed: 0.132 s -- in com.fasterxml.jackson.dataformat.xml.lists.ListSerializationTest
[INFO] Running com.fasterxml.jackson.dataformat.xml.lists.ListWithAttributesDeserTest
[INFO] Tests run: 8, Failures: 0, Errors: 0, Skipped: 0, Time elapsed: 0.252 s -- in com.fasterxml.jackson.dataformat.xml.lists.ListWithAttributesDeserTest
[INFO] Running com.fasterxml.jackson.dataformat.xml.lists.NestedUnwrappedLists180Test
[INFO] Tests run: 0, Failures: 0, Errors: 0, Skipped: 0, Time elapsed: 0.007 s -- in com.fasterxml.jackson.dataformat.xml.lists.NestedUnwrappedLists180Test
[INFO] Running com.fasterxml.jackson.dataformat.xml.lists.NestedUnwrappedLists86Test
[INFO] Tests run: 1, Failures: 0, Errors: 0, Skipped: 0, Time elapsed: 0.110 s -- in com.fasterxml.jackson.dataformat.xml.lists.NestedUnwrappedLists86Test
[INFO] Running com.fasterxml.jackson.dataformat.xml.lists.NestedUnwrappedListsTest
[INFO] Tests run: 0, Failures: 0, Errors: 0, Skipped: 0, Time elapsed: 0.003 s -- in com.fasterxml.jackson.dataformat.xml.lists.NestedUnwrappedListsTest
[INFO] Running com.fasterxml.jackson.dataformat.xml.lists.PolymorphicList97Test
[INFO] Tests run: 0, Failures: 0, Errors: 0, Skipped: 0, Time elapsed: 0.002 s -- in com.fasterxml.jackson.dataformat.xml.lists.PolymorphicList97Test
[INFO] Running com.fasterxml.jackson.dataformat.xml.lists.RootListHandlingTest
[INFO] Tests run: 3, Failures: 0, Errors: 0, Skipped: 0, Time elapsed: 0.182 s -- in com.fasterxml.jackson.dataformat.xml.lists.RootListHandlingTest
[INFO] Running com.fasterxml.jackson.dataformat.xml.lists.StringListRoundtripTest
[INFO] Tests run: 6, Failures: 0, Errors: 0, Skipped: 0, Time elapsed: 0.212 s -- in com.fasterxml.jackson.dataformat.xml.lists.StringListRoundtripTest
[INFO] Running com.fasterxml.jackson.dataformat.xml.lists.UnwrappedListsTest
[INFO] Tests run: 5, Failures: 0, Errors: 0, Skipped: 0, Time elapsed: 0.194 s -- in com.fasterxml.jackson.dataformat.xml.lists.UnwrappedListsTest
[INFO] Running com.fasterxml.jackson.dataformat.xml.lists.UnwrappedListWithEmptyCData129Test
[INFO] Tests run: 0, Failures: 0, Errors: 0, Skipped: 0, Time elapsed: 0 s -- in com.fasterxml.jackson.dataformat.xml.lists.UnwrappedListWithEmptyCData129Test
[INFO] Running com.fasterxml.jackson.dataformat.xml.lists.UnwrappedPolymorphicList490Test
[INFO] Tests run: 1, Failures: 0, Errors: 0, Skipped: 0, Time elapsed: 0.163 s -- in com.fasterxml.jackson.dataformat.xml.lists.UnwrappedPolymorphicList490Test
[INFO] Running com.fasterxml.jackson.dataformat.xml.lists.WrappedListsTest
[INFO] Tests run: 1, Failures: 0, Errors: 0, Skipped: 0, Time elapsed: 0.089 s -- in com.fasterxml.jackson.dataformat.xml.lists.WrappedListsTest
[INFO] Running com.fasterxml.jackson.dataformat.xml.MapperCopyTest
[INFO] Tests run: 4, Failures: 0, Errors: 0, Skipped: 0, Time elapsed: 0.227 s -- in com.fasterxml.jackson.dataformat.xml.MapperCopyTest
[INFO] Running com.fasterxml.jackson.dataformat.xml.misc.ArrayConversionsTest
[INFO] Tests run: 8, Failures: 0, Errors: 0, Skipped: 0, Time elapsed: 0.147 s -- in com.fasterxml.jackson.dataformat.xml.misc.ArrayConversionsTest
[INFO] Running com.fasterxml.jackson.dataformat.xml.misc.BadEncodingTest
[INFO] Tests run: 0, Failures: 0, Errors: 0, Skipped: 0, Time elapsed: 0.001 s -- in com.fasterxml.jackson.dataformat.xml.misc.BadEncodingTest
[INFO] Running com.fasterxml.jackson.dataformat.xml.misc.DTDSupportTest
[INFO] Tests run: 0, Failures: 0, Errors: 0, Skipped: 0, Time elapsed: 0 s -- in com.fasterxml.jackson.dataformat.xml.misc.DTDSupportTest
[INFO] Running com.fasterxml.jackson.dataformat.xml.misc.ObjectId104Test
[INFO] Tests run: 0, Failures: 0, Errors: 0, Skipped: 0, Time elapsed: 0 s -- in com.fasterxml.jackson.dataformat.xml.misc.ObjectId104Test
[INFO] Running com.fasterxml.jackson.dataformat.xml.misc.PolymorphicTypesTest
[INFO] Tests run: 4, Failures: 0, Errors: 0, Skipped: 0, Time elapsed: 0.193 s -- in com.fasterxml.jackson.dataformat.xml.misc.PolymorphicTypesTest
[INFO] Running com.fasterxml.jackson.dataformat.xml.misc.RootNameTest
[INFO] Tests run: 3, Failures: 0, Errors: 0, Skipped: 0, Time elapsed: 0.110 s -- in com.fasterxml.jackson.dataformat.xml.misc.RootNameTest
[INFO] Running com.fasterxml.jackson.dataformat.xml.misc.RootNameWrapping374Test
[INFO] Tests run: 3, Failures: 0, Errors: 0, Skipped: 0, Time elapsed: 0.121 s -- in com.fasterxml.jackson.dataformat.xml.misc.RootNameWrapping374Test
[INFO] Running com.fasterxml.jackson.dataformat.xml.misc.SequenceWrite493Test
[INFO] Tests run: 0, Failures: 0, Errors: 0, Skipped: 0, Time elapsed: 0.007 s -- in com.fasterxml.jackson.dataformat.xml.misc.SequenceWrite493Test
[INFO] Running com.fasterxml.jackson.dataformat.xml.misc.StreamingDecoratorsTest
[INFO] Tests run: 2, Failures: 0, Errors: 0, Skipped: 0, Time elapsed: 0.136 s -- in com.fasterxml.jackson.dataformat.xml.misc.StreamingDecoratorsTest
[INFO] Running com.fasterxml.jackson.dataformat.xml.misc.TagEscapeTest
[INFO] Tests run: 5, Failures: 0, Errors: 0, Skipped: 0, Time elapsed: 0.133 s -- in com.fasterxml.jackson.dataformat.xml.misc.TagEscapeTest
[INFO] Running com.fasterxml.jackson.dataformat.xml.misc.TextValueTest
[INFO] Tests run: 6, Failures: 0, Errors: 0, Skipped: 0, Time elapsed: 0.178 s -- in com.fasterxml.jackson.dataformat.xml.misc.TextValueTest
[INFO] Running com.fasterxml.jackson.dataformat.xml.misc.UnwrappedJsonIdentityConflict286Test
[INFO] Tests run: 0, Failures: 0, Errors: 0, Skipped: 0, Time elapsed: 0.002 s -- in com.fasterxml.jackson.dataformat.xml.misc.UnwrappedJsonIdentityConflict286Test
[INFO] Running com.fasterxml.jackson.dataformat.xml.misc.UnwrappingWithXMLTest
[INFO] Tests run: 3, Failures: 0, Errors: 0, Skipped: 0, Time elapsed: 0.182 s -- in com.fasterxml.jackson.dataformat.xml.misc.UnwrappingWithXMLTest
[INFO] Running com.fasterxml.jackson.dataformat.xml.misc.XmlTextTest
[INFO] Tests run: 4, Failures: 0, Errors: 0, Skipped: 0, Time elapsed: 0.259 s -- in com.fasterxml.jackson.dataformat.xml.misc.XmlTextTest
[INFO] Running com.fasterxml.jackson.dataformat.xml.node.JsonNodeBasicDeserTest
[INFO] Tests run: 0, Failures: 0, Errors: 0, Skipped: 0, Time elapsed: 0.001 s -- in com.fasterxml.jackson.dataformat.xml.node.JsonNodeBasicDeserTest
[INFO] Running com.fasterxml.jackson.dataformat.xml.node.JsonNodeMixedContent403Test
[INFO] Tests run: 0, Failures: 0, Errors: 0, Skipped: 0, Time elapsed: 0 s -- in com.fasterxml.jackson.dataformat.xml.node.JsonNodeMixedContent403Test
[INFO] Running com.fasterxml.jackson.dataformat.xml.node.JsonNodeSerUnwrapped441Test
[INFO] Tests run: 0, Failures: 0, Errors: 0, Skipped: 0, Time elapsed: 0.021 s -- in com.fasterxml.jackson.dataformat.xml.node.JsonNodeSerUnwrapped441Test
[INFO] Running com.fasterxml.jackson.dataformat.xml.RoundtripContentTest
[INFO] Tests run: 1, Failures: 0, Errors: 0, Skipped: 0, Time elapsed: 0.184 s -- in com.fasterxml.jackson.dataformat.xml.RoundtripContentTest
[INFO] Running com.fasterxml.jackson.dataformat.xml.ser.Base64VariantWriteTest
[INFO] Tests run: 2, Failures: 0, Errors: 0, Skipped: 0, Time elapsed: 0.145 s -- in com.fasterxml.jackson.dataformat.xml.ser.Base64VariantWriteTest
[INFO] Running com.fasterxml.jackson.dataformat.xml.ser.CustomSerializerTest
[INFO] Tests run: 0, Failures: 0, Errors: 0, Skipped: 0, Time elapsed: 0.002 s -- in com.fasterxml.jackson.dataformat.xml.ser.CustomSerializerTest
[INFO] Running com.fasterxml.jackson.dataformat.xml.ser.dos.CyclicXMLDataSerTest
[INFO] Tests run: 0, Failures: 0, Errors: 0, Skipped: 0, Time elapsed: 0 s -- in com.fasterxml.jackson.dataformat.xml.ser.dos.CyclicXMLDataSerTest
[INFO] Running com.fasterxml.jackson.dataformat.xml.ser.EmptyPolymorphicTest
[INFO] Tests run: 1, Failures: 0, Errors: 0, Skipped: 0, Time elapsed: 0.118 s -- in com.fasterxml.jackson.dataformat.xml.ser.EmptyPolymorphicTest
[INFO] Running com.fasterxml.jackson.dataformat.xml.ser.IterationType302Test
[INFO] Tests run: 7, Failures: 0, Errors: 0, Skipped: 0, Time elapsed: 0.122 s -- in com.fasterxml.jackson.dataformat.xml.ser.IterationType302Test
[INFO] Running com.fasterxml.jackson.dataformat.xml.ser.JsonAppend578Test
[INFO] Tests run: 1, Failures: 0, Errors: 0, Skipped: 0, Time elapsed: 0.142 s -- in com.fasterxml.jackson.dataformat.xml.ser.JsonAppend578Test
[INFO] Running com.fasterxml.jackson.dataformat.xml.ser.PolymorphicSerialization389Test
[INFO] Tests run: 1, Failures: 0, Errors: 0, Skipped: 0, Time elapsed: 0.097 s -- in com.fasterxml.jackson.dataformat.xml.ser.PolymorphicSerialization389Test
[INFO] Running com.fasterxml.jackson.dataformat.xml.ser.RawValueSerializationTest
[INFO] Tests run: 1, Failures: 0, Errors: 0, Skipped: 0, Time elapsed: 0.085 s -- in com.fasterxml.jackson.dataformat.xml.ser.RawValueSerializationTest
[INFO] Running com.fasterxml.jackson.dataformat.xml.ser.TestBinaryStreamToXMLSerialization
[INFO] Tests run: 5, Failures: 0, Errors: 0, Skipped: 0, Time elapsed: 0.111 s -- in com.fasterxml.jackson.dataformat.xml.ser.TestBinaryStreamToXMLSerialization
[INFO] Running com.fasterxml.jackson.dataformat.xml.ser.TestJDKSerializability
[INFO] Tests run: 2, Failures: 0, Errors: 0, Skipped: 0, Time elapsed: 0.129 s -- in com.fasterxml.jackson.dataformat.xml.ser.TestJDKSerializability
[INFO] Running com.fasterxml.jackson.dataformat.xml.ser.TestNamespaces
[INFO] Tests run: 5, Failures: 0, Errors: 0, Skipped: 0, Time elapsed: 0.097 s -- in com.fasterxml.jackson.dataformat.xml.ser.TestNamespaces
[INFO] Running com.fasterxml.jackson.dataformat.xml.ser.TestSerialization
[INFO] Tests run: 8, Failures: 0, Errors: 0, Skipped: 0, Time elapsed: 0.147 s -- in com.fasterxml.jackson.dataformat.xml.ser.TestSerialization
[INFO] Running com.fasterxml.jackson.dataformat.xml.ser.TestSerializationAttr
[INFO] Tests run: 4, Failures: 0, Errors: 0, Skipped: 0, Time elapsed: 0.110 s -- in com.fasterxml.jackson.dataformat.xml.ser.TestSerializationAttr
[INFO] Running com.fasterxml.jackson.dataformat.xml.ser.TestSerializationManual
[INFO] Tests run: 1, Failures: 0, Errors: 0, Skipped: 0, Time elapsed: 0.097 s -- in com.fasterxml.jackson.dataformat.xml.ser.TestSerializationManual
[INFO] Running com.fasterxml.jackson.dataformat.xml.ser.TestSerializationOrdering
[INFO] Tests run: 1, Failures: 0, Errors: 0, Skipped: 0, Time elapsed: 0.123 s -- in com.fasterxml.jackson.dataformat.xml.ser.TestSerializationOrdering
[INFO] Running com.fasterxml.jackson.dataformat.xml.ser.TestSerializationWithFilter
[INFO] Tests run: 1, Failures: 0, Errors: 0, Skipped: 0, Time elapsed: 0.085 s -- in com.fasterxml.jackson.dataformat.xml.ser.TestSerializationWithFilter
[INFO] Running com.fasterxml.jackson.dataformat.xml.ser.TestSerializerCustom
[INFO] Tests run: 1, Failures: 0, Errors: 0, Skipped: 0, Time elapsed: 0.136 s -- in com.fasterxml.jackson.dataformat.xml.ser.TestSerializerCustom
[INFO] Running com.fasterxml.jackson.dataformat.xml.ser.TestXmlDeclaration
[INFO] Tests run: 2, Failures: 0, Errors: 0, Skipped: 0, Time elapsed: 0.087 s -- in com.fasterxml.jackson.dataformat.xml.ser.TestXmlDeclaration
[INFO] Running com.fasterxml.jackson.dataformat.xml.ser.XmlPrettyPrinterTest
[INFO] Tests run: 9, Failures: 0, Errors: 0, Skipped: 0, Time elapsed: 0.163 s -- in com.fasterxml.jackson.dataformat.xml.ser.XmlPrettyPrinterTest
[INFO] Running com.fasterxml.jackson.dataformat.xml.ser.XsiNilSerializationTest
[INFO] Tests run: 3, Failures: 0, Errors: 0, Skipped: 0, Time elapsed: 0.094 s -- in com.fasterxml.jackson.dataformat.xml.ser.XsiNilSerializationTest
[INFO] Running com.fasterxml.jackson.dataformat.xml.stream.dos.DeepNestingParserTest
[INFO] Tests run: 0, Failures: 0, Errors: 0, Skipped: 0, Time elapsed: 0 s -- in com.fasterxml.jackson.dataformat.xml.stream.dos.DeepNestingParserTest
[INFO] Running com.fasterxml.jackson.dataformat.xml.stream.FormatDetectionTest
[INFO] Tests run: 8, Failures: 0, Errors: 0, Skipped: 0, Time elapsed: 0.145 s -- in com.fasterxml.jackson.dataformat.xml.stream.FormatDetectionTest
[INFO] Running com.fasterxml.jackson.dataformat.xml.stream.StreamCapabilitiesTest
[INFO] Tests run: 0, Failures: 0, Errors: 0, Skipped: 0, Time elapsed: 0 s -- in com.fasterxml.jackson.dataformat.xml.stream.StreamCapabilitiesTest
[INFO] Running com.fasterxml.jackson.dataformat.xml.stream.XmlGeneratorTest
[INFO] Tests run: 15, Failures: 0, Errors: 0, Skipped: 0, Time elapsed: 0.101 s -- in com.fasterxml.jackson.dataformat.xml.stream.XmlGeneratorTest
[INFO] Running com.fasterxml.jackson.dataformat.xml.stream.XmlParser442Test
[INFO] Tests run: 0, Failures: 0, Errors: 0, Skipped: 0, Time elapsed: 0 s -- in com.fasterxml.jackson.dataformat.xml.stream.XmlParser442Test
[INFO] Running com.fasterxml.jackson.dataformat.xml.stream.XmlParserNextXxxTest
[INFO] Tests run: 0, Failures: 0, Errors: 0, Skipped: 0, Time elapsed: 0 s -- in com.fasterxml.jackson.dataformat.xml.stream.XmlParserNextXxxTest
[INFO] Running com.fasterxml.jackson.dataformat.xml.stream.XmlParserTest
[INFO] Tests run: 0, Failures: 0, Errors: 0, Skipped: 0, Time elapsed: 0.001 s -- in com.fasterxml.jackson.dataformat.xml.stream.XmlParserTest
[INFO] Running com.fasterxml.jackson.dataformat.xml.stream.XmlTokenStreamTest
[INFO] Tests run: 0, Failures: 0, Errors: 0, Skipped: 0, Time elapsed: 0.001 s -- in com.fasterxml.jackson.dataformat.xml.stream.XmlTokenStreamTest
[INFO] Running com.fasterxml.jackson.dataformat.xml.VersionInfoTest
[INFO] Tests run: 1, Failures: 0, Errors: 0, Skipped: 0, Time elapsed: 0.034 s -- in com.fasterxml.jackson.dataformat.xml.VersionInfoTest
[INFO] Running com.fasterxml.jackson.dataformat.xml.vld.DTDValidationTest
[INFO] Tests run: 0, Failures: 0, Errors: 0, Skipped: 0, Time elapsed: 0.004 s -- in com.fasterxml.jackson.dataformat.xml.vld.DTDValidationTest
[INFO] Running com.fasterxml.jackson.dataformat.xml.vld.RelaxNGValidationTest
[INFO] Tests run: 0, Failures: 0, Errors: 0, Skipped: 0, Time elapsed: 0.009 s -- in com.fasterxml.jackson.dataformat.xml.vld.RelaxNGValidationTest
[INFO] Running com.fasterxml.jackson.dataformat.xml.vld.W3CSchemaValidationTest
[INFO] Tests run: 0, Failures: 0, Errors: 0, Skipped: 0, Time elapsed: 0.005 s -- in com.fasterxml.jackson.dataformat.xml.vld.W3CSchemaValidationTest
[INFO] 
[INFO] Results:
[INFO] 
[INFO] Tests run: 209, Failures: 0, Errors: 0, Skipped: 0
[INFO] 
[INFO] 
[INFO] --- jacoco-maven-plugin:0.8.10:report (report) @ jackson-dataformat-xml ---
[INFO] Skipping JaCoCo execution due to missing execution data file.
[INFO] ------------------------------------------------------------------------
[INFO] BUILD SUCCESS
[INFO] ------------------------------------------------------------------------
[INFO] Total time:  34.614 s
[INFO] Finished at: 2023-12-22T14:55:12+09:00
[INFO] ------------------------------------------------------------------------
