[INFO] Scanning for projects...
Downloading from sonatype-nexus-snapshots: https://oss.sonatype.org/content/repositories/snapshots/com/fasterxml/jackson/jackson-base/2.17.0-SNAPSHOT/maven-metadata.xml
Progress (1): 612 B                   Downloaded from sonatype-nexus-snapshots: https://oss.sonatype.org/content/repositories/snapshots/com/fasterxml/jackson/jackson-base/2.17.0-SNAPSHOT/maven-metadata.xml (612 B at 432 B/s)
Downloading from sonatype-nexus-snapshots: https://oss.sonatype.org/content/repositories/snapshots/com/fasterxml/jackson/jackson-bom/2.17.0-SNAPSHOT/maven-metadata.xml
Progress (1): 611 B                   Downloaded from sonatype-nexus-snapshots: https://oss.sonatype.org/content/repositories/snapshots/com/fasterxml/jackson/jackson-bom/2.17.0-SNAPSHOT/maven-metadata.xml (611 B at 1.4 kB/s)
Downloading from sonatype-nexus-snapshots: https://oss.sonatype.org/content/repositories/snapshots/com/fasterxml/jackson/jackson-parent/2.17-SNAPSHOT/maven-metadata.xml
Progress (1): 610 B                   Downloaded from sonatype-nexus-snapshots: https://oss.sonatype.org/content/repositories/snapshots/com/fasterxml/jackson/jackson-parent/2.17-SNAPSHOT/maven-metadata.xml (610 B at 1.4 kB/s)
[INFO] Inspecting build with total of 1 modules...
[INFO] Installing Nexus Staging features:
[INFO]   ... total of 1 executions of maven-deploy-plugin replaced with nexus-staging-maven-plugin
[INFO] 
[INFO] ------< com.fasterxml.jackson.dataformat:jackson-dataformat-xml >-------
[INFO] Building Jackson-dataformat-XML 2.17.0-SNAPSHOT
[INFO] --------------------------------[ jar ]---------------------------------
Downloading from sonatype-nexus-snapshots: https://oss.sonatype.org/content/repositories/snapshots/com/fasterxml/jackson/core/jackson-core/2.17.0-SNAPSHOT/maven-metadata.xml
Progress (1): 1.2 kB                    Downloaded from sonatype-nexus-snapshots: https://oss.sonatype.org/content/repositories/snapshots/com/fasterxml/jackson/core/jackson-core/2.17.0-SNAPSHOT/maven-metadata.xml (1.2 kB at 2.7 kB/s)
Downloading from sonatype-nexus-snapshots: https://oss.sonatype.org/content/repositories/snapshots/com/fasterxml/jackson/core/jackson-core/2.17.0-SNAPSHOT/jackson-core-2.17.0-20240129.185810-61.pom
Progress (1): 4.1/9.9 kBProgress (1): 7.8/9.9 kBProgress (1): 9.9 kB                        Downloaded from sonatype-nexus-snapshots: https://oss.sonatype.org/content/repositories/snapshots/com/fasterxml/jackson/core/jackson-core/2.17.0-SNAPSHOT/jackson-core-2.17.0-20240129.185810-61.pom (9.9 kB at 17 kB/s)
Downloading from sonatype-nexus-snapshots: https://oss.sonatype.org/content/repositories/snapshots/com/fasterxml/jackson/core/jackson-annotations/2.17.0-SNAPSHOT/maven-metadata.xml
Progress (1): 1.2 kB                    Downloaded from sonatype-nexus-snapshots: https://oss.sonatype.org/content/repositories/snapshots/com/fasterxml/jackson/core/jackson-annotations/2.17.0-SNAPSHOT/maven-metadata.xml (1.2 kB at 2.6 kB/s)
Downloading from sonatype-nexus-snapshots: https://oss.sonatype.org/content/repositories/snapshots/com/fasterxml/jackson/core/jackson-annotations/2.17.0-SNAPSHOT/jackson-annotations-2.17.0-20240128.023755-4.pom
Progress (1): 4.1/7.1 kBProgress (1): 7.1 kB                        Downloaded from sonatype-nexus-snapshots: https://oss.sonatype.org/content/repositories/snapshots/com/fasterxml/jackson/core/jackson-annotations/2.17.0-SNAPSHOT/jackson-annotations-2.17.0-20240128.023755-4.pom (7.1 kB at 15 kB/s)
Downloading from sonatype-nexus-snapshots: https://oss.sonatype.org/content/repositories/snapshots/com/fasterxml/jackson/core/jackson-databind/2.17.0-SNAPSHOT/maven-metadata.xml
Progress (1): 1.2 kB                    Downloaded from sonatype-nexus-snapshots: https://oss.sonatype.org/content/repositories/snapshots/com/fasterxml/jackson/core/jackson-databind/2.17.0-SNAPSHOT/maven-metadata.xml (1.2 kB at 2.7 kB/s)
Downloading from sonatype-nexus-snapshots: https://oss.sonatype.org/content/repositories/snapshots/com/fasterxml/jackson/core/jackson-databind/2.17.0-SNAPSHOT/jackson-databind-2.17.0-20240129.185721-123.pom
Progress (1): 4.1/22 kBProgress (1): 7.8/22 kBProgress (1): 12/22 kB Progress (1): 16/22 kBProgress (1): 20/22 kBProgress (1): 22 kB                      Downloaded from sonatype-nexus-snapshots: https://oss.sonatype.org/content/repositories/snapshots/com/fasterxml/jackson/core/jackson-databind/2.17.0-SNAPSHOT/jackson-databind-2.17.0-20240129.185721-123.pom (22 kB at 48 kB/s)
Downloading from sonatype-nexus-snapshots: https://oss.sonatype.org/content/repositories/snapshots/com/fasterxml/jackson/module/jackson-module-jakarta-xmlbind-annotations/2.17.0-SNAPSHOT/maven-metadata.xml
Progress (1): 1.2 kB                    Downloaded from sonatype-nexus-snapshots: https://oss.sonatype.org/content/repositories/snapshots/com/fasterxml/jackson/module/jackson-module-jakarta-xmlbind-annotations/2.17.0-SNAPSHOT/maven-metadata.xml (1.2 kB at 2.7 kB/s)
Downloading from sonatype-nexus-snapshots: https://oss.sonatype.org/content/repositories/snapshots/com/fasterxml/jackson/module/jackson-modules-base/2.17.0-SNAPSHOT/maven-metadata.xml
Progress (1): 627 B                   Downloaded from sonatype-nexus-snapshots: https://oss.sonatype.org/content/repositories/snapshots/com/fasterxml/jackson/module/jackson-modules-base/2.17.0-SNAPSHOT/maven-metadata.xml (627 B at 1.4 kB/s)
Downloading from sonatype-nexus-snapshots: https://oss.sonatype.org/content/repositories/snapshots/com/fasterxml/jackson/core/jackson-core/2.17.0-SNAPSHOT/jackson-core-2.17.0-20240129.185810-61.jar
Downloading from sonatype-nexus-snapshots: https://oss.sonatype.org/content/repositories/snapshots/com/fasterxml/jackson/core/jackson-annotations/2.17.0-SNAPSHOT/jackson-annotations-2.17.0-20240128.023755-4.jar
Downloading from sonatype-nexus-snapshots: https://oss.sonatype.org/content/repositories/snapshots/com/fasterxml/jackson/core/jackson-databind/2.17.0-SNAPSHOT/jackson-databind-2.17.0-20240129.185721-123.jar
Progress (1): 4.1/582 kBProgress (1): 7.8/582 kBProgress (1): 12/582 kB Progress (1): 16/582 kBProgress (1): 20/582 kBProgress (1): 24/582 kBProgress (1): 28/582 kBProgress (1): 32/582 kBProgress (1): 37/582 kBProgress (1): 41/582 kBProgress (1): 45/582 kBProgress (1): 49/582 kBProgress (1): 52/582 kBProgress (1): 56/582 kBProgress (1): 60/582 kBProgress (1): 64/582 kBProgress (1): 69/582 kBProgress (1): 73/582 kBProgress (1): 77/582 kBProgress (1): 81/582 kBProgress (1): 85/582 kBProgress (1): 89/582 kBProgress (1): 93/582 kBProgress (1): 97/582 kBProgress (1): 101/582 kBProgress (1): 105/582 kBProgress (1): 110/582 kBProgress (1): 114/582 kBProgress (1): 118/582 kBProgress (1): 122/582 kBProgress (1): 126/582 kBProgress (1): 130/582 kBProgress (1): 134/582 kBProgress (1): 138/582 kBProgress (1): 142/582 kBProgress (1): 146/582 kBProgress (1): 150/582 kBProgress (1): 155/582 kBProgress (1): 159/582 kBProgress (1): 163/582 kBProgress (1): 167/582 kBProgress (1): 171/582 kBProgress (1): 175/582 kBProgress (1): 179/582 kBProgress (1): 183/582 kBProgress (1): 187/582 kBProgress (1): 191/582 kBProgress (1): 196/582 kBProgress (1): 200/582 kBProgress (1): 204/582 kBProgress (1): 208/582 kBProgress (1): 212/582 kBProgress (1): 216/582 kBProgress (1): 220/582 kBProgress (1): 224/582 kBProgress (1): 228/582 kBProgress (1): 232/582 kBProgress (1): 236/582 kBProgress (1): 241/582 kBProgress (1): 245/582 kBProgress (1): 249/582 kBProgress (1): 253/582 kBProgress (1): 257/582 kBProgress (1): 261/582 kBProgress (1): 265/582 kBProgress (1): 269/582 kBProgress (1): 273/582 kBProgress (1): 277/582 kBProgress (1): 282/582 kBProgress (1): 286/582 kBProgress (1): 290/582 kBProgress (1): 294/582 kBProgress (1): 298/582 kBProgress (1): 302/582 kBProgress (1): 306/582 kBProgress (1): 310/582 kBProgress (1): 314/582 kBProgress (1): 318/582 kBProgress (1): 323/582 kBProgress (1): 327/582 kBProgress (1): 331/582 kBProgress (1): 335/582 kBProgress (1): 339/582 kBProgress (1): 343/582 kBProgress (1): 347/582 kBProgress (1): 351/582 kBProgress (1): 355/582 kBProgress (1): 359/582 kBProgress (1): 363/582 kBProgress (1): 368/582 kBProgress (1): 372/582 kBProgress (1): 376/582 kBProgress (1): 380/582 kBProgress (1): 384/582 kBProgress (1): 388/582 kBProgress (1): 392/582 kBProgress (1): 396/582 kBProgress (1): 400/582 kBProgress (1): 404/582 kBProgress (1): 409/582 kBProgress (1): 413/582 kBProgress (1): 417/582 kBProgress (1): 421/582 kBProgress (1): 425/582 kBProgress (1): 429/582 kBProgress (1): 433/582 kBProgress (1): 437/582 kBProgress (1): 441/582 kBProgress (1): 445/582 kBProgress (1): 449/582 kBProgress (1): 454/582 kBProgress (1): 458/582 kBProgress (1): 462/582 kBProgress (1): 466/582 kBProgress (1): 470/582 kBProgress (1): 474/582 kBProgress (1): 478/582 kBProgress (1): 482/582 kBProgress (1): 486/582 kBProgress (1): 490/582 kBProgress (1): 495/582 kBProgress (1): 499/582 kBProgress (1): 503/582 kBProgress (1): 507/582 kBProgress (1): 511/582 kBProgress (1): 515/582 kBProgress (1): 519/582 kBProgress (1): 523/582 kBProgress (1): 527/582 kBProgress (1): 531/582 kBProgress (1): 536/582 kBProgress (1): 540/582 kBProgress (1): 544/582 kBProgress (1): 548/582 kBProgress (1): 552/582 kBProgress (1): 556/582 kBProgress (1): 560/582 kBProgress (1): 564/582 kBProgress (1): 568/582 kBProgress (1): 572/582 kBProgress (1): 576/582 kBProgress (1): 581/582 kBProgress (1): 582 kB                        Downloaded from sonatype-nexus-snapshots: https://oss.sonatype.org/content/repositories/snapshots/com/fasterxml/jackson/core/jackson-core/2.17.0-SNAPSHOT/jackson-core-2.17.0-20240129.185810-61.jar (582 kB at 149 kB/s)
Progress (1): 0/1.6 MBProgress (1): 0/1.6 MBProgress (1): 0/1.6 MBProgress (2): 0/1.6 MB | 4.1/79 kBProgress (2): 0/1.6 MB | 7.8/79 kBProgress (2): 0/1.6 MB | 12/79 kB Progress (2): 0/1.6 MB | 16/79 kBProgress (2): 0/1.6 MB | 20/79 kBProgress (2): 0/1.6 MB | 24/79 kBProgress (2): 0/1.6 MB | 24/79 kBProgress (2): 0.1/1.6 MB | 24/79 kBProgress (2): 0.1/1.6 MB | 24/79 kBProgress (2): 0.1/1.6 MB | 24/79 kBProgress (2): 0.1/1.6 MB | 24/79 kBProgress (2): 0.1/1.6 MB | 24/79 kBProgress (2): 0.1/1.6 MB | 28/79 kBProgress (2): 0.1/1.6 MB | 32/79 kBProgress (2): 0.1/1.6 MB | 37/79 kBProgress (2): 0.1/1.6 MB | 41/79 kBProgress (2): 0.1/1.6 MB | 45/79 kBProgress (2): 0.1/1.6 MB | 49/79 kBProgress (2): 0.1/1.6 MB | 53/79 kBProgress (2): 0.1/1.6 MB | 57/79 kBProgress (2): 0.1/1.6 MB | 61/79 kBProgress (2): 0.1/1.6 MB | 65/79 kBProgress (2): 0.1/1.6 MB | 69/79 kBProgress (2): 0.1/1.6 MB | 73/79 kBProgress (2): 0.1/1.6 MB | 77/79 kBProgress (2): 0.1/1.6 MB | 79 kB   Progress (2): 0.1/1.6 MB | 79 kBProgress (2): 0.1/1.6 MB | 79 kBProgress (2): 0.1/1.6 MB | 79 kBProgress (2): 0.1/1.6 MB | 79 kBProgress (2): 0.1/1.6 MB | 79 kBProgress (2): 0.1/1.6 MB | 79 kBProgress (2): 0.1/1.6 MB | 79 kBProgress (2): 0.1/1.6 MB | 79 kBProgress (2): 0.2/1.6 MB | 79 kBProgress (2): 0.2/1.6 MB | 79 kBProgress (2): 0.2/1.6 MB | 79 kBProgress (2): 0.2/1.6 MB | 79 kBProgress (2): 0.2/1.6 MB | 79 kBProgress (2): 0.2/1.6 MB | 79 kB                                Downloaded from sonatype-nexus-snapshots: https://oss.sonatype.org/content/repositories/snapshots/com/fasterxml/jackson/core/jackson-annotations/2.17.0-SNAPSHOT/jackson-annotations-2.17.0-20240128.023755-4.jar (79 kB at 17 kB/s)
Progress (1): 0.2/1.6 MBProgress (1): 0.2/1.6 MBProgress (1): 0.2/1.6 MBProgress (1): 0.2/1.6 MBProgress (1): 0.2/1.6 MBProgress (1): 0.2/1.6 MBProgress (1): 0.3/1.6 MBProgress (1): 0.3/1.6 MBProgress (1): 0.3/1.6 MBProgress (1): 0.3/1.6 MBProgress (1): 0.3/1.6 MBProgress (1): 0.3/1.6 MBProgress (1): 0.3/1.6 MBProgress (1): 0.3/1.6 MBProgress (1): 0.3/1.6 MBProgress (1): 0.3/1.6 MBProgress (1): 0.3/1.6 MBProgress (1): 0.3/1.6 MBProgress (1): 0.4/1.6 MBProgress (1): 0.4/1.6 MBProgress (1): 0.4/1.6 MBProgress (1): 0.4/1.6 MBProgress (1): 0.4/1.6 MBProgress (1): 0.4/1.6 MBProgress (1): 0.4/1.6 MBProgress (1): 0.4/1.6 MBProgress (1): 0.4/1.6 MBProgress (1): 0.4/1.6 MBProgress (1): 0.4/1.6 MBProgress (1): 0.4/1.6 MBProgress (1): 0.5/1.6 MBProgress (1): 0.5/1.6 MBProgress (1): 0.5/1.6 MBProgress (1): 0.5/1.6 MBProgress (1): 0.5/1.6 MBProgress (1): 0.5/1.6 MBProgress (1): 0.5/1.6 MBProgress (1): 0.5/1.6 MBProgress (1): 0.5/1.6 MBProgress (1): 0.5/1.6 MBProgress (1): 0.5/1.6 MBProgress (1): 0.5/1.6 MBProgress (1): 0.6/1.6 MBProgress (1): 0.6/1.6 MBProgress (1): 0.6/1.6 MBProgress (1): 0.6/1.6 MBProgress (1): 0.6/1.6 MBProgress (1): 0.6/1.6 MBProgress (1): 0.6/1.6 MBProgress (1): 0.6/1.6 MBProgress (1): 0.6/1.6 MBProgress (1): 0.6/1.6 MBProgress (1): 0.6/1.6 MBProgress (1): 0.6/1.6 MBProgress (1): 0.6/1.6 MBProgress (1): 0.7/1.6 MBProgress (1): 0.7/1.6 MBProgress (1): 0.7/1.6 MBProgress (1): 0.7/1.6 MBProgress (1): 0.7/1.6 MBProgress (1): 0.7/1.6 MBProgress (1): 0.7/1.6 MBProgress (1): 0.7/1.6 MBProgress (1): 0.7/1.6 MBProgress (1): 0.7/1.6 MBProgress (1): 0.7/1.6 MBProgress (1): 0.7/1.6 MBProgress (1): 0.8/1.6 MBProgress (1): 0.8/1.6 MBProgress (1): 0.8/1.6 MBProgress (1): 0.8/1.6 MBProgress (1): 0.8/1.6 MBProgress (1): 0.8/1.6 MBProgress (1): 0.8/1.6 MBProgress (1): 0.8/1.6 MBProgress (1): 0.8/1.6 MBProgress (1): 0.8/1.6 MBProgress (1): 0.8/1.6 MBProgress (1): 0.8/1.6 MBProgress (1): 0.9/1.6 MBProgress (1): 0.9/1.6 MBProgress (1): 0.9/1.6 MBProgress (1): 0.9/1.6 MBProgress (1): 0.9/1.6 MBProgress (1): 0.9/1.6 MBProgress (1): 0.9/1.6 MBProgress (1): 0.9/1.6 MBProgress (1): 0.9/1.6 MBProgress (1): 0.9/1.6 MBProgress (1): 0.9/1.6 MBProgress (1): 0.9/1.6 MBProgress (1): 1.0/1.6 MBProgress (1): 1.0/1.6 MBProgress (1): 1.0/1.6 MBProgress (1): 1.0/1.6 MBProgress (1): 1.0/1.6 MBProgress (1): 1.0/1.6 MBProgress (1): 1.0/1.6 MBProgress (1): 1.0/1.6 MBProgress (1): 1.0/1.6 MBProgress (1): 1.0/1.6 MBProgress (1): 1.0/1.6 MBProgress (1): 1.0/1.6 MBProgress (1): 1.1/1.6 MBProgress (1): 1.1/1.6 MBProgress (1): 1.1/1.6 MBProgress (1): 1.1/1.6 MBProgress (1): 1.1/1.6 MBProgress (1): 1.1/1.6 MBProgress (1): 1.1/1.6 MBProgress (1): 1.1/1.6 MBProgress (1): 1.1/1.6 MBProgress (1): 1.1/1.6 MBProgress (1): 1.1/1.6 MBProgress (1): 1.1/1.6 MBProgress (1): 1.1/1.6 MBProgress (1): 1.2/1.6 MBProgress (1): 1.2/1.6 MBProgress (1): 1.2/1.6 MBProgress (1): 1.2/1.6 MBProgress (1): 1.2/1.6 MBProgress (1): 1.2/1.6 MBProgress (1): 1.2/1.6 MBProgress (1): 1.2/1.6 MBProgress (1): 1.2/1.6 MBProgress (1): 1.2/1.6 MBProgress (1): 1.2/1.6 MBProgress (1): 1.2/1.6 MBProgress (1): 1.3/1.6 MBProgress (1): 1.3/1.6 MBProgress (1): 1.3/1.6 MBProgress (1): 1.3/1.6 MBProgress (1): 1.3/1.6 MBProgress (1): 1.3/1.6 MBProgress (1): 1.3/1.6 MBProgress (1): 1.3/1.6 MBProgress (1): 1.3/1.6 MBProgress (1): 1.3/1.6 MBProgress (1): 1.3/1.6 MBProgress (1): 1.3/1.6 MBProgress (1): 1.4/1.6 MBProgress (1): 1.4/1.6 MBProgress (1): 1.4/1.6 MBProgress (1): 1.4/1.6 MBProgress (1): 1.4/1.6 MBProgress (1): 1.4/1.6 MBProgress (1): 1.4/1.6 MBProgress (1): 1.4/1.6 MBProgress (1): 1.4/1.6 MBProgress (1): 1.4/1.6 MBProgress (1): 1.4/1.6 MBProgress (1): 1.4/1.6 MBProgress (1): 1.5/1.6 MBProgress (1): 1.5/1.6 MBProgress (1): 1.5/1.6 MBProgress (1): 1.5/1.6 MBProgress (1): 1.5/1.6 MBProgress (1): 1.5/1.6 MBProgress (1): 1.5/1.6 MBProgress (1): 1.5/1.6 MBProgress (1): 1.5/1.6 MBProgress (1): 1.5/1.6 MBProgress (1): 1.5/1.6 MBProgress (1): 1.5/1.6 MBProgress (1): 1.5/1.6 MBProgress (1): 1.6/1.6 MBProgress (1): 1.6/1.6 MBProgress (1): 1.6/1.6 MBProgress (1): 1.6/1.6 MBProgress (1): 1.6/1.6 MBProgress (1): 1.6/1.6 MBProgress (1): 1.6/1.6 MBProgress (1): 1.6/1.6 MBProgress (1): 1.6/1.6 MBProgress (1): 1.6/1.6 MBProgress (1): 1.6/1.6 MBProgress (1): 1.6 MB                        Downloaded from sonatype-nexus-snapshots: https://oss.sonatype.org/content/repositories/snapshots/com/fasterxml/jackson/core/jackson-databind/2.17.0-SNAPSHOT/jackson-databind-2.17.0-20240129.185721-123.jar (1.6 MB at 194 kB/s)
[INFO] 
[INFO] --- maven-enforcer-plugin:3.4.1:enforce (enforce-java) @ jackson-dataformat-xml ---
[INFO] Rule 0: org.apache.maven.enforcer.rules.version.RequireJavaVersion passed
[INFO] Rule 1: org.apache.maven.enforcer.rules.version.RequireMavenVersion passed
[INFO] Rule 2: org.apache.maven.enforcer.rules.RequirePluginVersions passed
[INFO] 
[INFO] --- jacoco-maven-plugin:0.8.10:prepare-agent (default) @ jackson-dataformat-xml ---
[INFO] argLine set to "-javaagent:/home/ym-fujwr/.m2/repository/org/jacoco/org.jacoco.agent/0.8.10/org.jacoco.agent-0.8.10-runtime.jar=destfile=/mnt/c/Users/fujiwara yuma/evaluation/original_source/jacksonXML/rev_47/target/jacoco.exec"
[INFO] 
[INFO] --- build-helper-maven-plugin:3.4.0:add-source (add-generated-sources) @ jackson-dataformat-xml ---
[INFO] Source directory: /mnt/c/Users/fujiwara yuma/evaluation/original_source/jacksonXML/rev_47/target/generated-sources added.
[INFO] 
[INFO] --- replacer:1.5.3:replace (process-packageVersion) @ jackson-dataformat-xml ---
[INFO] Replacement run on 1 file.
[INFO] 
[INFO] --- build-helper-maven-plugin:3.4.0:add-resource (add-resource) @ jackson-dataformat-xml ---
[INFO] 
[INFO] --- maven-resources-plugin:3.3.1:resources (default-resources) @ jackson-dataformat-xml ---
[INFO] Copying 4 resources from src/main/resources to target/classes
[INFO] Copying 1 resource from  to target/classes/META-INF
[INFO] 
[INFO] --- maven-compiler-plugin:3.11.0:compile (default-compile) @ jackson-dataformat-xml ---
[INFO] Changes detected - recompiling the module! :dependency
[INFO] Compiling 43 source files with javac [debug:lines,source,vars deprecation target 1.8] to target/classes
[WARNING] bootstrap class path not set in conjunction with -source 8
[WARNING] /mnt/c/Users/fujiwara yuma/evaluation/original_source/jacksonXML/rev_47/src/main/java/com/fasterxml/jackson/dataformat/xml/deser/FromXmlParser.java:[476,19] getCurrentName() in com.fasterxml.jackson.core.base.ParserMinimalBase has been deprecated
[WARNING] /mnt/c/Users/fujiwara yuma/evaluation/original_source/jacksonXML/rev_47/src/main/java/com/fasterxml/jackson/dataformat/xml/deser/FromXmlParser.java:[539,25] getTokenLocation() in com.fasterxml.jackson.core.JsonParser has been deprecated
[WARNING] /mnt/c/Users/fujiwara yuma/evaluation/original_source/jacksonXML/rev_47/src/main/java/com/fasterxml/jackson/dataformat/xml/deser/FromXmlParser.java:[548,25] getCurrentLocation() in com.fasterxml.jackson.core.JsonParser has been deprecated
[INFO] 
[INFO] --- maven-bundle-plugin:5.1.9:manifest (bundle-manifest) @ jackson-dataformat-xml ---
[INFO] No MANIFEST.MF file found, generating manifest.
[INFO] Writing manifest: /mnt/c/Users/fujiwara yuma/evaluation/original_source/jacksonXML/rev_47/target/classes/META-INF/MANIFEST.MF
[INFO] 
[INFO] --- maven-resources-plugin:3.3.1:testResources (default-testResources) @ jackson-dataformat-xml ---
[INFO] Copying 2 resources from src/test/resources to target/test-classes
[INFO] 
[INFO] --- maven-compiler-plugin:3.11.0:testCompile (default-testCompile) @ jackson-dataformat-xml ---
[INFO] Changes detected - recompiling the module! :dependency
[INFO] Compiling 143 source files with javac [debug:lines,source,vars deprecation target 1.8] to target/test-classes
[WARNING] bootstrap class path not set in conjunction with -source 8
[WARNING] /mnt/c/Users/fujiwara yuma/evaluation/original_source/jacksonXML/rev_47/src/test/java/com/fasterxml/jackson/dataformat/xml/XmlTestBase.java:[296,33] getCurrentName() in com.fasterxml.jackson.core.JsonParser has been deprecated
[INFO] 
[INFO] --- maven-surefire-plugin:3.2.1:test (default-test) @ jackson-dataformat-xml ---
[INFO] Using auto detected provider org.apache.maven.surefire.junit4.JUnit4Provider
[INFO] 
[INFO] -------------------------------------------------------
[INFO]  T E S T S
[INFO] -------------------------------------------------------
[INFO] Running com.fasterxml.jackson.dataformat.xml.adapters.TestIssue47Attribute
[INFO] Tests run: 1, Failures: 0, Errors: 0, Skipped: 0, Time elapsed: 1.342 s -- in com.fasterxml.jackson.dataformat.xml.adapters.TestIssue47Attribute
[INFO] Running com.fasterxml.jackson.dataformat.xml.deser.builder.BuilderWithXmlText345Test
[INFO] Tests run: 1, Failures: 0, Errors: 0, Skipped: 0, Time elapsed: 0.110 s -- in com.fasterxml.jackson.dataformat.xml.deser.builder.BuilderWithXmlText345Test
[INFO] Running com.fasterxml.jackson.dataformat.xml.deser.DefaultTyping325Test
[INFO] Tests run: 1, Failures: 0, Errors: 0, Skipped: 0, Time elapsed: 0.098 s -- in com.fasterxml.jackson.dataformat.xml.deser.DefaultTyping325Test
[INFO] Running com.fasterxml.jackson.dataformat.xml.deser.EnumDeserTest
[INFO] Tests run: 2, Failures: 0, Errors: 0, Skipped: 0, Time elapsed: 0.052 s -- in com.fasterxml.jackson.dataformat.xml.deser.EnumDeserTest
[INFO] Running com.fasterxml.jackson.dataformat.xml.deser.ExceptionDeserializationTest
[INFO] Tests run: 1, Failures: 0, Errors: 0, Skipped: 0, Time elapsed: 0.088 s -- in com.fasterxml.jackson.dataformat.xml.deser.ExceptionDeserializationTest
[INFO] Running com.fasterxml.jackson.dataformat.xml.deser.SimpleStringValuesTest
[INFO] Tests run: 7, Failures: 0, Errors: 0, Skipped: 0, Time elapsed: 0.047 s -- in com.fasterxml.jackson.dataformat.xml.deser.SimpleStringValuesTest
[INFO] Running com.fasterxml.jackson.dataformat.xml.deser.TestDeserialization
[INFO] Tests run: 5, Failures: 0, Errors: 0, Skipped: 0, Time elapsed: 0.055 s -- in com.fasterxml.jackson.dataformat.xml.deser.TestDeserialization
[INFO] Running com.fasterxml.jackson.dataformat.xml.deser.TestViews
[INFO] Tests run: 3, Failures: 0, Errors: 0, Skipped: 0, Time elapsed: 0.056 s -- in com.fasterxml.jackson.dataformat.xml.deser.TestViews
[INFO] Running com.fasterxml.jackson.dataformat.xml.incr.IncrementalWritingTest
[INFO] Tests run: 1, Failures: 0, Errors: 0, Skipped: 0, Time elapsed: 0.011 s -- in com.fasterxml.jackson.dataformat.xml.incr.IncrementalWritingTest
[INFO] Running com.fasterxml.jackson.dataformat.xml.incr.PartialReadTest
[INFO] Tests run: 1, Failures: 0, Errors: 0, Skipped: 0, Time elapsed: 0 s -- in com.fasterxml.jackson.dataformat.xml.incr.PartialReadTest
[INFO] Running com.fasterxml.jackson.dataformat.xml.interop.NonWoodstoxStaxImpl482Test
[INFO] Tests run: 2, Failures: 0, Errors: 0, Skipped: 0, Time elapsed: 0.142 s -- in com.fasterxml.jackson.dataformat.xml.interop.NonWoodstoxStaxImpl482Test
[INFO] Running com.fasterxml.jackson.dataformat.xml.jaxb.AttributesWithJAXBTest
[INFO] Tests run: 2, Failures: 0, Errors: 0, Skipped: 0, Time elapsed: 0.032 s -- in com.fasterxml.jackson.dataformat.xml.jaxb.AttributesWithJAXBTest
[INFO] Running com.fasterxml.jackson.dataformat.xml.jaxb.ElementWrapperTest
[INFO] Tests run: 2, Failures: 0, Errors: 0, Skipped: 0, Time elapsed: 0.015 s -- in com.fasterxml.jackson.dataformat.xml.jaxb.ElementWrapperTest
[INFO] Running com.fasterxml.jackson.dataformat.xml.jaxb.JaxbXmlValue418Test
[INFO] Tests run: 2, Failures: 0, Errors: 0, Skipped: 0, Time elapsed: 0.019 s -- in com.fasterxml.jackson.dataformat.xml.jaxb.JaxbXmlValue418Test
[INFO] Running com.fasterxml.jackson.dataformat.xml.jaxb.NamespaceViaJAXB18Test
[INFO] Tests run: 1, Failures: 0, Errors: 0, Skipped: 0, Time elapsed: 0.007 s -- in com.fasterxml.jackson.dataformat.xml.jaxb.NamespaceViaJAXB18Test
[INFO] Running com.fasterxml.jackson.dataformat.xml.jaxb.WithJAXBAnnotationsTest
[INFO] Tests run: 4, Failures: 0, Errors: 0, Skipped: 0, Time elapsed: 0.036 s -- in com.fasterxml.jackson.dataformat.xml.jaxb.WithJAXBAnnotationsTest
[INFO] Running com.fasterxml.jackson.dataformat.xml.lists.DeserializePolyList178Test
[INFO] Tests run: 1, Failures: 0, Errors: 0, Skipped: 0, Time elapsed: 0.027 s -- in com.fasterxml.jackson.dataformat.xml.lists.DeserializePolyList178Test
[INFO] Running com.fasterxml.jackson.dataformat.xml.lists.EmptyListDeserTest
[INFO] Tests run: 5, Failures: 0, Errors: 0, Skipped: 0, Time elapsed: 0.066 s -- in com.fasterxml.jackson.dataformat.xml.lists.EmptyListDeserTest
[INFO] Running com.fasterxml.jackson.dataformat.xml.lists.Issue101UnwrappedListAttributesTest
[INFO] Tests run: 1, Failures: 0, Errors: 0, Skipped: 0, Time elapsed: 0.008 s -- in com.fasterxml.jackson.dataformat.xml.lists.Issue101UnwrappedListAttributesTest
[INFO] Running com.fasterxml.jackson.dataformat.xml.lists.ListAnnotationSharingTest
[INFO] Tests run: 1, Failures: 0, Errors: 0, Skipped: 0, Time elapsed: 0.030 s -- in com.fasterxml.jackson.dataformat.xml.lists.ListAnnotationSharingTest
[INFO] Running com.fasterxml.jackson.dataformat.xml.lists.ListDeser469Test
[INFO] Tests run: 2, Failures: 0, Errors: 0, Skipped: 0, Time elapsed: 0.021 s -- in com.fasterxml.jackson.dataformat.xml.lists.ListDeser469Test
[INFO] Running com.fasterxml.jackson.dataformat.xml.lists.ListDeserializationTest
[INFO] Tests run: 11, Failures: 0, Errors: 0, Skipped: 0, Time elapsed: 0.087 s -- in com.fasterxml.jackson.dataformat.xml.lists.ListDeserializationTest
[INFO] Running com.fasterxml.jackson.dataformat.xml.lists.ListRoundtripTest
[INFO] Tests run: 3, Failures: 0, Errors: 0, Skipped: 0, Time elapsed: 0.026 s -- in com.fasterxml.jackson.dataformat.xml.lists.ListRoundtripTest
[INFO] Running com.fasterxml.jackson.dataformat.xml.lists.ListSerializationTest
[INFO] Tests run: 2, Failures: 0, Errors: 0, Skipped: 0, Time elapsed: 0 s -- in com.fasterxml.jackson.dataformat.xml.lists.ListSerializationTest
[INFO] Running com.fasterxml.jackson.dataformat.xml.lists.ListWithAttributesDeserTest
[INFO] Tests run: 8, Failures: 0, Errors: 0, Skipped: 0, Time elapsed: 0.085 s -- in com.fasterxml.jackson.dataformat.xml.lists.ListWithAttributesDeserTest
[INFO] Running com.fasterxml.jackson.dataformat.xml.lists.NestedUnwrappedLists86Test
[INFO] Tests run: 1, Failures: 0, Errors: 0, Skipped: 0, Time elapsed: 0.009 s -- in com.fasterxml.jackson.dataformat.xml.lists.NestedUnwrappedLists86Test
[INFO] Running com.fasterxml.jackson.dataformat.xml.lists.RootListHandlingTest
[INFO] Tests run: 3, Failures: 0, Errors: 0, Skipped: 0, Time elapsed: 0.026 s -- in com.fasterxml.jackson.dataformat.xml.lists.RootListHandlingTest
[INFO] Running com.fasterxml.jackson.dataformat.xml.lists.StringListRoundtripTest
[INFO] Tests run: 6, Failures: 0, Errors: 0, Skipped: 0, Time elapsed: 0.110 s -- in com.fasterxml.jackson.dataformat.xml.lists.StringListRoundtripTest
[INFO] Running com.fasterxml.jackson.dataformat.xml.lists.UnwrappedListsTest
[INFO] Tests run: 5, Failures: 0, Errors: 0, Skipped: 0, Time elapsed: 0.036 s -- in com.fasterxml.jackson.dataformat.xml.lists.UnwrappedListsTest
[INFO] Running com.fasterxml.jackson.dataformat.xml.lists.UnwrappedPolymorphicList490Test
[INFO] Tests run: 1, Failures: 0, Errors: 0, Skipped: 0, Time elapsed: 0.016 s -- in com.fasterxml.jackson.dataformat.xml.lists.UnwrappedPolymorphicList490Test
[INFO] Running com.fasterxml.jackson.dataformat.xml.lists.WrappedListsTest
[INFO] Tests run: 1, Failures: 0, Errors: 0, Skipped: 0, Time elapsed: 0.003 s -- in com.fasterxml.jackson.dataformat.xml.lists.WrappedListsTest
[INFO] Running com.fasterxml.jackson.dataformat.xml.MapperCopyTest
[INFO] Tests run: 4, Failures: 0, Errors: 0, Skipped: 0, Time elapsed: 0.195 s -- in com.fasterxml.jackson.dataformat.xml.MapperCopyTest
[INFO] Running com.fasterxml.jackson.dataformat.xml.misc.ArrayConversionsTest
[INFO] Tests run: 8, Failures: 0, Errors: 0, Skipped: 0, Time elapsed: 0.074 s -- in com.fasterxml.jackson.dataformat.xml.misc.ArrayConversionsTest
[INFO] Running com.fasterxml.jackson.dataformat.xml.misc.PolymorphicTypesTest
[INFO] Tests run: 4, Failures: 0, Errors: 0, Skipped: 0, Time elapsed: 0.022 s -- in com.fasterxml.jackson.dataformat.xml.misc.PolymorphicTypesTest
[INFO] Running com.fasterxml.jackson.dataformat.xml.misc.RootNameTest
[INFO] Tests run: 3, Failures: 0, Errors: 0, Skipped: 0, Time elapsed: 0.076 s -- in com.fasterxml.jackson.dataformat.xml.misc.RootNameTest
[INFO] Running com.fasterxml.jackson.dataformat.xml.misc.RootNameWrapping374Test
[INFO] Tests run: 3, Failures: 0, Errors: 0, Skipped: 0, Time elapsed: 0.001 s -- in com.fasterxml.jackson.dataformat.xml.misc.RootNameWrapping374Test
[INFO] Running com.fasterxml.jackson.dataformat.xml.misc.StreamingDecoratorsTest
[INFO] Tests run: 2, Failures: 0, Errors: 0, Skipped: 0, Time elapsed: 0 s -- in com.fasterxml.jackson.dataformat.xml.misc.StreamingDecoratorsTest
[INFO] Running com.fasterxml.jackson.dataformat.xml.misc.TagEscapeTest
[INFO] Tests run: 5, Failures: 0, Errors: 0, Skipped: 0, Time elapsed: 0.045 s -- in com.fasterxml.jackson.dataformat.xml.misc.TagEscapeTest
[INFO] Running com.fasterxml.jackson.dataformat.xml.misc.TextValueTest
[INFO] Tests run: 6, Failures: 0, Errors: 0, Skipped: 0, Time elapsed: 0.041 s -- in com.fasterxml.jackson.dataformat.xml.misc.TextValueTest
[INFO] Running com.fasterxml.jackson.dataformat.xml.misc.UnwrappingWithXMLTest
[INFO] Tests run: 3, Failures: 0, Errors: 0, Skipped: 0, Time elapsed: 0.035 s -- in com.fasterxml.jackson.dataformat.xml.misc.UnwrappingWithXMLTest
[INFO] Running com.fasterxml.jackson.dataformat.xml.misc.XmlTextTest
[INFO] Tests run: 4, Failures: 0, Errors: 0, Skipped: 0, Time elapsed: 0.031 s -- in com.fasterxml.jackson.dataformat.xml.misc.XmlTextTest
[INFO] Running com.fasterxml.jackson.dataformat.xml.RoundtripContentTest
[INFO] Tests run: 1, Failures: 0, Errors: 0, Skipped: 0, Time elapsed: 0.010 s -- in com.fasterxml.jackson.dataformat.xml.RoundtripContentTest
[INFO] Running com.fasterxml.jackson.dataformat.xml.ser.Base64VariantWriteTest
[INFO] Tests run: 2, Failures: 0, Errors: 0, Skipped: 0, Time elapsed: 0.014 s -- in com.fasterxml.jackson.dataformat.xml.ser.Base64VariantWriteTest
[INFO] Running com.fasterxml.jackson.dataformat.xml.ser.EmptyPolymorphicTest
[INFO] Tests run: 1, Failures: 0, Errors: 0, Skipped: 0, Time elapsed: 0.015 s -- in com.fasterxml.jackson.dataformat.xml.ser.EmptyPolymorphicTest
[INFO] Running com.fasterxml.jackson.dataformat.xml.ser.IterationType302Test
[INFO] Tests run: 7, Failures: 0, Errors: 0, Skipped: 0, Time elapsed: 0.061 s -- in com.fasterxml.jackson.dataformat.xml.ser.IterationType302Test
[INFO] Running com.fasterxml.jackson.dataformat.xml.ser.JsonAppend578Test
[INFO] Tests run: 1, Failures: 0, Errors: 0, Skipped: 0, Time elapsed: 0 s -- in com.fasterxml.jackson.dataformat.xml.ser.JsonAppend578Test
[INFO] Running com.fasterxml.jackson.dataformat.xml.ser.PolymorphicSerialization389Test
[INFO] Tests run: 1, Failures: 0, Errors: 0, Skipped: 0, Time elapsed: 0.002 s -- in com.fasterxml.jackson.dataformat.xml.ser.PolymorphicSerialization389Test
[INFO] Running com.fasterxml.jackson.dataformat.xml.ser.RawValueSerializationTest
[INFO] Tests run: 1, Failures: 0, Errors: 0, Skipped: 0, Time elapsed: 0 s -- in com.fasterxml.jackson.dataformat.xml.ser.RawValueSerializationTest
[INFO] Running com.fasterxml.jackson.dataformat.xml.ser.TestBinaryStreamToXMLSerialization
[INFO] Tests run: 5, Failures: 0, Errors: 0, Skipped: 0, Time elapsed: 0.024 s -- in com.fasterxml.jackson.dataformat.xml.ser.TestBinaryStreamToXMLSerialization
[INFO] Running com.fasterxml.jackson.dataformat.xml.ser.TestJDKSerializability
[INFO] Tests run: 2, Failures: 0, Errors: 0, Skipped: 0, Time elapsed: 0.015 s -- in com.fasterxml.jackson.dataformat.xml.ser.TestJDKSerializability
[INFO] Running com.fasterxml.jackson.dataformat.xml.ser.TestNamespaces
[INFO] Tests run: 5, Failures: 0, Errors: 0, Skipped: 0, Time elapsed: 0.014 s -- in com.fasterxml.jackson.dataformat.xml.ser.TestNamespaces
[INFO] Running com.fasterxml.jackson.dataformat.xml.ser.TestSerialization
[INFO] Tests run: 8, Failures: 0, Errors: 0, Skipped: 0, Time elapsed: 0.054 s -- in com.fasterxml.jackson.dataformat.xml.ser.TestSerialization
[INFO] Running com.fasterxml.jackson.dataformat.xml.ser.TestSerializationAttr
[INFO] Tests run: 4, Failures: 0, Errors: 0, Skipped: 0, Time elapsed: 0.061 s -- in com.fasterxml.jackson.dataformat.xml.ser.TestSerializationAttr
[INFO] Running com.fasterxml.jackson.dataformat.xml.ser.TestSerializationManual
[INFO] Tests run: 1, Failures: 0, Errors: 0, Skipped: 0, Time elapsed: 0 s -- in com.fasterxml.jackson.dataformat.xml.ser.TestSerializationManual
[INFO] Running com.fasterxml.jackson.dataformat.xml.ser.TestSerializationOrdering
[INFO] Tests run: 1, Failures: 0, Errors: 0, Skipped: 0, Time elapsed: 0.001 s -- in com.fasterxml.jackson.dataformat.xml.ser.TestSerializationOrdering
[INFO] Running com.fasterxml.jackson.dataformat.xml.ser.TestSerializationWithFilter
[INFO] Tests run: 1, Failures: 0, Errors: 0, Skipped: 0, Time elapsed: 0 s -- in com.fasterxml.jackson.dataformat.xml.ser.TestSerializationWithFilter
[INFO] Running com.fasterxml.jackson.dataformat.xml.ser.TestSerializerCustom
[INFO] Tests run: 1, Failures: 0, Errors: 0, Skipped: 0, Time elapsed: 0.013 s -- in com.fasterxml.jackson.dataformat.xml.ser.TestSerializerCustom
[INFO] Running com.fasterxml.jackson.dataformat.xml.ser.TestXmlDeclaration
[INFO] Tests run: 2, Failures: 0, Errors: 0, Skipped: 0, Time elapsed: 0 s -- in com.fasterxml.jackson.dataformat.xml.ser.TestXmlDeclaration
[INFO] Running com.fasterxml.jackson.dataformat.xml.ser.XmlPrettyPrinterTest
[INFO] Tests run: 9, Failures: 0, Errors: 0, Skipped: 0, Time elapsed: 0.070 s -- in com.fasterxml.jackson.dataformat.xml.ser.XmlPrettyPrinterTest
[INFO] Running com.fasterxml.jackson.dataformat.xml.ser.XsiNilSerializationTest
[INFO] Tests run: 3, Failures: 0, Errors: 0, Skipped: 0, Time elapsed: 0.011 s -- in com.fasterxml.jackson.dataformat.xml.ser.XsiNilSerializationTest
[INFO] Running com.fasterxml.jackson.dataformat.xml.stream.FormatDetectionTest
[INFO] Tests run: 8, Failures: 0, Errors: 0, Skipped: 0, Time elapsed: 0.067 s -- in com.fasterxml.jackson.dataformat.xml.stream.FormatDetectionTest
[INFO] Running com.fasterxml.jackson.dataformat.xml.stream.XmlGeneratorTest
[INFO] Tests run: 15, Failures: 0, Errors: 0, Skipped: 0, Time elapsed: 0.008 s -- in com.fasterxml.jackson.dataformat.xml.stream.XmlGeneratorTest
[INFO] Running com.fasterxml.jackson.dataformat.xml.VersionInfoTest
[INFO] Tests run: 1, Failures: 0, Errors: 0, Skipped: 0, Time elapsed: 0.005 s -- in com.fasterxml.jackson.dataformat.xml.VersionInfoTest
[INFO] 
[INFO] Results:
[INFO] 
[INFO] Tests run: 209, Failures: 0, Errors: 0, Skipped: 0
[INFO] 
[INFO] 
[INFO] --- jacoco-maven-plugin:0.8.10:report (report) @ jackson-dataformat-xml ---
[INFO] Loading execution data file /mnt/c/Users/fujiwara yuma/evaluation/original_source/jacksonXML/rev_47/target/jacoco.exec
[INFO] Analyzed bundle 'Jackson-dataformat-XML' with 47 classes
[INFO] ------------------------------------------------------------------------
[INFO] BUILD SUCCESS
[INFO] ------------------------------------------------------------------------
[INFO] Total time:  33.697 s
[INFO] Finished at: 2024-01-30T16:47:56+09:00
[INFO] ------------------------------------------------------------------------
