[INFO] Scanning for projects...
[INFO] 
[INFO] -------------------< com.chrisnewland:jitwatch-core >-------------------
[INFO] Building JITWatch Core 1.4.8
[INFO] --------------------------------[ jar ]---------------------------------
[INFO] 
[INFO] --- maven-resources-plugin:3.3.1:resources (default-resources) @ jitwatch-core ---
[INFO] Copying 39 resources from src/main/resources to target/classes
[INFO] 
[INFO] --- maven-compiler-plugin:3.11.0:compile (default-compile) @ jitwatch-core ---
[INFO] Changes detected - recompiling the module! :source
[INFO] Compiling 180 source files with javac [debug target 1.8] to target/classes
[WARNING] bootstrap class path not set in conjunction with -source 8
[WARNING] /mnt/c/Users/fujiwara yuma/evaluation/Ekstazi/jitwatch/workingDir/core/src/main/java/org/adoptopenjdk/jitwatch/process/javap/ReflectionJavap.java:[99,80] found raw type: java.lang.Class
  missing type arguments for generic class java.lang.Class<T>
[WARNING] /mnt/c/Users/fujiwara yuma/evaluation/Ekstazi/jitwatch/workingDir/core/src/main/java/org/adoptopenjdk/jitwatch/process/javap/ReflectionJavap.java:[100,87] found raw type: java.lang.Class
  missing type arguments for generic class java.lang.Class<T>
[WARNING] /mnt/c/Users/fujiwara yuma/evaluation/Ekstazi/jitwatch/workingDir/core/src/main/java/org/adoptopenjdk/jitwatch/process/javap/ReflectionJavap.java:[101,78] found raw type: java.lang.Class
  missing type arguments for generic class java.lang.Class<T>
[WARNING] /mnt/c/Users/fujiwara yuma/evaluation/Ekstazi/jitwatch/workingDir/core/src/main/java/org/adoptopenjdk/jitwatch/process/javap/ReflectionJavap.java:[136,86] found raw type: java.lang.Class
  missing type arguments for generic class java.lang.Class<T>
[WARNING] /mnt/c/Users/fujiwara yuma/evaluation/Ekstazi/jitwatch/workingDir/core/src/main/java/org/adoptopenjdk/jitwatch/process/javap/ReflectionJavap.java:[137,100] found raw type: java.lang.Class
  missing type arguments for generic class java.lang.Class<T>
[WARNING] /mnt/c/Users/fujiwara yuma/evaluation/Ekstazi/jitwatch/workingDir/core/src/main/java/org/adoptopenjdk/jitwatch/process/javap/ReflectionJavap.java:[138,82] found raw type: java.lang.Class
  missing type arguments for generic class java.lang.Class<T>
[INFO] 
[INFO] --- maven-resources-plugin:3.3.1:testResources (default-testResources) @ jitwatch-core ---
[INFO] Copying 1 resource from src/test/resources to target/test-classes
[INFO] 
[INFO] --- maven-compiler-plugin:3.11.0:testCompile (default-testCompile) @ jitwatch-core ---
[INFO] Changes detected - recompiling the module! :dependency
[INFO] Compiling 39 source files with javac [debug target 1.8] to target/test-classes
[WARNING] bootstrap class path not set in conjunction with -source 8
[WARNING] /mnt/c/Users/fujiwara yuma/evaluation/Ekstazi/jitwatch/workingDir/core/src/test/java/org/adoptopenjdk/jitwatch/test/TestTagProcessor.java:[307,17] <T>assertThat(java.lang.String,T,org.hamcrest.Matcher<? super T>) in org.junit.Assert has been deprecated
[WARNING] /mnt/c/Users/fujiwara yuma/evaluation/Ekstazi/jitwatch/workingDir/core/src/test/java/org/adoptopenjdk/jitwatch/test/TestTagProcessor.java:[327,17] <T>assertThat(java.lang.String,T,org.hamcrest.Matcher<? super T>) in org.junit.Assert has been deprecated
[WARNING] /mnt/c/Users/fujiwara yuma/evaluation/Ekstazi/jitwatch/workingDir/core/src/test/java/org/adoptopenjdk/jitwatch/test/TestTagProcessor.java:[350,17] <T>assertThat(java.lang.String,T,org.hamcrest.Matcher<? super T>) in org.junit.Assert has been deprecated
[WARNING] /mnt/c/Users/fujiwara yuma/evaluation/Ekstazi/jitwatch/workingDir/core/src/test/java/org/adoptopenjdk/jitwatch/test/TestTagProcessor.java:[371,17] <T>assertThat(java.lang.String,T,org.hamcrest.Matcher<? super T>) in org.junit.Assert has been deprecated
[WARNING] /mnt/c/Users/fujiwara yuma/evaluation/Ekstazi/jitwatch/workingDir/core/src/test/java/org/adoptopenjdk/jitwatch/test/TestBytecodeAnnotationBuilder.java:[299,37] found raw type: java.lang.Class
  missing type arguments for generic class java.lang.Class<T>
[WARNING] /mnt/c/Users/fujiwara yuma/evaluation/Ekstazi/jitwatch/workingDir/core/src/test/java/org/adoptopenjdk/jitwatch/test/TestBytecodeAnnotationBuilder.java:[537,37] found raw type: java.lang.Class
  missing type arguments for generic class java.lang.Class<T>
[WARNING] /mnt/c/Users/fujiwara yuma/evaluation/Ekstazi/jitwatch/workingDir/core/src/test/java/org/adoptopenjdk/jitwatch/test/TestBytecodeAnnotationBuilder.java:[773,37] found raw type: java.lang.Class
  missing type arguments for generic class java.lang.Class<T>
[WARNING] /mnt/c/Users/fujiwara yuma/evaluation/Ekstazi/jitwatch/workingDir/core/src/test/java/org/adoptopenjdk/jitwatch/test/TestBytecodeAnnotationBuilder.java:[988,37] found raw type: java.lang.Class
  missing type arguments for generic class java.lang.Class<T>
[WARNING] /mnt/c/Users/fujiwara yuma/evaluation/Ekstazi/jitwatch/workingDir/core/src/test/java/org/adoptopenjdk/jitwatch/test/TestBytecodeAnnotationBuilder.java:[1053,99] found raw type: java.lang.Class
  missing type arguments for generic class java.lang.Class<T>
[WARNING] /mnt/c/Users/fujiwara yuma/evaluation/Ekstazi/jitwatch/workingDir/core/src/test/java/org/adoptopenjdk/jitwatch/test/TestBytecodeAnnotationBuilder.java:[1097,41] found raw type: java.lang.Class
  missing type arguments for generic class java.lang.Class<T>
[WARNING] /mnt/c/Users/fujiwara yuma/evaluation/Ekstazi/jitwatch/workingDir/core/src/test/java/org/adoptopenjdk/jitwatch/test/TestBytecodeAnnotationBuilder.java:[1157,41] found raw type: java.lang.Class
  missing type arguments for generic class java.lang.Class<T>
[WARNING] /mnt/c/Users/fujiwara yuma/evaluation/Ekstazi/jitwatch/workingDir/core/src/test/java/org/adoptopenjdk/jitwatch/test/TestBytecodeAnnotationBuilder.java:[1475,97] found raw type: java.lang.Class
  missing type arguments for generic class java.lang.Class<T>
[WARNING] /mnt/c/Users/fujiwara yuma/evaluation/Ekstazi/jitwatch/workingDir/core/src/test/java/org/adoptopenjdk/jitwatch/test/TestBytecodeAnnotationBuilder.java:[1724,97] found raw type: java.lang.Class
  missing type arguments for generic class java.lang.Class<T>
[WARNING] /mnt/c/Users/fujiwara yuma/evaluation/Ekstazi/jitwatch/workingDir/core/src/test/java/org/adoptopenjdk/jitwatch/test/TestBytecodeAnnotationBuilder.java:[1829,115] found raw type: java.lang.Class
  missing type arguments for generic class java.lang.Class<T>
[WARNING] /mnt/c/Users/fujiwara yuma/evaluation/Ekstazi/jitwatch/workingDir/core/src/test/java/org/adoptopenjdk/jitwatch/test/TestBytecodeAnnotationBuilder.java:[1874,41] found raw type: java.lang.Class
  missing type arguments for generic class java.lang.Class<T>
[WARNING] /mnt/c/Users/fujiwara yuma/evaluation/Ekstazi/jitwatch/workingDir/core/src/test/java/org/adoptopenjdk/jitwatch/test/TestBytecodeAnnotationBuilder.java:[1932,41] found raw type: java.lang.Class
  missing type arguments for generic class java.lang.Class<T>
[WARNING] /mnt/c/Users/fujiwara yuma/evaluation/Ekstazi/jitwatch/workingDir/core/src/test/java/org/adoptopenjdk/jitwatch/test/TestBytecodeAnnotationBuilder.java:[2401,114] found raw type: java.lang.Class
  missing type arguments for generic class java.lang.Class<T>
[WARNING] /mnt/c/Users/fujiwara yuma/evaluation/Ekstazi/jitwatch/workingDir/core/src/test/java/org/adoptopenjdk/jitwatch/test/TestReport.java:[331,37] found raw type: java.lang.Class
  missing type arguments for generic class java.lang.Class<T>
[WARNING] /mnt/c/Users/fujiwara yuma/evaluation/Ekstazi/jitwatch/workingDir/core/src/test/java/org/adoptopenjdk/jitwatch/test/TestReport.java:[333,116] found raw type: java.lang.Class
  missing type arguments for generic class java.lang.Class<T>
[WARNING] /mnt/c/Users/fujiwara yuma/evaluation/Ekstazi/jitwatch/workingDir/core/src/test/java/org/adoptopenjdk/jitwatch/test/TestReport.java:[545,130] found raw type: java.lang.Class
  missing type arguments for generic class java.lang.Class<T>
[WARNING] /mnt/c/Users/fujiwara yuma/evaluation/Ekstazi/jitwatch/workingDir/core/src/test/java/org/adoptopenjdk/jitwatch/test/TestMetaClass.java:[98,99] found raw type: java.lang.Class
  missing type arguments for generic class java.lang.Class<T>
[WARNING] /mnt/c/Users/fujiwara yuma/evaluation/Ekstazi/jitwatch/workingDir/core/src/test/java/org/adoptopenjdk/jitwatch/test/TestMetaClass.java:[127,99] found raw type: java.lang.Class
  missing type arguments for generic class java.lang.Class<T>
[WARNING] /mnt/c/Users/fujiwara yuma/evaluation/Ekstazi/jitwatch/workingDir/core/src/test/java/org/adoptopenjdk/jitwatch/test/TestMetaClass.java:[156,99] found raw type: java.lang.Class
  missing type arguments for generic class java.lang.Class<T>
[WARNING] /mnt/c/Users/fujiwara yuma/evaluation/Ekstazi/jitwatch/workingDir/core/src/test/java/org/adoptopenjdk/jitwatch/test/TestMetaClass.java:[183,99] found raw type: java.lang.Class
  missing type arguments for generic class java.lang.Class<T>
[WARNING] /mnt/c/Users/fujiwara yuma/evaluation/Ekstazi/jitwatch/workingDir/core/src/test/java/org/adoptopenjdk/jitwatch/test/TestMetaClass.java:[212,99] found raw type: java.lang.Class
  missing type arguments for generic class java.lang.Class<T>
[WARNING] /mnt/c/Users/fujiwara yuma/evaluation/Ekstazi/jitwatch/workingDir/core/src/test/java/org/adoptopenjdk/jitwatch/test/TestMetaClass.java:[241,101] found raw type: java.lang.Class
  missing type arguments for generic class java.lang.Class<T>
[WARNING] /mnt/c/Users/fujiwara yuma/evaluation/Ekstazi/jitwatch/workingDir/core/src/test/java/org/adoptopenjdk/jitwatch/test/TestMetaClass.java:[268,99] found raw type: java.lang.Class
  missing type arguments for generic class java.lang.Class<T>
[WARNING] /mnt/c/Users/fujiwara yuma/evaluation/Ekstazi/jitwatch/workingDir/core/src/test/java/org/adoptopenjdk/jitwatch/test/TestMetaClass.java:[293,99] found raw type: java.lang.Class
  missing type arguments for generic class java.lang.Class<T>
[WARNING] /mnt/c/Users/fujiwara yuma/evaluation/Ekstazi/jitwatch/workingDir/core/src/test/java/org/adoptopenjdk/jitwatch/test/TestMetaClass.java:[325,99] found raw type: java.lang.Class
  missing type arguments for generic class java.lang.Class<T>
[WARNING] /mnt/c/Users/fujiwara yuma/evaluation/Ekstazi/jitwatch/workingDir/core/src/test/java/org/adoptopenjdk/jitwatch/test/TestMetaClass.java:[351,99] found raw type: java.lang.Class
  missing type arguments for generic class java.lang.Class<T>
[WARNING] /mnt/c/Users/fujiwara yuma/evaluation/Ekstazi/jitwatch/workingDir/core/src/test/java/org/adoptopenjdk/jitwatch/test/TestMetaClass.java:[379,114] found raw type: java.lang.Class
  missing type arguments for generic class java.lang.Class<T>
[WARNING] /mnt/c/Users/fujiwara yuma/evaluation/Ekstazi/jitwatch/workingDir/core/src/test/java/org/adoptopenjdk/jitwatch/test/TestMetaClass.java:[392,37] found raw type: java.lang.Class
  missing type arguments for generic class java.lang.Class<T>
[WARNING] /mnt/c/Users/fujiwara yuma/evaluation/Ekstazi/jitwatch/workingDir/core/src/test/java/org/adoptopenjdk/jitwatch/test/TestMetaClass.java:[420,110] found raw type: java.lang.Class
  missing type arguments for generic class java.lang.Class<T>
[WARNING] /mnt/c/Users/fujiwara yuma/evaluation/Ekstazi/jitwatch/workingDir/core/src/test/java/org/adoptopenjdk/jitwatch/test/TestMetaClass.java:[433,37] found raw type: java.lang.Class
  missing type arguments for generic class java.lang.Class<T>
[WARNING] /mnt/c/Users/fujiwara yuma/evaluation/Ekstazi/jitwatch/workingDir/core/src/test/java/org/adoptopenjdk/jitwatch/test/TestMetaClass.java:[461,124] found raw type: java.lang.Class
  missing type arguments for generic class java.lang.Class<T>
[WARNING] /mnt/c/Users/fujiwara yuma/evaluation/Ekstazi/jitwatch/workingDir/core/src/test/java/org/adoptopenjdk/jitwatch/test/TestMetaClass.java:[474,37] found raw type: java.lang.Class
  missing type arguments for generic class java.lang.Class<T>
[WARNING] /mnt/c/Users/fujiwara yuma/evaluation/Ekstazi/jitwatch/workingDir/core/src/test/java/org/adoptopenjdk/jitwatch/test/TestMetaClass.java:[504,116] found raw type: java.lang.Class
  missing type arguments for generic class java.lang.Class<T>
[WARNING] /mnt/c/Users/fujiwara yuma/evaluation/Ekstazi/jitwatch/workingDir/core/src/test/java/org/adoptopenjdk/jitwatch/test/TestMetaClass.java:[517,37] found raw type: java.lang.Class
  missing type arguments for generic class java.lang.Class<T>
[WARNING] /mnt/c/Users/fujiwara yuma/evaluation/Ekstazi/jitwatch/workingDir/core/src/test/java/org/adoptopenjdk/jitwatch/test/TestParseUtil.java:[440,82] found raw type: java.lang.Class
  missing type arguments for generic class java.lang.Class<T>
[WARNING] /mnt/c/Users/fujiwara yuma/evaluation/Ekstazi/jitwatch/workingDir/core/src/test/java/org/adoptopenjdk/jitwatch/test/TestPackageManager.java:[49,9] <T>assertThat(T,org.hamcrest.Matcher<? super T>) in org.junit.Assert has been deprecated
[WARNING] /mnt/c/Users/fujiwara yuma/evaluation/Ekstazi/jitwatch/workingDir/core/src/test/java/org/adoptopenjdk/jitwatch/test/TestPackageManager.java:[70,9] <T>assertThat(T,org.hamcrest.Matcher<? super T>) in org.junit.Assert has been deprecated
[INFO] 
[INFO] --- maven-surefire-plugin:3.1.2:test (default-test) @ jitwatch-core ---
[INFO] Using auto detected provider org.apache.maven.surefire.junit4.JUnit4Provider
[INFO] 
[INFO] -------------------------------------------------------
[INFO]  T E S T S
[INFO] -------------------------------------------------------
[INFO] Running org.adoptopenjdk.jitwatch.test.TestAssemblyLabels
[INFO] Tests run: 0, Failures: 0, Errors: 0, Skipped: 0, Time elapsed: 0.109 s -- in org.adoptopenjdk.jitwatch.test.TestAssemblyLabels
[INFO] Running org.adoptopenjdk.jitwatch.test.TestAssemblyParserARM
[INFO] Tests run: 0, Failures: 0, Errors: 0, Skipped: 0, Time elapsed: 0.001 s -- in org.adoptopenjdk.jitwatch.test.TestAssemblyParserARM
[INFO] Running org.adoptopenjdk.jitwatch.test.TestAssemblyParserX86
[INFO] Tests run: 0, Failures: 0, Errors: 0, Skipped: 0, Time elapsed: 0 s -- in org.adoptopenjdk.jitwatch.test.TestAssemblyParserX86
[INFO] Running org.adoptopenjdk.jitwatch.test.TestAssemblyProcessor
[INFO] Tests run: 0, Failures: 0, Errors: 0, Skipped: 0, Time elapsed: 0.039 s -- in org.adoptopenjdk.jitwatch.test.TestAssemblyProcessor
[INFO] Running org.adoptopenjdk.jitwatch.test.TestBytecodeAnnotationBuilder
[INFO] Tests run: 0, Failures: 0, Errors: 0, Skipped: 0, Time elapsed: 0.024 s -- in org.adoptopenjdk.jitwatch.test.TestBytecodeAnnotationBuilder
[INFO] Running org.adoptopenjdk.jitwatch.test.TestBytecodeLoader
[INFO] Tests run: 0, Failures: 0, Errors: 0, Skipped: 0, Time elapsed: 0.027 s -- in org.adoptopenjdk.jitwatch.test.TestBytecodeLoader
[INFO] Running org.adoptopenjdk.jitwatch.test.TestBytecodeLoaderWithInnerClasses
2023-12-21T08:45:28.837451100Z INF org.adoptopenjdk.jitwatch.process.runtime.RuntimeJava Process: /usr/lib/jvm/java-17-openjdk-amd64/bin/javac -g -d /tmp/testInnerClasses12834206145610974083 /mnt/c/Users/fujiwara yuma/evaluation/Ekstazi/jitwatch/workingDir/core/src/main/resources/examples/TestInner.java 
2023-12-21T08:45:29.751895800Z INF org.adoptopenjdk.jitwatch.loader.BytecodeLoader Could not fetch bytecode via reflection, trying Process
2023-12-21T08:45:29.756920700Z INF org.adoptopenjdk.jitwatch.process.runtime.RuntimeJava JavapProcess() executablePath: /usr/lib/jvm/java-17-openjdk-amd64/bin/javap
2023-12-21T08:45:29.757110200Z INF org.adoptopenjdk.jitwatch.process.runtime.RuntimeJava Process: /usr/lib/jvm/java-17-openjdk-amd64/bin/javap -c -p -v -classpath /tmp/testInnerClasses12834206145610974083 TestInner 
2023-12-21T08:45:30.409366700Z INF org.adoptopenjdk.jitwatch.loader.BytecodeLoader Could not fetch bytecode via reflection, trying Process
2023-12-21T08:45:30.412291100Z INF org.adoptopenjdk.jitwatch.process.runtime.RuntimeJava JavapProcess() executablePath: /usr/lib/jvm/java-17-openjdk-amd64/bin/javap
2023-12-21T08:45:30.412547500Z INF org.adoptopenjdk.jitwatch.process.runtime.RuntimeJava Process: /usr/lib/jvm/java-17-openjdk-amd64/bin/javap -c -p -v -classpath /tmp/testInnerClasses12834206145610974083 TestInner$Inner1 
2023-12-21T08:45:30.900587300Z INF org.adoptopenjdk.jitwatch.loader.BytecodeLoader Could not fetch bytecode via reflection, trying Process
2023-12-21T08:45:30.902429Z INF org.adoptopenjdk.jitwatch.process.runtime.RuntimeJava JavapProcess() executablePath: /usr/lib/jvm/java-17-openjdk-amd64/bin/javap
2023-12-21T08:45:30.902537400Z INF org.adoptopenjdk.jitwatch.process.runtime.RuntimeJava Process: /usr/lib/jvm/java-17-openjdk-amd64/bin/javap -c -p -v -classpath /tmp/testInnerClasses12834206145610974083 TestInner$Inner1$Inner2 
[INFO] Tests run: 13, Failures: 0, Errors: 0, Skipped: 0, Time elapsed: 2.799 s -- in org.adoptopenjdk.jitwatch.test.TestBytecodeLoaderWithInnerClasses
[INFO] Running org.adoptopenjdk.jitwatch.test.TestCompilationUtil
[INFO] Tests run: 0, Failures: 0, Errors: 0, Skipped: 0, Time elapsed: 0 s -- in org.adoptopenjdk.jitwatch.test.TestCompilationUtil
[INFO] Running org.adoptopenjdk.jitwatch.test.TestCompileChain
[INFO] Tests run: 0, Failures: 0, Errors: 0, Skipped: 0, Time elapsed: 0 s -- in org.adoptopenjdk.jitwatch.test.TestCompileChain
[INFO] Running org.adoptopenjdk.jitwatch.test.TestCompositeObjectEquality
[INFO] Tests run: 0, Failures: 0, Errors: 0, Skipped: 0, Time elapsed: 0.003 s -- in org.adoptopenjdk.jitwatch.test.TestCompositeObjectEquality
[INFO] Running org.adoptopenjdk.jitwatch.test.TestExecutionUtil
[INFO] Tests run: 0, Failures: 0, Errors: 0, Skipped: 0, Time elapsed: 0 s -- in org.adoptopenjdk.jitwatch.test.TestExecutionUtil
[INFO] Running org.adoptopenjdk.jitwatch.test.TestHisto
[INFO] Tests run: 0, Failures: 0, Errors: 0, Skipped: 0, Time elapsed: 0 s -- in org.adoptopenjdk.jitwatch.test.TestHisto
[INFO] Running org.adoptopenjdk.jitwatch.test.TestInnerClassRelationship
[INFO] Tests run: 0, Failures: 0, Errors: 0, Skipped: 0, Time elapsed: 0.001 s -- in org.adoptopenjdk.jitwatch.test.TestInnerClassRelationship
[INFO] Running org.adoptopenjdk.jitwatch.test.TestIntrinsicFinder
[INFO] Tests run: 0, Failures: 0, Errors: 0, Skipped: 0, Time elapsed: 0.001 s -- in org.adoptopenjdk.jitwatch.test.TestIntrinsicFinder
[INFO] Running org.adoptopenjdk.jitwatch.test.TestJ9Parser
[INFO] Tests run: 0, Failures: 0, Errors: 0, Skipped: 0, Time elapsed: 0.001 s -- in org.adoptopenjdk.jitwatch.test.TestJ9Parser
[INFO] Running org.adoptopenjdk.jitwatch.test.TestJarScan
[INFO] Tests run: 0, Failures: 0, Errors: 0, Skipped: 0, Time elapsed: 0 s -- in org.adoptopenjdk.jitwatch.test.TestJarScan
[INFO] Running org.adoptopenjdk.jitwatch.test.TestJITWatchConfig
[INFO] Tests run: 0, Failures: 0, Errors: 0, Skipped: 0, Time elapsed: 0 s -- in org.adoptopenjdk.jitwatch.test.TestJITWatchConfig
[INFO] Running org.adoptopenjdk.jitwatch.test.TestLineTable
[INFO] Tests run: 0, Failures: 0, Errors: 0, Skipped: 0, Time elapsed: 0.001 s -- in org.adoptopenjdk.jitwatch.test.TestLineTable
[INFO] Running org.adoptopenjdk.jitwatch.test.TestLocales
[INFO] Tests run: 0, Failures: 0, Errors: 0, Skipped: 0, Time elapsed: 0 s -- in org.adoptopenjdk.jitwatch.test.TestLocales
[INFO] Running org.adoptopenjdk.jitwatch.test.TestLogSplitting
[INFO] Tests run: 0, Failures: 0, Errors: 0, Skipped: 0, Time elapsed: 0 s -- in org.adoptopenjdk.jitwatch.test.TestLogSplitting
[INFO] Running org.adoptopenjdk.jitwatch.test.TestMemberBytecode
[INFO] Tests run: 0, Failures: 0, Errors: 0, Skipped: 0, Time elapsed: 0 s -- in org.adoptopenjdk.jitwatch.test.TestMemberBytecode
[INFO] Running org.adoptopenjdk.jitwatch.test.TestMemberSignatureParts
[INFO] Tests run: 0, Failures: 0, Errors: 0, Skipped: 0, Time elapsed: 0 s -- in org.adoptopenjdk.jitwatch.test.TestMemberSignatureParts
[INFO] Running org.adoptopenjdk.jitwatch.test.TestMetaClass
[INFO] Tests run: 0, Failures: 0, Errors: 0, Skipped: 0, Time elapsed: 0 s -- in org.adoptopenjdk.jitwatch.test.TestMetaClass
[INFO] Running org.adoptopenjdk.jitwatch.test.TestOpcode
[INFO] Tests run: 0, Failures: 0, Errors: 0, Skipped: 0, Time elapsed: 0 s -- in org.adoptopenjdk.jitwatch.test.TestOpcode
[INFO] Running org.adoptopenjdk.jitwatch.test.TestPackageManager
[INFO] Tests run: 0, Failures: 0, Errors: 0, Skipped: 0, Time elapsed: 0 s -- in org.adoptopenjdk.jitwatch.test.TestPackageManager
[INFO] Running org.adoptopenjdk.jitwatch.test.TestParseUtil
[INFO] Tests run: 0, Failures: 0, Errors: 0, Skipped: 0, Time elapsed: 0 s -- in org.adoptopenjdk.jitwatch.test.TestParseUtil
[INFO] Running org.adoptopenjdk.jitwatch.test.TestReport
[INFO] Tests run: 0, Failures: 0, Errors: 0, Skipped: 0, Time elapsed: 0 s -- in org.adoptopenjdk.jitwatch.test.TestReport
[INFO] Running org.adoptopenjdk.jitwatch.test.TestResourceLoader
[INFO] Tests run: 0, Failures: 0, Errors: 0, Skipped: 0, Time elapsed: 0 s -- in org.adoptopenjdk.jitwatch.test.TestResourceLoader
[INFO] Running org.adoptopenjdk.jitwatch.test.TestStringUtil
[INFO] Tests run: 0, Failures: 0, Errors: 0, Skipped: 0, Time elapsed: 0 s -- in org.adoptopenjdk.jitwatch.test.TestStringUtil
[INFO] Running org.adoptopenjdk.jitwatch.test.TestTagProcessor
[INFO] Tests run: 0, Failures: 0, Errors: 0, Skipped: 0, Time elapsed: 0 s -- in org.adoptopenjdk.jitwatch.test.TestTagProcessor
[INFO] Running org.adoptopenjdk.jitwatch.test.TestVmVersionDetector
[INFO] Tests run: 0, Failures: 0, Errors: 0, Skipped: 0, Time elapsed: 0 s -- in org.adoptopenjdk.jitwatch.test.TestVmVersionDetector
[INFO] Running org.adoptopenjdk.jitwatch.test.TestZingParser
[INFO] Tests run: 0, Failures: 0, Errors: 0, Skipped: 0, Time elapsed: 0.013 s -- in org.adoptopenjdk.jitwatch.test.TestZingParser
[INFO] 
[INFO] Results:
[INFO] 
[INFO] Tests run: 13, Failures: 0, Errors: 0, Skipped: 0
[INFO] 
[INFO] ------------------------------------------------------------------------
[INFO] BUILD SUCCESS
[INFO] ------------------------------------------------------------------------
[INFO] Total time:  13.326 s
[INFO] Finished at: 2023-12-21T17:45:31+09:00
[INFO] ------------------------------------------------------------------------
