[INFO] Scanning for projects...
[INFO] 
[INFO] -------------------< commons-jxpath:commons-jxpath >--------------------
[INFO] Building Apache Commons JXPath 1.4-SNAPSHOT
[INFO] --------------------------------[ jar ]---------------------------------
[INFO] 
[INFO] --- maven-enforcer-plugin:3.3.0:enforce (enforce-maven-version) @ commons-jxpath ---
[INFO] Rule 0: org.apache.maven.enforcer.rules.version.RequireMavenVersion passed
[INFO] Rule 1: org.apache.maven.enforcer.rules.version.RequireJavaVersion passed
[INFO] 
[INFO] --- maven-enforcer-plugin:3.3.0:enforce (enforce-java-version) @ commons-jxpath ---
[INFO] 
[INFO] --- maven-enforcer-plugin:3.3.0:enforce (enforce-maven-3) @ commons-jxpath ---
[INFO] 
[INFO] --- apache-rat-plugin:0.15:check (rat-check) @ commons-jxpath ---
[INFO] RAT will not execute since it is configured to be skipped via system property 'rat.skip'.
[INFO] 
[INFO] --- build-helper-maven-plugin:3.4.0:parse-version (parse-version) @ commons-jxpath ---
[INFO] 
[INFO] --- maven-antrun-plugin:3.1.0:run (javadoc.resources) @ commons-jxpath ---
[INFO] Executing tasks
[INFO] Executed tasks
[INFO] 
[INFO] --- maven-remote-resources-plugin:1.7.0:process (process-resource-bundles) @ commons-jxpath ---
[INFO] Skipping remote resources execution.
[INFO] 
[INFO] --- buildnumber-maven-plugin:3.1.0:create (default) @ commons-jxpath ---
[INFO] Executing: /bin/sh -c cd '/mnt/c/Users/fujiwara yuma/evaluation/original_source/commonsJXPATH/rev_37' && 'git' 'rev-parse' '--verify' 'HEAD'
[INFO] Working directory: /mnt/c/Users/fujiwara yuma/evaluation/original_source/commonsJXPATH/rev_37
[INFO] Storing buildNumber: null at timestamp: 1706603275904
[WARNING] Cannot get the branch information from the git repository: 
Detecting the current branch failed: fatal: ref HEAD is not a symbolic ref

[INFO] Executing: /bin/sh -c cd '/mnt/c/Users/fujiwara yuma/evaluation/original_source/commonsJXPATH/rev_37' && 'git' 'rev-parse' '--verify' 'HEAD'
[INFO] Working directory: /mnt/c/Users/fujiwara yuma/evaluation/original_source/commonsJXPATH/rev_37
[INFO] Storing scmBranch: UNKNOWN
[INFO] 
[INFO] --- maven-resources-plugin:3.3.0:resources (default-resources) @ commons-jxpath ---
[INFO] skip non existing resourceDirectory /mnt/c/Users/fujiwara yuma/evaluation/original_source/commonsJXPATH/rev_37/src/main/resources
[INFO] Copying 2 resources to META-INF
[INFO] 
[INFO] --- maven-compiler-plugin:3.11.0:compile (default-compile) @ commons-jxpath ---
[INFO] Nothing to compile - all classes are up to date
[INFO] 
[INFO] --- maven-bundle-plugin:5.1.8:manifest (bundle-manifest) @ commons-jxpath ---
[INFO] Writing manifest: /mnt/c/Users/fujiwara yuma/evaluation/original_source/commonsJXPATH/rev_37/target/osgi/MANIFEST.MF
[INFO] 
[INFO] --- maven-resources-plugin:3.3.0:testResources (default-testResources) @ commons-jxpath ---
[INFO] Copying 7 resources
[INFO] Copying 2 resources to META-INF
[INFO] 
[INFO] --- maven-compiler-plugin:3.11.0:testCompile (default-testCompile) @ commons-jxpath ---
[INFO] Nothing to compile - all classes are up to date
[INFO] 
[INFO] --- animal-sniffer-maven-plugin:1.23:check (checkAPIcompatibility) @ commons-jxpath ---
[INFO] Checking unresolved references to org.codehaus.mojo.signature:java18:1.0
[INFO] 
[INFO] --- jacoco-maven-plugin:0.8.10:prepare-agent (prepare-agent) @ commons-jxpath ---
[INFO] argLine set to "-javaagent:/home/ym-fujwr/.m2/repository/org/jacoco/org.jacoco.agent/0.8.10/org.jacoco.agent-0.8.10-runtime.jar=destfile=/mnt/c/Users/fujiwara yuma/evaluation/original_source/commonsJXPATH/rev_37/target/jacoco.exec"
[INFO] 
[INFO] --- maven-surefire-plugin:3.0.0:test (default-test) @ commons-jxpath ---
[INFO] Using auto detected provider org.apache.maven.surefire.junit4.JUnit4Provider
[INFO] 
[INFO] -------------------------------------------------------
[INFO]  T E S T S
[INFO] -------------------------------------------------------
[INFO] Running org.apache.commons.jxpath.issues.JXPath172DynamicTest
[INFO] Tests run: 6, Failures: 0, Errors: 0, Skipped: 0, Time elapsed: 0.332 s - in org.apache.commons.jxpath.issues.JXPath172DynamicTest
[INFO] Running org.apache.commons.jxpath.issues.JXPath177Test
[INFO] Tests run: 3, Failures: 0, Errors: 0, Skipped: 0, Time elapsed: 0.01 s - in org.apache.commons.jxpath.issues.JXPath177Test
[INFO] Running org.apache.commons.jxpath.ri.axes.SimplePathInterpreterTest
[INFO] Tests run: 4, Failures: 0, Errors: 0, Skipped: 0, Time elapsed: 0.445 s - in org.apache.commons.jxpath.ri.axes.SimplePathInterpreterTest
[INFO] Running org.apache.commons.jxpath.ri.compiler.CoreFunctionTest
[INFO] Tests run: 1, Failures: 0, Errors: 0, Skipped: 0, Time elapsed: 0 s - in org.apache.commons.jxpath.ri.compiler.CoreFunctionTest
[INFO] Running org.apache.commons.jxpath.ri.compiler.CoreOperationTest
[INFO] Tests run: 1, Failures: 0, Errors: 0, Skipped: 0, Time elapsed: 0.011 s - in org.apache.commons.jxpath.ri.compiler.CoreOperationTest
[INFO] Running org.apache.commons.jxpath.ri.compiler.ExtensionFunctionTest
[INFO] Tests run: 1, Failures: 0, Errors: 0, Skipped: 0, Time elapsed: 0.038 s - in org.apache.commons.jxpath.ri.compiler.ExtensionFunctionTest
[INFO] Running org.apache.commons.jxpath.ri.JXPathCompiledExpressionTest
[INFO] Tests run: 2, Failures: 0, Errors: 0, Skipped: 0, Time elapsed: 0.021 s - in org.apache.commons.jxpath.ri.JXPathCompiledExpressionTest
[INFO] Running org.apache.commons.jxpath.ri.model.beans.BadlyImplementedFactoryTest
[INFO] Tests run: 1, Failures: 0, Errors: 0, Skipped: 0, Time elapsed: 0.013 s - in org.apache.commons.jxpath.ri.model.beans.BadlyImplementedFactoryTest
[INFO] Running org.apache.commons.jxpath.ri.model.beans.BeanModelTest
[INFO] Tests run: 1, Failures: 0, Errors: 0, Skipped: 0, Time elapsed: 0.043 s - in org.apache.commons.jxpath.ri.model.beans.BeanModelTest
[INFO] Running org.apache.commons.jxpath.ri.model.container.ContainerModelTest
[INFO] Tests run: 4, Failures: 0, Errors: 0, Skipped: 0, Time elapsed: 0 s - in org.apache.commons.jxpath.ri.model.container.ContainerModelTest
[INFO] Running org.apache.commons.jxpath.ri.model.dom.DOMModelTest
[INFO] Tests run: 2, Failures: 0, Errors: 0, Skipped: 0, Time elapsed: 0.047 s - in org.apache.commons.jxpath.ri.model.dom.DOMModelTest
[INFO] Running org.apache.commons.jxpath.ri.model.dynabeans.LazyDynaBeanTest
[INFO] Tests run: 2, Failures: 0, Errors: 0, Skipped: 0, Time elapsed: 0.048 s - in org.apache.commons.jxpath.ri.model.dynabeans.LazyDynaBeanTest
[INFO] Running org.apache.commons.jxpath.ri.model.dynamic.DynamicPropertiesModelTest
[INFO] Tests run: 10, Failures: 0, Errors: 0, Skipped: 0, Time elapsed: 0.039 s - in org.apache.commons.jxpath.ri.model.dynamic.DynamicPropertiesModelTest
[INFO] Running org.apache.commons.jxpath.ri.model.EmptyCollectionTest
[INFO] Tests run: 4, Failures: 0, Errors: 0, Skipped: 0, Time elapsed: 0 s - in org.apache.commons.jxpath.ri.model.EmptyCollectionTest
[INFO] Running org.apache.commons.jxpath.ri.model.ExternalXMLNamespaceTest
[INFO] Tests run: 2, Failures: 0, Errors: 0, Skipped: 0, Time elapsed: 0.01 s - in org.apache.commons.jxpath.ri.model.ExternalXMLNamespaceTest
[INFO] Running org.apache.commons.jxpath.ri.model.JXPath151Test
[INFO] Tests run: 1, Failures: 0, Errors: 0, Skipped: 0, Time elapsed: 0.001 s - in org.apache.commons.jxpath.ri.model.JXPath151Test
[INFO] Running org.apache.commons.jxpath.ri.model.JXPath154Test
[INFO] Tests run: 1, Failures: 0, Errors: 0, Skipped: 0, Time elapsed: 0.002 s - in org.apache.commons.jxpath.ri.model.JXPath154Test
[INFO] Running org.apache.commons.jxpath.ri.model.MixedModelTest
[INFO] Tests run: 23, Failures: 0, Errors: 0, Skipped: 0, Time elapsed: 0.151 s - in org.apache.commons.jxpath.ri.model.MixedModelTest
[INFO] Running org.apache.commons.jxpath.ri.model.XMLPreserveSpaceTest
[INFO] Tests run: 9, Failures: 0, Errors: 0, Skipped: 0, Time elapsed: 0.101 s - in org.apache.commons.jxpath.ri.model.XMLPreserveSpaceTest
[INFO] Running org.apache.commons.jxpath.ri.model.XMLSpaceTest
[INFO] Tests run: 7, Failures: 0, Errors: 0, Skipped: 0, Time elapsed: 0.038 s - in org.apache.commons.jxpath.ri.model.XMLSpaceTest
[INFO] 
[INFO] Results:
[INFO] 
[INFO] Tests run: 85, Failures: 0, Errors: 0, Skipped: 0
[INFO] 
[INFO] ------------------------------------------------------------------------
[INFO] BUILD SUCCESS
[INFO] ------------------------------------------------------------------------
[INFO] Total time:  10.621 s
[INFO] Finished at: 2024-01-30T17:28:03+09:00
[INFO] ------------------------------------------------------------------------
