[INFO] Scanning for projects...
[INFO] 
[INFO] -------------------< com.chrisnewland:jitwatch-core >-------------------
[INFO] Building JITWatch Core 1.4.8
[INFO] --------------------------------[ jar ]---------------------------------
[INFO] 
[INFO] --- maven-resources-plugin:3.3.1:resources (default-resources) @ jitwatch-core ---
[INFO] Copying 39 resources from src/main/resources to target/classes
[INFO] 
[INFO] --- maven-compiler-plugin:3.11.0:compile (default-compile) @ jitwatch-core ---
[INFO] Changes detected - recompiling the module! :source
[INFO] Compiling 180 source files with javac [debug target 1.8] to target/classes
[WARNING] bootstrap class path not set in conjunction with -source 8
[WARNING] /mnt/c/Users/fujiwara yuma/evaluation/ALL/jitwatch/workingDir/core/src/main/java/org/adoptopenjdk/jitwatch/process/javap/ReflectionJavap.java:[99,80] found raw type: java.lang.Class
  missing type arguments for generic class java.lang.Class<T>
[WARNING] /mnt/c/Users/fujiwara yuma/evaluation/ALL/jitwatch/workingDir/core/src/main/java/org/adoptopenjdk/jitwatch/process/javap/ReflectionJavap.java:[100,87] found raw type: java.lang.Class
  missing type arguments for generic class java.lang.Class<T>
[WARNING] /mnt/c/Users/fujiwara yuma/evaluation/ALL/jitwatch/workingDir/core/src/main/java/org/adoptopenjdk/jitwatch/process/javap/ReflectionJavap.java:[101,78] found raw type: java.lang.Class
  missing type arguments for generic class java.lang.Class<T>
[WARNING] /mnt/c/Users/fujiwara yuma/evaluation/ALL/jitwatch/workingDir/core/src/main/java/org/adoptopenjdk/jitwatch/process/javap/ReflectionJavap.java:[136,86] found raw type: java.lang.Class
  missing type arguments for generic class java.lang.Class<T>
[WARNING] /mnt/c/Users/fujiwara yuma/evaluation/ALL/jitwatch/workingDir/core/src/main/java/org/adoptopenjdk/jitwatch/process/javap/ReflectionJavap.java:[137,100] found raw type: java.lang.Class
  missing type arguments for generic class java.lang.Class<T>
[WARNING] /mnt/c/Users/fujiwara yuma/evaluation/ALL/jitwatch/workingDir/core/src/main/java/org/adoptopenjdk/jitwatch/process/javap/ReflectionJavap.java:[138,82] found raw type: java.lang.Class
  missing type arguments for generic class java.lang.Class<T>
[INFO] 
[INFO] --- maven-resources-plugin:3.3.1:testResources (default-testResources) @ jitwatch-core ---
[INFO] Copying 1 resource from src/test/resources to target/test-classes
[INFO] 
[INFO] --- maven-compiler-plugin:3.11.0:testCompile (default-testCompile) @ jitwatch-core ---
[INFO] Changes detected - recompiling the module! :dependency
[INFO] Compiling 39 source files with javac [debug target 1.8] to target/test-classes
[WARNING] bootstrap class path not set in conjunction with -source 8
[WARNING] /mnt/c/Users/fujiwara yuma/evaluation/ALL/jitwatch/workingDir/core/src/test/java/org/adoptopenjdk/jitwatch/test/TestBytecodeAnnotationBuilder.java:[299,37] found raw type: java.lang.Class
  missing type arguments for generic class java.lang.Class<T>
[WARNING] /mnt/c/Users/fujiwara yuma/evaluation/ALL/jitwatch/workingDir/core/src/test/java/org/adoptopenjdk/jitwatch/test/TestBytecodeAnnotationBuilder.java:[537,37] found raw type: java.lang.Class
  missing type arguments for generic class java.lang.Class<T>
[WARNING] /mnt/c/Users/fujiwara yuma/evaluation/ALL/jitwatch/workingDir/core/src/test/java/org/adoptopenjdk/jitwatch/test/TestBytecodeAnnotationBuilder.java:[773,37] found raw type: java.lang.Class
  missing type arguments for generic class java.lang.Class<T>
[WARNING] /mnt/c/Users/fujiwara yuma/evaluation/ALL/jitwatch/workingDir/core/src/test/java/org/adoptopenjdk/jitwatch/test/TestBytecodeAnnotationBuilder.java:[988,37] found raw type: java.lang.Class
  missing type arguments for generic class java.lang.Class<T>
[WARNING] /mnt/c/Users/fujiwara yuma/evaluation/ALL/jitwatch/workingDir/core/src/test/java/org/adoptopenjdk/jitwatch/test/TestBytecodeAnnotationBuilder.java:[1053,99] found raw type: java.lang.Class
  missing type arguments for generic class java.lang.Class<T>
[WARNING] /mnt/c/Users/fujiwara yuma/evaluation/ALL/jitwatch/workingDir/core/src/test/java/org/adoptopenjdk/jitwatch/test/TestBytecodeAnnotationBuilder.java:[1097,41] found raw type: java.lang.Class
  missing type arguments for generic class java.lang.Class<T>
[WARNING] /mnt/c/Users/fujiwara yuma/evaluation/ALL/jitwatch/workingDir/core/src/test/java/org/adoptopenjdk/jitwatch/test/TestBytecodeAnnotationBuilder.java:[1157,41] found raw type: java.lang.Class
  missing type arguments for generic class java.lang.Class<T>
[WARNING] /mnt/c/Users/fujiwara yuma/evaluation/ALL/jitwatch/workingDir/core/src/test/java/org/adoptopenjdk/jitwatch/test/TestBytecodeAnnotationBuilder.java:[1475,97] found raw type: java.lang.Class
  missing type arguments for generic class java.lang.Class<T>
[WARNING] /mnt/c/Users/fujiwara yuma/evaluation/ALL/jitwatch/workingDir/core/src/test/java/org/adoptopenjdk/jitwatch/test/TestBytecodeAnnotationBuilder.java:[1724,97] found raw type: java.lang.Class
  missing type arguments for generic class java.lang.Class<T>
[WARNING] /mnt/c/Users/fujiwara yuma/evaluation/ALL/jitwatch/workingDir/core/src/test/java/org/adoptopenjdk/jitwatch/test/TestBytecodeAnnotationBuilder.java:[1829,115] found raw type: java.lang.Class
  missing type arguments for generic class java.lang.Class<T>
[WARNING] /mnt/c/Users/fujiwara yuma/evaluation/ALL/jitwatch/workingDir/core/src/test/java/org/adoptopenjdk/jitwatch/test/TestBytecodeAnnotationBuilder.java:[1874,41] found raw type: java.lang.Class
  missing type arguments for generic class java.lang.Class<T>
[WARNING] /mnt/c/Users/fujiwara yuma/evaluation/ALL/jitwatch/workingDir/core/src/test/java/org/adoptopenjdk/jitwatch/test/TestBytecodeAnnotationBuilder.java:[1932,41] found raw type: java.lang.Class
  missing type arguments for generic class java.lang.Class<T>
[WARNING] /mnt/c/Users/fujiwara yuma/evaluation/ALL/jitwatch/workingDir/core/src/test/java/org/adoptopenjdk/jitwatch/test/TestBytecodeAnnotationBuilder.java:[2401,114] found raw type: java.lang.Class
  missing type arguments for generic class java.lang.Class<T>
[WARNING] /mnt/c/Users/fujiwara yuma/evaluation/ALL/jitwatch/workingDir/core/src/test/java/org/adoptopenjdk/jitwatch/test/TestTagProcessor.java:[307,17] <T>assertThat(java.lang.String,T,org.hamcrest.Matcher<? super T>) in org.junit.Assert has been deprecated
[WARNING] /mnt/c/Users/fujiwara yuma/evaluation/ALL/jitwatch/workingDir/core/src/test/java/org/adoptopenjdk/jitwatch/test/TestTagProcessor.java:[327,17] <T>assertThat(java.lang.String,T,org.hamcrest.Matcher<? super T>) in org.junit.Assert has been deprecated
[WARNING] /mnt/c/Users/fujiwara yuma/evaluation/ALL/jitwatch/workingDir/core/src/test/java/org/adoptopenjdk/jitwatch/test/TestTagProcessor.java:[350,17] <T>assertThat(java.lang.String,T,org.hamcrest.Matcher<? super T>) in org.junit.Assert has been deprecated
[WARNING] /mnt/c/Users/fujiwara yuma/evaluation/ALL/jitwatch/workingDir/core/src/test/java/org/adoptopenjdk/jitwatch/test/TestTagProcessor.java:[371,17] <T>assertThat(java.lang.String,T,org.hamcrest.Matcher<? super T>) in org.junit.Assert has been deprecated
[WARNING] /mnt/c/Users/fujiwara yuma/evaluation/ALL/jitwatch/workingDir/core/src/test/java/org/adoptopenjdk/jitwatch/test/TestMetaClass.java:[98,99] found raw type: java.lang.Class
  missing type arguments for generic class java.lang.Class<T>
[WARNING] /mnt/c/Users/fujiwara yuma/evaluation/ALL/jitwatch/workingDir/core/src/test/java/org/adoptopenjdk/jitwatch/test/TestMetaClass.java:[127,99] found raw type: java.lang.Class
  missing type arguments for generic class java.lang.Class<T>
[WARNING] /mnt/c/Users/fujiwara yuma/evaluation/ALL/jitwatch/workingDir/core/src/test/java/org/adoptopenjdk/jitwatch/test/TestMetaClass.java:[156,99] found raw type: java.lang.Class
  missing type arguments for generic class java.lang.Class<T>
[WARNING] /mnt/c/Users/fujiwara yuma/evaluation/ALL/jitwatch/workingDir/core/src/test/java/org/adoptopenjdk/jitwatch/test/TestMetaClass.java:[183,99] found raw type: java.lang.Class
  missing type arguments for generic class java.lang.Class<T>
[WARNING] /mnt/c/Users/fujiwara yuma/evaluation/ALL/jitwatch/workingDir/core/src/test/java/org/adoptopenjdk/jitwatch/test/TestMetaClass.java:[212,99] found raw type: java.lang.Class
  missing type arguments for generic class java.lang.Class<T>
[WARNING] /mnt/c/Users/fujiwara yuma/evaluation/ALL/jitwatch/workingDir/core/src/test/java/org/adoptopenjdk/jitwatch/test/TestMetaClass.java:[241,101] found raw type: java.lang.Class
  missing type arguments for generic class java.lang.Class<T>
[WARNING] /mnt/c/Users/fujiwara yuma/evaluation/ALL/jitwatch/workingDir/core/src/test/java/org/adoptopenjdk/jitwatch/test/TestMetaClass.java:[268,99] found raw type: java.lang.Class
  missing type arguments for generic class java.lang.Class<T>
[WARNING] /mnt/c/Users/fujiwara yuma/evaluation/ALL/jitwatch/workingDir/core/src/test/java/org/adoptopenjdk/jitwatch/test/TestMetaClass.java:[293,99] found raw type: java.lang.Class
  missing type arguments for generic class java.lang.Class<T>
[WARNING] /mnt/c/Users/fujiwara yuma/evaluation/ALL/jitwatch/workingDir/core/src/test/java/org/adoptopenjdk/jitwatch/test/TestMetaClass.java:[325,99] found raw type: java.lang.Class
  missing type arguments for generic class java.lang.Class<T>
[WARNING] /mnt/c/Users/fujiwara yuma/evaluation/ALL/jitwatch/workingDir/core/src/test/java/org/adoptopenjdk/jitwatch/test/TestMetaClass.java:[351,99] found raw type: java.lang.Class
  missing type arguments for generic class java.lang.Class<T>
[WARNING] /mnt/c/Users/fujiwara yuma/evaluation/ALL/jitwatch/workingDir/core/src/test/java/org/adoptopenjdk/jitwatch/test/TestMetaClass.java:[379,114] found raw type: java.lang.Class
  missing type arguments for generic class java.lang.Class<T>
[WARNING] /mnt/c/Users/fujiwara yuma/evaluation/ALL/jitwatch/workingDir/core/src/test/java/org/adoptopenjdk/jitwatch/test/TestMetaClass.java:[392,37] found raw type: java.lang.Class
  missing type arguments for generic class java.lang.Class<T>
[WARNING] /mnt/c/Users/fujiwara yuma/evaluation/ALL/jitwatch/workingDir/core/src/test/java/org/adoptopenjdk/jitwatch/test/TestMetaClass.java:[420,110] found raw type: java.lang.Class
  missing type arguments for generic class java.lang.Class<T>
[WARNING] /mnt/c/Users/fujiwara yuma/evaluation/ALL/jitwatch/workingDir/core/src/test/java/org/adoptopenjdk/jitwatch/test/TestMetaClass.java:[433,37] found raw type: java.lang.Class
  missing type arguments for generic class java.lang.Class<T>
[WARNING] /mnt/c/Users/fujiwara yuma/evaluation/ALL/jitwatch/workingDir/core/src/test/java/org/adoptopenjdk/jitwatch/test/TestMetaClass.java:[461,124] found raw type: java.lang.Class
  missing type arguments for generic class java.lang.Class<T>
[WARNING] /mnt/c/Users/fujiwara yuma/evaluation/ALL/jitwatch/workingDir/core/src/test/java/org/adoptopenjdk/jitwatch/test/TestMetaClass.java:[474,37] found raw type: java.lang.Class
  missing type arguments for generic class java.lang.Class<T>
[WARNING] /mnt/c/Users/fujiwara yuma/evaluation/ALL/jitwatch/workingDir/core/src/test/java/org/adoptopenjdk/jitwatch/test/TestMetaClass.java:[504,116] found raw type: java.lang.Class
  missing type arguments for generic class java.lang.Class<T>
[WARNING] /mnt/c/Users/fujiwara yuma/evaluation/ALL/jitwatch/workingDir/core/src/test/java/org/adoptopenjdk/jitwatch/test/TestMetaClass.java:[517,37] found raw type: java.lang.Class
  missing type arguments for generic class java.lang.Class<T>
[WARNING] /mnt/c/Users/fujiwara yuma/evaluation/ALL/jitwatch/workingDir/core/src/test/java/org/adoptopenjdk/jitwatch/test/TestParseUtil.java:[440,82] found raw type: java.lang.Class
  missing type arguments for generic class java.lang.Class<T>
[WARNING] /mnt/c/Users/fujiwara yuma/evaluation/ALL/jitwatch/workingDir/core/src/test/java/org/adoptopenjdk/jitwatch/test/TestPackageManager.java:[49,9] <T>assertThat(T,org.hamcrest.Matcher<? super T>) in org.junit.Assert has been deprecated
[WARNING] /mnt/c/Users/fujiwara yuma/evaluation/ALL/jitwatch/workingDir/core/src/test/java/org/adoptopenjdk/jitwatch/test/TestPackageManager.java:[70,9] <T>assertThat(T,org.hamcrest.Matcher<? super T>) in org.junit.Assert has been deprecated
[WARNING] /mnt/c/Users/fujiwara yuma/evaluation/ALL/jitwatch/workingDir/core/src/test/java/org/adoptopenjdk/jitwatch/test/TestReport.java:[331,37] found raw type: java.lang.Class
  missing type arguments for generic class java.lang.Class<T>
[WARNING] /mnt/c/Users/fujiwara yuma/evaluation/ALL/jitwatch/workingDir/core/src/test/java/org/adoptopenjdk/jitwatch/test/TestReport.java:[333,116] found raw type: java.lang.Class
  missing type arguments for generic class java.lang.Class<T>
[WARNING] /mnt/c/Users/fujiwara yuma/evaluation/ALL/jitwatch/workingDir/core/src/test/java/org/adoptopenjdk/jitwatch/test/TestReport.java:[545,130] found raw type: java.lang.Class
  missing type arguments for generic class java.lang.Class<T>
[INFO] 
[INFO] --- maven-surefire-plugin:3.1.2:test (default-test) @ jitwatch-core ---
[INFO] Using auto detected provider org.apache.maven.surefire.junit4.JUnit4Provider
[INFO] 
[INFO] -------------------------------------------------------
[INFO]  T E S T S
[INFO] -------------------------------------------------------
[INFO] Running org.adoptopenjdk.jitwatch.test.TestAssemblyLabels
[INFO] Tests run: 7, Failures: 0, Errors: 0, Skipped: 0, Time elapsed: 0.122 s -- in org.adoptopenjdk.jitwatch.test.TestAssemblyLabels
[INFO] Running org.adoptopenjdk.jitwatch.test.TestAssemblyParserARM
[INFO] Tests run: 1, Failures: 0, Errors: 0, Skipped: 0, Time elapsed: 0 s -- in org.adoptopenjdk.jitwatch.test.TestAssemblyParserARM
[INFO] Running org.adoptopenjdk.jitwatch.test.TestAssemblyParserX86
[INFO] Tests run: 17, Failures: 0, Errors: 0, Skipped: 0, Time elapsed: 0.039 s -- in org.adoptopenjdk.jitwatch.test.TestAssemblyParserX86
[INFO] Running org.adoptopenjdk.jitwatch.test.TestAssemblyProcessor
[INFO] Tests run: 12, Failures: 0, Errors: 0, Skipped: 0, Time elapsed: 0.065 s -- in org.adoptopenjdk.jitwatch.test.TestAssemblyProcessor
[INFO] Running org.adoptopenjdk.jitwatch.test.TestBytecodeAnnotationBuilder
2023-12-14T06:05:05.993896300Z ERR org.adoptopenjdk.jitwatch.util.ParseUtil ClassNotFoundException: 'EscapeTest$Wrapper1'
2023-12-14T06:05:05.995995300Z ERR org.adoptopenjdk.jitwatch.util.ParseUtil metaClass not found: EscapeTest$Wrapper1
2023-12-14T06:05:05.996837500Z ERR org.adoptopenjdk.jitwatch.util.ParseUtil ClassNotFoundException: 'EscapeTest$Wrapper2'
2023-12-14T06:05:05.996914400Z ERR org.adoptopenjdk.jitwatch.util.ParseUtil metaClass not found: EscapeTest$Wrapper2
2023-12-14T06:05:05.998019300Z ERR org.adoptopenjdk.jitwatch.util.ParseUtil ClassNotFoundException: 'EscapeTest$Wrapper1'
2023-12-14T06:05:05.998110800Z ERR org.adoptopenjdk.jitwatch.util.ParseUtil metaClass not found: EscapeTest$Wrapper1
2023-12-14T06:05:06.030170200Z ERR org.adoptopenjdk.jitwatch.util.ParseUtil ClassNotFoundException: 'EscapeTest$Wrapper1'
2023-12-14T06:05:06.030270200Z ERR org.adoptopenjdk.jitwatch.util.ParseUtil metaClass not found: EscapeTest$Wrapper1
2023-12-14T06:05:06.030680Z ERR org.adoptopenjdk.jitwatch.util.ParseUtil ClassNotFoundException: 'EscapeTest$Wrapper2'
2023-12-14T06:05:06.030755700Z ERR org.adoptopenjdk.jitwatch.util.ParseUtil metaClass not found: EscapeTest$Wrapper2
2023-12-14T06:05:06.031143800Z ERR org.adoptopenjdk.jitwatch.util.ParseUtil ClassNotFoundException: 'EscapeTest$Wrapper1'
2023-12-14T06:05:06.031225400Z ERR org.adoptopenjdk.jitwatch.util.ParseUtil metaClass not found: EscapeTest$Wrapper1
2023-12-14T06:05:06.038581900Z WRN org.adoptopenjdk.jitwatch.parser.AbstractLogParser Didn't find compilation with ID null
[INFO] Tests run: 20, Failures: 0, Errors: 0, Skipped: 0, Time elapsed: 0.112 s -- in org.adoptopenjdk.jitwatch.test.TestBytecodeAnnotationBuilder
[INFO] Running org.adoptopenjdk.jitwatch.test.TestBytecodeLoader
2023-12-14T06:05:06.061786800Z ERR org.adoptopenjdk.jitwatch.loader.BytecodeLoader could not parse bytecode: '}'
2023-12-14T06:05:06.075733900Z INF org.adoptopenjdk.jitwatch.loader.BytecodeLoader Could not fetch bytecode via reflection, trying Process
2023-12-14T06:05:06.107221800Z INF org.adoptopenjdk.jitwatch.process.runtime.RuntimeJava JavapProcess() executablePath: /usr/lib/jvm/java-17-openjdk-amd64/bin/javap
2023-12-14T06:05:06.107412500Z INF org.adoptopenjdk.jitwatch.process.runtime.RuntimeJava Process: /usr/lib/jvm/java-17-openjdk-amd64/bin/javap -c -p -v java.lang.StringBuilder 
2023-12-14T06:05:06.720809400Z INF org.adoptopenjdk.jitwatch.loader.BytecodeLoader Could not fetch bytecode via reflection, trying Process
2023-12-14T06:05:06.722350500Z INF org.adoptopenjdk.jitwatch.process.runtime.RuntimeJava JavapProcess() executablePath: /usr/lib/jvm/java-17-openjdk-amd64/bin/javap
2023-12-14T06:05:06.722461800Z INF org.adoptopenjdk.jitwatch.process.runtime.RuntimeJava Process: /usr/lib/jvm/java-17-openjdk-amd64/bin/javap -c -p -v -classpath /mnt/c/Users/fujiwara yuma/evaluation/ALL/jitwatch/workingDir/core/target/test-classes org.adoptopenjdk.jitwatch.test.TestBytecodeLoader 
2023-12-14T06:05:07.687632100Z INF org.adoptopenjdk.jitwatch.loader.BytecodeLoader Could not fetch bytecode via reflection, trying Process
2023-12-14T06:05:07.689172400Z INF org.adoptopenjdk.jitwatch.process.runtime.RuntimeJava JavapProcess() executablePath: /usr/lib/jvm/java-17-openjdk-amd64/bin/javap
2023-12-14T06:05:07.689263700Z INF org.adoptopenjdk.jitwatch.process.runtime.RuntimeJava Process: /usr/lib/jvm/java-17-openjdk-amd64/bin/javap -c -p -v -classpath /mnt/c/Users/fujiwara yuma/evaluation/ALL/jitwatch/workingDir/core/target/test-classes org.adoptopenjdk.jitwatch.test.TestBytecodeLoader 
[INFO] Tests run: 19, Failures: 0, Errors: 0, Skipped: 0, Time elapsed: 2.195 s -- in org.adoptopenjdk.jitwatch.test.TestBytecodeLoader
[INFO] Running org.adoptopenjdk.jitwatch.test.TestBytecodeLoaderWithInnerClasses
2023-12-14T06:05:08.525464900Z INF org.adoptopenjdk.jitwatch.process.runtime.RuntimeJava Process: /usr/lib/jvm/java-17-openjdk-amd64/bin/javac -g -d /tmp/testInnerClasses14400307339280033866 /mnt/c/Users/fujiwara yuma/evaluation/ALL/jitwatch/workingDir/core/src/main/resources/examples/TestInner.java 
2023-12-14T06:05:09.326027900Z INF org.adoptopenjdk.jitwatch.loader.BytecodeLoader Could not fetch bytecode via reflection, trying Process
2023-12-14T06:05:09.327495400Z INF org.adoptopenjdk.jitwatch.process.runtime.RuntimeJava JavapProcess() executablePath: /usr/lib/jvm/java-17-openjdk-amd64/bin/javap
2023-12-14T06:05:09.327573500Z INF org.adoptopenjdk.jitwatch.process.runtime.RuntimeJava Process: /usr/lib/jvm/java-17-openjdk-amd64/bin/javap -c -p -v -classpath /tmp/testInnerClasses14400307339280033866 TestInner 
2023-12-14T06:05:09.742262800Z INF org.adoptopenjdk.jitwatch.loader.BytecodeLoader Could not fetch bytecode via reflection, trying Process
2023-12-14T06:05:09.743762400Z INF org.adoptopenjdk.jitwatch.process.runtime.RuntimeJava JavapProcess() executablePath: /usr/lib/jvm/java-17-openjdk-amd64/bin/javap
2023-12-14T06:05:09.743864900Z INF org.adoptopenjdk.jitwatch.process.runtime.RuntimeJava Process: /usr/lib/jvm/java-17-openjdk-amd64/bin/javap -c -p -v -classpath /tmp/testInnerClasses14400307339280033866 TestInner$Inner1 
2023-12-14T06:05:10.125836200Z INF org.adoptopenjdk.jitwatch.loader.BytecodeLoader Could not fetch bytecode via reflection, trying Process
2023-12-14T06:05:10.127381200Z INF org.adoptopenjdk.jitwatch.process.runtime.RuntimeJava JavapProcess() executablePath: /usr/lib/jvm/java-17-openjdk-amd64/bin/javap
2023-12-14T06:05:10.127468Z INF org.adoptopenjdk.jitwatch.process.runtime.RuntimeJava Process: /usr/lib/jvm/java-17-openjdk-amd64/bin/javap -c -p -v -classpath /tmp/testInnerClasses14400307339280033866 TestInner$Inner1$Inner2 
2023-12-14T06:05:10.499939700Z INF org.adoptopenjdk.jitwatch.process.runtime.RuntimeJava Process: /usr/lib/jvm/java-17-openjdk-amd64/bin/javac -g -d /tmp/testInnerClasses7952770420553406504 /mnt/c/Users/fujiwara yuma/evaluation/ALL/jitwatch/workingDir/core/src/main/resources/examples/TestInner.java 
2023-12-14T06:05:11.266442500Z INF org.adoptopenjdk.jitwatch.loader.BytecodeLoader Could not fetch bytecode via reflection, trying Process
2023-12-14T06:05:11.268416400Z INF org.adoptopenjdk.jitwatch.process.runtime.RuntimeJava JavapProcess() executablePath: /usr/lib/jvm/java-17-openjdk-amd64/bin/javap
2023-12-14T06:05:11.268524200Z INF org.adoptopenjdk.jitwatch.process.runtime.RuntimeJava Process: /usr/lib/jvm/java-17-openjdk-amd64/bin/javap -c -p -v -classpath /tmp/testInnerClasses7952770420553406504 TestInner 
2023-12-14T06:05:11.673196100Z INF org.adoptopenjdk.jitwatch.loader.BytecodeLoader Could not fetch bytecode via reflection, trying Process
2023-12-14T06:05:11.674704300Z INF org.adoptopenjdk.jitwatch.process.runtime.RuntimeJava JavapProcess() executablePath: /usr/lib/jvm/java-17-openjdk-amd64/bin/javap
2023-12-14T06:05:11.674781800Z INF org.adoptopenjdk.jitwatch.process.runtime.RuntimeJava Process: /usr/lib/jvm/java-17-openjdk-amd64/bin/javap -c -p -v -classpath /tmp/testInnerClasses7952770420553406504 TestInner$Inner1 
2023-12-14T06:05:12.059667900Z INF org.adoptopenjdk.jitwatch.loader.BytecodeLoader Could not fetch bytecode via reflection, trying Process
2023-12-14T06:05:12.061121600Z INF org.adoptopenjdk.jitwatch.process.runtime.RuntimeJava JavapProcess() executablePath: /usr/lib/jvm/java-17-openjdk-amd64/bin/javap
2023-12-14T06:05:12.061200900Z INF org.adoptopenjdk.jitwatch.process.runtime.RuntimeJava Process: /usr/lib/jvm/java-17-openjdk-amd64/bin/javap -c -p -v -classpath /tmp/testInnerClasses7952770420553406504 TestInner$Inner1$Inner2 
2023-12-14T06:05:12.428819900Z INF org.adoptopenjdk.jitwatch.process.runtime.RuntimeJava Process: /usr/lib/jvm/java-17-openjdk-amd64/bin/javac -g -d /tmp/testInnerClasses10718193997953009711 /mnt/c/Users/fujiwara yuma/evaluation/ALL/jitwatch/workingDir/core/src/main/resources/examples/TestInner.java 
2023-12-14T06:05:13.214074900Z INF org.adoptopenjdk.jitwatch.loader.BytecodeLoader Could not fetch bytecode via reflection, trying Process
2023-12-14T06:05:13.216962900Z INF org.adoptopenjdk.jitwatch.process.runtime.RuntimeJava JavapProcess() executablePath: /usr/lib/jvm/java-17-openjdk-amd64/bin/javap
2023-12-14T06:05:13.217105400Z INF org.adoptopenjdk.jitwatch.process.runtime.RuntimeJava Process: /usr/lib/jvm/java-17-openjdk-amd64/bin/javap -c -p -v -classpath /tmp/testInnerClasses10718193997953009711 TestInner 
2023-12-14T06:05:13.640585600Z INF org.adoptopenjdk.jitwatch.loader.BytecodeLoader Could not fetch bytecode via reflection, trying Process
2023-12-14T06:05:13.642499200Z INF org.adoptopenjdk.jitwatch.process.runtime.RuntimeJava JavapProcess() executablePath: /usr/lib/jvm/java-17-openjdk-amd64/bin/javap
2023-12-14T06:05:13.642632100Z INF org.adoptopenjdk.jitwatch.process.runtime.RuntimeJava Process: /usr/lib/jvm/java-17-openjdk-amd64/bin/javap -c -p -v -classpath /tmp/testInnerClasses10718193997953009711 TestInner$Inner1 
2023-12-14T06:05:14.020134200Z INF org.adoptopenjdk.jitwatch.loader.BytecodeLoader Could not fetch bytecode via reflection, trying Process
2023-12-14T06:05:14.021663100Z INF org.adoptopenjdk.jitwatch.process.runtime.RuntimeJava JavapProcess() executablePath: /usr/lib/jvm/java-17-openjdk-amd64/bin/javap
2023-12-14T06:05:14.021750500Z INF org.adoptopenjdk.jitwatch.process.runtime.RuntimeJava Process: /usr/lib/jvm/java-17-openjdk-amd64/bin/javap -c -p -v -classpath /tmp/testInnerClasses10718193997953009711 TestInner$Inner1$Inner2 
2023-12-14T06:05:14.398729Z INF org.adoptopenjdk.jitwatch.process.runtime.RuntimeJava Process: /usr/lib/jvm/java-17-openjdk-amd64/bin/javac -g -d /tmp/testInnerClasses8925203701414778904 /mnt/c/Users/fujiwara yuma/evaluation/ALL/jitwatch/workingDir/core/src/main/resources/examples/TestInner.java 
2023-12-14T06:05:15.192241700Z INF org.adoptopenjdk.jitwatch.loader.BytecodeLoader Could not fetch bytecode via reflection, trying Process
2023-12-14T06:05:15.193743600Z INF org.adoptopenjdk.jitwatch.process.runtime.RuntimeJava JavapProcess() executablePath: /usr/lib/jvm/java-17-openjdk-amd64/bin/javap
2023-12-14T06:05:15.193813400Z INF org.adoptopenjdk.jitwatch.process.runtime.RuntimeJava Process: /usr/lib/jvm/java-17-openjdk-amd64/bin/javap -c -p -v -classpath /tmp/testInnerClasses8925203701414778904 TestInner 
2023-12-14T06:05:15.562818800Z INF org.adoptopenjdk.jitwatch.loader.BytecodeLoader Could not fetch bytecode via reflection, trying Process
2023-12-14T06:05:15.564190100Z INF org.adoptopenjdk.jitwatch.process.runtime.RuntimeJava JavapProcess() executablePath: /usr/lib/jvm/java-17-openjdk-amd64/bin/javap
2023-12-14T06:05:15.564261400Z INF org.adoptopenjdk.jitwatch.process.runtime.RuntimeJava Process: /usr/lib/jvm/java-17-openjdk-amd64/bin/javap -c -p -v -classpath /tmp/testInnerClasses8925203701414778904 TestInner$Inner1 
2023-12-14T06:05:15.965375Z INF org.adoptopenjdk.jitwatch.loader.BytecodeLoader Could not fetch bytecode via reflection, trying Process
2023-12-14T06:05:15.966751300Z INF org.adoptopenjdk.jitwatch.process.runtime.RuntimeJava JavapProcess() executablePath: /usr/lib/jvm/java-17-openjdk-amd64/bin/javap
2023-12-14T06:05:15.966830900Z INF org.adoptopenjdk.jitwatch.process.runtime.RuntimeJava Process: /usr/lib/jvm/java-17-openjdk-amd64/bin/javap -c -p -v -classpath /tmp/testInnerClasses8925203701414778904 TestInner$Inner1$Inner2 
2023-12-14T06:05:16.370763500Z INF org.adoptopenjdk.jitwatch.process.runtime.RuntimeJava Process: /usr/lib/jvm/java-17-openjdk-amd64/bin/javac -g -d /tmp/testInnerClasses14926066827944371923 /mnt/c/Users/fujiwara yuma/evaluation/ALL/jitwatch/workingDir/core/src/main/resources/examples/TestInner.java 
2023-12-14T06:05:17.150036200Z INF org.adoptopenjdk.jitwatch.loader.BytecodeLoader Could not fetch bytecode via reflection, trying Process
2023-12-14T06:05:17.151928700Z INF org.adoptopenjdk.jitwatch.process.runtime.RuntimeJava JavapProcess() executablePath: /usr/lib/jvm/java-17-openjdk-amd64/bin/javap
2023-12-14T06:05:17.152030400Z INF org.adoptopenjdk.jitwatch.process.runtime.RuntimeJava Process: /usr/lib/jvm/java-17-openjdk-amd64/bin/javap -c -p -v -classpath /tmp/testInnerClasses14926066827944371923 TestInner 
2023-12-14T06:05:17.554317600Z INF org.adoptopenjdk.jitwatch.loader.BytecodeLoader Could not fetch bytecode via reflection, trying Process
2023-12-14T06:05:17.555769800Z INF org.adoptopenjdk.jitwatch.process.runtime.RuntimeJava JavapProcess() executablePath: /usr/lib/jvm/java-17-openjdk-amd64/bin/javap
2023-12-14T06:05:17.555836Z INF org.adoptopenjdk.jitwatch.process.runtime.RuntimeJava Process: /usr/lib/jvm/java-17-openjdk-amd64/bin/javap -c -p -v -classpath /tmp/testInnerClasses14926066827944371923 TestInner$Inner1 
2023-12-14T06:05:17.956266300Z INF org.adoptopenjdk.jitwatch.loader.BytecodeLoader Could not fetch bytecode via reflection, trying Process
2023-12-14T06:05:17.957731700Z INF org.adoptopenjdk.jitwatch.process.runtime.RuntimeJava JavapProcess() executablePath: /usr/lib/jvm/java-17-openjdk-amd64/bin/javap
2023-12-14T06:05:17.957821200Z INF org.adoptopenjdk.jitwatch.process.runtime.RuntimeJava Process: /usr/lib/jvm/java-17-openjdk-amd64/bin/javap -c -p -v -classpath /tmp/testInnerClasses14926066827944371923 TestInner$Inner1$Inner2 
2023-12-14T06:05:18.348249400Z INF org.adoptopenjdk.jitwatch.process.runtime.RuntimeJava Process: /usr/lib/jvm/java-17-openjdk-amd64/bin/javac -g -d /tmp/testInnerClasses12074492919181477665 /mnt/c/Users/fujiwara yuma/evaluation/ALL/jitwatch/workingDir/core/src/main/resources/examples/TestInner.java 
2023-12-14T06:05:19.176437600Z INF org.adoptopenjdk.jitwatch.loader.BytecodeLoader Could not fetch bytecode via reflection, trying Process
2023-12-14T06:05:19.177980600Z INF org.adoptopenjdk.jitwatch.process.runtime.RuntimeJava JavapProcess() executablePath: /usr/lib/jvm/java-17-openjdk-amd64/bin/javap
2023-12-14T06:05:19.178061200Z INF org.adoptopenjdk.jitwatch.process.runtime.RuntimeJava Process: /usr/lib/jvm/java-17-openjdk-amd64/bin/javap -c -p -v -classpath /tmp/testInnerClasses12074492919181477665 TestInner 
2023-12-14T06:05:19.566993600Z INF org.adoptopenjdk.jitwatch.loader.BytecodeLoader Could not fetch bytecode via reflection, trying Process
2023-12-14T06:05:19.569415400Z INF org.adoptopenjdk.jitwatch.process.runtime.RuntimeJava JavapProcess() executablePath: /usr/lib/jvm/java-17-openjdk-amd64/bin/javap
2023-12-14T06:05:19.569516600Z INF org.adoptopenjdk.jitwatch.process.runtime.RuntimeJava Process: /usr/lib/jvm/java-17-openjdk-amd64/bin/javap -c -p -v -classpath /tmp/testInnerClasses12074492919181477665 TestInner$Inner1 
2023-12-14T06:05:19.966799700Z INF org.adoptopenjdk.jitwatch.loader.BytecodeLoader Could not fetch bytecode via reflection, trying Process
2023-12-14T06:05:19.968219100Z INF org.adoptopenjdk.jitwatch.process.runtime.RuntimeJava JavapProcess() executablePath: /usr/lib/jvm/java-17-openjdk-amd64/bin/javap
2023-12-14T06:05:19.968296400Z INF org.adoptopenjdk.jitwatch.process.runtime.RuntimeJava Process: /usr/lib/jvm/java-17-openjdk-amd64/bin/javap -c -p -v -classpath /tmp/testInnerClasses12074492919181477665 TestInner$Inner1$Inner2 
2023-12-14T06:05:20.364854900Z INF org.adoptopenjdk.jitwatch.process.runtime.RuntimeJava Process: /usr/lib/jvm/java-17-openjdk-amd64/bin/javac -g -d /tmp/testInnerClasses10391617031839338763 /mnt/c/Users/fujiwara yuma/evaluation/ALL/jitwatch/workingDir/core/src/main/resources/examples/TestInner.java 
2023-12-14T06:05:21.142427200Z INF org.adoptopenjdk.jitwatch.loader.BytecodeLoader Could not fetch bytecode via reflection, trying Process
2023-12-14T06:05:21.143826900Z INF org.adoptopenjdk.jitwatch.process.runtime.RuntimeJava JavapProcess() executablePath: /usr/lib/jvm/java-17-openjdk-amd64/bin/javap
2023-12-14T06:05:21.143899Z INF org.adoptopenjdk.jitwatch.process.runtime.RuntimeJava Process: /usr/lib/jvm/java-17-openjdk-amd64/bin/javap -c -p -v -classpath /tmp/testInnerClasses10391617031839338763 TestInner 
2023-12-14T06:05:21.561676800Z INF org.adoptopenjdk.jitwatch.loader.BytecodeLoader Could not fetch bytecode via reflection, trying Process
2023-12-14T06:05:21.563551800Z INF org.adoptopenjdk.jitwatch.process.runtime.RuntimeJava JavapProcess() executablePath: /usr/lib/jvm/java-17-openjdk-amd64/bin/javap
2023-12-14T06:05:21.563641100Z INF org.adoptopenjdk.jitwatch.process.runtime.RuntimeJava Process: /usr/lib/jvm/java-17-openjdk-amd64/bin/javap -c -p -v -classpath /tmp/testInnerClasses10391617031839338763 TestInner$Inner1 
2023-12-14T06:05:21.959306100Z INF org.adoptopenjdk.jitwatch.loader.BytecodeLoader Could not fetch bytecode via reflection, trying Process
2023-12-14T06:05:21.960909Z INF org.adoptopenjdk.jitwatch.process.runtime.RuntimeJava JavapProcess() executablePath: /usr/lib/jvm/java-17-openjdk-amd64/bin/javap
2023-12-14T06:05:21.960988500Z INF org.adoptopenjdk.jitwatch.process.runtime.RuntimeJava Process: /usr/lib/jvm/java-17-openjdk-amd64/bin/javap -c -p -v -classpath /tmp/testInnerClasses10391617031839338763 TestInner$Inner1$Inner2 
2023-12-14T06:05:22.346970Z INF org.adoptopenjdk.jitwatch.process.runtime.RuntimeJava Process: /usr/lib/jvm/java-17-openjdk-amd64/bin/javac -g -d /tmp/testInnerClasses14744023553369513688 /mnt/c/Users/fujiwara yuma/evaluation/ALL/jitwatch/workingDir/core/src/main/resources/examples/TestInner.java 
2023-12-14T06:05:23.143242200Z INF org.adoptopenjdk.jitwatch.loader.BytecodeLoader Could not fetch bytecode via reflection, trying Process
2023-12-14T06:05:23.144713400Z INF org.adoptopenjdk.jitwatch.process.runtime.RuntimeJava JavapProcess() executablePath: /usr/lib/jvm/java-17-openjdk-amd64/bin/javap
2023-12-14T06:05:23.144788400Z INF org.adoptopenjdk.jitwatch.process.runtime.RuntimeJava Process: /usr/lib/jvm/java-17-openjdk-amd64/bin/javap -c -p -v -classpath /tmp/testInnerClasses14744023553369513688 TestInner 
2023-12-14T06:05:23.524871300Z INF org.adoptopenjdk.jitwatch.loader.BytecodeLoader Could not fetch bytecode via reflection, trying Process
2023-12-14T06:05:23.526270Z INF org.adoptopenjdk.jitwatch.process.runtime.RuntimeJava JavapProcess() executablePath: /usr/lib/jvm/java-17-openjdk-amd64/bin/javap
2023-12-14T06:05:23.526334600Z INF org.adoptopenjdk.jitwatch.process.runtime.RuntimeJava Process: /usr/lib/jvm/java-17-openjdk-amd64/bin/javap -c -p -v -classpath /tmp/testInnerClasses14744023553369513688 TestInner$Inner1 
2023-12-14T06:05:23.911438300Z INF org.adoptopenjdk.jitwatch.loader.BytecodeLoader Could not fetch bytecode via reflection, trying Process
2023-12-14T06:05:23.912865300Z INF org.adoptopenjdk.jitwatch.process.runtime.RuntimeJava JavapProcess() executablePath: /usr/lib/jvm/java-17-openjdk-amd64/bin/javap
2023-12-14T06:05:23.912926100Z INF org.adoptopenjdk.jitwatch.process.runtime.RuntimeJava Process: /usr/lib/jvm/java-17-openjdk-amd64/bin/javap -c -p -v -classpath /tmp/testInnerClasses14744023553369513688 TestInner$Inner1$Inner2 
2023-12-14T06:05:24.307656300Z INF org.adoptopenjdk.jitwatch.process.runtime.RuntimeJava Process: /usr/lib/jvm/java-17-openjdk-amd64/bin/javac -g -d /tmp/testInnerClasses13187216614740539769 /mnt/c/Users/fujiwara yuma/evaluation/ALL/jitwatch/workingDir/core/src/main/resources/examples/TestInner.java 
2023-12-14T06:05:25.127243800Z INF org.adoptopenjdk.jitwatch.loader.BytecodeLoader Could not fetch bytecode via reflection, trying Process
2023-12-14T06:05:25.128971100Z INF org.adoptopenjdk.jitwatch.process.runtime.RuntimeJava JavapProcess() executablePath: /usr/lib/jvm/java-17-openjdk-amd64/bin/javap
2023-12-14T06:05:25.129053800Z INF org.adoptopenjdk.jitwatch.process.runtime.RuntimeJava Process: /usr/lib/jvm/java-17-openjdk-amd64/bin/javap -c -p -v -classpath /tmp/testInnerClasses13187216614740539769 TestInner 
2023-12-14T06:05:25.551035100Z INF org.adoptopenjdk.jitwatch.loader.BytecodeLoader Could not fetch bytecode via reflection, trying Process
2023-12-14T06:05:25.553051Z INF org.adoptopenjdk.jitwatch.process.runtime.RuntimeJava JavapProcess() executablePath: /usr/lib/jvm/java-17-openjdk-amd64/bin/javap
2023-12-14T06:05:25.553147Z INF org.adoptopenjdk.jitwatch.process.runtime.RuntimeJava Process: /usr/lib/jvm/java-17-openjdk-amd64/bin/javap -c -p -v -classpath /tmp/testInnerClasses13187216614740539769 TestInner$Inner1 
2023-12-14T06:05:25.961783200Z INF org.adoptopenjdk.jitwatch.loader.BytecodeLoader Could not fetch bytecode via reflection, trying Process
2023-12-14T06:05:25.963163200Z INF org.adoptopenjdk.jitwatch.process.runtime.RuntimeJava JavapProcess() executablePath: /usr/lib/jvm/java-17-openjdk-amd64/bin/javap
2023-12-14T06:05:25.963229500Z INF org.adoptopenjdk.jitwatch.process.runtime.RuntimeJava Process: /usr/lib/jvm/java-17-openjdk-amd64/bin/javap -c -p -v -classpath /tmp/testInnerClasses13187216614740539769 TestInner$Inner1$Inner2 
2023-12-14T06:05:26.630044300Z INF org.adoptopenjdk.jitwatch.process.runtime.RuntimeJava Process: /usr/lib/jvm/java-17-openjdk-amd64/bin/javac -g -d /tmp/testInnerClasses5000785581462121384 /mnt/c/Users/fujiwara yuma/evaluation/ALL/jitwatch/workingDir/core/src/main/resources/examples/TestInner.java 
2023-12-14T06:05:27.811718700Z INF org.adoptopenjdk.jitwatch.loader.BytecodeLoader Could not fetch bytecode via reflection, trying Process
2023-12-14T06:05:27.813128400Z INF org.adoptopenjdk.jitwatch.process.runtime.RuntimeJava JavapProcess() executablePath: /usr/lib/jvm/java-17-openjdk-amd64/bin/javap
2023-12-14T06:05:27.813198Z INF org.adoptopenjdk.jitwatch.process.runtime.RuntimeJava Process: /usr/lib/jvm/java-17-openjdk-amd64/bin/javap -c -p -v -classpath /tmp/testInnerClasses5000785581462121384 TestInner 
2023-12-14T06:05:28.564763100Z INF org.adoptopenjdk.jitwatch.loader.BytecodeLoader Could not fetch bytecode via reflection, trying Process
2023-12-14T06:05:28.566280900Z INF org.adoptopenjdk.jitwatch.process.runtime.RuntimeJava JavapProcess() executablePath: /usr/lib/jvm/java-17-openjdk-amd64/bin/javap
2023-12-14T06:05:28.566356600Z INF org.adoptopenjdk.jitwatch.process.runtime.RuntimeJava Process: /usr/lib/jvm/java-17-openjdk-amd64/bin/javap -c -p -v -classpath /tmp/testInnerClasses5000785581462121384 TestInner$Inner1 
2023-12-14T06:05:29.089708600Z INF org.adoptopenjdk.jitwatch.loader.BytecodeLoader Could not fetch bytecode via reflection, trying Process
2023-12-14T06:05:29.091150400Z INF org.adoptopenjdk.jitwatch.process.runtime.RuntimeJava JavapProcess() executablePath: /usr/lib/jvm/java-17-openjdk-amd64/bin/javap
2023-12-14T06:05:29.091218200Z INF org.adoptopenjdk.jitwatch.process.runtime.RuntimeJava Process: /usr/lib/jvm/java-17-openjdk-amd64/bin/javap -c -p -v -classpath /tmp/testInnerClasses5000785581462121384 TestInner$Inner1$Inner2 
2023-12-14T06:05:29.503937600Z INF org.adoptopenjdk.jitwatch.process.runtime.RuntimeJava Process: /usr/lib/jvm/java-17-openjdk-amd64/bin/javac -g -d /tmp/testInnerClasses2410222284964231564 /mnt/c/Users/fujiwara yuma/evaluation/ALL/jitwatch/workingDir/core/src/main/resources/examples/TestInner.java 
2023-12-14T06:05:30.377900400Z INF org.adoptopenjdk.jitwatch.loader.BytecodeLoader Could not fetch bytecode via reflection, trying Process
2023-12-14T06:05:30.379962800Z INF org.adoptopenjdk.jitwatch.process.runtime.RuntimeJava JavapProcess() executablePath: /usr/lib/jvm/java-17-openjdk-amd64/bin/javap
2023-12-14T06:05:30.380066700Z INF org.adoptopenjdk.jitwatch.process.runtime.RuntimeJava Process: /usr/lib/jvm/java-17-openjdk-amd64/bin/javap -c -p -v -classpath /tmp/testInnerClasses2410222284964231564 TestInner 
2023-12-14T06:05:30.772911300Z INF org.adoptopenjdk.jitwatch.loader.BytecodeLoader Could not fetch bytecode via reflection, trying Process
2023-12-14T06:05:30.774358800Z INF org.adoptopenjdk.jitwatch.process.runtime.RuntimeJava JavapProcess() executablePath: /usr/lib/jvm/java-17-openjdk-amd64/bin/javap
2023-12-14T06:05:30.774419700Z INF org.adoptopenjdk.jitwatch.process.runtime.RuntimeJava Process: /usr/lib/jvm/java-17-openjdk-amd64/bin/javap -c -p -v -classpath /tmp/testInnerClasses2410222284964231564 TestInner$Inner1 
2023-12-14T06:05:31.158970400Z INF org.adoptopenjdk.jitwatch.loader.BytecodeLoader Could not fetch bytecode via reflection, trying Process
2023-12-14T06:05:31.160381700Z INF org.adoptopenjdk.jitwatch.process.runtime.RuntimeJava JavapProcess() executablePath: /usr/lib/jvm/java-17-openjdk-amd64/bin/javap
2023-12-14T06:05:31.160452Z INF org.adoptopenjdk.jitwatch.process.runtime.RuntimeJava Process: /usr/lib/jvm/java-17-openjdk-amd64/bin/javap -c -p -v -classpath /tmp/testInnerClasses2410222284964231564 TestInner$Inner1$Inner2 
2023-12-14T06:05:31.554328700Z INF org.adoptopenjdk.jitwatch.process.runtime.RuntimeJava Process: /usr/lib/jvm/java-17-openjdk-amd64/bin/javac -g -d /tmp/testInnerClasses6190366668208922022 /mnt/c/Users/fujiwara yuma/evaluation/ALL/jitwatch/workingDir/core/src/main/resources/examples/TestInner.java 
2023-12-14T06:05:32.410310900Z INF org.adoptopenjdk.jitwatch.loader.BytecodeLoader Could not fetch bytecode via reflection, trying Process
2023-12-14T06:05:32.411691200Z INF org.adoptopenjdk.jitwatch.process.runtime.RuntimeJava JavapProcess() executablePath: /usr/lib/jvm/java-17-openjdk-amd64/bin/javap
2023-12-14T06:05:32.411756600Z INF org.adoptopenjdk.jitwatch.process.runtime.RuntimeJava Process: /usr/lib/jvm/java-17-openjdk-amd64/bin/javap -c -p -v -classpath /tmp/testInnerClasses6190366668208922022 TestInner 
2023-12-14T06:05:32.968055500Z INF org.adoptopenjdk.jitwatch.loader.BytecodeLoader Could not fetch bytecode via reflection, trying Process
2023-12-14T06:05:32.970338600Z INF org.adoptopenjdk.jitwatch.process.runtime.RuntimeJava JavapProcess() executablePath: /usr/lib/jvm/java-17-openjdk-amd64/bin/javap
2023-12-14T06:05:32.970432600Z INF org.adoptopenjdk.jitwatch.process.runtime.RuntimeJava Process: /usr/lib/jvm/java-17-openjdk-amd64/bin/javap -c -p -v -classpath /tmp/testInnerClasses6190366668208922022 TestInner$Inner1 
2023-12-14T06:05:33.575164Z INF org.adoptopenjdk.jitwatch.loader.BytecodeLoader Could not fetch bytecode via reflection, trying Process
2023-12-14T06:05:33.576956600Z INF org.adoptopenjdk.jitwatch.process.runtime.RuntimeJava JavapProcess() executablePath: /usr/lib/jvm/java-17-openjdk-amd64/bin/javap
2023-12-14T06:05:33.577047600Z INF org.adoptopenjdk.jitwatch.process.runtime.RuntimeJava Process: /usr/lib/jvm/java-17-openjdk-amd64/bin/javap -c -p -v -classpath /tmp/testInnerClasses6190366668208922022 TestInner$Inner1$Inner2 
2023-12-14T06:05:34.073560Z INF org.adoptopenjdk.jitwatch.process.runtime.RuntimeJava Process: /usr/lib/jvm/java-17-openjdk-amd64/bin/javac -g -d /tmp/testInnerClasses5721472202469509958 /mnt/c/Users/fujiwara yuma/evaluation/ALL/jitwatch/workingDir/core/src/main/resources/examples/TestInner.java 
2023-12-14T06:05:34.909876100Z INF org.adoptopenjdk.jitwatch.loader.BytecodeLoader Could not fetch bytecode via reflection, trying Process
2023-12-14T06:05:34.911313400Z INF org.adoptopenjdk.jitwatch.process.runtime.RuntimeJava JavapProcess() executablePath: /usr/lib/jvm/java-17-openjdk-amd64/bin/javap
2023-12-14T06:05:34.911382200Z INF org.adoptopenjdk.jitwatch.process.runtime.RuntimeJava Process: /usr/lib/jvm/java-17-openjdk-amd64/bin/javap -c -p -v -classpath /tmp/testInnerClasses5721472202469509958 TestInner 
2023-12-14T06:05:35.366978700Z INF org.adoptopenjdk.jitwatch.loader.BytecodeLoader Could not fetch bytecode via reflection, trying Process
2023-12-14T06:05:35.368349800Z INF org.adoptopenjdk.jitwatch.process.runtime.RuntimeJava JavapProcess() executablePath: /usr/lib/jvm/java-17-openjdk-amd64/bin/javap
2023-12-14T06:05:35.368416400Z INF org.adoptopenjdk.jitwatch.process.runtime.RuntimeJava Process: /usr/lib/jvm/java-17-openjdk-amd64/bin/javap -c -p -v -classpath /tmp/testInnerClasses5721472202469509958 TestInner$Inner1 
2023-12-14T06:05:35.768395500Z INF org.adoptopenjdk.jitwatch.loader.BytecodeLoader Could not fetch bytecode via reflection, trying Process
2023-12-14T06:05:35.771003400Z INF org.adoptopenjdk.jitwatch.process.runtime.RuntimeJava JavapProcess() executablePath: /usr/lib/jvm/java-17-openjdk-amd64/bin/javap
2023-12-14T06:05:35.771095700Z INF org.adoptopenjdk.jitwatch.process.runtime.RuntimeJava Process: /usr/lib/jvm/java-17-openjdk-amd64/bin/javap -c -p -v -classpath /tmp/testInnerClasses5721472202469509958 TestInner$Inner1$Inner2 
[INFO] Tests run: 13, Failures: 0, Errors: 0, Skipped: 0, Time elapsed: 27.59 s -- in org.adoptopenjdk.jitwatch.test.TestBytecodeLoaderWithInnerClasses
[INFO] Running org.adoptopenjdk.jitwatch.test.TestCompilationUtil
2023-12-14T06:05:36.153388900Z INF org.adoptopenjdk.jitwatch.process.runtime.RuntimeJava Process: /usr/lib/jvm/java-17-openjdk-amd64/bin/javac -g -d /tmp/test_compilation_util16422376104914546289 /tmp/test_compilation_util16422376104914546289/org/adoptopenjdk/jitwatch/compiletest/CompileTest.java 
[INFO] Tests run: 1, Failures: 0, Errors: 0, Skipped: 0, Time elapsed: 0.687 s -- in org.adoptopenjdk.jitwatch.test.TestCompilationUtil
[INFO] Running org.adoptopenjdk.jitwatch.test.TestCompileChain
[INFO] Tests run: 5, Failures: 0, Errors: 0, Skipped: 0, Time elapsed: 0.001 s -- in org.adoptopenjdk.jitwatch.test.TestCompileChain
[INFO] Running org.adoptopenjdk.jitwatch.test.TestCompositeObjectEquality
[INFO] Tests run: 7, Failures: 0, Errors: 0, Skipped: 0, Time elapsed: 0 s -- in org.adoptopenjdk.jitwatch.test.TestCompositeObjectEquality
[INFO] Running org.adoptopenjdk.jitwatch.test.TestExecutionUtil
2023-12-14T06:05:36.872277400Z INF org.adoptopenjdk.jitwatch.process.runtime.RuntimeJava Process: /usr/lib/jvm/java-17-openjdk-amd64/bin/java -XX:+UnlockDiagnosticVMOptions -XX:+LogCompilation -cp /mnt/c/Users/fujiwara yuma/evaluation/ALL/jitwatch/workingDir/core/target/test-classes org.adoptopenjdk.jitwatch.test.DummyClassWithMain 
Running: /usr/lib/jvm/java-17-openjdk-amd64/bin/java -XX:+UnlockDiagnosticVMOptions -XX:+LogCompilation -cp /mnt/c/Users/fujiwara yuma/evaluation/ALL/jitwatch/workingDir/core/target/test-classes org.adoptopenjdk.jitwatch.test.DummyClassWithMain 
Hello World!


[INFO] Tests run: 1, Failures: 0, Errors: 0, Skipped: 0, Time elapsed: 0.094 s -- in org.adoptopenjdk.jitwatch.test.TestExecutionUtil
[INFO] Running org.adoptopenjdk.jitwatch.test.TestHisto
[INFO] Tests run: 1, Failures: 0, Errors: 0, Skipped: 0, Time elapsed: 0 s -- in org.adoptopenjdk.jitwatch.test.TestHisto
[INFO] Running org.adoptopenjdk.jitwatch.test.TestInnerClassRelationship
[INFO] Tests run: 2, Failures: 0, Errors: 0, Skipped: 0, Time elapsed: 0.001 s -- in org.adoptopenjdk.jitwatch.test.TestInnerClassRelationship
[INFO] Running org.adoptopenjdk.jitwatch.test.TestIntrinsicFinder
[INFO] Tests run: 2, Failures: 0, Errors: 0, Skipped: 0, Time elapsed: 0 s -- in org.adoptopenjdk.jitwatch.test.TestIntrinsicFinder
[INFO] Running org.adoptopenjdk.jitwatch.test.TestJ9Parser
[INFO] Tests run: 3, Failures: 0, Errors: 0, Skipped: 0, Time elapsed: 0 s -- in org.adoptopenjdk.jitwatch.test.TestJ9Parser
[INFO] Running org.adoptopenjdk.jitwatch.test.TestJarScan
[INFO] Tests run: 8, Failures: 0, Errors: 0, Skipped: 0, Time elapsed: 0.001 s -- in org.adoptopenjdk.jitwatch.test.TestJarScan
[INFO] Running org.adoptopenjdk.jitwatch.test.TestJITWatchConfig
[INFO] Tests run: 4, Failures: 0, Errors: 0, Skipped: 0, Time elapsed: 0.022 s -- in org.adoptopenjdk.jitwatch.test.TestJITWatchConfig
[INFO] Running org.adoptopenjdk.jitwatch.test.TestLineTable
[INFO] Tests run: 4, Failures: 0, Errors: 0, Skipped: 0, Time elapsed: 0.001 s -- in org.adoptopenjdk.jitwatch.test.TestLineTable
[INFO] Running org.adoptopenjdk.jitwatch.test.TestLocales
[INFO] Tests run: 2, Failures: 0, Errors: 0, Skipped: 0, Time elapsed: 0 s -- in org.adoptopenjdk.jitwatch.test.TestLocales
[INFO] Running org.adoptopenjdk.jitwatch.test.TestLogSplitting
[INFO] Tests run: 3, Failures: 0, Errors: 0, Skipped: 0, Time elapsed: 0.042 s -- in org.adoptopenjdk.jitwatch.test.TestLogSplitting
[INFO] Running org.adoptopenjdk.jitwatch.test.TestMemberBytecode
[INFO] Tests run: 2, Failures: 0, Errors: 0, Skipped: 0, Time elapsed: 0 s -- in org.adoptopenjdk.jitwatch.test.TestMemberBytecode
[INFO] Running org.adoptopenjdk.jitwatch.test.TestMemberSignatureParts
[INFO] Tests run: 17, Failures: 0, Errors: 0, Skipped: 0, Time elapsed: 0.004 s -- in org.adoptopenjdk.jitwatch.test.TestMemberSignatureParts
[INFO] Running org.adoptopenjdk.jitwatch.test.TestMetaClass
[INFO] Tests run: 14, Failures: 0, Errors: 0, Skipped: 0, Time elapsed: 0.015 s -- in org.adoptopenjdk.jitwatch.test.TestMetaClass
[INFO] Running org.adoptopenjdk.jitwatch.test.TestOpcode
[INFO] Tests run: 1, Failures: 0, Errors: 0, Skipped: 0, Time elapsed: 0.001 s -- in org.adoptopenjdk.jitwatch.test.TestOpcode
[INFO] Running org.adoptopenjdk.jitwatch.test.TestPackageManager
[INFO] Tests run: 2, Failures: 0, Errors: 0, Skipped: 0, Time elapsed: 0 s -- in org.adoptopenjdk.jitwatch.test.TestPackageManager
[INFO] Running org.adoptopenjdk.jitwatch.test.TestParseUtil
[INFO] Tests run: 53, Failures: 0, Errors: 0, Skipped: 0, Time elapsed: 0.045 s -- in org.adoptopenjdk.jitwatch.test.TestParseUtil
[INFO] Running org.adoptopenjdk.jitwatch.test.TestReport
[INFO] Tests run: 2, Failures: 0, Errors: 0, Skipped: 0, Time elapsed: 0.004 s -- in org.adoptopenjdk.jitwatch.test.TestReport
[INFO] Running org.adoptopenjdk.jitwatch.test.TestResourceLoader
[INFO] Tests run: 1, Failures: 0, Errors: 0, Skipped: 0, Time elapsed: 0.096 s -- in org.adoptopenjdk.jitwatch.test.TestResourceLoader
[INFO] Running org.adoptopenjdk.jitwatch.test.TestStringUtil
[INFO] Tests run: 3, Failures: 0, Errors: 0, Skipped: 0, Time elapsed: 0 s -- in org.adoptopenjdk.jitwatch.test.TestStringUtil
[INFO] Running org.adoptopenjdk.jitwatch.test.TestTagProcessor
2023-12-14T06:05:37.332451100Z WRN org.adoptopenjdk.jitwatch.core.TagProcessor Found a <fragment> in the HotSpot log. The VM exited before the hotspot log was fully written. JIT information may have been lost.
2023-12-14T06:05:37.332686200Z WRN org.adoptopenjdk.jitwatch.core.TagProcessor Found a <fragment> in the HotSpot log. The VM exited before the hotspot log was fully written. JIT information may have been lost.
[INFO] Tests run: 13, Failures: 0, Errors: 0, Skipped: 0, Time elapsed: 0.004 s -- in org.adoptopenjdk.jitwatch.test.TestTagProcessor
[INFO] Running org.adoptopenjdk.jitwatch.test.TestVmVersionDetector
[INFO] Tests run: 1, Failures: 0, Errors: 0, Skipped: 0, Time elapsed: 0 s -- in org.adoptopenjdk.jitwatch.test.TestVmVersionDetector
[INFO] Running org.adoptopenjdk.jitwatch.test.TestZingParser
[INFO] Tests run: 10, Failures: 0, Errors: 0, Skipped: 0, Time elapsed: 0 s -- in org.adoptopenjdk.jitwatch.test.TestZingParser
[INFO] 
[INFO] Results:
[INFO] 
[INFO] Tests run: 251, Failures: 0, Errors: 0, Skipped: 0
[INFO] 
[INFO] ------------------------------------------------------------------------
[INFO] BUILD SUCCESS
[INFO] ------------------------------------------------------------------------
[INFO] Total time:  41.935 s
[INFO] Finished at: 2023-12-14T15:05:37+09:00
[INFO] ------------------------------------------------------------------------
