[INFO] Scanning for projects...
[INFO] 
[INFO] -------------------< com.chrisnewland:jitwatch-core >-------------------
[INFO] Building JITWatch Core 1.4.7
[INFO] --------------------------------[ jar ]---------------------------------
[INFO] 
[INFO] --- maven-resources-plugin:3.0.2:resources (default-resources) @ jitwatch-core ---
[INFO] Using 'UTF-8' encoding to copy filtered resources.
[INFO] Copying 39 resources
[INFO] 
[INFO] --- maven-compiler-plugin:3.8.1:compile (default-compile) @ jitwatch-core ---
[INFO] Changes detected - recompiling the module!
[INFO] Compiling 180 source files to /mnt/c/Users/fujiwara yuma/evaluation/Ekstazi/jitwatch/workingDir/core/target/classes
[INFO] 
[INFO] --- maven-resources-plugin:3.0.2:testResources (default-testResources) @ jitwatch-core ---
[INFO] Using 'UTF-8' encoding to copy filtered resources.
[INFO] Copying 1 resource
[INFO] 
[INFO] --- maven-compiler-plugin:3.8.1:testCompile (default-testCompile) @ jitwatch-core ---
[INFO] Changes detected - recompiling the module!
[INFO] Compiling 39 source files to /mnt/c/Users/fujiwara yuma/evaluation/Ekstazi/jitwatch/workingDir/core/target/test-classes
[WARNING] /mnt/c/Users/fujiwara yuma/evaluation/Ekstazi/jitwatch/workingDir/core/src/test/java/org/adoptopenjdk/jitwatch/test/TestTagProcessor.java:[307,17] <T>assertThat(java.lang.String,T,org.hamcrest.Matcher<? super T>) in org.junit.Assert has been deprecated
[WARNING] /mnt/c/Users/fujiwara yuma/evaluation/Ekstazi/jitwatch/workingDir/core/src/test/java/org/adoptopenjdk/jitwatch/test/TestTagProcessor.java:[327,17] <T>assertThat(java.lang.String,T,org.hamcrest.Matcher<? super T>) in org.junit.Assert has been deprecated
[WARNING] /mnt/c/Users/fujiwara yuma/evaluation/Ekstazi/jitwatch/workingDir/core/src/test/java/org/adoptopenjdk/jitwatch/test/TestTagProcessor.java:[350,17] <T>assertThat(java.lang.String,T,org.hamcrest.Matcher<? super T>) in org.junit.Assert has been deprecated
[WARNING] /mnt/c/Users/fujiwara yuma/evaluation/Ekstazi/jitwatch/workingDir/core/src/test/java/org/adoptopenjdk/jitwatch/test/TestTagProcessor.java:[371,17] <T>assertThat(java.lang.String,T,org.hamcrest.Matcher<? super T>) in org.junit.Assert has been deprecated
[WARNING] /mnt/c/Users/fujiwara yuma/evaluation/Ekstazi/jitwatch/workingDir/core/src/test/java/org/adoptopenjdk/jitwatch/test/TestPackageManager.java:[49,9] <T>assertThat(T,org.hamcrest.Matcher<? super T>) in org.junit.Assert has been deprecated
[WARNING] /mnt/c/Users/fujiwara yuma/evaluation/Ekstazi/jitwatch/workingDir/core/src/test/java/org/adoptopenjdk/jitwatch/test/TestPackageManager.java:[70,9] <T>assertThat(T,org.hamcrest.Matcher<? super T>) in org.junit.Assert has been deprecated
[INFO] 
[INFO] --- maven-surefire-plugin:2.22.2:test (default-test) @ jitwatch-core ---
[INFO] 
[INFO] -------------------------------------------------------
[INFO]  T E S T S
[INFO] -------------------------------------------------------
[INFO] Running org.adoptopenjdk.jitwatch.test.TestAssemblyLabels
[INFO] Tests run: 0, Failures: 0, Errors: 0, Skipped: 0, Time elapsed: 0.051 s - in org.adoptopenjdk.jitwatch.test.TestAssemblyLabels
[INFO] Running org.adoptopenjdk.jitwatch.test.TestAssemblyParserARM
[INFO] Tests run: 0, Failures: 0, Errors: 0, Skipped: 0, Time elapsed: 0 s - in org.adoptopenjdk.jitwatch.test.TestAssemblyParserARM
[INFO] Running org.adoptopenjdk.jitwatch.test.TestAssemblyParserX86
[INFO] Tests run: 0, Failures: 0, Errors: 0, Skipped: 0, Time elapsed: 0.03 s - in org.adoptopenjdk.jitwatch.test.TestAssemblyParserX86
[INFO] Running org.adoptopenjdk.jitwatch.test.TestAssemblyProcessor
[INFO] Tests run: 0, Failures: 0, Errors: 0, Skipped: 0, Time elapsed: 0.015 s - in org.adoptopenjdk.jitwatch.test.TestAssemblyProcessor
[INFO] Running org.adoptopenjdk.jitwatch.test.TestBytecodeAnnotationBuilder
[INFO] Tests run: 0, Failures: 0, Errors: 0, Skipped: 0, Time elapsed: 0 s - in org.adoptopenjdk.jitwatch.test.TestBytecodeAnnotationBuilder
[INFO] Running org.adoptopenjdk.jitwatch.test.TestBytecodeLoader
2023-12-21T08:43:13.866507700Z ERR org.adoptopenjdk.jitwatch.loader.BytecodeLoader could not parse bytecode: '}'
2023-12-21T08:43:13.928007300Z INF org.adoptopenjdk.jitwatch.loader.BytecodeLoader Could not fetch bytecode via reflection, trying Process
2023-12-21T08:43:13.964315Z INF org.adoptopenjdk.jitwatch.process.runtime.RuntimeJava JavapProcess() executablePath: /usr/lib/jvm/java-17-openjdk-amd64/bin/javap
2023-12-21T08:43:13.964522300Z INF org.adoptopenjdk.jitwatch.process.runtime.RuntimeJava Process: /usr/lib/jvm/java-17-openjdk-amd64/bin/javap -c -p -v java.lang.StringBuilder 
2023-12-21T08:43:14.587804300Z INF org.adoptopenjdk.jitwatch.loader.BytecodeLoader Could not fetch bytecode via reflection, trying Process
2023-12-21T08:43:14.590820Z INF org.adoptopenjdk.jitwatch.process.runtime.RuntimeJava JavapProcess() executablePath: /usr/lib/jvm/java-17-openjdk-amd64/bin/javap
2023-12-21T08:43:14.590986900Z INF org.adoptopenjdk.jitwatch.process.runtime.RuntimeJava Process: /usr/lib/jvm/java-17-openjdk-amd64/bin/javap -c -p -v -classpath /mnt/c/Users/fujiwara yuma/evaluation/Ekstazi/jitwatch/workingDir/core/target/test-classes org.adoptopenjdk.jitwatch.test.TestBytecodeLoader 
2023-12-21T08:43:15.263042100Z INF org.adoptopenjdk.jitwatch.loader.BytecodeLoader Could not fetch bytecode via reflection, trying Process
2023-12-21T08:43:15.266013900Z INF org.adoptopenjdk.jitwatch.process.runtime.RuntimeJava JavapProcess() executablePath: /usr/lib/jvm/java-17-openjdk-amd64/bin/javap
2023-12-21T08:43:15.266162Z INF org.adoptopenjdk.jitwatch.process.runtime.RuntimeJava Process: /usr/lib/jvm/java-17-openjdk-amd64/bin/javap -c -p -v -classpath /mnt/c/Users/fujiwara yuma/evaluation/Ekstazi/jitwatch/workingDir/core/target/test-classes org.adoptopenjdk.jitwatch.test.TestBytecodeLoader 
[INFO] Tests run: 19, Failures: 0, Errors: 0, Skipped: 0, Time elapsed: 2.284 s - in org.adoptopenjdk.jitwatch.test.TestBytecodeLoader
[INFO] Running org.adoptopenjdk.jitwatch.test.TestBytecodeLoaderWithInnerClasses
2023-12-21T08:43:15.950534Z INF org.adoptopenjdk.jitwatch.process.runtime.RuntimeJava Process: /usr/lib/jvm/java-17-openjdk-amd64/bin/javac -g -d /tmp/testInnerClasses2057878623739963358 /mnt/c/Users/fujiwara yuma/evaluation/Ekstazi/jitwatch/workingDir/core/src/main/resources/examples/TestInner.java 
2023-12-21T08:43:16.686141400Z INF org.adoptopenjdk.jitwatch.loader.BytecodeLoader Could not fetch bytecode via reflection, trying Process
2023-12-21T08:43:16.688266300Z INF org.adoptopenjdk.jitwatch.process.runtime.RuntimeJava JavapProcess() executablePath: /usr/lib/jvm/java-17-openjdk-amd64/bin/javap
2023-12-21T08:43:16.688422400Z INF org.adoptopenjdk.jitwatch.process.runtime.RuntimeJava Process: /usr/lib/jvm/java-17-openjdk-amd64/bin/javap -c -p -v -classpath /tmp/testInnerClasses2057878623739963358 TestInner 
2023-12-21T08:43:17.077160400Z INF org.adoptopenjdk.jitwatch.loader.BytecodeLoader Could not fetch bytecode via reflection, trying Process
2023-12-21T08:43:17.078891200Z INF org.adoptopenjdk.jitwatch.process.runtime.RuntimeJava JavapProcess() executablePath: /usr/lib/jvm/java-17-openjdk-amd64/bin/javap
2023-12-21T08:43:17.079035300Z INF org.adoptopenjdk.jitwatch.process.runtime.RuntimeJava Process: /usr/lib/jvm/java-17-openjdk-amd64/bin/javap -c -p -v -classpath /tmp/testInnerClasses2057878623739963358 TestInner$Inner1 
2023-12-21T08:43:17.502612700Z INF org.adoptopenjdk.jitwatch.loader.BytecodeLoader Could not fetch bytecode via reflection, trying Process
2023-12-21T08:43:17.504228900Z INF org.adoptopenjdk.jitwatch.process.runtime.RuntimeJava JavapProcess() executablePath: /usr/lib/jvm/java-17-openjdk-amd64/bin/javap
2023-12-21T08:43:17.504351100Z INF org.adoptopenjdk.jitwatch.process.runtime.RuntimeJava Process: /usr/lib/jvm/java-17-openjdk-amd64/bin/javap -c -p -v -classpath /tmp/testInnerClasses2057878623739963358 TestInner$Inner1$Inner2 
2023-12-21T08:43:17.882058Z INF org.adoptopenjdk.jitwatch.process.runtime.RuntimeJava Process: /usr/lib/jvm/java-17-openjdk-amd64/bin/javac -g -d /tmp/testInnerClasses14999641059309654621 /mnt/c/Users/fujiwara yuma/evaluation/Ekstazi/jitwatch/workingDir/core/src/main/resources/examples/TestInner.java 
2023-12-21T08:43:18.614182700Z INF org.adoptopenjdk.jitwatch.loader.BytecodeLoader Could not fetch bytecode via reflection, trying Process
2023-12-21T08:43:18.615638100Z INF org.adoptopenjdk.jitwatch.process.runtime.RuntimeJava JavapProcess() executablePath: /usr/lib/jvm/java-17-openjdk-amd64/bin/javap
2023-12-21T08:43:18.615769Z INF org.adoptopenjdk.jitwatch.process.runtime.RuntimeJava Process: /usr/lib/jvm/java-17-openjdk-amd64/bin/javap -c -p -v -classpath /tmp/testInnerClasses14999641059309654621 TestInner 
2023-12-21T08:43:18.995289600Z INF org.adoptopenjdk.jitwatch.loader.BytecodeLoader Could not fetch bytecode via reflection, trying Process
2023-12-21T08:43:18.997064400Z INF org.adoptopenjdk.jitwatch.process.runtime.RuntimeJava JavapProcess() executablePath: /usr/lib/jvm/java-17-openjdk-amd64/bin/javap
2023-12-21T08:43:18.997205200Z INF org.adoptopenjdk.jitwatch.process.runtime.RuntimeJava Process: /usr/lib/jvm/java-17-openjdk-amd64/bin/javap -c -p -v -classpath /tmp/testInnerClasses14999641059309654621 TestInner$Inner1 
2023-12-21T08:43:19.385734900Z INF org.adoptopenjdk.jitwatch.loader.BytecodeLoader Could not fetch bytecode via reflection, trying Process
2023-12-21T08:43:19.387571200Z INF org.adoptopenjdk.jitwatch.process.runtime.RuntimeJava JavapProcess() executablePath: /usr/lib/jvm/java-17-openjdk-amd64/bin/javap
2023-12-21T08:43:19.387711500Z INF org.adoptopenjdk.jitwatch.process.runtime.RuntimeJava Process: /usr/lib/jvm/java-17-openjdk-amd64/bin/javap -c -p -v -classpath /tmp/testInnerClasses14999641059309654621 TestInner$Inner1$Inner2 
2023-12-21T08:43:19.797731700Z INF org.adoptopenjdk.jitwatch.process.runtime.RuntimeJava Process: /usr/lib/jvm/java-17-openjdk-amd64/bin/javac -g -d /tmp/testInnerClasses11315413800466043041 /mnt/c/Users/fujiwara yuma/evaluation/Ekstazi/jitwatch/workingDir/core/src/main/resources/examples/TestInner.java 
2023-12-21T08:43:20.530443700Z INF org.adoptopenjdk.jitwatch.loader.BytecodeLoader Could not fetch bytecode via reflection, trying Process
2023-12-21T08:43:20.532144800Z INF org.adoptopenjdk.jitwatch.process.runtime.RuntimeJava JavapProcess() executablePath: /usr/lib/jvm/java-17-openjdk-amd64/bin/javap
2023-12-21T08:43:20.532269800Z INF org.adoptopenjdk.jitwatch.process.runtime.RuntimeJava Process: /usr/lib/jvm/java-17-openjdk-amd64/bin/javap -c -p -v -classpath /tmp/testInnerClasses11315413800466043041 TestInner 
2023-12-21T08:43:20.902081400Z INF org.adoptopenjdk.jitwatch.loader.BytecodeLoader Could not fetch bytecode via reflection, trying Process
2023-12-21T08:43:20.903584700Z INF org.adoptopenjdk.jitwatch.process.runtime.RuntimeJava JavapProcess() executablePath: /usr/lib/jvm/java-17-openjdk-amd64/bin/javap
2023-12-21T08:43:20.903701700Z INF org.adoptopenjdk.jitwatch.process.runtime.RuntimeJava Process: /usr/lib/jvm/java-17-openjdk-amd64/bin/javap -c -p -v -classpath /tmp/testInnerClasses11315413800466043041 TestInner$Inner1 
2023-12-21T08:43:21.282144500Z INF org.adoptopenjdk.jitwatch.loader.BytecodeLoader Could not fetch bytecode via reflection, trying Process
2023-12-21T08:43:21.283960Z INF org.adoptopenjdk.jitwatch.process.runtime.RuntimeJava JavapProcess() executablePath: /usr/lib/jvm/java-17-openjdk-amd64/bin/javap
2023-12-21T08:43:21.284098200Z INF org.adoptopenjdk.jitwatch.process.runtime.RuntimeJava Process: /usr/lib/jvm/java-17-openjdk-amd64/bin/javap -c -p -v -classpath /tmp/testInnerClasses11315413800466043041 TestInner$Inner1$Inner2 
2023-12-21T08:43:21.663757400Z INF org.adoptopenjdk.jitwatch.process.runtime.RuntimeJava Process: /usr/lib/jvm/java-17-openjdk-amd64/bin/javac -g -d /tmp/testInnerClasses17873058085608438643 /mnt/c/Users/fujiwara yuma/evaluation/Ekstazi/jitwatch/workingDir/core/src/main/resources/examples/TestInner.java 
2023-12-21T08:43:22.456628900Z INF org.adoptopenjdk.jitwatch.loader.BytecodeLoader Could not fetch bytecode via reflection, trying Process
2023-12-21T08:43:22.458219Z INF org.adoptopenjdk.jitwatch.process.runtime.RuntimeJava JavapProcess() executablePath: /usr/lib/jvm/java-17-openjdk-amd64/bin/javap
2023-12-21T08:43:22.458354Z INF org.adoptopenjdk.jitwatch.process.runtime.RuntimeJava Process: /usr/lib/jvm/java-17-openjdk-amd64/bin/javap -c -p -v -classpath /tmp/testInnerClasses17873058085608438643 TestInner 
2023-12-21T08:43:22.832196100Z INF org.adoptopenjdk.jitwatch.loader.BytecodeLoader Could not fetch bytecode via reflection, trying Process
2023-12-21T08:43:22.833628200Z INF org.adoptopenjdk.jitwatch.process.runtime.RuntimeJava JavapProcess() executablePath: /usr/lib/jvm/java-17-openjdk-amd64/bin/javap
2023-12-21T08:43:22.833741900Z INF org.adoptopenjdk.jitwatch.process.runtime.RuntimeJava Process: /usr/lib/jvm/java-17-openjdk-amd64/bin/javap -c -p -v -classpath /tmp/testInnerClasses17873058085608438643 TestInner$Inner1 
2023-12-21T08:43:23.211123500Z INF org.adoptopenjdk.jitwatch.loader.BytecodeLoader Could not fetch bytecode via reflection, trying Process
2023-12-21T08:43:23.212777700Z INF org.adoptopenjdk.jitwatch.process.runtime.RuntimeJava JavapProcess() executablePath: /usr/lib/jvm/java-17-openjdk-amd64/bin/javap
2023-12-21T08:43:23.212900800Z INF org.adoptopenjdk.jitwatch.process.runtime.RuntimeJava Process: /usr/lib/jvm/java-17-openjdk-amd64/bin/javap -c -p -v -classpath /tmp/testInnerClasses17873058085608438643 TestInner$Inner1$Inner2 
2023-12-21T08:43:23.583947300Z INF org.adoptopenjdk.jitwatch.process.runtime.RuntimeJava Process: /usr/lib/jvm/java-17-openjdk-amd64/bin/javac -g -d /tmp/testInnerClasses7483828188342877810 /mnt/c/Users/fujiwara yuma/evaluation/Ekstazi/jitwatch/workingDir/core/src/main/resources/examples/TestInner.java 
2023-12-21T08:43:24.329174100Z INF org.adoptopenjdk.jitwatch.loader.BytecodeLoader Could not fetch bytecode via reflection, trying Process
2023-12-21T08:43:24.330673700Z INF org.adoptopenjdk.jitwatch.process.runtime.RuntimeJava JavapProcess() executablePath: /usr/lib/jvm/java-17-openjdk-amd64/bin/javap
2023-12-21T08:43:24.330795200Z INF org.adoptopenjdk.jitwatch.process.runtime.RuntimeJava Process: /usr/lib/jvm/java-17-openjdk-amd64/bin/javap -c -p -v -classpath /tmp/testInnerClasses7483828188342877810 TestInner 
2023-12-21T08:43:24.714596100Z INF org.adoptopenjdk.jitwatch.loader.BytecodeLoader Could not fetch bytecode via reflection, trying Process
2023-12-21T08:43:24.716263800Z INF org.adoptopenjdk.jitwatch.process.runtime.RuntimeJava JavapProcess() executablePath: /usr/lib/jvm/java-17-openjdk-amd64/bin/javap
2023-12-21T08:43:24.716384900Z INF org.adoptopenjdk.jitwatch.process.runtime.RuntimeJava Process: /usr/lib/jvm/java-17-openjdk-amd64/bin/javap -c -p -v -classpath /tmp/testInnerClasses7483828188342877810 TestInner$Inner1 
2023-12-21T08:43:25.107735800Z INF org.adoptopenjdk.jitwatch.loader.BytecodeLoader Could not fetch bytecode via reflection, trying Process
2023-12-21T08:43:25.109228400Z INF org.adoptopenjdk.jitwatch.process.runtime.RuntimeJava JavapProcess() executablePath: /usr/lib/jvm/java-17-openjdk-amd64/bin/javap
2023-12-21T08:43:25.109335300Z INF org.adoptopenjdk.jitwatch.process.runtime.RuntimeJava Process: /usr/lib/jvm/java-17-openjdk-amd64/bin/javap -c -p -v -classpath /tmp/testInnerClasses7483828188342877810 TestInner$Inner1$Inner2 
2023-12-21T08:43:25.492082300Z INF org.adoptopenjdk.jitwatch.process.runtime.RuntimeJava Process: /usr/lib/jvm/java-17-openjdk-amd64/bin/javac -g -d /tmp/testInnerClasses3452353480918058312 /mnt/c/Users/fujiwara yuma/evaluation/Ekstazi/jitwatch/workingDir/core/src/main/resources/examples/TestInner.java 
2023-12-21T08:43:26.262689800Z INF org.adoptopenjdk.jitwatch.loader.BytecodeLoader Could not fetch bytecode via reflection, trying Process
2023-12-21T08:43:26.264096400Z INF org.adoptopenjdk.jitwatch.process.runtime.RuntimeJava JavapProcess() executablePath: /usr/lib/jvm/java-17-openjdk-amd64/bin/javap
2023-12-21T08:43:26.264226700Z INF org.adoptopenjdk.jitwatch.process.runtime.RuntimeJava Process: /usr/lib/jvm/java-17-openjdk-amd64/bin/javap -c -p -v -classpath /tmp/testInnerClasses3452353480918058312 TestInner 
2023-12-21T08:43:26.672239300Z INF org.adoptopenjdk.jitwatch.loader.BytecodeLoader Could not fetch bytecode via reflection, trying Process
2023-12-21T08:43:26.673856200Z INF org.adoptopenjdk.jitwatch.process.runtime.RuntimeJava JavapProcess() executablePath: /usr/lib/jvm/java-17-openjdk-amd64/bin/javap
2023-12-21T08:43:26.673955100Z INF org.adoptopenjdk.jitwatch.process.runtime.RuntimeJava Process: /usr/lib/jvm/java-17-openjdk-amd64/bin/javap -c -p -v -classpath /tmp/testInnerClasses3452353480918058312 TestInner$Inner1 
2023-12-21T08:43:27.090271800Z INF org.adoptopenjdk.jitwatch.loader.BytecodeLoader Could not fetch bytecode via reflection, trying Process
2023-12-21T08:43:27.091822200Z INF org.adoptopenjdk.jitwatch.process.runtime.RuntimeJava JavapProcess() executablePath: /usr/lib/jvm/java-17-openjdk-amd64/bin/javap
2023-12-21T08:43:27.091926400Z INF org.adoptopenjdk.jitwatch.process.runtime.RuntimeJava Process: /usr/lib/jvm/java-17-openjdk-amd64/bin/javap -c -p -v -classpath /tmp/testInnerClasses3452353480918058312 TestInner$Inner1$Inner2 
2023-12-21T08:43:27.550980800Z INF org.adoptopenjdk.jitwatch.process.runtime.RuntimeJava Process: /usr/lib/jvm/java-17-openjdk-amd64/bin/javac -g -d /tmp/testInnerClasses16582679922283952719 /mnt/c/Users/fujiwara yuma/evaluation/Ekstazi/jitwatch/workingDir/core/src/main/resources/examples/TestInner.java 
2023-12-21T08:43:28.310006700Z INF org.adoptopenjdk.jitwatch.loader.BytecodeLoader Could not fetch bytecode via reflection, trying Process
2023-12-21T08:43:28.311632700Z INF org.adoptopenjdk.jitwatch.process.runtime.RuntimeJava JavapProcess() executablePath: /usr/lib/jvm/java-17-openjdk-amd64/bin/javap
2023-12-21T08:43:28.311755600Z INF org.adoptopenjdk.jitwatch.process.runtime.RuntimeJava Process: /usr/lib/jvm/java-17-openjdk-amd64/bin/javap -c -p -v -classpath /tmp/testInnerClasses16582679922283952719 TestInner 
2023-12-21T08:43:28.686018800Z INF org.adoptopenjdk.jitwatch.loader.BytecodeLoader Could not fetch bytecode via reflection, trying Process
2023-12-21T08:43:28.687481400Z INF org.adoptopenjdk.jitwatch.process.runtime.RuntimeJava JavapProcess() executablePath: /usr/lib/jvm/java-17-openjdk-amd64/bin/javap
2023-12-21T08:43:28.687583100Z INF org.adoptopenjdk.jitwatch.process.runtime.RuntimeJava Process: /usr/lib/jvm/java-17-openjdk-amd64/bin/javap -c -p -v -classpath /tmp/testInnerClasses16582679922283952719 TestInner$Inner1 
2023-12-21T08:43:29.058332600Z INF org.adoptopenjdk.jitwatch.loader.BytecodeLoader Could not fetch bytecode via reflection, trying Process
2023-12-21T08:43:29.059868600Z INF org.adoptopenjdk.jitwatch.process.runtime.RuntimeJava JavapProcess() executablePath: /usr/lib/jvm/java-17-openjdk-amd64/bin/javap
2023-12-21T08:43:29.059981300Z INF org.adoptopenjdk.jitwatch.process.runtime.RuntimeJava Process: /usr/lib/jvm/java-17-openjdk-amd64/bin/javap -c -p -v -classpath /tmp/testInnerClasses16582679922283952719 TestInner$Inner1$Inner2 
2023-12-21T08:43:29.483537600Z INF org.adoptopenjdk.jitwatch.process.runtime.RuntimeJava Process: /usr/lib/jvm/java-17-openjdk-amd64/bin/javac -g -d /tmp/testInnerClasses18256904602401716872 /mnt/c/Users/fujiwara yuma/evaluation/Ekstazi/jitwatch/workingDir/core/src/main/resources/examples/TestInner.java 
2023-12-21T08:43:30.240002600Z INF org.adoptopenjdk.jitwatch.loader.BytecodeLoader Could not fetch bytecode via reflection, trying Process
2023-12-21T08:43:30.241438900Z INF org.adoptopenjdk.jitwatch.process.runtime.RuntimeJava JavapProcess() executablePath: /usr/lib/jvm/java-17-openjdk-amd64/bin/javap
2023-12-21T08:43:30.241591900Z INF org.adoptopenjdk.jitwatch.process.runtime.RuntimeJava Process: /usr/lib/jvm/java-17-openjdk-amd64/bin/javap -c -p -v -classpath /tmp/testInnerClasses18256904602401716872 TestInner 
2023-12-21T08:43:30.615354900Z INF org.adoptopenjdk.jitwatch.loader.BytecodeLoader Could not fetch bytecode via reflection, trying Process
2023-12-21T08:43:30.616791900Z INF org.adoptopenjdk.jitwatch.process.runtime.RuntimeJava JavapProcess() executablePath: /usr/lib/jvm/java-17-openjdk-amd64/bin/javap
2023-12-21T08:43:30.616887900Z INF org.adoptopenjdk.jitwatch.process.runtime.RuntimeJava Process: /usr/lib/jvm/java-17-openjdk-amd64/bin/javap -c -p -v -classpath /tmp/testInnerClasses18256904602401716872 TestInner$Inner1 
2023-12-21T08:43:30.991333500Z INF org.adoptopenjdk.jitwatch.loader.BytecodeLoader Could not fetch bytecode via reflection, trying Process
2023-12-21T08:43:30.992999800Z INF org.adoptopenjdk.jitwatch.process.runtime.RuntimeJava JavapProcess() executablePath: /usr/lib/jvm/java-17-openjdk-amd64/bin/javap
2023-12-21T08:43:30.993116200Z INF org.adoptopenjdk.jitwatch.process.runtime.RuntimeJava Process: /usr/lib/jvm/java-17-openjdk-amd64/bin/javap -c -p -v -classpath /tmp/testInnerClasses18256904602401716872 TestInner$Inner1$Inner2 
2023-12-21T08:43:31.380774200Z INF org.adoptopenjdk.jitwatch.process.runtime.RuntimeJava Process: /usr/lib/jvm/java-17-openjdk-amd64/bin/javac -g -d /tmp/testInnerClasses18216480199057706264 /mnt/c/Users/fujiwara yuma/evaluation/Ekstazi/jitwatch/workingDir/core/src/main/resources/examples/TestInner.java 
2023-12-21T08:43:32.115230200Z INF org.adoptopenjdk.jitwatch.loader.BytecodeLoader Could not fetch bytecode via reflection, trying Process
2023-12-21T08:43:32.116665700Z INF org.adoptopenjdk.jitwatch.process.runtime.RuntimeJava JavapProcess() executablePath: /usr/lib/jvm/java-17-openjdk-amd64/bin/javap
2023-12-21T08:43:32.116758900Z INF org.adoptopenjdk.jitwatch.process.runtime.RuntimeJava Process: /usr/lib/jvm/java-17-openjdk-amd64/bin/javap -c -p -v -classpath /tmp/testInnerClasses18216480199057706264 TestInner 
2023-12-21T08:43:32.502286800Z INF org.adoptopenjdk.jitwatch.loader.BytecodeLoader Could not fetch bytecode via reflection, trying Process
2023-12-21T08:43:32.503859200Z INF org.adoptopenjdk.jitwatch.process.runtime.RuntimeJava JavapProcess() executablePath: /usr/lib/jvm/java-17-openjdk-amd64/bin/javap
2023-12-21T08:43:32.503954900Z INF org.adoptopenjdk.jitwatch.process.runtime.RuntimeJava Process: /usr/lib/jvm/java-17-openjdk-amd64/bin/javap -c -p -v -classpath /tmp/testInnerClasses18216480199057706264 TestInner$Inner1 
2023-12-21T08:43:32.930145600Z INF org.adoptopenjdk.jitwatch.loader.BytecodeLoader Could not fetch bytecode via reflection, trying Process
2023-12-21T08:43:32.931602400Z INF org.adoptopenjdk.jitwatch.process.runtime.RuntimeJava JavapProcess() executablePath: /usr/lib/jvm/java-17-openjdk-amd64/bin/javap
2023-12-21T08:43:32.931704Z INF org.adoptopenjdk.jitwatch.process.runtime.RuntimeJava Process: /usr/lib/jvm/java-17-openjdk-amd64/bin/javap -c -p -v -classpath /tmp/testInnerClasses18216480199057706264 TestInner$Inner1$Inner2 
2023-12-21T08:43:33.329873Z INF org.adoptopenjdk.jitwatch.process.runtime.RuntimeJava Process: /usr/lib/jvm/java-17-openjdk-amd64/bin/javac -g -d /tmp/testInnerClasses925125913657788233 /mnt/c/Users/fujiwara yuma/evaluation/Ekstazi/jitwatch/workingDir/core/src/main/resources/examples/TestInner.java 
2023-12-21T08:43:34.082555600Z INF org.adoptopenjdk.jitwatch.loader.BytecodeLoader Could not fetch bytecode via reflection, trying Process
2023-12-21T08:43:34.084507900Z INF org.adoptopenjdk.jitwatch.process.runtime.RuntimeJava JavapProcess() executablePath: /usr/lib/jvm/java-17-openjdk-amd64/bin/javap
2023-12-21T08:43:34.084688200Z INF org.adoptopenjdk.jitwatch.process.runtime.RuntimeJava Process: /usr/lib/jvm/java-17-openjdk-amd64/bin/javap -c -p -v -classpath /tmp/testInnerClasses925125913657788233 TestInner 
2023-12-21T08:43:34.529342800Z INF org.adoptopenjdk.jitwatch.loader.BytecodeLoader Could not fetch bytecode via reflection, trying Process
2023-12-21T08:43:34.531018500Z INF org.adoptopenjdk.jitwatch.process.runtime.RuntimeJava JavapProcess() executablePath: /usr/lib/jvm/java-17-openjdk-amd64/bin/javap
2023-12-21T08:43:34.531126100Z INF org.adoptopenjdk.jitwatch.process.runtime.RuntimeJava Process: /usr/lib/jvm/java-17-openjdk-amd64/bin/javap -c -p -v -classpath /tmp/testInnerClasses925125913657788233 TestInner$Inner1 
2023-12-21T08:43:34.942782300Z INF org.adoptopenjdk.jitwatch.loader.BytecodeLoader Could not fetch bytecode via reflection, trying Process
2023-12-21T08:43:34.944387400Z INF org.adoptopenjdk.jitwatch.process.runtime.RuntimeJava JavapProcess() executablePath: /usr/lib/jvm/java-17-openjdk-amd64/bin/javap
2023-12-21T08:43:34.944499800Z INF org.adoptopenjdk.jitwatch.process.runtime.RuntimeJava Process: /usr/lib/jvm/java-17-openjdk-amd64/bin/javap -c -p -v -classpath /tmp/testInnerClasses925125913657788233 TestInner$Inner1$Inner2 
2023-12-21T08:43:35.365608700Z INF org.adoptopenjdk.jitwatch.process.runtime.RuntimeJava Process: /usr/lib/jvm/java-17-openjdk-amd64/bin/javac -g -d /tmp/testInnerClasses5457564945062495757 /mnt/c/Users/fujiwara yuma/evaluation/Ekstazi/jitwatch/workingDir/core/src/main/resources/examples/TestInner.java 
2023-12-21T08:43:36.130400900Z INF org.adoptopenjdk.jitwatch.loader.BytecodeLoader Could not fetch bytecode via reflection, trying Process
2023-12-21T08:43:36.131992900Z INF org.adoptopenjdk.jitwatch.process.runtime.RuntimeJava JavapProcess() executablePath: /usr/lib/jvm/java-17-openjdk-amd64/bin/javap
2023-12-21T08:43:36.132098Z INF org.adoptopenjdk.jitwatch.process.runtime.RuntimeJava Process: /usr/lib/jvm/java-17-openjdk-amd64/bin/javap -c -p -v -classpath /tmp/testInnerClasses5457564945062495757 TestInner 
2023-12-21T08:43:36.519493400Z INF org.adoptopenjdk.jitwatch.loader.BytecodeLoader Could not fetch bytecode via reflection, trying Process
2023-12-21T08:43:36.521151700Z INF org.adoptopenjdk.jitwatch.process.runtime.RuntimeJava JavapProcess() executablePath: /usr/lib/jvm/java-17-openjdk-amd64/bin/javap
2023-12-21T08:43:36.521260100Z INF org.adoptopenjdk.jitwatch.process.runtime.RuntimeJava Process: /usr/lib/jvm/java-17-openjdk-amd64/bin/javap -c -p -v -classpath /tmp/testInnerClasses5457564945062495757 TestInner$Inner1 
2023-12-21T08:43:37.103920Z INF org.adoptopenjdk.jitwatch.loader.BytecodeLoader Could not fetch bytecode via reflection, trying Process
2023-12-21T08:43:37.105341300Z INF org.adoptopenjdk.jitwatch.process.runtime.RuntimeJava JavapProcess() executablePath: /usr/lib/jvm/java-17-openjdk-amd64/bin/javap
2023-12-21T08:43:37.105441700Z INF org.adoptopenjdk.jitwatch.process.runtime.RuntimeJava Process: /usr/lib/jvm/java-17-openjdk-amd64/bin/javap -c -p -v -classpath /tmp/testInnerClasses5457564945062495757 TestInner$Inner1$Inner2 
2023-12-21T08:43:37.494988800Z INF org.adoptopenjdk.jitwatch.process.runtime.RuntimeJava Process: /usr/lib/jvm/java-17-openjdk-amd64/bin/javac -g -d /tmp/testInnerClasses1026313102822486718 /mnt/c/Users/fujiwara yuma/evaluation/Ekstazi/jitwatch/workingDir/core/src/main/resources/examples/TestInner.java 
2023-12-21T08:43:38.252131Z INF org.adoptopenjdk.jitwatch.loader.BytecodeLoader Could not fetch bytecode via reflection, trying Process
2023-12-21T08:43:38.253675800Z INF org.adoptopenjdk.jitwatch.process.runtime.RuntimeJava JavapProcess() executablePath: /usr/lib/jvm/java-17-openjdk-amd64/bin/javap
2023-12-21T08:43:38.253785Z INF org.adoptopenjdk.jitwatch.process.runtime.RuntimeJava Process: /usr/lib/jvm/java-17-openjdk-amd64/bin/javap -c -p -v -classpath /tmp/testInnerClasses1026313102822486718 TestInner 
2023-12-21T08:43:38.639155200Z INF org.adoptopenjdk.jitwatch.loader.BytecodeLoader Could not fetch bytecode via reflection, trying Process
2023-12-21T08:43:38.640815700Z INF org.adoptopenjdk.jitwatch.process.runtime.RuntimeJava JavapProcess() executablePath: /usr/lib/jvm/java-17-openjdk-amd64/bin/javap
2023-12-21T08:43:38.640925300Z INF org.adoptopenjdk.jitwatch.process.runtime.RuntimeJava Process: /usr/lib/jvm/java-17-openjdk-amd64/bin/javap -c -p -v -classpath /tmp/testInnerClasses1026313102822486718 TestInner$Inner1 
2023-12-21T08:43:39.025054600Z INF org.adoptopenjdk.jitwatch.loader.BytecodeLoader Could not fetch bytecode via reflection, trying Process
2023-12-21T08:43:39.026717500Z INF org.adoptopenjdk.jitwatch.process.runtime.RuntimeJava JavapProcess() executablePath: /usr/lib/jvm/java-17-openjdk-amd64/bin/javap
2023-12-21T08:43:39.026824800Z INF org.adoptopenjdk.jitwatch.process.runtime.RuntimeJava Process: /usr/lib/jvm/java-17-openjdk-amd64/bin/javap -c -p -v -classpath /tmp/testInnerClasses1026313102822486718 TestInner$Inner1$Inner2 
2023-12-21T08:43:39.517417500Z INF org.adoptopenjdk.jitwatch.process.runtime.RuntimeJava Process: /usr/lib/jvm/java-17-openjdk-amd64/bin/javac -g -d /tmp/testInnerClasses16193785368539201001 /mnt/c/Users/fujiwara yuma/evaluation/Ekstazi/jitwatch/workingDir/core/src/main/resources/examples/TestInner.java 
2023-12-21T08:43:40.325438200Z INF org.adoptopenjdk.jitwatch.loader.BytecodeLoader Could not fetch bytecode via reflection, trying Process
2023-12-21T08:43:40.327006400Z INF org.adoptopenjdk.jitwatch.process.runtime.RuntimeJava JavapProcess() executablePath: /usr/lib/jvm/java-17-openjdk-amd64/bin/javap
2023-12-21T08:43:40.327112600Z INF org.adoptopenjdk.jitwatch.process.runtime.RuntimeJava Process: /usr/lib/jvm/java-17-openjdk-amd64/bin/javap -c -p -v -classpath /tmp/testInnerClasses16193785368539201001 TestInner 
2023-12-21T08:43:40.728808700Z INF org.adoptopenjdk.jitwatch.loader.BytecodeLoader Could not fetch bytecode via reflection, trying Process
2023-12-21T08:43:40.730336400Z INF org.adoptopenjdk.jitwatch.process.runtime.RuntimeJava JavapProcess() executablePath: /usr/lib/jvm/java-17-openjdk-amd64/bin/javap
2023-12-21T08:43:40.730441100Z INF org.adoptopenjdk.jitwatch.process.runtime.RuntimeJava Process: /usr/lib/jvm/java-17-openjdk-amd64/bin/javap -c -p -v -classpath /tmp/testInnerClasses16193785368539201001 TestInner$Inner1 
2023-12-21T08:43:41.153853200Z INF org.adoptopenjdk.jitwatch.loader.BytecodeLoader Could not fetch bytecode via reflection, trying Process
2023-12-21T08:43:41.155838900Z INF org.adoptopenjdk.jitwatch.process.runtime.RuntimeJava JavapProcess() executablePath: /usr/lib/jvm/java-17-openjdk-amd64/bin/javap
2023-12-21T08:43:41.155959600Z INF org.adoptopenjdk.jitwatch.process.runtime.RuntimeJava Process: /usr/lib/jvm/java-17-openjdk-amd64/bin/javap -c -p -v -classpath /tmp/testInnerClasses16193785368539201001 TestInner$Inner1$Inner2 
[INFO] Tests run: 13, Failures: 0, Errors: 0, Skipped: 0, Time elapsed: 25.653 s - in org.adoptopenjdk.jitwatch.test.TestBytecodeLoaderWithInnerClasses
[INFO] Running org.adoptopenjdk.jitwatch.test.TestCompilationUtil
[INFO] Tests run: 0, Failures: 0, Errors: 0, Skipped: 0, Time elapsed: 0.002 s - in org.adoptopenjdk.jitwatch.test.TestCompilationUtil
[INFO] Running org.adoptopenjdk.jitwatch.test.TestCompileChain
[INFO] Tests run: 0, Failures: 0, Errors: 0, Skipped: 0, Time elapsed: 0.003 s - in org.adoptopenjdk.jitwatch.test.TestCompileChain
[INFO] Running org.adoptopenjdk.jitwatch.test.TestCompositeObjectEquality
[INFO] Tests run: 0, Failures: 0, Errors: 0, Skipped: 0, Time elapsed: 0 s - in org.adoptopenjdk.jitwatch.test.TestCompositeObjectEquality
[INFO] Running org.adoptopenjdk.jitwatch.test.TestExecutionUtil
[INFO] Tests run: 0, Failures: 0, Errors: 0, Skipped: 0, Time elapsed: 0.002 s - in org.adoptopenjdk.jitwatch.test.TestExecutionUtil
[INFO] Running org.adoptopenjdk.jitwatch.test.TestHisto
[INFO] Tests run: 0, Failures: 0, Errors: 0, Skipped: 0, Time elapsed: 0 s - in org.adoptopenjdk.jitwatch.test.TestHisto
[INFO] Running org.adoptopenjdk.jitwatch.test.TestInnerClassRelationship
[INFO] Tests run: 0, Failures: 0, Errors: 0, Skipped: 0, Time elapsed: 0 s - in org.adoptopenjdk.jitwatch.test.TestInnerClassRelationship
[INFO] Running org.adoptopenjdk.jitwatch.test.TestIntrinsicFinder
[INFO] Tests run: 0, Failures: 0, Errors: 0, Skipped: 0, Time elapsed: 0.001 s - in org.adoptopenjdk.jitwatch.test.TestIntrinsicFinder
[INFO] Running org.adoptopenjdk.jitwatch.test.TestJ9Parser
[INFO] Tests run: 0, Failures: 0, Errors: 0, Skipped: 0, Time elapsed: 0.002 s - in org.adoptopenjdk.jitwatch.test.TestJ9Parser
[INFO] Running org.adoptopenjdk.jitwatch.test.TestJarScan
[INFO] Tests run: 0, Failures: 0, Errors: 0, Skipped: 0, Time elapsed: 0.004 s - in org.adoptopenjdk.jitwatch.test.TestJarScan
[INFO] Running org.adoptopenjdk.jitwatch.test.TestJITWatchConfig
[INFO] Tests run: 0, Failures: 0, Errors: 0, Skipped: 0, Time elapsed: 0.001 s - in org.adoptopenjdk.jitwatch.test.TestJITWatchConfig
[INFO] Running org.adoptopenjdk.jitwatch.test.TestLineTable
[INFO] Tests run: 0, Failures: 0, Errors: 0, Skipped: 0, Time elapsed: 0 s - in org.adoptopenjdk.jitwatch.test.TestLineTable
[INFO] Running org.adoptopenjdk.jitwatch.test.TestLocales
[INFO] Tests run: 0, Failures: 0, Errors: 0, Skipped: 0, Time elapsed: 0 s - in org.adoptopenjdk.jitwatch.test.TestLocales
[INFO] Running org.adoptopenjdk.jitwatch.test.TestLogSplitting
[INFO] Tests run: 0, Failures: 0, Errors: 0, Skipped: 0, Time elapsed: 0.008 s - in org.adoptopenjdk.jitwatch.test.TestLogSplitting
[INFO] Running org.adoptopenjdk.jitwatch.test.TestMemberBytecode
[INFO] Tests run: 0, Failures: 0, Errors: 0, Skipped: 0, Time elapsed: 0 s - in org.adoptopenjdk.jitwatch.test.TestMemberBytecode
[INFO] Running org.adoptopenjdk.jitwatch.test.TestMemberSignatureParts
[INFO] Tests run: 0, Failures: 0, Errors: 0, Skipped: 0, Time elapsed: 0.001 s - in org.adoptopenjdk.jitwatch.test.TestMemberSignatureParts
[INFO] Running org.adoptopenjdk.jitwatch.test.TestMetaClass
[INFO] Tests run: 14, Failures: 0, Errors: 0, Skipped: 0, Time elapsed: 0.047 s - in org.adoptopenjdk.jitwatch.test.TestMetaClass
[INFO] Running org.adoptopenjdk.jitwatch.test.TestOpcode
[INFO] Tests run: 0, Failures: 0, Errors: 0, Skipped: 0, Time elapsed: 0.003 s - in org.adoptopenjdk.jitwatch.test.TestOpcode
[INFO] Running org.adoptopenjdk.jitwatch.test.TestPackageManager
[INFO] Tests run: 0, Failures: 0, Errors: 0, Skipped: 0, Time elapsed: 0 s - in org.adoptopenjdk.jitwatch.test.TestPackageManager
[INFO] Running org.adoptopenjdk.jitwatch.test.TestParseUtil
[INFO] Tests run: 0, Failures: 0, Errors: 0, Skipped: 0, Time elapsed: 0.006 s - in org.adoptopenjdk.jitwatch.test.TestParseUtil
[INFO] Running org.adoptopenjdk.jitwatch.test.TestReport
[INFO] Tests run: 0, Failures: 0, Errors: 0, Skipped: 0, Time elapsed: 0.002 s - in org.adoptopenjdk.jitwatch.test.TestReport
[INFO] Running org.adoptopenjdk.jitwatch.test.TestResourceLoader
[INFO] Tests run: 0, Failures: 0, Errors: 0, Skipped: 0, Time elapsed: 0.015 s - in org.adoptopenjdk.jitwatch.test.TestResourceLoader
[INFO] Running org.adoptopenjdk.jitwatch.test.TestStringUtil
[INFO] Tests run: 0, Failures: 0, Errors: 0, Skipped: 0, Time elapsed: 0 s - in org.adoptopenjdk.jitwatch.test.TestStringUtil
[INFO] Running org.adoptopenjdk.jitwatch.test.TestTagProcessor
[INFO] Tests run: 0, Failures: 0, Errors: 0, Skipped: 0, Time elapsed: 0 s - in org.adoptopenjdk.jitwatch.test.TestTagProcessor
[INFO] Running org.adoptopenjdk.jitwatch.test.TestVmVersionDetector
[INFO] Tests run: 0, Failures: 0, Errors: 0, Skipped: 0, Time elapsed: 0 s - in org.adoptopenjdk.jitwatch.test.TestVmVersionDetector
[INFO] Running org.adoptopenjdk.jitwatch.test.TestZingParser
[INFO] Tests run: 0, Failures: 0, Errors: 0, Skipped: 0, Time elapsed: 0.005 s - in org.adoptopenjdk.jitwatch.test.TestZingParser
[INFO] 
[INFO] Results:
[INFO] 
[INFO] Tests run: 46, Failures: 0, Errors: 0, Skipped: 0
[INFO] 
[INFO] ------------------------------------------------------------------------
[INFO] BUILD SUCCESS
[INFO] ------------------------------------------------------------------------
[INFO] Total time:  37.466 s
[INFO] Finished at: 2023-12-21T17:43:42+09:00
[INFO] ------------------------------------------------------------------------
