[INFO] Scanning for projects...
[INFO] 
[INFO] ------------------------< com.zaxxer:nuprocess >------------------------
[INFO] Building NuProcess 1.2.4-SNAPSHOT
[INFO] -------------------------------[ bundle ]-------------------------------
[INFO] 
[INFO] --- maven-enforcer-plugin:1.0:enforce (enforce-maven) @ nuprocess ---
[INFO] 
[INFO] --- maven-resources-plugin:3.3.1:resources (default-resources) @ nuprocess ---
[INFO] skip non existing resourceDirectory /mnt/c/Users/fujiwara yuma/evaluation/rts-trace2/NuProcess/workingDir/src/main/resources
[INFO] 
[INFO] --- maven-compiler-plugin:3.1:compile (default-compile) @ nuprocess ---
[INFO] Changes detected - recompiling the module!
[INFO] Compiling 35 source files to /mnt/c/Users/fujiwara yuma/evaluation/rts-trace2/NuProcess/workingDir/target/classes
[WARNING] /mnt/c/Users/fujiwara yuma/evaluation/rts-trace2/NuProcess/workingDir/src/main/java/com/zaxxer/nuprocess/internal/ReferenceCountedFileDescriptor.java: Some input files use or override a deprecated API.
[WARNING] /mnt/c/Users/fujiwara yuma/evaluation/rts-trace2/NuProcess/workingDir/src/main/java/com/zaxxer/nuprocess/internal/ReferenceCountedFileDescriptor.java: Recompile with -Xlint:deprecation for details.
[WARNING] /mnt/c/Users/fujiwara yuma/evaluation/rts-trace2/NuProcess/workingDir/src/main/java/com/zaxxer/nuprocess/windows/NuWinNT.java: Some input files use unchecked or unsafe operations.
[WARNING] /mnt/c/Users/fujiwara yuma/evaluation/rts-trace2/NuProcess/workingDir/src/main/java/com/zaxxer/nuprocess/windows/NuWinNT.java: Recompile with -Xlint:unchecked for details.
[INFO] 
[INFO] --- maven-resources-plugin:3.3.1:testResources (default-testResources) @ nuprocess ---
[INFO] skip non existing resourceDirectory /mnt/c/Users/fujiwara yuma/evaluation/rts-trace2/NuProcess/workingDir/src/test/resources
[INFO] 
[INFO] --- maven-compiler-plugin:3.1:testCompile (default-testCompile) @ nuprocess ---
[INFO] Changes detected - recompiling the module!
[INFO] Compiling 9 source files to /mnt/c/Users/fujiwara yuma/evaluation/rts-trace2/NuProcess/workingDir/target/test-classes
[INFO] 
[INFO] --- maven-surefire-plugin:3.1.2:test (default-test) @ nuprocess ---
[INFO] Using auto detected provider org.apache.maven.surefire.junit4.JUnit4Provider
[INFO] 
[INFO] -------------------------------------------------------
[INFO]  T E S T S
[INFO] -------------------------------------------------------
[INFO] Running com.zaxxer.nuprocess.CatTest
[INFO] Tests run: 1, Failures: 0, Errors: 0, Skipped: 0, Time elapsed: 13.80 s -- in com.zaxxer.nuprocess.CatTest
[INFO] Running com.zaxxer.nuprocess.InterruptTest
[INFO] Tests run: 1, Failures: 0, Errors: 0, Skipped: 0, Time elapsed: 0.028 s -- in com.zaxxer.nuprocess.InterruptTest
[INFO] Running com.zaxxer.nuprocess.linux.EpollEventTest
[INFO] Tests run: 1, Failures: 0, Errors: 0, Skipped: 0, Time elapsed: 0.001 s -- in com.zaxxer.nuprocess.linux.EpollEventTest
[INFO] 
[INFO] Results:
[INFO] 
[INFO] Tests run: 3, Failures: 0, Errors: 0, Skipped: 0
[INFO] 
[INFO] ------------------------------------------------------------------------
[INFO] BUILD SUCCESS
[INFO] ------------------------------------------------------------------------
[INFO] Total time:  19.558 s
[INFO] Finished at: 2024-01-23T16:52:33+09:00
[INFO] ------------------------------------------------------------------------
