[INFO] Scanning for projects...
[INFO] 
[INFO] ----------------------< commons-net:commons-net >-----------------------
[INFO] Building Apache Commons Net 3.9.0-SNAPSHOT
[INFO] --------------------------------[ jar ]---------------------------------
[INFO] 
[INFO] --- maven-enforcer-plugin:3.1.0:enforce (enforce-maven-version) @ commons-net ---
[INFO] 
[INFO] --- maven-enforcer-plugin:3.1.0:enforce (enforce-java-version) @ commons-net ---
[INFO] 
[INFO] --- maven-enforcer-plugin:3.1.0:enforce (enforce-maven-3) @ commons-net ---
[INFO] 
[INFO] --- apache-rat-plugin:0.15:check (rat-check) @ commons-net ---
[INFO] RAT will not execute since it is configured to be skipped via system property 'rat.skip'.
[INFO] 
[INFO] --- build-helper-maven-plugin:3.3.0:parse-version (parse-version) @ commons-net ---
[INFO] 
[INFO] --- maven-antrun-plugin:3.1.0:run (javadoc.resources) @ commons-net ---
[INFO] Executing tasks
[INFO]      [copy] Copying 2 files to /mnt/c/Users/fujiwara yuma/evaluation/Ekstazi/commonsNet/workingDir/target/apidocs/META-INF
[INFO] Executed tasks
[INFO] 
[INFO] --- maven-remote-resources-plugin:1.7.0:process (process-resource-bundles) @ commons-net ---
[INFO] Skipping remote resources execution.
[INFO] 
[INFO] --- buildnumber-maven-plugin:3.0.0:create (default) @ commons-net ---
[INFO] Executing: /bin/sh -c cd '/mnt/c/Users/fujiwara yuma/evaluation/Ekstazi/commonsNet/workingDir' && 'git' 'rev-parse' '--verify' 'HEAD'
[INFO] Working directory: /mnt/c/Users/fujiwara yuma/evaluation/Ekstazi/commonsNet/workingDir
[INFO] Storing buildNumber: ?????? at timestamp: 1703138488275
[WARNING] Cannot get the branch information from the git repository: 
Detecting the current branch failed: fatal: not a git repository (or any parent up to mount point /mnt)
Stopping at filesystem boundary (GIT_DISCOVERY_ACROSS_FILESYSTEM not set).

[INFO] Executing: /bin/sh -c cd '/mnt/c/Users/fujiwara yuma/evaluation/Ekstazi/commonsNet/workingDir' && 'git' 'rev-parse' '--verify' 'HEAD'
[INFO] Working directory: /mnt/c/Users/fujiwara yuma/evaluation/Ekstazi/commonsNet/workingDir
[INFO] Storing buildScmBranch: UNKNOWN_BRANCH
[INFO] 
[INFO] --- maven-resources-plugin:3.2.0:resources (default-resources) @ commons-net ---
[INFO] Using 'iso-8859-1' encoding to copy filtered resources.
[INFO] Using 'iso-8859-1' encoding to copy filtered properties files.
[INFO] Copying 1 resource
[INFO] Copying 2 resources to META-INF
[INFO] 
[INFO] --- maven-compiler-plugin:3.10.1:compile (default-compile) @ commons-net ---
[INFO] Changes detected - recompiling the module!
[INFO] Compiling 192 source files to /mnt/c/Users/fujiwara yuma/evaluation/Ekstazi/commonsNet/workingDir/target/classes
[INFO] /mnt/c/Users/fujiwara yuma/evaluation/Ekstazi/commonsNet/workingDir/src/main/java/org/apache/commons/net/ftp/parser/DefaultFTPFileEntryParserFactory.java: /mnt/c/Users/fujiwara yuma/evaluation/Ekstazi/commonsNet/workingDir/src/main/java/org/apache/commons/net/ftp/parser/DefaultFTPFileEntryParserFactory.java uses or overrides a deprecated API.
[INFO] /mnt/c/Users/fujiwara yuma/evaluation/Ekstazi/commonsNet/workingDir/src/main/java/org/apache/commons/net/ftp/parser/DefaultFTPFileEntryParserFactory.java: Recompile with -Xlint:deprecation for details.
[INFO] 
[INFO] --- maven-bundle-plugin:5.1.8:manifest (bundle-manifest) @ commons-net ---
[INFO] Writing manifest: /mnt/c/Users/fujiwara yuma/evaluation/Ekstazi/commonsNet/workingDir/target/osgi/MANIFEST.MF
[INFO] 
[INFO] --- maven-resources-plugin:3.2.0:testResources (default-testResources) @ commons-net ---
[INFO] Using 'iso-8859-1' encoding to copy filtered resources.
[INFO] Using 'iso-8859-1' encoding to copy filtered properties files.
[INFO] Copying 3 resources
[INFO] Copying 2 resources to META-INF
[INFO] 
[INFO] --- maven-compiler-plugin:3.10.1:testCompile (default-testCompile) @ commons-net ---
[INFO] Changes detected - recompiling the module!
[INFO] Compiling 63 source files to /mnt/c/Users/fujiwara yuma/evaluation/Ekstazi/commonsNet/workingDir/target/test-classes
[INFO] /mnt/c/Users/fujiwara yuma/evaluation/Ekstazi/commonsNet/workingDir/src/test/java/org/apache/commons/net/tftp/TFTPServer.java: /mnt/c/Users/fujiwara yuma/evaluation/Ekstazi/commonsNet/workingDir/src/test/java/org/apache/commons/net/tftp/TFTPServer.java uses or overrides a deprecated API.
[INFO] /mnt/c/Users/fujiwara yuma/evaluation/Ekstazi/commonsNet/workingDir/src/test/java/org/apache/commons/net/tftp/TFTPServer.java: Recompile with -Xlint:deprecation for details.
[INFO] 
[INFO] --- animal-sniffer-maven-plugin:1.22:check (checkAPIcompatibility) @ commons-net ---
[INFO] Checking unresolved references to org.codehaus.mojo.signature:java18:1.0
[INFO] 
[INFO] --- maven-surefire-plugin:3.0.0-M7:test (default-test) @ commons-net ---
[INFO] Using auto detected provider org.apache.maven.surefire.junitplatform.JUnitPlatformProvider
[INFO] 
[INFO] -------------------------------------------------------
[INFO]  T E S T S
[INFO] -------------------------------------------------------
[INFO] Running org.apache.commons.net.examples.MainTest
[INFO] Tests run: 1, Failures: 0, Errors: 0, Skipped: 0, Time elapsed: 0.403 s - in org.apache.commons.net.examples.MainTest
[INFO] Running org.apache.commons.net.ftp.FTPClientTest
[INFO] Tests run: 12, Failures: 0, Errors: 0, Skipped: 0, Time elapsed: 0.177 s - in org.apache.commons.net.ftp.FTPClientTest
[INFO] Running org.apache.commons.net.ftp.FTPSClientTest
Loading file:/mnt/c/Users/fujiwara%20yuma/evaluation/Ekstazi/commonsNet/workingDir/target/test-classes/org/apache/commons/net/ftpsserver/ftpserver.jks
[INFO] Tests run: 21, Failures: 0, Errors: 0, Skipped: 0, Time elapsed: 7.298 s - in org.apache.commons.net.ftp.FTPSClientTest
[INFO] Running org.apache.commons.net.ftp.parser.DefaultFTPFileEntryParserFactoryTest
[INFO] Tests run: 2, Failures: 0, Errors: 0, Skipped: 0, Time elapsed: 0.072 s - in org.apache.commons.net.ftp.parser.DefaultFTPFileEntryParserFactoryTest
[INFO] Running org.apache.commons.net.ftp.parser.EnterpriseUnixFTPEntryParserTest
[INFO] Tests run: 6, Failures: 0, Errors: 0, Skipped: 0, Time elapsed: 0.035 s - in org.apache.commons.net.ftp.parser.EnterpriseUnixFTPEntryParserTest
[INFO] Running org.apache.commons.net.ftp.parser.FTPConfigEntryParserTest
[INFO] Tests run: 2, Failures: 0, Errors: 0, Skipped: 0, Time elapsed: 0.026 s - in org.apache.commons.net.ftp.parser.FTPConfigEntryParserTest
[INFO] Running org.apache.commons.net.ftp.parser.MacOsPeterFTPEntryParserTest
[INFO] Tests run: 7, Failures: 0, Errors: 0, Skipped: 0, Time elapsed: 0.039 s - in org.apache.commons.net.ftp.parser.MacOsPeterFTPEntryParserTest
[INFO] Running org.apache.commons.net.ftp.parser.MVSFTPEntryParserTest
[INFO] Tests run: 11, Failures: 0, Errors: 0, Skipped: 0, Time elapsed: 0.048 s - in org.apache.commons.net.ftp.parser.MVSFTPEntryParserTest
[INFO] Running org.apache.commons.net.ftp.parser.NetwareFTPEntryParserTest
[INFO] Tests run: 6, Failures: 0, Errors: 0, Skipped: 0, Time elapsed: 0.036 s - in org.apache.commons.net.ftp.parser.NetwareFTPEntryParserTest
[INFO] Running org.apache.commons.net.ftp.parser.NTFTPEntryParserTest
[INFO] Tests run: 14, Failures: 0, Errors: 0, Skipped: 0, Time elapsed: 0.077 s - in org.apache.commons.net.ftp.parser.NTFTPEntryParserTest
[INFO] Running org.apache.commons.net.ftp.parser.OS2FTPEntryParserTest
[INFO] Tests run: 6, Failures: 0, Errors: 0, Skipped: 0, Time elapsed: 0.031 s - in org.apache.commons.net.ftp.parser.OS2FTPEntryParserTest
[INFO] Running org.apache.commons.net.ftp.parser.OS400FTPEntryParserAdditionalTest
[INFO] Tests run: 8, Failures: 0, Errors: 0, Skipped: 0, Time elapsed: 0.032 s - in org.apache.commons.net.ftp.parser.OS400FTPEntryParserAdditionalTest
[INFO] Running org.apache.commons.net.ftp.parser.OS400FTPEntryParserTest
[INFO] Tests run: 9, Failures: 0, Errors: 0, Skipped: 0, Time elapsed: 0.038 s - in org.apache.commons.net.ftp.parser.OS400FTPEntryParserTest
[INFO] Running org.apache.commons.net.ftp.parser.UnixFTPEntryParserTest
[INFO] Tests run: 21, Failures: 0, Errors: 0, Skipped: 0, Time elapsed: 0.044 s - in org.apache.commons.net.ftp.parser.UnixFTPEntryParserTest
[INFO] Running org.apache.commons.net.ftp.parser.VMSFTPEntryParserTest
[INFO] Tests run: 8, Failures: 0, Errors: 0, Skipped: 0, Time elapsed: 0.035 s - in org.apache.commons.net.ftp.parser.VMSFTPEntryParserTest
[INFO] Running org.apache.commons.net.tftp.TFTPTest
[INFO] Tests run: 27, Failures: 0, Errors: 0, Skipped: 0, Time elapsed: 43.269 s - in org.apache.commons.net.tftp.TFTPTest
[INFO] 
[INFO] Results:
[INFO] 
[INFO] Tests run: 161, Failures: 0, Errors: 0, Skipped: 0
[INFO] 
[INFO] ------------------------------------------------------------------------
[INFO] BUILD SUCCESS
[INFO] ------------------------------------------------------------------------
[INFO] Total time:  01:13 min
[INFO] Finished at: 2023-12-21T15:02:38+09:00
[INFO] ------------------------------------------------------------------------
