[INFO] Scanning for projects...
[INFO] 
[INFO] -------------------< com.chrisnewland:jitwatch-core >-------------------
[INFO] Building JITWatch Core 1.4.7
[INFO] --------------------------------[ jar ]---------------------------------
[INFO] 
[INFO] --- maven-resources-plugin:3.0.2:resources (default-resources) @ jitwatch-core ---
[INFO] Using 'UTF-8' encoding to copy filtered resources.
[INFO] Copying 39 resources
[INFO] 
[INFO] --- maven-compiler-plugin:3.8.1:compile (default-compile) @ jitwatch-core ---
[INFO] Changes detected - recompiling the module!
[INFO] Compiling 180 source files to /mnt/c/Users/fujiwara yuma/evaluation/Ekstazi/jitwatch/workingDir/core/target/classes
[INFO] 
[INFO] --- maven-resources-plugin:3.0.2:testResources (default-testResources) @ jitwatch-core ---
[INFO] Using 'UTF-8' encoding to copy filtered resources.
[INFO] Copying 1 resource
[INFO] 
[INFO] --- maven-compiler-plugin:3.8.1:testCompile (default-testCompile) @ jitwatch-core ---
[INFO] Changes detected - recompiling the module!
[INFO] Compiling 39 source files to /mnt/c/Users/fujiwara yuma/evaluation/Ekstazi/jitwatch/workingDir/core/target/test-classes
[WARNING] /mnt/c/Users/fujiwara yuma/evaluation/Ekstazi/jitwatch/workingDir/core/src/test/java/org/adoptopenjdk/jitwatch/test/TestTagProcessor.java:[307,17] <T>assertThat(java.lang.String,T,org.hamcrest.Matcher<? super T>) in org.junit.Assert has been deprecated
[WARNING] /mnt/c/Users/fujiwara yuma/evaluation/Ekstazi/jitwatch/workingDir/core/src/test/java/org/adoptopenjdk/jitwatch/test/TestTagProcessor.java:[327,17] <T>assertThat(java.lang.String,T,org.hamcrest.Matcher<? super T>) in org.junit.Assert has been deprecated
[WARNING] /mnt/c/Users/fujiwara yuma/evaluation/Ekstazi/jitwatch/workingDir/core/src/test/java/org/adoptopenjdk/jitwatch/test/TestTagProcessor.java:[350,17] <T>assertThat(java.lang.String,T,org.hamcrest.Matcher<? super T>) in org.junit.Assert has been deprecated
[WARNING] /mnt/c/Users/fujiwara yuma/evaluation/Ekstazi/jitwatch/workingDir/core/src/test/java/org/adoptopenjdk/jitwatch/test/TestTagProcessor.java:[371,17] <T>assertThat(java.lang.String,T,org.hamcrest.Matcher<? super T>) in org.junit.Assert has been deprecated
[WARNING] /mnt/c/Users/fujiwara yuma/evaluation/Ekstazi/jitwatch/workingDir/core/src/test/java/org/adoptopenjdk/jitwatch/test/TestPackageManager.java:[49,9] <T>assertThat(T,org.hamcrest.Matcher<? super T>) in org.junit.Assert has been deprecated
[WARNING] /mnt/c/Users/fujiwara yuma/evaluation/Ekstazi/jitwatch/workingDir/core/src/test/java/org/adoptopenjdk/jitwatch/test/TestPackageManager.java:[70,9] <T>assertThat(T,org.hamcrest.Matcher<? super T>) in org.junit.Assert has been deprecated
[INFO] 
[INFO] --- maven-surefire-plugin:2.22.2:test (default-test) @ jitwatch-core ---
[INFO] 
[INFO] -------------------------------------------------------
[INFO]  T E S T S
[INFO] -------------------------------------------------------
[INFO] Running org.adoptopenjdk.jitwatch.test.TestAssemblyLabels
[INFO] Tests run: 0, Failures: 0, Errors: 0, Skipped: 0, Time elapsed: 0.071 s - in org.adoptopenjdk.jitwatch.test.TestAssemblyLabels
[INFO] Running org.adoptopenjdk.jitwatch.test.TestAssemblyParserARM
[INFO] Tests run: 0, Failures: 0, Errors: 0, Skipped: 0, Time elapsed: 0 s - in org.adoptopenjdk.jitwatch.test.TestAssemblyParserARM
[INFO] Running org.adoptopenjdk.jitwatch.test.TestAssemblyParserX86
[INFO] Tests run: 0, Failures: 0, Errors: 0, Skipped: 0, Time elapsed: 0.005 s - in org.adoptopenjdk.jitwatch.test.TestAssemblyParserX86
[INFO] Running org.adoptopenjdk.jitwatch.test.TestAssemblyProcessor
[INFO] Tests run: 0, Failures: 0, Errors: 0, Skipped: 0, Time elapsed: 0.036 s - in org.adoptopenjdk.jitwatch.test.TestAssemblyProcessor
[INFO] Running org.adoptopenjdk.jitwatch.test.TestBytecodeAnnotationBuilder
[INFO] Tests run: 0, Failures: 0, Errors: 0, Skipped: 0, Time elapsed: 0.018 s - in org.adoptopenjdk.jitwatch.test.TestBytecodeAnnotationBuilder
[INFO] Running org.adoptopenjdk.jitwatch.test.TestBytecodeLoader
[INFO] Tests run: 0, Failures: 0, Errors: 0, Skipped: 0, Time elapsed: 0.014 s - in org.adoptopenjdk.jitwatch.test.TestBytecodeLoader
[INFO] Running org.adoptopenjdk.jitwatch.test.TestBytecodeLoaderWithInnerClasses
2023-12-21T08:44:27.979760600Z INF org.adoptopenjdk.jitwatch.process.runtime.RuntimeJava Process: /usr/lib/jvm/java-17-openjdk-amd64/bin/javac -g -d /tmp/testInnerClasses15856942615896997473 /mnt/c/Users/fujiwara yuma/evaluation/Ekstazi/jitwatch/workingDir/core/src/main/resources/examples/TestInner.java 
2023-12-21T08:44:28.810546600Z INF org.adoptopenjdk.jitwatch.loader.BytecodeLoader Could not fetch bytecode via reflection, trying Process
2023-12-21T08:44:28.815074100Z INF org.adoptopenjdk.jitwatch.process.runtime.RuntimeJava JavapProcess() executablePath: /usr/lib/jvm/java-17-openjdk-amd64/bin/javap
2023-12-21T08:44:28.815287400Z INF org.adoptopenjdk.jitwatch.process.runtime.RuntimeJava Process: /usr/lib/jvm/java-17-openjdk-amd64/bin/javap -c -p -v -classpath /tmp/testInnerClasses15856942615896997473 TestInner 
2023-12-21T08:44:29.285356600Z INF org.adoptopenjdk.jitwatch.loader.BytecodeLoader Could not fetch bytecode via reflection, trying Process
2023-12-21T08:44:29.286943300Z INF org.adoptopenjdk.jitwatch.process.runtime.RuntimeJava JavapProcess() executablePath: /usr/lib/jvm/java-17-openjdk-amd64/bin/javap
2023-12-21T08:44:29.287070700Z INF org.adoptopenjdk.jitwatch.process.runtime.RuntimeJava Process: /usr/lib/jvm/java-17-openjdk-amd64/bin/javap -c -p -v -classpath /tmp/testInnerClasses15856942615896997473 TestInner$Inner1 
2023-12-21T08:44:29.739272Z INF org.adoptopenjdk.jitwatch.loader.BytecodeLoader Could not fetch bytecode via reflection, trying Process
2023-12-21T08:44:29.741375500Z INF org.adoptopenjdk.jitwatch.process.runtime.RuntimeJava JavapProcess() executablePath: /usr/lib/jvm/java-17-openjdk-amd64/bin/javap
2023-12-21T08:44:29.741545300Z INF org.adoptopenjdk.jitwatch.process.runtime.RuntimeJava Process: /usr/lib/jvm/java-17-openjdk-amd64/bin/javap -c -p -v -classpath /tmp/testInnerClasses15856942615896997473 TestInner$Inner1$Inner2 
2023-12-21T08:44:30.145199700Z INF org.adoptopenjdk.jitwatch.process.runtime.RuntimeJava Process: /usr/lib/jvm/java-17-openjdk-amd64/bin/javac -g -d /tmp/testInnerClasses1907113455666736112 /mnt/c/Users/fujiwara yuma/evaluation/Ekstazi/jitwatch/workingDir/core/src/main/resources/examples/TestInner.java 
2023-12-21T08:44:30.992039400Z INF org.adoptopenjdk.jitwatch.loader.BytecodeLoader Could not fetch bytecode via reflection, trying Process
2023-12-21T08:44:30.993736800Z INF org.adoptopenjdk.jitwatch.process.runtime.RuntimeJava JavapProcess() executablePath: /usr/lib/jvm/java-17-openjdk-amd64/bin/javap
2023-12-21T08:44:30.993871500Z INF org.adoptopenjdk.jitwatch.process.runtime.RuntimeJava Process: /usr/lib/jvm/java-17-openjdk-amd64/bin/javap -c -p -v -classpath /tmp/testInnerClasses1907113455666736112 TestInner 
2023-12-21T08:44:31.439891600Z INF org.adoptopenjdk.jitwatch.loader.BytecodeLoader Could not fetch bytecode via reflection, trying Process
2023-12-21T08:44:31.441531Z INF org.adoptopenjdk.jitwatch.process.runtime.RuntimeJava JavapProcess() executablePath: /usr/lib/jvm/java-17-openjdk-amd64/bin/javap
2023-12-21T08:44:31.441698600Z INF org.adoptopenjdk.jitwatch.process.runtime.RuntimeJava Process: /usr/lib/jvm/java-17-openjdk-amd64/bin/javap -c -p -v -classpath /tmp/testInnerClasses1907113455666736112 TestInner$Inner1 
2023-12-21T08:44:31.863320600Z INF org.adoptopenjdk.jitwatch.loader.BytecodeLoader Could not fetch bytecode via reflection, trying Process
2023-12-21T08:44:31.865235500Z INF org.adoptopenjdk.jitwatch.process.runtime.RuntimeJava JavapProcess() executablePath: /usr/lib/jvm/java-17-openjdk-amd64/bin/javap
2023-12-21T08:44:31.865385500Z INF org.adoptopenjdk.jitwatch.process.runtime.RuntimeJava Process: /usr/lib/jvm/java-17-openjdk-amd64/bin/javap -c -p -v -classpath /tmp/testInnerClasses1907113455666736112 TestInner$Inner1$Inner2 
2023-12-21T08:44:32.258642400Z INF org.adoptopenjdk.jitwatch.process.runtime.RuntimeJava Process: /usr/lib/jvm/java-17-openjdk-amd64/bin/javac -g -d /tmp/testInnerClasses1512958972781877760 /mnt/c/Users/fujiwara yuma/evaluation/Ekstazi/jitwatch/workingDir/core/src/main/resources/examples/TestInner.java 
2023-12-21T08:44:33.041046300Z INF org.adoptopenjdk.jitwatch.loader.BytecodeLoader Could not fetch bytecode via reflection, trying Process
2023-12-21T08:44:33.042607Z INF org.adoptopenjdk.jitwatch.process.runtime.RuntimeJava JavapProcess() executablePath: /usr/lib/jvm/java-17-openjdk-amd64/bin/javap
2023-12-21T08:44:33.042891900Z INF org.adoptopenjdk.jitwatch.process.runtime.RuntimeJava Process: /usr/lib/jvm/java-17-openjdk-amd64/bin/javap -c -p -v -classpath /tmp/testInnerClasses1512958972781877760 TestInner 
2023-12-21T08:44:33.491947700Z INF org.adoptopenjdk.jitwatch.loader.BytecodeLoader Could not fetch bytecode via reflection, trying Process
2023-12-21T08:44:33.493631300Z INF org.adoptopenjdk.jitwatch.process.runtime.RuntimeJava JavapProcess() executablePath: /usr/lib/jvm/java-17-openjdk-amd64/bin/javap
2023-12-21T08:44:33.493780600Z INF org.adoptopenjdk.jitwatch.process.runtime.RuntimeJava Process: /usr/lib/jvm/java-17-openjdk-amd64/bin/javap -c -p -v -classpath /tmp/testInnerClasses1512958972781877760 TestInner$Inner1 
2023-12-21T08:44:33.899989Z INF org.adoptopenjdk.jitwatch.loader.BytecodeLoader Could not fetch bytecode via reflection, trying Process
2023-12-21T08:44:33.901722100Z INF org.adoptopenjdk.jitwatch.process.runtime.RuntimeJava JavapProcess() executablePath: /usr/lib/jvm/java-17-openjdk-amd64/bin/javap
2023-12-21T08:44:33.901851300Z INF org.adoptopenjdk.jitwatch.process.runtime.RuntimeJava Process: /usr/lib/jvm/java-17-openjdk-amd64/bin/javap -c -p -v -classpath /tmp/testInnerClasses1512958972781877760 TestInner$Inner1$Inner2 
2023-12-21T08:44:34.309441400Z INF org.adoptopenjdk.jitwatch.process.runtime.RuntimeJava Process: /usr/lib/jvm/java-17-openjdk-amd64/bin/javac -g -d /tmp/testInnerClasses16991907876286952981 /mnt/c/Users/fujiwara yuma/evaluation/Ekstazi/jitwatch/workingDir/core/src/main/resources/examples/TestInner.java 
2023-12-21T08:44:35.093565500Z INF org.adoptopenjdk.jitwatch.loader.BytecodeLoader Could not fetch bytecode via reflection, trying Process
2023-12-21T08:44:35.095117Z INF org.adoptopenjdk.jitwatch.process.runtime.RuntimeJava JavapProcess() executablePath: /usr/lib/jvm/java-17-openjdk-amd64/bin/javap
2023-12-21T08:44:35.095241200Z INF org.adoptopenjdk.jitwatch.process.runtime.RuntimeJava Process: /usr/lib/jvm/java-17-openjdk-amd64/bin/javap -c -p -v -classpath /tmp/testInnerClasses16991907876286952981 TestInner 
2023-12-21T08:44:35.610583800Z INF org.adoptopenjdk.jitwatch.loader.BytecodeLoader Could not fetch bytecode via reflection, trying Process
2023-12-21T08:44:35.612183300Z INF org.adoptopenjdk.jitwatch.process.runtime.RuntimeJava JavapProcess() executablePath: /usr/lib/jvm/java-17-openjdk-amd64/bin/javap
2023-12-21T08:44:35.612310800Z INF org.adoptopenjdk.jitwatch.process.runtime.RuntimeJava Process: /usr/lib/jvm/java-17-openjdk-amd64/bin/javap -c -p -v -classpath /tmp/testInnerClasses16991907876286952981 TestInner$Inner1 
2023-12-21T08:44:36.031300800Z INF org.adoptopenjdk.jitwatch.loader.BytecodeLoader Could not fetch bytecode via reflection, trying Process
2023-12-21T08:44:36.033085700Z INF org.adoptopenjdk.jitwatch.process.runtime.RuntimeJava JavapProcess() executablePath: /usr/lib/jvm/java-17-openjdk-amd64/bin/javap
2023-12-21T08:44:36.033222300Z INF org.adoptopenjdk.jitwatch.process.runtime.RuntimeJava Process: /usr/lib/jvm/java-17-openjdk-amd64/bin/javap -c -p -v -classpath /tmp/testInnerClasses16991907876286952981 TestInner$Inner1$Inner2 
2023-12-21T08:44:36.438237200Z INF org.adoptopenjdk.jitwatch.process.runtime.RuntimeJava Process: /usr/lib/jvm/java-17-openjdk-amd64/bin/javac -g -d /tmp/testInnerClasses16562595361302232252 /mnt/c/Users/fujiwara yuma/evaluation/Ekstazi/jitwatch/workingDir/core/src/main/resources/examples/TestInner.java 
2023-12-21T08:44:37.267307900Z INF org.adoptopenjdk.jitwatch.loader.BytecodeLoader Could not fetch bytecode via reflection, trying Process
2023-12-21T08:44:37.268778700Z INF org.adoptopenjdk.jitwatch.process.runtime.RuntimeJava JavapProcess() executablePath: /usr/lib/jvm/java-17-openjdk-amd64/bin/javap
2023-12-21T08:44:37.268918100Z INF org.adoptopenjdk.jitwatch.process.runtime.RuntimeJava Process: /usr/lib/jvm/java-17-openjdk-amd64/bin/javap -c -p -v -classpath /tmp/testInnerClasses16562595361302232252 TestInner 
2023-12-21T08:44:37.680228900Z INF org.adoptopenjdk.jitwatch.loader.BytecodeLoader Could not fetch bytecode via reflection, trying Process
2023-12-21T08:44:37.681733100Z INF org.adoptopenjdk.jitwatch.process.runtime.RuntimeJava JavapProcess() executablePath: /usr/lib/jvm/java-17-openjdk-amd64/bin/javap
2023-12-21T08:44:37.681866700Z INF org.adoptopenjdk.jitwatch.process.runtime.RuntimeJava Process: /usr/lib/jvm/java-17-openjdk-amd64/bin/javap -c -p -v -classpath /tmp/testInnerClasses16562595361302232252 TestInner$Inner1 
2023-12-21T08:44:38.065380Z INF org.adoptopenjdk.jitwatch.loader.BytecodeLoader Could not fetch bytecode via reflection, trying Process
2023-12-21T08:44:38.067085800Z INF org.adoptopenjdk.jitwatch.process.runtime.RuntimeJava JavapProcess() executablePath: /usr/lib/jvm/java-17-openjdk-amd64/bin/javap
2023-12-21T08:44:38.067213400Z INF org.adoptopenjdk.jitwatch.process.runtime.RuntimeJava Process: /usr/lib/jvm/java-17-openjdk-amd64/bin/javap -c -p -v -classpath /tmp/testInnerClasses16562595361302232252 TestInner$Inner1$Inner2 
2023-12-21T08:44:38.464279700Z INF org.adoptopenjdk.jitwatch.process.runtime.RuntimeJava Process: /usr/lib/jvm/java-17-openjdk-amd64/bin/javac -g -d /tmp/testInnerClasses15982971025906160094 /mnt/c/Users/fujiwara yuma/evaluation/Ekstazi/jitwatch/workingDir/core/src/main/resources/examples/TestInner.java 
2023-12-21T08:44:39.228956400Z INF org.adoptopenjdk.jitwatch.loader.BytecodeLoader Could not fetch bytecode via reflection, trying Process
2023-12-21T08:44:39.230641900Z INF org.adoptopenjdk.jitwatch.process.runtime.RuntimeJava JavapProcess() executablePath: /usr/lib/jvm/java-17-openjdk-amd64/bin/javap
2023-12-21T08:44:39.230795300Z INF org.adoptopenjdk.jitwatch.process.runtime.RuntimeJava Process: /usr/lib/jvm/java-17-openjdk-amd64/bin/javap -c -p -v -classpath /tmp/testInnerClasses15982971025906160094 TestInner 
2023-12-21T08:44:39.639468900Z INF org.adoptopenjdk.jitwatch.loader.BytecodeLoader Could not fetch bytecode via reflection, trying Process
2023-12-21T08:44:39.641322700Z INF org.adoptopenjdk.jitwatch.process.runtime.RuntimeJava JavapProcess() executablePath: /usr/lib/jvm/java-17-openjdk-amd64/bin/javap
2023-12-21T08:44:39.641440500Z INF org.adoptopenjdk.jitwatch.process.runtime.RuntimeJava Process: /usr/lib/jvm/java-17-openjdk-amd64/bin/javap -c -p -v -classpath /tmp/testInnerClasses15982971025906160094 TestInner$Inner1 
2023-12-21T08:44:40.034803Z INF org.adoptopenjdk.jitwatch.loader.BytecodeLoader Could not fetch bytecode via reflection, trying Process
2023-12-21T08:44:40.036497300Z INF org.adoptopenjdk.jitwatch.process.runtime.RuntimeJava JavapProcess() executablePath: /usr/lib/jvm/java-17-openjdk-amd64/bin/javap
2023-12-21T08:44:40.036619200Z INF org.adoptopenjdk.jitwatch.process.runtime.RuntimeJava Process: /usr/lib/jvm/java-17-openjdk-amd64/bin/javap -c -p -v -classpath /tmp/testInnerClasses15982971025906160094 TestInner$Inner1$Inner2 
2023-12-21T08:44:40.444684100Z INF org.adoptopenjdk.jitwatch.process.runtime.RuntimeJava Process: /usr/lib/jvm/java-17-openjdk-amd64/bin/javac -g -d /tmp/testInnerClasses6229609118114880100 /mnt/c/Users/fujiwara yuma/evaluation/Ekstazi/jitwatch/workingDir/core/src/main/resources/examples/TestInner.java 
2023-12-21T08:44:41.248356700Z INF org.adoptopenjdk.jitwatch.loader.BytecodeLoader Could not fetch bytecode via reflection, trying Process
2023-12-21T08:44:41.249947300Z INF org.adoptopenjdk.jitwatch.process.runtime.RuntimeJava JavapProcess() executablePath: /usr/lib/jvm/java-17-openjdk-amd64/bin/javap
2023-12-21T08:44:41.250071500Z INF org.adoptopenjdk.jitwatch.process.runtime.RuntimeJava Process: /usr/lib/jvm/java-17-openjdk-amd64/bin/javap -c -p -v -classpath /tmp/testInnerClasses6229609118114880100 TestInner 
2023-12-21T08:44:41.651574Z INF org.adoptopenjdk.jitwatch.loader.BytecodeLoader Could not fetch bytecode via reflection, trying Process
2023-12-21T08:44:41.653444200Z INF org.adoptopenjdk.jitwatch.process.runtime.RuntimeJava JavapProcess() executablePath: /usr/lib/jvm/java-17-openjdk-amd64/bin/javap
2023-12-21T08:44:41.653549200Z INF org.adoptopenjdk.jitwatch.process.runtime.RuntimeJava Process: /usr/lib/jvm/java-17-openjdk-amd64/bin/javap -c -p -v -classpath /tmp/testInnerClasses6229609118114880100 TestInner$Inner1 
2023-12-21T08:44:42.068082800Z INF org.adoptopenjdk.jitwatch.loader.BytecodeLoader Could not fetch bytecode via reflection, trying Process
2023-12-21T08:44:42.069754Z INF org.adoptopenjdk.jitwatch.process.runtime.RuntimeJava JavapProcess() executablePath: /usr/lib/jvm/java-17-openjdk-amd64/bin/javap
2023-12-21T08:44:42.069857600Z INF org.adoptopenjdk.jitwatch.process.runtime.RuntimeJava Process: /usr/lib/jvm/java-17-openjdk-amd64/bin/javap -c -p -v -classpath /tmp/testInnerClasses6229609118114880100 TestInner$Inner1$Inner2 
2023-12-21T08:44:42.491629300Z INF org.adoptopenjdk.jitwatch.process.runtime.RuntimeJava Process: /usr/lib/jvm/java-17-openjdk-amd64/bin/javac -g -d /tmp/testInnerClasses10751896398623821314 /mnt/c/Users/fujiwara yuma/evaluation/Ekstazi/jitwatch/workingDir/core/src/main/resources/examples/TestInner.java 
2023-12-21T08:44:43.299500500Z INF org.adoptopenjdk.jitwatch.loader.BytecodeLoader Could not fetch bytecode via reflection, trying Process
2023-12-21T08:44:43.301453500Z INF org.adoptopenjdk.jitwatch.process.runtime.RuntimeJava JavapProcess() executablePath: /usr/lib/jvm/java-17-openjdk-amd64/bin/javap
2023-12-21T08:44:43.301571900Z INF org.adoptopenjdk.jitwatch.process.runtime.RuntimeJava Process: /usr/lib/jvm/java-17-openjdk-amd64/bin/javap -c -p -v -classpath /tmp/testInnerClasses10751896398623821314 TestInner 
2023-12-21T08:44:43.701129900Z INF org.adoptopenjdk.jitwatch.loader.BytecodeLoader Could not fetch bytecode via reflection, trying Process
2023-12-21T08:44:43.702840400Z INF org.adoptopenjdk.jitwatch.process.runtime.RuntimeJava JavapProcess() executablePath: /usr/lib/jvm/java-17-openjdk-amd64/bin/javap
2023-12-21T08:44:43.702963700Z INF org.adoptopenjdk.jitwatch.process.runtime.RuntimeJava Process: /usr/lib/jvm/java-17-openjdk-amd64/bin/javap -c -p -v -classpath /tmp/testInnerClasses10751896398623821314 TestInner$Inner1 
2023-12-21T08:44:44.099019300Z INF org.adoptopenjdk.jitwatch.loader.BytecodeLoader Could not fetch bytecode via reflection, trying Process
2023-12-21T08:44:44.100492200Z INF org.adoptopenjdk.jitwatch.process.runtime.RuntimeJava JavapProcess() executablePath: /usr/lib/jvm/java-17-openjdk-amd64/bin/javap
2023-12-21T08:44:44.100603200Z INF org.adoptopenjdk.jitwatch.process.runtime.RuntimeJava Process: /usr/lib/jvm/java-17-openjdk-amd64/bin/javap -c -p -v -classpath /tmp/testInnerClasses10751896398623821314 TestInner$Inner1$Inner2 
2023-12-21T08:44:44.485680700Z INF org.adoptopenjdk.jitwatch.process.runtime.RuntimeJava Process: /usr/lib/jvm/java-17-openjdk-amd64/bin/javac -g -d /tmp/testInnerClasses16968833190890488922 /mnt/c/Users/fujiwara yuma/evaluation/Ekstazi/jitwatch/workingDir/core/src/main/resources/examples/TestInner.java 
2023-12-21T08:44:45.277954400Z INF org.adoptopenjdk.jitwatch.loader.BytecodeLoader Could not fetch bytecode via reflection, trying Process
2023-12-21T08:44:45.279467100Z INF org.adoptopenjdk.jitwatch.process.runtime.RuntimeJava JavapProcess() executablePath: /usr/lib/jvm/java-17-openjdk-amd64/bin/javap
2023-12-21T08:44:45.279594400Z INF org.adoptopenjdk.jitwatch.process.runtime.RuntimeJava Process: /usr/lib/jvm/java-17-openjdk-amd64/bin/javap -c -p -v -classpath /tmp/testInnerClasses16968833190890488922 TestInner 
2023-12-21T08:44:45.673277900Z INF org.adoptopenjdk.jitwatch.loader.BytecodeLoader Could not fetch bytecode via reflection, trying Process
2023-12-21T08:44:45.675298300Z INF org.adoptopenjdk.jitwatch.process.runtime.RuntimeJava JavapProcess() executablePath: /usr/lib/jvm/java-17-openjdk-amd64/bin/javap
2023-12-21T08:44:45.675421600Z INF org.adoptopenjdk.jitwatch.process.runtime.RuntimeJava Process: /usr/lib/jvm/java-17-openjdk-amd64/bin/javap -c -p -v -classpath /tmp/testInnerClasses16968833190890488922 TestInner$Inner1 
2023-12-21T08:44:46.076583100Z INF org.adoptopenjdk.jitwatch.loader.BytecodeLoader Could not fetch bytecode via reflection, trying Process
2023-12-21T08:44:46.078163700Z INF org.adoptopenjdk.jitwatch.process.runtime.RuntimeJava JavapProcess() executablePath: /usr/lib/jvm/java-17-openjdk-amd64/bin/javap
2023-12-21T08:44:46.078300700Z INF org.adoptopenjdk.jitwatch.process.runtime.RuntimeJava Process: /usr/lib/jvm/java-17-openjdk-amd64/bin/javap -c -p -v -classpath /tmp/testInnerClasses16968833190890488922 TestInner$Inner1$Inner2 
2023-12-21T08:44:46.557310Z INF org.adoptopenjdk.jitwatch.process.runtime.RuntimeJava Process: /usr/lib/jvm/java-17-openjdk-amd64/bin/javac -g -d /tmp/testInnerClasses14045555317081476966 /mnt/c/Users/fujiwara yuma/evaluation/Ekstazi/jitwatch/workingDir/core/src/main/resources/examples/TestInner.java 
2023-12-21T08:44:47.505437900Z INF org.adoptopenjdk.jitwatch.loader.BytecodeLoader Could not fetch bytecode via reflection, trying Process
2023-12-21T08:44:47.507127600Z INF org.adoptopenjdk.jitwatch.process.runtime.RuntimeJava JavapProcess() executablePath: /usr/lib/jvm/java-17-openjdk-amd64/bin/javap
2023-12-21T08:44:47.507238300Z INF org.adoptopenjdk.jitwatch.process.runtime.RuntimeJava Process: /usr/lib/jvm/java-17-openjdk-amd64/bin/javap -c -p -v -classpath /tmp/testInnerClasses14045555317081476966 TestInner 
2023-12-21T08:44:47.908376500Z INF org.adoptopenjdk.jitwatch.loader.BytecodeLoader Could not fetch bytecode via reflection, trying Process
2023-12-21T08:44:47.909886Z INF org.adoptopenjdk.jitwatch.process.runtime.RuntimeJava JavapProcess() executablePath: /usr/lib/jvm/java-17-openjdk-amd64/bin/javap
2023-12-21T08:44:47.909992500Z INF org.adoptopenjdk.jitwatch.process.runtime.RuntimeJava Process: /usr/lib/jvm/java-17-openjdk-amd64/bin/javap -c -p -v -classpath /tmp/testInnerClasses14045555317081476966 TestInner$Inner1 
2023-12-21T08:44:48.326191400Z INF org.adoptopenjdk.jitwatch.loader.BytecodeLoader Could not fetch bytecode via reflection, trying Process
2023-12-21T08:44:48.327650700Z INF org.adoptopenjdk.jitwatch.process.runtime.RuntimeJava JavapProcess() executablePath: /usr/lib/jvm/java-17-openjdk-amd64/bin/javap
2023-12-21T08:44:48.327765200Z INF org.adoptopenjdk.jitwatch.process.runtime.RuntimeJava Process: /usr/lib/jvm/java-17-openjdk-amd64/bin/javap -c -p -v -classpath /tmp/testInnerClasses14045555317081476966 TestInner$Inner1$Inner2 
2023-12-21T08:44:48.746308900Z INF org.adoptopenjdk.jitwatch.process.runtime.RuntimeJava Process: /usr/lib/jvm/java-17-openjdk-amd64/bin/javac -g -d /tmp/testInnerClasses6157974471236840416 /mnt/c/Users/fujiwara yuma/evaluation/Ekstazi/jitwatch/workingDir/core/src/main/resources/examples/TestInner.java 
2023-12-21T08:44:49.510513800Z INF org.adoptopenjdk.jitwatch.loader.BytecodeLoader Could not fetch bytecode via reflection, trying Process
2023-12-21T08:44:49.511916100Z INF org.adoptopenjdk.jitwatch.process.runtime.RuntimeJava JavapProcess() executablePath: /usr/lib/jvm/java-17-openjdk-amd64/bin/javap
2023-12-21T08:44:49.512021800Z INF org.adoptopenjdk.jitwatch.process.runtime.RuntimeJava Process: /usr/lib/jvm/java-17-openjdk-amd64/bin/javap -c -p -v -classpath /tmp/testInnerClasses6157974471236840416 TestInner 
2023-12-21T08:44:49.901487100Z INF org.adoptopenjdk.jitwatch.loader.BytecodeLoader Could not fetch bytecode via reflection, trying Process
2023-12-21T08:44:49.903168400Z INF org.adoptopenjdk.jitwatch.process.runtime.RuntimeJava JavapProcess() executablePath: /usr/lib/jvm/java-17-openjdk-amd64/bin/javap
2023-12-21T08:44:49.903279800Z INF org.adoptopenjdk.jitwatch.process.runtime.RuntimeJava Process: /usr/lib/jvm/java-17-openjdk-amd64/bin/javap -c -p -v -classpath /tmp/testInnerClasses6157974471236840416 TestInner$Inner1 
2023-12-21T08:44:50.310372500Z INF org.adoptopenjdk.jitwatch.loader.BytecodeLoader Could not fetch bytecode via reflection, trying Process
2023-12-21T08:44:50.312056600Z INF org.adoptopenjdk.jitwatch.process.runtime.RuntimeJava JavapProcess() executablePath: /usr/lib/jvm/java-17-openjdk-amd64/bin/javap
2023-12-21T08:44:50.312182700Z INF org.adoptopenjdk.jitwatch.process.runtime.RuntimeJava Process: /usr/lib/jvm/java-17-openjdk-amd64/bin/javap -c -p -v -classpath /tmp/testInnerClasses6157974471236840416 TestInner$Inner1$Inner2 
2023-12-21T08:44:50.706665800Z INF org.adoptopenjdk.jitwatch.process.runtime.RuntimeJava Process: /usr/lib/jvm/java-17-openjdk-amd64/bin/javac -g -d /tmp/testInnerClasses13272824491309578916 /mnt/c/Users/fujiwara yuma/evaluation/Ekstazi/jitwatch/workingDir/core/src/main/resources/examples/TestInner.java 
2023-12-21T08:44:51.478842400Z INF org.adoptopenjdk.jitwatch.loader.BytecodeLoader Could not fetch bytecode via reflection, trying Process
2023-12-21T08:44:51.480259800Z INF org.adoptopenjdk.jitwatch.process.runtime.RuntimeJava JavapProcess() executablePath: /usr/lib/jvm/java-17-openjdk-amd64/bin/javap
2023-12-21T08:44:51.480365400Z INF org.adoptopenjdk.jitwatch.process.runtime.RuntimeJava Process: /usr/lib/jvm/java-17-openjdk-amd64/bin/javap -c -p -v -classpath /tmp/testInnerClasses13272824491309578916 TestInner 
2023-12-21T08:44:51.997163900Z INF org.adoptopenjdk.jitwatch.loader.BytecodeLoader Could not fetch bytecode via reflection, trying Process
2023-12-21T08:44:51.998727200Z INF org.adoptopenjdk.jitwatch.process.runtime.RuntimeJava JavapProcess() executablePath: /usr/lib/jvm/java-17-openjdk-amd64/bin/javap
2023-12-21T08:44:51.998846200Z INF org.adoptopenjdk.jitwatch.process.runtime.RuntimeJava Process: /usr/lib/jvm/java-17-openjdk-amd64/bin/javap -c -p -v -classpath /tmp/testInnerClasses13272824491309578916 TestInner$Inner1 
2023-12-21T08:44:52.421412700Z INF org.adoptopenjdk.jitwatch.loader.BytecodeLoader Could not fetch bytecode via reflection, trying Process
2023-12-21T08:44:52.423432900Z INF org.adoptopenjdk.jitwatch.process.runtime.RuntimeJava JavapProcess() executablePath: /usr/lib/jvm/java-17-openjdk-amd64/bin/javap
2023-12-21T08:44:52.423557700Z INF org.adoptopenjdk.jitwatch.process.runtime.RuntimeJava Process: /usr/lib/jvm/java-17-openjdk-amd64/bin/javap -c -p -v -classpath /tmp/testInnerClasses13272824491309578916 TestInner$Inner1$Inner2 
2023-12-21T08:44:52.831666400Z INF org.adoptopenjdk.jitwatch.process.runtime.RuntimeJava Process: /usr/lib/jvm/java-17-openjdk-amd64/bin/javac -g -d /tmp/testInnerClasses2499581138476908789 /mnt/c/Users/fujiwara yuma/evaluation/Ekstazi/jitwatch/workingDir/core/src/main/resources/examples/TestInner.java 
2023-12-21T08:44:53.645805800Z INF org.adoptopenjdk.jitwatch.loader.BytecodeLoader Could not fetch bytecode via reflection, trying Process
2023-12-21T08:44:53.647306Z INF org.adoptopenjdk.jitwatch.process.runtime.RuntimeJava JavapProcess() executablePath: /usr/lib/jvm/java-17-openjdk-amd64/bin/javap
2023-12-21T08:44:53.647417400Z INF org.adoptopenjdk.jitwatch.process.runtime.RuntimeJava Process: /usr/lib/jvm/java-17-openjdk-amd64/bin/javap -c -p -v -classpath /tmp/testInnerClasses2499581138476908789 TestInner 
2023-12-21T08:44:54.065353500Z INF org.adoptopenjdk.jitwatch.loader.BytecodeLoader Could not fetch bytecode via reflection, trying Process
2023-12-21T08:44:54.066730800Z INF org.adoptopenjdk.jitwatch.process.runtime.RuntimeJava JavapProcess() executablePath: /usr/lib/jvm/java-17-openjdk-amd64/bin/javap
2023-12-21T08:44:54.067037800Z INF org.adoptopenjdk.jitwatch.process.runtime.RuntimeJava Process: /usr/lib/jvm/java-17-openjdk-amd64/bin/javap -c -p -v -classpath /tmp/testInnerClasses2499581138476908789 TestInner$Inner1 
2023-12-21T08:44:54.589886900Z INF org.adoptopenjdk.jitwatch.loader.BytecodeLoader Could not fetch bytecode via reflection, trying Process
2023-12-21T08:44:54.592929500Z INF org.adoptopenjdk.jitwatch.process.runtime.RuntimeJava JavapProcess() executablePath: /usr/lib/jvm/java-17-openjdk-amd64/bin/javap
2023-12-21T08:44:54.593067400Z INF org.adoptopenjdk.jitwatch.process.runtime.RuntimeJava Process: /usr/lib/jvm/java-17-openjdk-amd64/bin/javap -c -p -v -classpath /tmp/testInnerClasses2499581138476908789 TestInner$Inner1$Inner2 
[INFO] Tests run: 13, Failures: 0, Errors: 0, Skipped: 0, Time elapsed: 27.31 s - in org.adoptopenjdk.jitwatch.test.TestBytecodeLoaderWithInnerClasses
[INFO] Running org.adoptopenjdk.jitwatch.test.TestCompilationUtil
2023-12-21T08:44:55.062116800Z INF org.adoptopenjdk.jitwatch.process.runtime.RuntimeJava Process: /usr/lib/jvm/java-17-openjdk-amd64/bin/javac -g -d /tmp/test_compilation_util7907808526398681986 /tmp/test_compilation_util7907808526398681986/org/adoptopenjdk/jitwatch/compiletest/CompileTest.java 
[INFO] Tests run: 1, Failures: 0, Errors: 0, Skipped: 0, Time elapsed: 0.895 s - in org.adoptopenjdk.jitwatch.test.TestCompilationUtil
[INFO] Running org.adoptopenjdk.jitwatch.test.TestCompileChain
[INFO] Tests run: 0, Failures: 0, Errors: 0, Skipped: 0, Time elapsed: 0.005 s - in org.adoptopenjdk.jitwatch.test.TestCompileChain
[INFO] Running org.adoptopenjdk.jitwatch.test.TestCompositeObjectEquality
[INFO] Tests run: 0, Failures: 0, Errors: 0, Skipped: 0, Time elapsed: 0.001 s - in org.adoptopenjdk.jitwatch.test.TestCompositeObjectEquality
[INFO] Running org.adoptopenjdk.jitwatch.test.TestExecutionUtil
[INFO] Tests run: 0, Failures: 0, Errors: 0, Skipped: 0, Time elapsed: 0.002 s - in org.adoptopenjdk.jitwatch.test.TestExecutionUtil
[INFO] Running org.adoptopenjdk.jitwatch.test.TestHisto
[INFO] Tests run: 0, Failures: 0, Errors: 0, Skipped: 0, Time elapsed: 0.001 s - in org.adoptopenjdk.jitwatch.test.TestHisto
[INFO] Running org.adoptopenjdk.jitwatch.test.TestInnerClassRelationship
[INFO] Tests run: 0, Failures: 0, Errors: 0, Skipped: 0, Time elapsed: 0 s - in org.adoptopenjdk.jitwatch.test.TestInnerClassRelationship
[INFO] Running org.adoptopenjdk.jitwatch.test.TestIntrinsicFinder
[INFO] Tests run: 0, Failures: 0, Errors: 0, Skipped: 0, Time elapsed: 0.001 s - in org.adoptopenjdk.jitwatch.test.TestIntrinsicFinder
[INFO] Running org.adoptopenjdk.jitwatch.test.TestJ9Parser
[INFO] Tests run: 0, Failures: 0, Errors: 0, Skipped: 0, Time elapsed: 0.002 s - in org.adoptopenjdk.jitwatch.test.TestJ9Parser
[INFO] Running org.adoptopenjdk.jitwatch.test.TestJarScan
[INFO] Tests run: 0, Failures: 0, Errors: 0, Skipped: 0, Time elapsed: 0.004 s - in org.adoptopenjdk.jitwatch.test.TestJarScan
[INFO] Running org.adoptopenjdk.jitwatch.test.TestJITWatchConfig
[INFO] Tests run: 0, Failures: 0, Errors: 0, Skipped: 0, Time elapsed: 0.002 s - in org.adoptopenjdk.jitwatch.test.TestJITWatchConfig
[INFO] Running org.adoptopenjdk.jitwatch.test.TestLineTable
[INFO] Tests run: 0, Failures: 0, Errors: 0, Skipped: 0, Time elapsed: 0 s - in org.adoptopenjdk.jitwatch.test.TestLineTable
[INFO] Running org.adoptopenjdk.jitwatch.test.TestLocales
[INFO] Tests run: 0, Failures: 0, Errors: 0, Skipped: 0, Time elapsed: 0 s - in org.adoptopenjdk.jitwatch.test.TestLocales
[INFO] Running org.adoptopenjdk.jitwatch.test.TestLogSplitting
[INFO] Tests run: 0, Failures: 0, Errors: 0, Skipped: 0, Time elapsed: 0.005 s - in org.adoptopenjdk.jitwatch.test.TestLogSplitting
[INFO] Running org.adoptopenjdk.jitwatch.test.TestMemberBytecode
[INFO] Tests run: 0, Failures: 0, Errors: 0, Skipped: 0, Time elapsed: 0 s - in org.adoptopenjdk.jitwatch.test.TestMemberBytecode
[INFO] Running org.adoptopenjdk.jitwatch.test.TestMemberSignatureParts
[INFO] Tests run: 0, Failures: 0, Errors: 0, Skipped: 0, Time elapsed: 0 s - in org.adoptopenjdk.jitwatch.test.TestMemberSignatureParts
[INFO] Running org.adoptopenjdk.jitwatch.test.TestMetaClass
[INFO] Tests run: 0, Failures: 0, Errors: 0, Skipped: 0, Time elapsed: 0.001 s - in org.adoptopenjdk.jitwatch.test.TestMetaClass
[INFO] Running org.adoptopenjdk.jitwatch.test.TestOpcode
[INFO] Tests run: 0, Failures: 0, Errors: 0, Skipped: 0, Time elapsed: 0 s - in org.adoptopenjdk.jitwatch.test.TestOpcode
[INFO] Running org.adoptopenjdk.jitwatch.test.TestPackageManager
[INFO] Tests run: 0, Failures: 0, Errors: 0, Skipped: 0, Time elapsed: 0.002 s - in org.adoptopenjdk.jitwatch.test.TestPackageManager
[INFO] Running org.adoptopenjdk.jitwatch.test.TestParseUtil
[INFO] Tests run: 0, Failures: 0, Errors: 0, Skipped: 0, Time elapsed: 0 s - in org.adoptopenjdk.jitwatch.test.TestParseUtil
[INFO] Running org.adoptopenjdk.jitwatch.test.TestReport
[INFO] Tests run: 0, Failures: 0, Errors: 0, Skipped: 0, Time elapsed: 0.005 s - in org.adoptopenjdk.jitwatch.test.TestReport
[INFO] Running org.adoptopenjdk.jitwatch.test.TestResourceLoader
[INFO] Tests run: 0, Failures: 0, Errors: 0, Skipped: 0, Time elapsed: 0.002 s - in org.adoptopenjdk.jitwatch.test.TestResourceLoader
[INFO] Running org.adoptopenjdk.jitwatch.test.TestStringUtil
[INFO] Tests run: 0, Failures: 0, Errors: 0, Skipped: 0, Time elapsed: 0.009 s - in org.adoptopenjdk.jitwatch.test.TestStringUtil
[INFO] Running org.adoptopenjdk.jitwatch.test.TestTagProcessor
[INFO] Tests run: 0, Failures: 0, Errors: 0, Skipped: 0, Time elapsed: 0.001 s - in org.adoptopenjdk.jitwatch.test.TestTagProcessor
[INFO] Running org.adoptopenjdk.jitwatch.test.TestVmVersionDetector
[INFO] Tests run: 0, Failures: 0, Errors: 0, Skipped: 0, Time elapsed: 0 s - in org.adoptopenjdk.jitwatch.test.TestVmVersionDetector
[INFO] Running org.adoptopenjdk.jitwatch.test.TestZingParser
[INFO] Tests run: 0, Failures: 0, Errors: 0, Skipped: 0, Time elapsed: 0.016 s - in org.adoptopenjdk.jitwatch.test.TestZingParser
[INFO] 
[INFO] Results:
[INFO] 
[INFO] Tests run: 14, Failures: 0, Errors: 0, Skipped: 0
[INFO] 
[INFO] ------------------------------------------------------------------------
[INFO] BUILD SUCCESS
[INFO] ------------------------------------------------------------------------
[INFO] Total time:  38.972 s
[INFO] Finished at: 2023-12-21T17:44:56+09:00
[INFO] ------------------------------------------------------------------------
