[INFO] Scanning for projects...
Downloading from sonatype-nexus-snapshots: https://oss.sonatype.org/content/repositories/snapshots/com/fasterxml/jackson/jackson-base/2.17.0-SNAPSHOT/maven-metadata.xml
Progress (1): 612 B                   Downloaded from sonatype-nexus-snapshots: https://oss.sonatype.org/content/repositories/snapshots/com/fasterxml/jackson/jackson-base/2.17.0-SNAPSHOT/maven-metadata.xml (612 B at 472 B/s)
Downloading from sonatype-nexus-snapshots: https://oss.sonatype.org/content/repositories/snapshots/com/fasterxml/jackson/jackson-base/2.17.0-SNAPSHOT/jackson-base-2.17.0-20231115.223410-2.pom
Progress (1): 4.1/11 kBProgress (1): 7.8/11 kBProgress (1): 11 kB                       Downloaded from sonatype-nexus-snapshots: https://oss.sonatype.org/content/repositories/snapshots/com/fasterxml/jackson/jackson-base/2.17.0-SNAPSHOT/jackson-base-2.17.0-20231115.223410-2.pom (11 kB at 28 kB/s)
Downloading from sonatype-nexus-snapshots: https://oss.sonatype.org/content/repositories/snapshots/com/fasterxml/jackson/jackson-bom/2.17.0-SNAPSHOT/maven-metadata.xml
Progress (1): 611 B                   Downloaded from sonatype-nexus-snapshots: https://oss.sonatype.org/content/repositories/snapshots/com/fasterxml/jackson/jackson-bom/2.17.0-SNAPSHOT/maven-metadata.xml (611 B at 1.5 kB/s)
Downloading from sonatype-nexus-snapshots: https://oss.sonatype.org/content/repositories/snapshots/com/fasterxml/jackson/jackson-bom/2.17.0-SNAPSHOT/jackson-bom-2.17.0-20231115.223408-2.pom
Progress (1): 4.1/18 kBProgress (1): 7.8/18 kBProgress (1): 12/18 kB Progress (1): 16/18 kBProgress (1): 18 kB                      Downloaded from sonatype-nexus-snapshots: https://oss.sonatype.org/content/repositories/snapshots/com/fasterxml/jackson/jackson-bom/2.17.0-SNAPSHOT/jackson-bom-2.17.0-20231115.223408-2.pom (18 kB at 44 kB/s)
Downloading from sonatype-nexus-snapshots: https://oss.sonatype.org/content/repositories/snapshots/com/fasterxml/jackson/jackson-parent/2.17-SNAPSHOT/maven-metadata.xml
Progress (1): 610 B                   Downloaded from sonatype-nexus-snapshots: https://oss.sonatype.org/content/repositories/snapshots/com/fasterxml/jackson/jackson-parent/2.17-SNAPSHOT/maven-metadata.xml (610 B at 1.5 kB/s)
Downloading from sonatype-nexus-snapshots: https://oss.sonatype.org/content/repositories/snapshots/com/fasterxml/jackson/jackson-parent/2.17-SNAPSHOT/jackson-parent-2.17-20231115.192701-1.pom
Progress (1): 4.1/6.5 kBProgress (1): 6.5 kB                        Downloaded from sonatype-nexus-snapshots: https://oss.sonatype.org/content/repositories/snapshots/com/fasterxml/jackson/jackson-parent/2.17-SNAPSHOT/jackson-parent-2.17-20231115.192701-1.pom (6.5 kB at 16 kB/s)
[INFO] Inspecting build with total of 1 modules...
[INFO] Installing Nexus Staging features:
[INFO]   ... total of 1 executions of maven-deploy-plugin replaced with nexus-staging-maven-plugin
[INFO] 
[INFO] ------< com.fasterxml.jackson.dataformat:jackson-dataformat-xml >-------
[INFO] Building Jackson-dataformat-XML 2.17.0-SNAPSHOT
[INFO] --------------------------------[ jar ]---------------------------------
Downloading from sonatype-nexus-snapshots: https://oss.sonatype.org/content/repositories/snapshots/com/fasterxml/jackson/core/jackson-core/2.17.0-SNAPSHOT/maven-metadata.xml
Progress (1): 1.2 kB                    Downloaded from sonatype-nexus-snapshots: https://oss.sonatype.org/content/repositories/snapshots/com/fasterxml/jackson/core/jackson-core/2.17.0-SNAPSHOT/maven-metadata.xml (1.2 kB at 3.0 kB/s)
Downloading from sonatype-nexus-snapshots: https://oss.sonatype.org/content/repositories/snapshots/com/fasterxml/jackson/core/jackson-core/2.17.0-SNAPSHOT/jackson-core-2.17.0-20231214.041823-27.pom
Progress (1): 4.1/9.9 kBProgress (1): 7.8/9.9 kBProgress (1): 9.9 kB                        Downloaded from sonatype-nexus-snapshots: https://oss.sonatype.org/content/repositories/snapshots/com/fasterxml/jackson/core/jackson-core/2.17.0-SNAPSHOT/jackson-core-2.17.0-20231214.041823-27.pom (9.9 kB at 25 kB/s)
Downloading from sonatype-nexus-snapshots: https://oss.sonatype.org/content/repositories/snapshots/com/fasterxml/jackson/core/jackson-annotations/2.17.0-SNAPSHOT/maven-metadata.xml
Progress (1): 1.2 kB                    Downloaded from sonatype-nexus-snapshots: https://oss.sonatype.org/content/repositories/snapshots/com/fasterxml/jackson/core/jackson-annotations/2.17.0-SNAPSHOT/maven-metadata.xml (1.2 kB at 3.1 kB/s)
Downloading from sonatype-nexus-snapshots: https://oss.sonatype.org/content/repositories/snapshots/com/fasterxml/jackson/core/jackson-annotations/2.17.0-SNAPSHOT/jackson-annotations-2.17.0-20231213.230921-3.pom
Progress (1): 4.1/7.1 kBProgress (1): 7.1 kB                        Downloaded from sonatype-nexus-snapshots: https://oss.sonatype.org/content/repositories/snapshots/com/fasterxml/jackson/core/jackson-annotations/2.17.0-SNAPSHOT/jackson-annotations-2.17.0-20231213.230921-3.pom (7.1 kB at 18 kB/s)
Downloading from sonatype-nexus-snapshots: https://oss.sonatype.org/content/repositories/snapshots/com/fasterxml/jackson/core/jackson-databind/2.17.0-SNAPSHOT/maven-metadata.xml
Progress (1): 1.2 kB                    Downloaded from sonatype-nexus-snapshots: https://oss.sonatype.org/content/repositories/snapshots/com/fasterxml/jackson/core/jackson-databind/2.17.0-SNAPSHOT/maven-metadata.xml (1.2 kB at 3.1 kB/s)
Downloading from sonatype-nexus-snapshots: https://oss.sonatype.org/content/repositories/snapshots/com/fasterxml/jackson/core/jackson-databind/2.17.0-SNAPSHOT/jackson-databind-2.17.0-20231214.033136-48.pom
Progress (1): 4.1/22 kBProgress (1): 7.8/22 kBProgress (1): 12/22 kB Progress (1): 16/22 kBProgress (1): 20/22 kBProgress (1): 22 kB                      Downloaded from sonatype-nexus-snapshots: https://oss.sonatype.org/content/repositories/snapshots/com/fasterxml/jackson/core/jackson-databind/2.17.0-SNAPSHOT/jackson-databind-2.17.0-20231214.033136-48.pom (22 kB at 55 kB/s)
Downloading from central: https://repo.maven.apache.org/maven2/net/bytebuddy/byte-buddy/1.14.9/byte-buddy-1.14.9.pom
Progress (1): 2.8/16 kBProgress (1): 5.5/16 kBProgress (1): 8.3/16 kBProgress (1): 11/16 kB Progress (1): 14/16 kBProgress (1): 16 kB                      Downloaded from central: https://repo.maven.apache.org/maven2/net/bytebuddy/byte-buddy/1.14.9/byte-buddy-1.14.9.pom (16 kB at 101 kB/s)
Downloading from central: https://repo.maven.apache.org/maven2/net/bytebuddy/byte-buddy-parent/1.14.9/byte-buddy-parent-1.14.9.pom
Progress (1): 4.1/62 kBProgress (1): 8.2/62 kBProgress (1): 12/62 kB Progress (1): 16/62 kBProgress (1): 20/62 kBProgress (1): 25/62 kBProgress (1): 29/62 kBProgress (1): 33/62 kBProgress (1): 37/62 kBProgress (1): 41/62 kBProgress (1): 45/62 kBProgress (1): 49/62 kBProgress (1): 53/62 kBProgress (1): 57/62 kBProgress (1): 61/62 kBProgress (1): 62 kB                      Downloaded from central: https://repo.maven.apache.org/maven2/net/bytebuddy/byte-buddy-parent/1.14.9/byte-buddy-parent-1.14.9.pom (62 kB at 1.2 MB/s)
Downloading from sonatype-nexus-snapshots: https://oss.sonatype.org/content/repositories/snapshots/com/fasterxml/jackson/module/jackson-module-jakarta-xmlbind-annotations/2.17.0-SNAPSHOT/maven-metadata.xml
Progress (1): 1.0 kB                    Downloaded from sonatype-nexus-snapshots: https://oss.sonatype.org/content/repositories/snapshots/com/fasterxml/jackson/module/jackson-module-jakarta-xmlbind-annotations/2.17.0-SNAPSHOT/maven-metadata.xml (1.0 kB at 2.6 kB/s)
Downloading from sonatype-nexus-snapshots: https://oss.sonatype.org/content/repositories/snapshots/com/fasterxml/jackson/module/jackson-module-jakarta-xmlbind-annotations/2.17.0-SNAPSHOT/jackson-module-jakarta-xmlbind-annotations-2.17.0-20231115.231451-1.pom
Progress (1): 3.7 kB                    Downloaded from sonatype-nexus-snapshots: https://oss.sonatype.org/content/repositories/snapshots/com/fasterxml/jackson/module/jackson-module-jakarta-xmlbind-annotations/2.17.0-SNAPSHOT/jackson-module-jakarta-xmlbind-annotations-2.17.0-20231115.231451-1.pom (3.7 kB at 9.5 kB/s)
Downloading from sonatype-nexus-snapshots: https://oss.sonatype.org/content/repositories/snapshots/com/fasterxml/jackson/module/jackson-modules-base/2.17.0-SNAPSHOT/maven-metadata.xml
Progress (1): 627 B                   Downloaded from sonatype-nexus-snapshots: https://oss.sonatype.org/content/repositories/snapshots/com/fasterxml/jackson/module/jackson-modules-base/2.17.0-SNAPSHOT/maven-metadata.xml (627 B at 1.6 kB/s)
Downloading from sonatype-nexus-snapshots: https://oss.sonatype.org/content/repositories/snapshots/com/fasterxml/jackson/module/jackson-modules-base/2.17.0-SNAPSHOT/jackson-modules-base-2.17.0-20231115.231451-1.pom
Progress (1): 4.1 kB                    Downloaded from sonatype-nexus-snapshots: https://oss.sonatype.org/content/repositories/snapshots/com/fasterxml/jackson/module/jackson-modules-base/2.17.0-SNAPSHOT/jackson-modules-base-2.17.0-20231115.231451-1.pom (4.1 kB at 10 kB/s)
Downloading from sonatype-nexus-snapshots: https://oss.sonatype.org/content/repositories/snapshots/com/fasterxml/jackson/core/jackson-core/2.17.0-SNAPSHOT/jackson-core-2.17.0-20231214.041823-27.jar
Downloading from sonatype-nexus-snapshots: https://oss.sonatype.org/content/repositories/snapshots/com/fasterxml/jackson/core/jackson-annotations/2.17.0-SNAPSHOT/jackson-annotations-2.17.0-20231213.230921-3.jar
Downloading from sonatype-nexus-snapshots: https://oss.sonatype.org/content/repositories/snapshots/com/fasterxml/jackson/core/jackson-databind/2.17.0-SNAPSHOT/jackson-databind-2.17.0-20231214.033136-48.jar
Downloading from sonatype-nexus-snapshots: https://oss.sonatype.org/content/repositories/snapshots/com/fasterxml/jackson/module/jackson-module-jakarta-xmlbind-annotations/2.17.0-SNAPSHOT/jackson-module-jakarta-xmlbind-annotations-2.17.0-20231115.231451-1.jar
Progress (1): 4.1/578 kBProgress (1): 7.8/578 kBProgress (1): 12/578 kB Progress (1): 16/578 kBProgress (1): 20/578 kBProgress (1): 24/578 kBProgress (1): 28/578 kBProgress (1): 32/578 kBProgress (1): 37/578 kBProgress (1): 41/578 kBProgress (1): 45/578 kBProgress (1): 49/578 kBProgress (1): 52/578 kBProgress (1): 56/578 kBProgress (1): 60/578 kBProgress (1): 64/578 kBProgress (1): 69/578 kBProgress (1): 73/578 kBProgress (1): 77/578 kBProgress (1): 81/578 kBProgress (1): 85/578 kBProgress (1): 89/578 kBProgress (1): 93/578 kBProgress (1): 97/578 kBProgress (1): 101/578 kBProgress (1): 105/578 kBProgress (1): 110/578 kBProgress (1): 114/578 kBProgress (1): 118/578 kBProgress (1): 122/578 kBProgress (1): 126/578 kBProgress (1): 130/578 kBProgress (1): 134/578 kBProgress (1): 138/578 kBProgress (1): 142/578 kBProgress (1): 146/578 kBProgress (1): 150/578 kBProgress (1): 155/578 kBProgress (1): 159/578 kBProgress (1): 163/578 kBProgress (1): 167/578 kBProgress (1): 171/578 kBProgress (1): 175/578 kBProgress (1): 179/578 kBProgress (1): 183/578 kBProgress (1): 187/578 kBProgress (1): 191/578 kBProgress (1): 196/578 kBProgress (1): 200/578 kBProgress (1): 204/578 kBProgress (1): 208/578 kBProgress (1): 212/578 kBProgress (1): 216/578 kBProgress (1): 220/578 kBProgress (1): 224/578 kBProgress (1): 228/578 kBProgress (1): 232/578 kBProgress (1): 236/578 kBProgress (1): 241/578 kBProgress (1): 245/578 kBProgress (1): 249/578 kBProgress (1): 253/578 kBProgress (1): 257/578 kBProgress (1): 261/578 kBProgress (1): 265/578 kBProgress (1): 269/578 kBProgress (1): 273/578 kBProgress (1): 277/578 kBProgress (1): 282/578 kBProgress (1): 284/578 kBProgress (1): 288/578 kBProgress (1): 292/578 kBProgress (1): 296/578 kBProgress (1): 300/578 kBProgress (1): 305/578 kBProgress (1): 309/578 kBProgress (1): 313/578 kBProgress (1): 317/578 kBProgress (1): 321/578 kBProgress (1): 325/578 kBProgress (1): 329/578 kBProgress (1): 333/578 kBProgress (1): 337/578 kBProgress (1): 341/578 kBProgress (1): 346/578 kBProgress (1): 350/578 kBProgress (1): 354/578 kBProgress (1): 358/578 kBProgress (1): 362/578 kBProgress (1): 366/578 kBProgress (1): 370/578 kBProgress (1): 374/578 kBProgress (1): 378/578 kBProgress (1): 382/578 kBProgress (1): 387/578 kBProgress (1): 391/578 kBProgress (1): 395/578 kBProgress (1): 399/578 kBProgress (1): 403/578 kBProgress (1): 407/578 kBProgress (1): 411/578 kBProgress (1): 415/578 kBProgress (1): 419/578 kBProgress (1): 423/578 kBProgress (1): 427/578 kBProgress (1): 432/578 kBProgress (1): 436/578 kBProgress (1): 440/578 kBProgress (1): 444/578 kBProgress (1): 448/578 kBProgress (1): 452/578 kBProgress (1): 456/578 kBProgress (1): 460/578 kBProgress (1): 464/578 kBProgress (1): 468/578 kBProgress (1): 473/578 kBProgress (1): 477/578 kBProgress (1): 481/578 kBProgress (1): 485/578 kBProgress (1): 489/578 kBProgress (1): 493/578 kBProgress (1): 497/578 kBProgress (1): 501/578 kBProgress (1): 505/578 kBProgress (1): 509/578 kBProgress (1): 513/578 kBProgress (2): 513/578 kB | 4.1/79 kBProgress (2): 518/578 kB | 4.1/79 kBProgress (2): 522/578 kB | 4.1/79 kBProgress (2): 526/578 kB | 4.1/79 kBProgress (2): 526/578 kB | 7.8/79 kBProgress (2): 530/578 kB | 7.8/79 kBProgress (2): 530/578 kB | 12/79 kB Progress (2): 530/578 kB | 16/79 kBProgress (2): 534/578 kB | 16/79 kBProgress (2): 538/578 kB | 16/79 kBProgress (2): 538/578 kB | 20/79 kBProgress (2): 538/578 kB | 24/79 kBProgress (2): 538/578 kB | 28/79 kBProgress (2): 538/578 kB | 32/79 kBProgress (2): 542/578 kB | 32/79 kBProgress (2): 546/578 kB | 32/79 kBProgress (2): 550/578 kB | 32/79 kBProgress (2): 554/578 kB | 32/79 kBProgress (2): 559/578 kB | 32/79 kBProgress (2): 563/578 kB | 32/79 kBProgress (2): 567/578 kB | 32/79 kBProgress (2): 571/578 kB | 32/79 kBProgress (2): 575/578 kB | 32/79 kBProgress (2): 578 kB | 32/79 kB    Progress (3): 578 kB | 32/79 kB | 0/1.6 MBProgress (3): 578 kB | 32/79 kB | 0/1.6 MBProgress (3): 578 kB | 32/79 kB | 0/1.6 MBProgress (4): 578 kB | 32/79 kB | 0/1.6 MB | 4.1/32 kBProgress (4): 578 kB | 32/79 kB | 0/1.6 MB | 7.8/32 kBProgress (4): 578 kB | 32/79 kB | 0/1.6 MB | 12/32 kB Progress (4): 578 kB | 32/79 kB | 0/1.6 MB | 16/32 kBProgress (4): 578 kB | 32/79 kB | 0/1.6 MB | 20/32 kBProgress (4): 578 kB | 32/79 kB | 0/1.6 MB | 24/32 kBProgress (4): 578 kB | 32/79 kB | 0/1.6 MB | 28/32 kBProgress (4): 578 kB | 32/79 kB | 0/1.6 MB | 32/32 kBProgress (4): 578 kB | 32/79 kB | 0/1.6 MB | 32 kB   Progress (4): 578 kB | 37/79 kB | 0/1.6 MB | 32 kBProgress (4): 578 kB | 41/79 kB | 0/1.6 MB | 32 kBProgress (4): 578 kB | 45/79 kB | 0/1.6 MB | 32 kBProgress (4): 578 kB | 49/79 kB | 0/1.6 MB | 32 kBProgress (4): 578 kB | 53/79 kB | 0/1.6 MB | 32 kBProgress (4): 578 kB | 57/79 kB | 0/1.6 MB | 32 kBProgress (4): 578 kB | 61/79 kB | 0/1.6 MB | 32 kBProgress (4): 578 kB | 65/79 kB | 0/1.6 MB | 32 kBProgress (4): 578 kB | 69/79 kB | 0/1.6 MB | 32 kBProgress (4): 578 kB | 73/79 kB | 0/1.6 MB | 32 kBProgress (4): 578 kB | 77/79 kB | 0/1.6 MB | 32 kBProgress (4): 578 kB | 79 kB | 0/1.6 MB | 32 kB   Progress (4): 578 kB | 79 kB | 0/1.6 MB | 32 kBProgress (4): 578 kB | 79 kB | 0/1.6 MB | 32 kBProgress (4): 578 kB | 79 kB | 0.1/1.6 MB | 32 kBProgress (4): 578 kB | 79 kB | 0.1/1.6 MB | 32 kBProgress (4): 578 kB | 79 kB | 0.1/1.6 MB | 32 kBProgress (4): 578 kB | 79 kB | 0.1/1.6 MB | 32 kB                                                 Downloaded from sonatype-nexus-snapshots: https://oss.sonatype.org/content/repositories/snapshots/com/fasterxml/jackson/core/jackson-core/2.17.0-SNAPSHOT/jackson-core-2.17.0-20231214.041823-27.jar (578 kB at 607 kB/s)
Downloaded from sonatype-nexus-snapshots: https://oss.sonatype.org/content/repositories/snapshots/com/fasterxml/jackson/module/jackson-module-jakarta-xmlbind-annotations/2.17.0-SNAPSHOT/jackson-module-jakarta-xmlbind-annotations-2.17.0-20231115.231451-1.jar (32 kB at 33 kB/s)
Progress (2): 79 kB | 0.1/1.6 MBProgress (2): 79 kB | 0.1/1.6 MBProgress (2): 79 kB | 0.1/1.6 MBProgress (2): 79 kB | 0.1/1.6 MBProgress (2): 79 kB | 0.1/1.6 MBProgress (2): 79 kB | 0.1/1.6 MBProgress (2): 79 kB | 0.1/1.6 MBProgress (2): 79 kB | 0.1/1.6 MBProgress (2): 79 kB | 0.2/1.6 MBProgress (2): 79 kB | 0.2/1.6 MBProgress (2): 79 kB | 0.2/1.6 MBProgress (2): 79 kB | 0.2/1.6 MBProgress (2): 79 kB | 0.2/1.6 MBProgress (2): 79 kB | 0.2/1.6 MBProgress (2): 79 kB | 0.2/1.6 MB                                Downloaded from sonatype-nexus-snapshots: https://oss.sonatype.org/content/repositories/snapshots/com/fasterxml/jackson/core/jackson-annotations/2.17.0-SNAPSHOT/jackson-annotations-2.17.0-20231213.230921-3.jar (79 kB at 70 kB/s)
Progress (1): 0.2/1.6 MBProgress (1): 0.2/1.6 MBProgress (1): 0.2/1.6 MBProgress (1): 0.2/1.6 MBProgress (1): 0.2/1.6 MBProgress (1): 0.3/1.6 MBProgress (1): 0.3/1.6 MBProgress (1): 0.3/1.6 MBProgress (1): 0.3/1.6 MBProgress (1): 0.3/1.6 MBProgress (1): 0.3/1.6 MBProgress (1): 0.3/1.6 MBProgress (1): 0.3/1.6 MBProgress (1): 0.3/1.6 MBProgress (1): 0.3/1.6 MBProgress (1): 0.3/1.6 MBProgress (1): 0.3/1.6 MBProgress (1): 0.4/1.6 MBProgress (1): 0.4/1.6 MBProgress (1): 0.4/1.6 MBProgress (1): 0.4/1.6 MBProgress (1): 0.4/1.6 MBProgress (1): 0.4/1.6 MBProgress (1): 0.4/1.6 MBProgress (1): 0.4/1.6 MBProgress (1): 0.4/1.6 MBProgress (1): 0.4/1.6 MBProgress (1): 0.4/1.6 MBProgress (1): 0.4/1.6 MBProgress (1): 0.5/1.6 MBProgress (1): 0.5/1.6 MBProgress (1): 0.5/1.6 MBProgress (1): 0.5/1.6 MBProgress (1): 0.5/1.6 MBProgress (1): 0.5/1.6 MBProgress (1): 0.5/1.6 MBProgress (1): 0.5/1.6 MBProgress (1): 0.5/1.6 MBProgress (1): 0.5/1.6 MBProgress (1): 0.5/1.6 MBProgress (1): 0.5/1.6 MBProgress (1): 0.5/1.6 MBProgress (1): 0.6/1.6 MBProgress (1): 0.6/1.6 MBProgress (1): 0.6/1.6 MBProgress (1): 0.6/1.6 MBProgress (1): 0.6/1.6 MBProgress (1): 0.6/1.6 MBProgress (1): 0.6/1.6 MBProgress (1): 0.6/1.6 MBProgress (1): 0.6/1.6 MBProgress (1): 0.6/1.6 MBProgress (1): 0.6/1.6 MBProgress (1): 0.6/1.6 MBProgress (1): 0.7/1.6 MBProgress (1): 0.7/1.6 MBProgress (1): 0.7/1.6 MBProgress (1): 0.7/1.6 MBProgress (1): 0.7/1.6 MBProgress (1): 0.7/1.6 MBProgress (1): 0.7/1.6 MBProgress (1): 0.7/1.6 MBProgress (1): 0.7/1.6 MBProgress (1): 0.7/1.6 MBProgress (1): 0.7/1.6 MBProgress (1): 0.7/1.6 MBProgress (1): 0.8/1.6 MBProgress (1): 0.8/1.6 MBProgress (1): 0.8/1.6 MBProgress (1): 0.8/1.6 MBProgress (1): 0.8/1.6 MBProgress (1): 0.8/1.6 MBProgress (1): 0.8/1.6 MBProgress (1): 0.8/1.6 MBProgress (1): 0.8/1.6 MBProgress (1): 0.8/1.6 MBProgress (1): 0.8/1.6 MBProgress (1): 0.8/1.6 MBProgress (1): 0.9/1.6 MBProgress (1): 0.9/1.6 MBProgress (1): 0.9/1.6 MBProgress (1): 0.9/1.6 MBProgress (1): 0.9/1.6 MBProgress (1): 0.9/1.6 MBProgress (1): 0.9/1.6 MBProgress (1): 0.9/1.6 MBProgress (1): 0.9/1.6 MBProgress (1): 0.9/1.6 MBProgress (1): 0.9/1.6 MBProgress (1): 0.9/1.6 MBProgress (1): 1.0/1.6 MBProgress (1): 1.0/1.6 MBProgress (1): 1.0/1.6 MBProgress (1): 1.0/1.6 MBProgress (1): 1.0/1.6 MBProgress (1): 1.0/1.6 MBProgress (1): 1.0/1.6 MBProgress (1): 1.0/1.6 MBProgress (1): 1.0/1.6 MBProgress (1): 1.0/1.6 MBProgress (1): 1.0/1.6 MBProgress (1): 1.0/1.6 MBProgress (1): 1.0/1.6 MBProgress (1): 1.1/1.6 MBProgress (1): 1.1/1.6 MBProgress (1): 1.1/1.6 MBProgress (1): 1.1/1.6 MBProgress (1): 1.1/1.6 MBProgress (1): 1.1/1.6 MBProgress (1): 1.1/1.6 MBProgress (1): 1.1/1.6 MBProgress (1): 1.1/1.6 MBProgress (1): 1.1/1.6 MBProgress (1): 1.1/1.6 MBProgress (1): 1.1/1.6 MBProgress (1): 1.2/1.6 MBProgress (1): 1.2/1.6 MBProgress (1): 1.2/1.6 MBProgress (1): 1.2/1.6 MBProgress (1): 1.2/1.6 MBProgress (1): 1.2/1.6 MBProgress (1): 1.2/1.6 MBProgress (1): 1.2/1.6 MBProgress (1): 1.2/1.6 MBProgress (1): 1.2/1.6 MBProgress (1): 1.2/1.6 MBProgress (1): 1.2/1.6 MBProgress (1): 1.3/1.6 MBProgress (1): 1.3/1.6 MBProgress (1): 1.3/1.6 MBProgress (1): 1.3/1.6 MBProgress (1): 1.3/1.6 MBProgress (1): 1.3/1.6 MBProgress (1): 1.3/1.6 MBProgress (1): 1.3/1.6 MBProgress (1): 1.3/1.6 MBProgress (1): 1.3/1.6 MBProgress (1): 1.3/1.6 MBProgress (1): 1.3/1.6 MBProgress (1): 1.4/1.6 MBProgress (1): 1.4/1.6 MBProgress (1): 1.4/1.6 MBProgress (1): 1.4/1.6 MBProgress (1): 1.4/1.6 MBProgress (1): 1.4/1.6 MBProgress (1): 1.4/1.6 MBProgress (1): 1.4/1.6 MBProgress (1): 1.4/1.6 MBProgress (1): 1.4/1.6 MBProgress (1): 1.4/1.6 MBProgress (1): 1.4/1.6 MBProgress (1): 1.4/1.6 MBProgress (1): 1.5/1.6 MBProgress (1): 1.5/1.6 MBProgress (1): 1.5/1.6 MBProgress (1): 1.5/1.6 MBProgress (1): 1.5/1.6 MBProgress (1): 1.5/1.6 MBProgress (1): 1.5/1.6 MBProgress (1): 1.5/1.6 MBProgress (1): 1.5/1.6 MBProgress (1): 1.5/1.6 MBProgress (1): 1.5/1.6 MBProgress (1): 1.5/1.6 MBProgress (1): 1.6/1.6 MBProgress (1): 1.6/1.6 MBProgress (1): 1.6/1.6 MBProgress (1): 1.6/1.6 MBProgress (1): 1.6/1.6 MBProgress (1): 1.6/1.6 MBProgress (1): 1.6/1.6 MBProgress (1): 1.6/1.6 MBProgress (1): 1.6/1.6 MBProgress (1): 1.6/1.6 MBProgress (1): 1.6/1.6 MBProgress (1): 1.6 MB                        Downloaded from sonatype-nexus-snapshots: https://oss.sonatype.org/content/repositories/snapshots/com/fasterxml/jackson/core/jackson-databind/2.17.0-SNAPSHOT/jackson-databind-2.17.0-20231214.033136-48.jar (1.6 MB at 734 kB/s)
Downloading from central: https://repo.maven.apache.org/maven2/net/bytebuddy/byte-buddy/1.14.9/byte-buddy-1.14.9.jar
Progress (1): 0/4.2 MBProgress (1): 0/4.2 MBProgress (1): 0.1/4.2 MBProgress (1): 0.1/4.2 MBProgress (1): 0.1/4.2 MBProgress (1): 0.1/4.2 MBProgress (1): 0.2/4.2 MBProgress (1): 0.2/4.2 MBProgress (1): 0.2/4.2 MBProgress (1): 0.2/4.2 MBProgress (1): 0.3/4.2 MBProgress (1): 0.3/4.2 MBProgress (1): 0.3/4.2 MBProgress (1): 0.3/4.2 MBProgress (1): 0.4/4.2 MBProgress (1): 0.4/4.2 MBProgress (1): 0.4/4.2 MBProgress (1): 0.4/4.2 MBProgress (1): 0.5/4.2 MBProgress (1): 0.5/4.2 MBProgress (1): 0.5/4.2 MBProgress (1): 0.5/4.2 MBProgress (1): 0.6/4.2 MBProgress (1): 0.6/4.2 MBProgress (1): 0.6/4.2 MBProgress (1): 0.6/4.2 MBProgress (1): 0.7/4.2 MBProgress (1): 0.7/4.2 MBProgress (1): 0.7/4.2 MBProgress (1): 0.7/4.2 MBProgress (1): 0.8/4.2 MBProgress (1): 0.8/4.2 MBProgress (1): 0.8/4.2 MBProgress (1): 0.8/4.2 MBProgress (1): 0.9/4.2 MBProgress (1): 0.9/4.2 MBProgress (1): 0.9/4.2 MBProgress (1): 0.9/4.2 MBProgress (1): 1.0/4.2 MBProgress (1): 1.0/4.2 MBProgress (1): 1.0/4.2 MBProgress (1): 1.0/4.2 MBProgress (1): 1.1/4.2 MBProgress (1): 1.1/4.2 MBProgress (1): 1.1/4.2 MBProgress (1): 1.1/4.2 MBProgress (1): 1.2/4.2 MBProgress (1): 1.2/4.2 MBProgress (1): 1.2/4.2 MBProgress (1): 1.2/4.2 MBProgress (1): 1.3/4.2 MBProgress (1): 1.3/4.2 MBProgress (1): 1.3/4.2 MBProgress (1): 1.3/4.2 MBProgress (1): 1.4/4.2 MBProgress (1): 1.4/4.2 MBProgress (1): 1.4/4.2 MBProgress (1): 1.4/4.2 MBProgress (1): 1.5/4.2 MBProgress (1): 1.5/4.2 MBProgress (1): 1.5/4.2 MBProgress (1): 1.5/4.2 MBProgress (1): 1.6/4.2 MBProgress (1): 1.6/4.2 MBProgress (1): 1.6/4.2 MBProgress (1): 1.6/4.2 MBProgress (1): 1.7/4.2 MBProgress (1): 1.7/4.2 MBProgress (1): 1.7/4.2 MBProgress (1): 1.7/4.2 MBProgress (1): 1.8/4.2 MBProgress (1): 1.8/4.2 MBProgress (1): 1.8/4.2 MBProgress (1): 1.8/4.2 MBProgress (1): 1.9/4.2 MBProgress (1): 1.9/4.2 MBProgress (1): 1.9/4.2 MBProgress (1): 1.9/4.2 MBProgress (1): 1.9/4.2 MBProgress (1): 2.0/4.2 MBProgress (1): 2.0/4.2 MBProgress (1): 2.0/4.2 MBProgress (1): 2.1/4.2 MBProgress (1): 2.1/4.2 MBProgress (1): 2.1/4.2 MBProgress (1): 2.1/4.2 MBProgress (1): 2.1/4.2 MBProgress (1): 2.2/4.2 MBProgress (1): 2.2/4.2 MBProgress (1): 2.2/4.2 MBProgress (1): 2.2/4.2 MBProgress (1): 2.3/4.2 MBProgress (1): 2.3/4.2 MBProgress (1): 2.3/4.2 MBProgress (1): 2.3/4.2 MBProgress (1): 2.4/4.2 MBProgress (1): 2.4/4.2 MBProgress (1): 2.4/4.2 MBProgress (1): 2.4/4.2 MBProgress (1): 2.5/4.2 MBProgress (1): 2.5/4.2 MBProgress (1): 2.5/4.2 MBProgress (1): 2.5/4.2 MBProgress (1): 2.6/4.2 MBProgress (1): 2.6/4.2 MBProgress (1): 2.6/4.2 MBProgress (1): 2.6/4.2 MBProgress (1): 2.7/4.2 MBProgress (1): 2.7/4.2 MBProgress (1): 2.7/4.2 MBProgress (1): 2.7/4.2 MBProgress (1): 2.8/4.2 MBProgress (1): 2.8/4.2 MBProgress (1): 2.8/4.2 MBProgress (1): 2.8/4.2 MBProgress (1): 2.9/4.2 MBProgress (1): 2.9/4.2 MBProgress (1): 2.9/4.2 MBProgress (1): 2.9/4.2 MBProgress (1): 3.0/4.2 MBProgress (1): 3.0/4.2 MBProgress (1): 3.0/4.2 MBProgress (1): 3.0/4.2 MBProgress (1): 3.1/4.2 MBProgress (1): 3.1/4.2 MBProgress (1): 3.1/4.2 MBProgress (1): 3.1/4.2 MBProgress (1): 3.2/4.2 MBProgress (1): 3.2/4.2 MBProgress (1): 3.2/4.2 MBProgress (1): 3.2/4.2 MBProgress (1): 3.3/4.2 MBProgress (1): 3.3/4.2 MBProgress (1): 3.3/4.2 MBProgress (1): 3.3/4.2 MBProgress (1): 3.4/4.2 MBProgress (1): 3.4/4.2 MBProgress (1): 3.4/4.2 MBProgress (1): 3.4/4.2 MBProgress (1): 3.5/4.2 MBProgress (1): 3.5/4.2 MBProgress (1): 3.5/4.2 MBProgress (1): 3.5/4.2 MBProgress (1): 3.6/4.2 MBProgress (1): 3.6/4.2 MBProgress (1): 3.6/4.2 MBProgress (1): 3.6/4.2 MBProgress (1): 3.7/4.2 MBProgress (1): 3.7/4.2 MBProgress (1): 3.7/4.2 MBProgress (1): 3.7/4.2 MBProgress (1): 3.8/4.2 MBProgress (1): 3.8/4.2 MBProgress (1): 3.8/4.2 MBProgress (1): 3.8/4.2 MBProgress (1): 3.9/4.2 MBProgress (1): 3.9/4.2 MBProgress (1): 3.9/4.2 MBProgress (1): 3.9/4.2 MBProgress (1): 4.0/4.2 MBProgress (1): 4.0/4.2 MBProgress (1): 4.0/4.2 MBProgress (1): 4.0/4.2 MBProgress (1): 4.1/4.2 MBProgress (1): 4.1/4.2 MBProgress (1): 4.1/4.2 MBProgress (1): 4.1/4.2 MBProgress (1): 4.1/4.2 MBProgress (1): 4.2/4.2 MBProgress (1): 4.2/4.2 MBProgress (1): 4.2 MB                        Downloaded from central: https://repo.maven.apache.org/maven2/net/bytebuddy/byte-buddy/1.14.9/byte-buddy-1.14.9.jar (4.2 MB at 24 MB/s)
[INFO] 
[INFO] --- maven-enforcer-plugin:3.4.1:enforce (enforce-java) @ jackson-dataformat-xml ---
[INFO] Rule 0: org.apache.maven.enforcer.rules.version.RequireJavaVersion passed
[INFO] Rule 1: org.apache.maven.enforcer.rules.version.RequireMavenVersion passed
[INFO] Rule 2: org.apache.maven.enforcer.rules.RequirePluginVersions passed
[INFO] 
[INFO] --- jacoco-maven-plugin:0.8.10:prepare-agent (default) @ jackson-dataformat-xml ---
[INFO] argLine set to "-javaagent:/home/ym-fujwr/.m2/repository/org/jacoco/org.jacoco.agent/0.8.10/org.jacoco.agent-0.8.10-runtime.jar=destfile=/mnt/c/Users/fujiwara yuma/evaluation/ALL/jacksonXML/workingDir/target/jacoco.exec"
[INFO] 
[INFO] --- build-helper-maven-plugin:3.4.0:add-source (add-generated-sources) @ jackson-dataformat-xml ---
[INFO] Source directory: /mnt/c/Users/fujiwara yuma/evaluation/ALL/jacksonXML/workingDir/target/generated-sources added.
[INFO] 
[INFO] --- replacer:1.5.3:replace (process-packageVersion) @ jackson-dataformat-xml ---
[INFO] Replacement run on 1 file.
[INFO] 
[INFO] --- build-helper-maven-plugin:3.4.0:add-resource (add-resource) @ jackson-dataformat-xml ---
[INFO] 
[INFO] --- maven-resources-plugin:3.3.1:resources (default-resources) @ jackson-dataformat-xml ---
[INFO] Copying 4 resources from src/main/resources to target/classes
[INFO] Copying 1 resource from  to target/classes/META-INF
[INFO] 
[INFO] --- maven-compiler-plugin:3.11.0:compile (default-compile) @ jackson-dataformat-xml ---
[INFO] Changes detected - recompiling the module! :dependency
[INFO] Compiling 43 source files with javac [debug:lines,source,vars deprecation target 1.8] to target/classes
[WARNING] bootstrap class path not set in conjunction with -source 8
[WARNING] /mnt/c/Users/fujiwara yuma/evaluation/ALL/jacksonXML/workingDir/src/main/java/com/fasterxml/jackson/dataformat/xml/deser/FromXmlParser.java:[476,19] getCurrentName() in com.fasterxml.jackson.core.base.ParserMinimalBase has been deprecated
[WARNING] /mnt/c/Users/fujiwara yuma/evaluation/ALL/jacksonXML/workingDir/src/main/java/com/fasterxml/jackson/dataformat/xml/deser/FromXmlParser.java:[539,25] getTokenLocation() in com.fasterxml.jackson.core.JsonParser has been deprecated
[WARNING] /mnt/c/Users/fujiwara yuma/evaluation/ALL/jacksonXML/workingDir/src/main/java/com/fasterxml/jackson/dataformat/xml/deser/FromXmlParser.java:[548,25] getCurrentLocation() in com.fasterxml.jackson.core.JsonParser has been deprecated
[INFO] 
[INFO] --- maven-bundle-plugin:5.1.9:manifest (bundle-manifest) @ jackson-dataformat-xml ---
[WARNING] Manifest com.fasterxml.jackson.dataformat:jackson-dataformat-xml:jar:2.17.0-SNAPSHOT : Version for package com.fasterxml.jackson.dataformat.xml is set to different values in the source (2.17.0-SNAPSHOT) and in the manifest (2.16.0.rc1-SNAPSHOT). The version in the manifest is not picked up by an other sibling bundles in this project or projects that directly depend on this project
[WARNING] Manifest com.fasterxml.jackson.dataformat:jackson-dataformat-xml:jar:2.17.0-SNAPSHOT : Version for package com.fasterxml.jackson.dataformat.xml.annotation is set to different values in the source (2.17.0-SNAPSHOT) and in the manifest (2.16.0.rc1-SNAPSHOT). The version in the manifest is not picked up by an other sibling bundles in this project or projects that directly depend on this project
[WARNING] Manifest com.fasterxml.jackson.dataformat:jackson-dataformat-xml:jar:2.17.0-SNAPSHOT : Version for package com.fasterxml.jackson.dataformat.xml.deser is set to different values in the source (2.17.0-SNAPSHOT) and in the manifest (2.16.0.rc1-SNAPSHOT). The version in the manifest is not picked up by an other sibling bundles in this project or projects that directly depend on this project
[WARNING] Manifest com.fasterxml.jackson.dataformat:jackson-dataformat-xml:jar:2.17.0-SNAPSHOT : Version for package com.fasterxml.jackson.dataformat.xml.jaxb is set to different values in the source (2.17.0-SNAPSHOT) and in the manifest (2.16.0.rc1-SNAPSHOT). The version in the manifest is not picked up by an other sibling bundles in this project or projects that directly depend on this project
[WARNING] Manifest com.fasterxml.jackson.dataformat:jackson-dataformat-xml:jar:2.17.0-SNAPSHOT : Version for package com.fasterxml.jackson.dataformat.xml.ser is set to different values in the source (2.17.0-SNAPSHOT) and in the manifest (2.16.0.rc1-SNAPSHOT). The version in the manifest is not picked up by an other sibling bundles in this project or projects that directly depend on this project
[WARNING] Manifest com.fasterxml.jackson.dataformat:jackson-dataformat-xml:jar:2.17.0-SNAPSHOT : Version for package com.fasterxml.jackson.dataformat.xml.util is set to different values in the source (2.17.0-SNAPSHOT) and in the manifest (2.16.0.rc1-SNAPSHOT). The version in the manifest is not picked up by an other sibling bundles in this project or projects that directly depend on this project
[INFO] Writing manifest: /mnt/c/Users/fujiwara yuma/evaluation/ALL/jacksonXML/workingDir/target/classes/META-INF/MANIFEST.MF
[INFO] 
[INFO] --- maven-resources-plugin:3.3.1:testResources (default-testResources) @ jackson-dataformat-xml ---
[INFO] Copying 2 resources from src/test/resources to target/test-classes
[INFO] 
[INFO] --- maven-compiler-plugin:3.11.0:testCompile (default-testCompile) @ jackson-dataformat-xml ---
[INFO] Changes detected - recompiling the module! :dependency
[INFO] Compiling 148 source files with javac [debug:lines,source,vars deprecation target 1.8] to target/test-classes
[WARNING] bootstrap class path not set in conjunction with -source 8
[WARNING] /mnt/c/Users/fujiwara yuma/evaluation/ALL/jacksonXML/workingDir/src/test/java/com/fasterxml/jackson/dataformat/xml/XmlTestBase.java:[296,33] getCurrentName() in com.fasterxml.jackson.core.JsonParser has been deprecated
[INFO] 
[INFO] --- maven-surefire-plugin:3.2.1:test (default-test) @ jackson-dataformat-xml ---
[INFO] Using auto detected provider org.apache.maven.surefire.junit4.JUnit4Provider
[INFO] 
[INFO] -------------------------------------------------------
[INFO]  T E S T S
[INFO] -------------------------------------------------------
[INFO] Running com.fasterxml.jackson.dataformat.xml.adapters.TestIssue47Attribute
[INFO] Tests run: 1, Failures: 0, Errors: 0, Skipped: 0, Time elapsed: 0.853 s -- in com.fasterxml.jackson.dataformat.xml.adapters.TestIssue47Attribute
[INFO] Running com.fasterxml.jackson.dataformat.xml.deser.builder.BuilderSimpleTest
[INFO] Tests run: 9, Failures: 0, Errors: 0, Skipped: 0, Time elapsed: 0.187 s -- in com.fasterxml.jackson.dataformat.xml.deser.builder.BuilderSimpleTest
[INFO] Running com.fasterxml.jackson.dataformat.xml.deser.builder.BuilderWithXmlText345Test
[INFO] Tests run: 1, Failures: 0, Errors: 0, Skipped: 0, Time elapsed: 0.061 s -- in com.fasterxml.jackson.dataformat.xml.deser.builder.BuilderWithXmlText345Test
[INFO] Running com.fasterxml.jackson.dataformat.xml.deser.CaseInsensitiveDeserTest
[INFO] Tests run: 2, Failures: 0, Errors: 0, Skipped: 0, Time elapsed: 0.026 s -- in com.fasterxml.jackson.dataformat.xml.deser.CaseInsensitiveDeserTest
[INFO] Running com.fasterxml.jackson.dataformat.xml.deser.CoerceFromEmptyStringTest
[INFO] Tests run: 5, Failures: 0, Errors: 0, Skipped: 0, Time elapsed: 0.055 s -- in com.fasterxml.jackson.dataformat.xml.deser.CoerceFromEmptyStringTest
[INFO] Running com.fasterxml.jackson.dataformat.xml.deser.convert.CoerceStringToIntsTest
[INFO] Tests run: 6, Failures: 0, Errors: 0, Skipped: 0, Time elapsed: 0.091 s -- in com.fasterxml.jackson.dataformat.xml.deser.convert.CoerceStringToIntsTest
[INFO] Running com.fasterxml.jackson.dataformat.xml.deser.convert.CoerceToBooleanTest
[INFO] Tests run: 3, Failures: 0, Errors: 0, Skipped: 0, Time elapsed: 0.044 s -- in com.fasterxml.jackson.dataformat.xml.deser.convert.CoerceToBooleanTest
[INFO] Running com.fasterxml.jackson.dataformat.xml.deser.creator.NestedSingleArgCtors547Test
[INFO] Tests run: 2, Failures: 0, Errors: 0, Skipped: 0, Time elapsed: 0.009 s -- in com.fasterxml.jackson.dataformat.xml.deser.creator.NestedSingleArgCtors547Test
[INFO] Running com.fasterxml.jackson.dataformat.xml.deser.creator.NoArgCtorDeser491Test
[INFO] Tests run: 2, Failures: 0, Errors: 0, Skipped: 0, Time elapsed: 0.043 s -- in com.fasterxml.jackson.dataformat.xml.deser.creator.NoArgCtorDeser491Test
[INFO] Running com.fasterxml.jackson.dataformat.xml.deser.creator.PojoWithCreatorRequired538Test
[INFO] Tests run: 1, Failures: 0, Errors: 0, Skipped: 0, Time elapsed: 0.011 s -- in com.fasterxml.jackson.dataformat.xml.deser.creator.PojoWithCreatorRequired538Test
[INFO] Running com.fasterxml.jackson.dataformat.xml.deser.DefaultTyping325Test
[INFO] Tests run: 1, Failures: 0, Errors: 0, Skipped: 0, Time elapsed: 0.030 s -- in com.fasterxml.jackson.dataformat.xml.deser.DefaultTyping325Test
[INFO] Running com.fasterxml.jackson.dataformat.xml.deser.DelegatingCreator254Test
[INFO] Tests run: 1, Failures: 0, Errors: 0, Skipped: 0, Time elapsed: 0.006 s -- in com.fasterxml.jackson.dataformat.xml.deser.DelegatingCreator254Test
[INFO] Running com.fasterxml.jackson.dataformat.xml.deser.DeserErrorHandling236Test
[INFO] Tests run: 1, Failures: 0, Errors: 0, Skipped: 0, Time elapsed: 0.017 s -- in com.fasterxml.jackson.dataformat.xml.deser.DeserErrorHandling236Test
[INFO] Running com.fasterxml.jackson.dataformat.xml.deser.ElementWithScalarAndAttr412Test
[INFO] Tests run: 7, Failures: 0, Errors: 0, Skipped: 0, Time elapsed: 0.028 s -- in com.fasterxml.jackson.dataformat.xml.deser.ElementWithScalarAndAttr412Test
[INFO] Running com.fasterxml.jackson.dataformat.xml.deser.EmptyBeanDeser318Test
[INFO] Tests run: 6, Failures: 0, Errors: 0, Skipped: 0, Time elapsed: 0.024 s -- in com.fasterxml.jackson.dataformat.xml.deser.EmptyBeanDeser318Test
[INFO] Running com.fasterxml.jackson.dataformat.xml.deser.EmptyStringValueTest
[INFO] Tests run: 5, Failures: 0, Errors: 0, Skipped: 0, Time elapsed: 0.026 s -- in com.fasterxml.jackson.dataformat.xml.deser.EmptyStringValueTest
[INFO] Running com.fasterxml.jackson.dataformat.xml.deser.EmptyWithScalarsTest
[INFO] Tests run: 6, Failures: 0, Errors: 0, Skipped: 0, Time elapsed: 0.024 s -- in com.fasterxml.jackson.dataformat.xml.deser.EmptyWithScalarsTest
[INFO] Running com.fasterxml.jackson.dataformat.xml.deser.EnumDeserTest
[INFO] Tests run: 2, Failures: 0, Errors: 0, Skipped: 0, Time elapsed: 0.031 s -- in com.fasterxml.jackson.dataformat.xml.deser.EnumDeserTest
[INFO] Running com.fasterxml.jackson.dataformat.xml.deser.ExceptionDeserializationTest
[INFO] Tests run: 1, Failures: 0, Errors: 0, Skipped: 0, Time elapsed: 0.045 s -- in com.fasterxml.jackson.dataformat.xml.deser.ExceptionDeserializationTest
[INFO] Running com.fasterxml.jackson.dataformat.xml.deser.Issue274PropertyNameTest
[INFO] Tests run: 1, Failures: 0, Errors: 0, Skipped: 0, Time elapsed: 0.004 s -- in com.fasterxml.jackson.dataformat.xml.deser.Issue274PropertyNameTest
[INFO] Running com.fasterxml.jackson.dataformat.xml.deser.MapDeserializationTest
[INFO] Tests run: 1, Failures: 0, Errors: 0, Skipped: 0, Time elapsed: 0.003 s -- in com.fasterxml.jackson.dataformat.xml.deser.MapDeserializationTest
[INFO] Running com.fasterxml.jackson.dataformat.xml.deser.MapWithDupsDeser498Test
[INFO] Tests run: 1, Failures: 0, Errors: 0, Skipped: 0, Time elapsed: 0.001 s -- in com.fasterxml.jackson.dataformat.xml.deser.MapWithDupsDeser498Test
[INFO] Running com.fasterxml.jackson.dataformat.xml.deser.NonNamespaceAwareDeser422Test
[INFO] Tests run: 1, Failures: 0, Errors: 0, Skipped: 0, Time elapsed: 0.008 s -- in com.fasterxml.jackson.dataformat.xml.deser.NonNamespaceAwareDeser422Test
[INFO] Running com.fasterxml.jackson.dataformat.xml.deser.NullConversionsSkipTest
[INFO] Tests run: 5, Failures: 0, Errors: 0, Skipped: 0, Time elapsed: 0.017 s -- in com.fasterxml.jackson.dataformat.xml.deser.NullConversionsSkipTest
[INFO] Running com.fasterxml.jackson.dataformat.xml.deser.NumberDeserWithXMLTest
[INFO] Tests run: 6, Failures: 0, Errors: 0, Skipped: 0, Time elapsed: 0.129 s -- in com.fasterxml.jackson.dataformat.xml.deser.NumberDeserWithXMLTest
[INFO] Running com.fasterxml.jackson.dataformat.xml.deser.RootValueDeserTest
[INFO] Tests run: 2, Failures: 0, Errors: 0, Skipped: 0, Time elapsed: 0.021 s -- in com.fasterxml.jackson.dataformat.xml.deser.RootValueDeserTest
[INFO] Running com.fasterxml.jackson.dataformat.xml.deser.SimpleStringValuesTest
[INFO] Tests run: 7, Failures: 0, Errors: 0, Skipped: 0, Time elapsed: 0.038 s -- in com.fasterxml.jackson.dataformat.xml.deser.SimpleStringValuesTest
[INFO] Running com.fasterxml.jackson.dataformat.xml.deser.TestBinaryData
[INFO] Tests run: 1, Failures: 0, Errors: 0, Skipped: 0, Time elapsed: 0.005 s -- in com.fasterxml.jackson.dataformat.xml.deser.TestBinaryData
[INFO] Running com.fasterxml.jackson.dataformat.xml.deser.TestDeserialization
[INFO] Tests run: 5, Failures: 0, Errors: 0, Skipped: 0, Time elapsed: 0.016 s -- in com.fasterxml.jackson.dataformat.xml.deser.TestDeserialization
[INFO] Running com.fasterxml.jackson.dataformat.xml.deser.TestViews
[INFO] Tests run: 3, Failures: 0, Errors: 0, Skipped: 0, Time elapsed: 0.018 s -- in com.fasterxml.jackson.dataformat.xml.deser.TestViews
[INFO] Running com.fasterxml.jackson.dataformat.xml.deser.TypeAttributeOrder242Test
[INFO] Tests run: 1, Failures: 0, Errors: 0, Skipped: 0, Time elapsed: 0.007 s -- in com.fasterxml.jackson.dataformat.xml.deser.TypeAttributeOrder242Test
[INFO] Running com.fasterxml.jackson.dataformat.xml.deser.UntypedObjectDeserTest
[INFO] Tests run: 3, Failures: 0, Errors: 0, Skipped: 0, Time elapsed: 0.022 s -- in com.fasterxml.jackson.dataformat.xml.deser.UntypedObjectDeserTest
[INFO] Running com.fasterxml.jackson.dataformat.xml.deser.XsiNilBasicTest
[INFO] Tests run: 8, Failures: 0, Errors: 0, Skipped: 0, Time elapsed: 0.023 s -- in com.fasterxml.jackson.dataformat.xml.deser.XsiNilBasicTest
[INFO] Running com.fasterxml.jackson.dataformat.xml.deser.XsiNilForStringsTest
[INFO] Tests run: 2, Failures: 0, Errors: 0, Skipped: 0, Time elapsed: 0.009 s -- in com.fasterxml.jackson.dataformat.xml.deser.XsiNilForStringsTest
[INFO] Running com.fasterxml.jackson.dataformat.xml.deser.XsiNilNestingTest
[INFO] Tests run: 1, Failures: 0, Errors: 0, Skipped: 0, Time elapsed: 0.001 s -- in com.fasterxml.jackson.dataformat.xml.deser.XsiNilNestingTest
[INFO] Running com.fasterxml.jackson.dataformat.xml.FeatureDefaultsTest
[INFO] Tests run: 2, Failures: 0, Errors: 0, Skipped: 0, Time elapsed: 0.006 s -- in com.fasterxml.jackson.dataformat.xml.FeatureDefaultsTest
[INFO] Running com.fasterxml.jackson.dataformat.xml.fuzz.Fuzz463_32872_XmlDeclTest
[INFO] Tests run: 1, Failures: 0, Errors: 0, Skipped: 0, Time elapsed: 0.016 s -- in com.fasterxml.jackson.dataformat.xml.fuzz.Fuzz463_32872_XmlDeclTest
[INFO] Running com.fasterxml.jackson.dataformat.xml.fuzz.Fuzz465_32906_CDataReadTest
[INFO] Tests run: 1, Failures: 0, Errors: 0, Skipped: 0, Time elapsed: 0.033 s -- in com.fasterxml.jackson.dataformat.xml.fuzz.Fuzz465_32906_CDataReadTest
[INFO] Running com.fasterxml.jackson.dataformat.xml.fuzz.FuzzXXX_32969_UTF32Test
[INFO] Tests run: 1, Failures: 0, Errors: 0, Skipped: 0, Time elapsed: 0 s -- in com.fasterxml.jackson.dataformat.xml.fuzz.FuzzXXX_32969_UTF32Test
[INFO] Running com.fasterxml.jackson.dataformat.xml.incr.IncrementalWritingTest
[INFO] Tests run: 1, Failures: 0, Errors: 0, Skipped: 0, Time elapsed: 0 s -- in com.fasterxml.jackson.dataformat.xml.incr.IncrementalWritingTest
[INFO] Running com.fasterxml.jackson.dataformat.xml.incr.PartialReadTest
[INFO] Tests run: 1, Failures: 0, Errors: 0, Skipped: 0, Time elapsed: 0 s -- in com.fasterxml.jackson.dataformat.xml.incr.PartialReadTest
[INFO] Running com.fasterxml.jackson.dataformat.xml.interop.NonWoodstoxStaxImpl482Test
[INFO] Tests run: 2, Failures: 0, Errors: 0, Skipped: 0, Time elapsed: 0.125 s -- in com.fasterxml.jackson.dataformat.xml.interop.NonWoodstoxStaxImpl482Test
[INFO] Running com.fasterxml.jackson.dataformat.xml.jaxb.AttributesWithJAXBTest
[INFO] Tests run: 2, Failures: 0, Errors: 0, Skipped: 0, Time elapsed: 0.019 s -- in com.fasterxml.jackson.dataformat.xml.jaxb.AttributesWithJAXBTest
[INFO] Running com.fasterxml.jackson.dataformat.xml.jaxb.BuilderWithJAXB291Test
[INFO] Tests run: 1, Failures: 0, Errors: 0, Skipped: 0, Time elapsed: 0.008 s -- in com.fasterxml.jackson.dataformat.xml.jaxb.BuilderWithJAXB291Test
[INFO] Running com.fasterxml.jackson.dataformat.xml.jaxb.ElementWrapperTest
[INFO] Tests run: 2, Failures: 0, Errors: 0, Skipped: 0, Time elapsed: 0.009 s -- in com.fasterxml.jackson.dataformat.xml.jaxb.ElementWrapperTest
[INFO] Running com.fasterxml.jackson.dataformat.xml.jaxb.JAXBObjectId170Test
[INFO] Tests run: 1, Failures: 0, Errors: 0, Skipped: 0, Time elapsed: 0.024 s -- in com.fasterxml.jackson.dataformat.xml.jaxb.JAXBObjectId170Test
[INFO] Running com.fasterxml.jackson.dataformat.xml.jaxb.JaxbXmlValue418Test
[INFO] Tests run: 2, Failures: 0, Errors: 0, Skipped: 0, Time elapsed: 0.015 s -- in com.fasterxml.jackson.dataformat.xml.jaxb.JaxbXmlValue418Test
[INFO] Running com.fasterxml.jackson.dataformat.xml.jaxb.NamespaceViaJAXB18Test
[INFO] Tests run: 1, Failures: 0, Errors: 0, Skipped: 0, Time elapsed: 0.005 s -- in com.fasterxml.jackson.dataformat.xml.jaxb.NamespaceViaJAXB18Test
[INFO] Running com.fasterxml.jackson.dataformat.xml.jaxb.WithJAXBAnnotationsTest
[INFO] Tests run: 4, Failures: 0, Errors: 0, Skipped: 0, Time elapsed: 0.037 s -- in com.fasterxml.jackson.dataformat.xml.jaxb.WithJAXBAnnotationsTest
[INFO] Running com.fasterxml.jackson.dataformat.xml.lists.DeserializePolyList178Test
[INFO] Tests run: 1, Failures: 0, Errors: 0, Skipped: 0, Time elapsed: 0 s -- in com.fasterxml.jackson.dataformat.xml.lists.DeserializePolyList178Test
[INFO] Running com.fasterxml.jackson.dataformat.xml.lists.EmptyListDeserTest
[INFO] Tests run: 5, Failures: 0, Errors: 0, Skipped: 0, Time elapsed: 0.020 s -- in com.fasterxml.jackson.dataformat.xml.lists.EmptyListDeserTest
[INFO] Running com.fasterxml.jackson.dataformat.xml.lists.Issue101UnwrappedListAttributesTest
[INFO] Tests run: 1, Failures: 0, Errors: 0, Skipped: 0, Time elapsed: 0.006 s -- in com.fasterxml.jackson.dataformat.xml.lists.Issue101UnwrappedListAttributesTest
[INFO] Running com.fasterxml.jackson.dataformat.xml.lists.ListAnnotationSharingTest
[INFO] Tests run: 1, Failures: 0, Errors: 0, Skipped: 0, Time elapsed: 0.006 s -- in com.fasterxml.jackson.dataformat.xml.lists.ListAnnotationSharingTest
[INFO] Running com.fasterxml.jackson.dataformat.xml.lists.ListAsObject76Test
[INFO] Tests run: 1, Failures: 0, Errors: 0, Skipped: 0, Time elapsed: 0.011 s -- in com.fasterxml.jackson.dataformat.xml.lists.ListAsObject76Test
[INFO] Running com.fasterxml.jackson.dataformat.xml.lists.ListAsObjectTest
[INFO] Tests run: 1, Failures: 0, Errors: 0, Skipped: 0, Time elapsed: 0.005 s -- in com.fasterxml.jackson.dataformat.xml.lists.ListAsObjectTest
[INFO] Running com.fasterxml.jackson.dataformat.xml.lists.ListDeser393Test
[INFO] Tests run: 1, Failures: 0, Errors: 0, Skipped: 0, Time elapsed: 0.009 s -- in com.fasterxml.jackson.dataformat.xml.lists.ListDeser393Test
[INFO] Running com.fasterxml.jackson.dataformat.xml.lists.ListDeser399Test
[INFO] Tests run: 1, Failures: 0, Errors: 0, Skipped: 0, Time elapsed: 0.044 s -- in com.fasterxml.jackson.dataformat.xml.lists.ListDeser399Test
[INFO] Running com.fasterxml.jackson.dataformat.xml.lists.ListDeser469Test
[INFO] Tests run: 2, Failures: 0, Errors: 0, Skipped: 0, Time elapsed: 0 s -- in com.fasterxml.jackson.dataformat.xml.lists.ListDeser469Test
[INFO] Running com.fasterxml.jackson.dataformat.xml.lists.ListDeserializationTest
[INFO] Tests run: 11, Failures: 0, Errors: 0, Skipped: 0, Time elapsed: 0.056 s -- in com.fasterxml.jackson.dataformat.xml.lists.ListDeserializationTest
[INFO] Running com.fasterxml.jackson.dataformat.xml.lists.ListRoundtripTest
[INFO] Tests run: 3, Failures: 0, Errors: 0, Skipped: 0, Time elapsed: 0.017 s -- in com.fasterxml.jackson.dataformat.xml.lists.ListRoundtripTest
[INFO] Running com.fasterxml.jackson.dataformat.xml.lists.ListSerializationTest
[INFO] Tests run: 2, Failures: 0, Errors: 0, Skipped: 0, Time elapsed: 0.005 s -- in com.fasterxml.jackson.dataformat.xml.lists.ListSerializationTest
[INFO] Running com.fasterxml.jackson.dataformat.xml.lists.ListWithAttributesDeserTest
[INFO] Tests run: 8, Failures: 0, Errors: 0, Skipped: 0, Time elapsed: 0.098 s -- in com.fasterxml.jackson.dataformat.xml.lists.ListWithAttributesDeserTest
[INFO] Running com.fasterxml.jackson.dataformat.xml.lists.NestedUnwrappedLists180Test
[INFO] Tests run: 1, Failures: 0, Errors: 0, Skipped: 0, Time elapsed: 0 s -- in com.fasterxml.jackson.dataformat.xml.lists.NestedUnwrappedLists180Test
[INFO] Running com.fasterxml.jackson.dataformat.xml.lists.NestedUnwrappedLists86Test
[INFO] Tests run: 1, Failures: 0, Errors: 0, Skipped: 0, Time elapsed: 0.001 s -- in com.fasterxml.jackson.dataformat.xml.lists.NestedUnwrappedLists86Test
[INFO] Running com.fasterxml.jackson.dataformat.xml.lists.NestedUnwrappedListsTest
[INFO] Tests run: 5, Failures: 0, Errors: 0, Skipped: 0, Time elapsed: 0 s -- in com.fasterxml.jackson.dataformat.xml.lists.NestedUnwrappedListsTest
[INFO] Running com.fasterxml.jackson.dataformat.xml.lists.PolymorphicList97Test
[INFO] Tests run: 2, Failures: 0, Errors: 0, Skipped: 0, Time elapsed: 0.006 s -- in com.fasterxml.jackson.dataformat.xml.lists.PolymorphicList97Test
[INFO] Running com.fasterxml.jackson.dataformat.xml.lists.RootListHandlingTest
[INFO] Tests run: 3, Failures: 0, Errors: 0, Skipped: 0, Time elapsed: 0.014 s -- in com.fasterxml.jackson.dataformat.xml.lists.RootListHandlingTest
[INFO] Running com.fasterxml.jackson.dataformat.xml.lists.StringListRoundtripTest
[INFO] Tests run: 6, Failures: 0, Errors: 0, Skipped: 0, Time elapsed: 0.078 s -- in com.fasterxml.jackson.dataformat.xml.lists.StringListRoundtripTest
[INFO] Running com.fasterxml.jackson.dataformat.xml.lists.UnwrappedListsTest
[INFO] Tests run: 5, Failures: 0, Errors: 0, Skipped: 0, Time elapsed: 0.029 s -- in com.fasterxml.jackson.dataformat.xml.lists.UnwrappedListsTest
[INFO] Running com.fasterxml.jackson.dataformat.xml.lists.UnwrappedListWithEmptyCData129Test
[INFO] Tests run: 1, Failures: 0, Errors: 0, Skipped: 0, Time elapsed: 0.002 s -- in com.fasterxml.jackson.dataformat.xml.lists.UnwrappedListWithEmptyCData129Test
[INFO] Running com.fasterxml.jackson.dataformat.xml.lists.UnwrappedPolymorphicList490Test
[INFO] Tests run: 1, Failures: 0, Errors: 0, Skipped: 0, Time elapsed: 0.003 s -- in com.fasterxml.jackson.dataformat.xml.lists.UnwrappedPolymorphicList490Test
[INFO] Running com.fasterxml.jackson.dataformat.xml.lists.WrappedListsTest
[INFO] Tests run: 1, Failures: 0, Errors: 0, Skipped: 0, Time elapsed: 0.002 s -- in com.fasterxml.jackson.dataformat.xml.lists.WrappedListsTest
[INFO] Running com.fasterxml.jackson.dataformat.xml.MapperCopyTest
[INFO] Tests run: 4, Failures: 0, Errors: 0, Skipped: 0, Time elapsed: 0.134 s -- in com.fasterxml.jackson.dataformat.xml.MapperCopyTest
[INFO] Running com.fasterxml.jackson.dataformat.xml.misc.ArrayConversionsTest
[INFO] Tests run: 8, Failures: 0, Errors: 0, Skipped: 0, Time elapsed: 0.025 s -- in com.fasterxml.jackson.dataformat.xml.misc.ArrayConversionsTest
[INFO] Running com.fasterxml.jackson.dataformat.xml.misc.BadEncodingTest
[INFO] Tests run: 1, Failures: 0, Errors: 0, Skipped: 0, Time elapsed: 0.005 s -- in com.fasterxml.jackson.dataformat.xml.misc.BadEncodingTest
[INFO] Running com.fasterxml.jackson.dataformat.xml.misc.DTDSupportTest
[INFO] Tests run: 1, Failures: 0, Errors: 0, Skipped: 0, Time elapsed: 0.002 s -- in com.fasterxml.jackson.dataformat.xml.misc.DTDSupportTest
[INFO] Running com.fasterxml.jackson.dataformat.xml.misc.ObjectId104Test
[INFO] Tests run: 1, Failures: 0, Errors: 0, Skipped: 0, Time elapsed: 0.003 s -- in com.fasterxml.jackson.dataformat.xml.misc.ObjectId104Test
[INFO] Running com.fasterxml.jackson.dataformat.xml.misc.PolymorphicTypesTest
[INFO] Tests run: 4, Failures: 0, Errors: 0, Skipped: 0, Time elapsed: 0.014 s -- in com.fasterxml.jackson.dataformat.xml.misc.PolymorphicTypesTest
[INFO] Running com.fasterxml.jackson.dataformat.xml.misc.RootNameTest
[INFO] Tests run: 3, Failures: 0, Errors: 0, Skipped: 0, Time elapsed: 0.008 s -- in com.fasterxml.jackson.dataformat.xml.misc.RootNameTest
[INFO] Running com.fasterxml.jackson.dataformat.xml.misc.RootNameWrapping374Test
[INFO] Tests run: 3, Failures: 0, Errors: 0, Skipped: 0, Time elapsed: 0.008 s -- in com.fasterxml.jackson.dataformat.xml.misc.RootNameWrapping374Test
[INFO] Running com.fasterxml.jackson.dataformat.xml.misc.SequenceWrite493Test
[INFO] Tests run: 1, Failures: 0, Errors: 0, Skipped: 0, Time elapsed: 0.006 s -- in com.fasterxml.jackson.dataformat.xml.misc.SequenceWrite493Test
[INFO] Running com.fasterxml.jackson.dataformat.xml.misc.StreamingDecoratorsTest
[INFO] Tests run: 2, Failures: 0, Errors: 0, Skipped: 0, Time elapsed: 0.002 s -- in com.fasterxml.jackson.dataformat.xml.misc.StreamingDecoratorsTest
[INFO] Running com.fasterxml.jackson.dataformat.xml.misc.TagEscapeTest
[INFO] Tests run: 5, Failures: 0, Errors: 0, Skipped: 0, Time elapsed: 0.021 s -- in com.fasterxml.jackson.dataformat.xml.misc.TagEscapeTest
[INFO] Running com.fasterxml.jackson.dataformat.xml.misc.TextValueTest
[INFO] Tests run: 6, Failures: 0, Errors: 0, Skipped: 0, Time elapsed: 0.024 s -- in com.fasterxml.jackson.dataformat.xml.misc.TextValueTest
[INFO] Running com.fasterxml.jackson.dataformat.xml.misc.UnwrappedJsonIdentityConflict286Test
[INFO] Tests run: 1, Failures: 0, Errors: 0, Skipped: 0, Time elapsed: 0.007 s -- in com.fasterxml.jackson.dataformat.xml.misc.UnwrappedJsonIdentityConflict286Test
[INFO] Running com.fasterxml.jackson.dataformat.xml.misc.UnwrappingWithXMLTest
[INFO] Tests run: 3, Failures: 0, Errors: 0, Skipped: 0, Time elapsed: 0.018 s -- in com.fasterxml.jackson.dataformat.xml.misc.UnwrappingWithXMLTest
[INFO] Running com.fasterxml.jackson.dataformat.xml.misc.XmlTextTest
[INFO] Tests run: 4, Failures: 0, Errors: 0, Skipped: 0, Time elapsed: 0.012 s -- in com.fasterxml.jackson.dataformat.xml.misc.XmlTextTest
[INFO] Running com.fasterxml.jackson.dataformat.xml.node.JsonNodeBasicDeserTest
[INFO] Tests run: 3, Failures: 0, Errors: 0, Skipped: 0, Time elapsed: 0.004 s -- in com.fasterxml.jackson.dataformat.xml.node.JsonNodeBasicDeserTest
[INFO] Running com.fasterxml.jackson.dataformat.xml.node.JsonNodeMixedContent403Test
[INFO] Tests run: 5, Failures: 0, Errors: 0, Skipped: 0, Time elapsed: 0.004 s -- in com.fasterxml.jackson.dataformat.xml.node.JsonNodeMixedContent403Test
[INFO] Running com.fasterxml.jackson.dataformat.xml.node.JsonNodeSerUnwrapped441Test
[INFO] Tests run: 4, Failures: 0, Errors: 0, Skipped: 0, Time elapsed: 0.001 s -- in com.fasterxml.jackson.dataformat.xml.node.JsonNodeSerUnwrapped441Test
[INFO] Running com.fasterxml.jackson.dataformat.xml.RoundtripContentTest
[INFO] Tests run: 1, Failures: 0, Errors: 0, Skipped: 0, Time elapsed: 0.014 s -- in com.fasterxml.jackson.dataformat.xml.RoundtripContentTest
[INFO] Running com.fasterxml.jackson.dataformat.xml.ser.Base64VariantWriteTest
[INFO] Tests run: 2, Failures: 0, Errors: 0, Skipped: 0, Time elapsed: 0.006 s -- in com.fasterxml.jackson.dataformat.xml.ser.Base64VariantWriteTest
[INFO] Running com.fasterxml.jackson.dataformat.xml.ser.CustomSerializerTest
[INFO] Tests run: 1, Failures: 0, Errors: 0, Skipped: 0, Time elapsed: 0.002 s -- in com.fasterxml.jackson.dataformat.xml.ser.CustomSerializerTest
[INFO] Running com.fasterxml.jackson.dataformat.xml.ser.dos.CyclicDataSerTest
[INFO] Tests run: 1, Failures: 0, Errors: 0, Skipped: 0, Time elapsed: 0.030 s -- in com.fasterxml.jackson.dataformat.xml.ser.dos.CyclicDataSerTest
[INFO] Running com.fasterxml.jackson.dataformat.xml.ser.dos.CyclicXMLDataSerTest
[INFO] Tests run: 1, Failures: 0, Errors: 0, Skipped: 0, Time elapsed: 0 s -- in com.fasterxml.jackson.dataformat.xml.ser.dos.CyclicXMLDataSerTest
[INFO] Running com.fasterxml.jackson.dataformat.xml.ser.EmptyPolymorphicTest
[INFO] Tests run: 1, Failures: 0, Errors: 0, Skipped: 0, Time elapsed: 0.001 s -- in com.fasterxml.jackson.dataformat.xml.ser.EmptyPolymorphicTest
[INFO] Running com.fasterxml.jackson.dataformat.xml.ser.IterationType302Test
[INFO] Tests run: 7, Failures: 0, Errors: 0, Skipped: 0, Time elapsed: 0.016 s -- in com.fasterxml.jackson.dataformat.xml.ser.IterationType302Test
[INFO] Running com.fasterxml.jackson.dataformat.xml.ser.JsonAppend578Test
[INFO] Tests run: 1, Failures: 0, Errors: 0, Skipped: 0, Time elapsed: 0 s -- in com.fasterxml.jackson.dataformat.xml.ser.JsonAppend578Test
[INFO] Running com.fasterxml.jackson.dataformat.xml.ser.PolymorphicSerialization389Test
[INFO] Tests run: 1, Failures: 0, Errors: 0, Skipped: 0, Time elapsed: 0.006 s -- in com.fasterxml.jackson.dataformat.xml.ser.PolymorphicSerialization389Test
[INFO] Running com.fasterxml.jackson.dataformat.xml.ser.RawValueSerializationTest
[INFO] Tests run: 1, Failures: 0, Errors: 0, Skipped: 0, Time elapsed: 0 s -- in com.fasterxml.jackson.dataformat.xml.ser.RawValueSerializationTest
[INFO] Running com.fasterxml.jackson.dataformat.xml.ser.TestBinaryStreamToXMLSerialization
[INFO] Tests run: 5, Failures: 0, Errors: 0, Skipped: 0, Time elapsed: 0 s -- in com.fasterxml.jackson.dataformat.xml.ser.TestBinaryStreamToXMLSerialization
[INFO] Running com.fasterxml.jackson.dataformat.xml.ser.TestJDKSerializability
[INFO] Tests run: 2, Failures: 0, Errors: 0, Skipped: 0, Time elapsed: 0.015 s -- in com.fasterxml.jackson.dataformat.xml.ser.TestJDKSerializability
[INFO] Running com.fasterxml.jackson.dataformat.xml.ser.TestNamespaces
[INFO] Tests run: 5, Failures: 0, Errors: 0, Skipped: 0, Time elapsed: 0 s -- in com.fasterxml.jackson.dataformat.xml.ser.TestNamespaces
[INFO] Running com.fasterxml.jackson.dataformat.xml.ser.TestSerialization
[INFO] Tests run: 8, Failures: 0, Errors: 0, Skipped: 0, Time elapsed: 0.015 s -- in com.fasterxml.jackson.dataformat.xml.ser.TestSerialization
[INFO] Running com.fasterxml.jackson.dataformat.xml.ser.TestSerializationAttr
[INFO] Tests run: 4, Failures: 0, Errors: 0, Skipped: 0, Time elapsed: 0.004 s -- in com.fasterxml.jackson.dataformat.xml.ser.TestSerializationAttr
[INFO] Running com.fasterxml.jackson.dataformat.xml.ser.TestSerializationManual
[INFO] Tests run: 1, Failures: 0, Errors: 0, Skipped: 0, Time elapsed: 0 s -- in com.fasterxml.jackson.dataformat.xml.ser.TestSerializationManual
[INFO] Running com.fasterxml.jackson.dataformat.xml.ser.TestSerializationOrdering
[INFO] Tests run: 1, Failures: 0, Errors: 0, Skipped: 0, Time elapsed: 0 s -- in com.fasterxml.jackson.dataformat.xml.ser.TestSerializationOrdering
[INFO] Running com.fasterxml.jackson.dataformat.xml.ser.TestSerializationWithFilter
[INFO] Tests run: 1, Failures: 0, Errors: 0, Skipped: 0, Time elapsed: 0 s -- in com.fasterxml.jackson.dataformat.xml.ser.TestSerializationWithFilter
[INFO] Running com.fasterxml.jackson.dataformat.xml.ser.TestSerializerCustom
[INFO] Tests run: 1, Failures: 0, Errors: 0, Skipped: 0, Time elapsed: 0.001 s -- in com.fasterxml.jackson.dataformat.xml.ser.TestSerializerCustom
[INFO] Running com.fasterxml.jackson.dataformat.xml.ser.TestXmlDeclaration
[INFO] Tests run: 2, Failures: 0, Errors: 0, Skipped: 0, Time elapsed: 0 s -- in com.fasterxml.jackson.dataformat.xml.ser.TestXmlDeclaration
[INFO] Running com.fasterxml.jackson.dataformat.xml.ser.XmlPrettyPrinterTest
[INFO] Tests run: 9, Failures: 0, Errors: 0, Skipped: 0, Time elapsed: 0.028 s -- in com.fasterxml.jackson.dataformat.xml.ser.XmlPrettyPrinterTest
[INFO] Running com.fasterxml.jackson.dataformat.xml.ser.XsiNilSerializationTest
[INFO] Tests run: 3, Failures: 0, Errors: 0, Skipped: 0, Time elapsed: 0.017 s -- in com.fasterxml.jackson.dataformat.xml.ser.XsiNilSerializationTest
[INFO] Running com.fasterxml.jackson.dataformat.xml.stream.dos.DeepNestingParserTest
[INFO] Tests run: 2, Failures: 0, Errors: 0, Skipped: 0, Time elapsed: 0 s -- in com.fasterxml.jackson.dataformat.xml.stream.dos.DeepNestingParserTest
[INFO] Running com.fasterxml.jackson.dataformat.xml.stream.FormatDetectionTest
[INFO] Tests run: 8, Failures: 0, Errors: 0, Skipped: 0, Time elapsed: 0.030 s -- in com.fasterxml.jackson.dataformat.xml.stream.FormatDetectionTest
[INFO] Running com.fasterxml.jackson.dataformat.xml.stream.StreamCapabilitiesTest
[INFO] Tests run: 1, Failures: 0, Errors: 0, Skipped: 0, Time elapsed: 0.005 s -- in com.fasterxml.jackson.dataformat.xml.stream.StreamCapabilitiesTest
[INFO] Running com.fasterxml.jackson.dataformat.xml.stream.XmlGeneratorTest
[INFO] Tests run: 15, Failures: 0, Errors: 0, Skipped: 0, Time elapsed: 0.030 s -- in com.fasterxml.jackson.dataformat.xml.stream.XmlGeneratorTest
[INFO] Running com.fasterxml.jackson.dataformat.xml.stream.XmlParser442Test
[INFO] Tests run: 1, Failures: 0, Errors: 0, Skipped: 0, Time elapsed: 0 s -- in com.fasterxml.jackson.dataformat.xml.stream.XmlParser442Test
[INFO] Running com.fasterxml.jackson.dataformat.xml.stream.XmlParserNextXxxTest
[INFO] Tests run: 1, Failures: 0, Errors: 0, Skipped: 0, Time elapsed: 0.015 s -- in com.fasterxml.jackson.dataformat.xml.stream.XmlParserNextXxxTest
[INFO] Running com.fasterxml.jackson.dataformat.xml.stream.XmlParserTest
[INFO] Tests run: 10, Failures: 0, Errors: 0, Skipped: 0, Time elapsed: 0 s -- in com.fasterxml.jackson.dataformat.xml.stream.XmlParserTest
[INFO] Running com.fasterxml.jackson.dataformat.xml.stream.XmlTokenStreamTest
[INFO] Tests run: 6, Failures: 0, Errors: 0, Skipped: 0, Time elapsed: 0.001 s -- in com.fasterxml.jackson.dataformat.xml.stream.XmlTokenStreamTest
[INFO] Running com.fasterxml.jackson.dataformat.xml.VersionInfoTest
[INFO] Tests run: 1, Failures: 0, Errors: 0, Skipped: 0, Time elapsed: 0.001 s -- in com.fasterxml.jackson.dataformat.xml.VersionInfoTest
[INFO] Running com.fasterxml.jackson.dataformat.xml.vld.DTDValidationTest
[INFO] Tests run: 2, Failures: 0, Errors: 0, Skipped: 0, Time elapsed: 0.052 s -- in com.fasterxml.jackson.dataformat.xml.vld.DTDValidationTest
[INFO] Running com.fasterxml.jackson.dataformat.xml.vld.RelaxNGValidationTest
[INFO] Tests run: 2, Failures: 0, Errors: 0, Skipped: 0, Time elapsed: 0.182 s -- in com.fasterxml.jackson.dataformat.xml.vld.RelaxNGValidationTest
[INFO] Running com.fasterxml.jackson.dataformat.xml.vld.W3CSchemaValidationTest
[INFO] Tests run: 1, Failures: 0, Errors: 0, Skipped: 0, Time elapsed: 0.074 s -- in com.fasterxml.jackson.dataformat.xml.vld.W3CSchemaValidationTest
[INFO] 
[INFO] Results:
[INFO] 
[INFO] Tests run: 364, Failures: 0, Errors: 0, Skipped: 0
[INFO] 
[INFO] 
[INFO] --- jacoco-maven-plugin:0.8.10:report (report) @ jackson-dataformat-xml ---
[INFO] Loading execution data file /mnt/c/Users/fujiwara yuma/evaluation/ALL/jacksonXML/workingDir/target/jacoco.exec
[INFO] Analyzed bundle 'Jackson-dataformat-XML' with 47 classes
[INFO] ------------------------------------------------------------------------
[INFO] BUILD SUCCESS
[INFO] ------------------------------------------------------------------------
[INFO] Total time:  29.005 s
[INFO] Finished at: 2023-12-14T14:10:00+09:00
[INFO] ------------------------------------------------------------------------
