[INFO] Scanning for projects...
[INFO] 
[INFO] -------------------< commons-jxpath:commons-jxpath >--------------------
[INFO] Building Apache Commons JXPath 1.4-SNAPSHOT
[INFO] --------------------------------[ jar ]---------------------------------
[INFO] 
[INFO] --- maven-enforcer-plugin:3.1.0:enforce (enforce-maven-version) @ commons-jxpath ---
[INFO] 
[INFO] --- maven-enforcer-plugin:3.1.0:enforce (enforce-java-version) @ commons-jxpath ---
[INFO] 
[INFO] --- maven-enforcer-plugin:3.1.0:enforce (enforce-maven-3) @ commons-jxpath ---
[INFO] 
[INFO] --- apache-rat-plugin:0.15:check (rat-check) @ commons-jxpath ---
[INFO] RAT will not execute since it is configured to be skipped via system property 'rat.skip'.
[INFO] 
[INFO] --- build-helper-maven-plugin:3.3.0:parse-version (parse-version) @ commons-jxpath ---
[INFO] 
[INFO] --- maven-antrun-plugin:3.1.0:run (javadoc.resources) @ commons-jxpath ---
[INFO] Executing tasks
[INFO]      [copy] Copying 2 files to /mnt/c/Users/fujiwara yuma/evaluation/rts-trace2/commonsJXPATH/workingDir/target/apidocs/META-INF
[INFO] Executed tasks
[INFO] 
[INFO] --- maven-remote-resources-plugin:1.7.0:process (process-resource-bundles) @ commons-jxpath ---
[INFO] Skipping remote resources execution.
[INFO] 
[INFO] --- buildnumber-maven-plugin:3.0.0:create (default) @ commons-jxpath ---
[INFO] Executing: /bin/sh -c cd '/mnt/c/Users/fujiwara yuma/evaluation/rts-trace2/commonsJXPATH/workingDir' && 'git' 'rev-parse' '--verify' 'HEAD'
[INFO] Working directory: /mnt/c/Users/fujiwara yuma/evaluation/rts-trace2/commonsJXPATH/workingDir
[INFO] Storing buildNumber: null at timestamp: 1705567191779
[WARNING] Cannot get the branch information from the git repository: 
Detecting the current branch failed: fatal: ref HEAD is not a symbolic ref

[INFO] Executing: /bin/sh -c cd '/mnt/c/Users/fujiwara yuma/evaluation/rts-trace2/commonsJXPATH/workingDir' && 'git' 'rev-parse' '--verify' 'HEAD'
[INFO] Working directory: /mnt/c/Users/fujiwara yuma/evaluation/rts-trace2/commonsJXPATH/workingDir
[INFO] Storing buildScmBranch: UNKNOWN
[INFO] 
[INFO] --- maven-resources-plugin:3.2.0:resources (default-resources) @ commons-jxpath ---
[INFO] Using 'iso-8859-1' encoding to copy filtered resources.
[INFO] Using 'iso-8859-1' encoding to copy filtered properties files.
[INFO] skip non existing resourceDirectory /mnt/c/Users/fujiwara yuma/evaluation/rts-trace2/commonsJXPATH/workingDir/src/main/resources
[INFO] Copying 2 resources to META-INF
[INFO] 
[INFO] --- maven-compiler-plugin:3.10.1:compile (default-compile) @ commons-jxpath ---
[INFO] Changes detected - recompiling the module!
[INFO] Compiling 171 source files to /mnt/c/Users/fujiwara yuma/evaluation/rts-trace2/commonsJXPATH/workingDir/target/classes
[INFO] /mnt/c/Users/fujiwara yuma/evaluation/rts-trace2/commonsJXPATH/workingDir/src/main/java/org/apache/commons/jxpath/JXPathContextFactory.java: Some input files use or override a deprecated API.
[INFO] /mnt/c/Users/fujiwara yuma/evaluation/rts-trace2/commonsJXPATH/workingDir/src/main/java/org/apache/commons/jxpath/JXPathContextFactory.java: Recompile with -Xlint:deprecation for details.
[INFO] /mnt/c/Users/fujiwara yuma/evaluation/rts-trace2/commonsJXPATH/workingDir/src/main/java/org/apache/commons/jxpath/ri/EvalContext.java: Some input files use unchecked or unsafe operations.
[INFO] /mnt/c/Users/fujiwara yuma/evaluation/rts-trace2/commonsJXPATH/workingDir/src/main/java/org/apache/commons/jxpath/ri/EvalContext.java: Recompile with -Xlint:unchecked for details.
[INFO] 
[INFO] --- maven-bundle-plugin:5.1.8:manifest (bundle-manifest) @ commons-jxpath ---
[INFO] Writing manifest: /mnt/c/Users/fujiwara yuma/evaluation/rts-trace2/commonsJXPATH/workingDir/target/osgi/MANIFEST.MF
[INFO] 
[INFO] --- maven-resources-plugin:3.2.0:testResources (default-testResources) @ commons-jxpath ---
[INFO] Using 'iso-8859-1' encoding to copy filtered resources.
[INFO] Using 'iso-8859-1' encoding to copy filtered properties files.
[INFO] Copying 7 resources
[INFO] Copying 2 resources to META-INF
[INFO] 
[INFO] --- maven-compiler-plugin:3.10.1:testCompile (default-testCompile) @ commons-jxpath ---
[INFO] Changes detected - recompiling the module!
[INFO] Compiling 61 source files to /mnt/c/Users/fujiwara yuma/evaluation/rts-trace2/commonsJXPATH/workingDir/target/test-classes
[INFO] /mnt/c/Users/fujiwara yuma/evaluation/rts-trace2/commonsJXPATH/workingDir/src/test/java/org/apache/commons/jxpath/issues/JXPath118Test.java: /mnt/c/Users/fujiwara yuma/evaluation/rts-trace2/commonsJXPATH/workingDir/src/test/java/org/apache/commons/jxpath/issues/JXPath118Test.java uses or overrides a deprecated API.
[INFO] /mnt/c/Users/fujiwara yuma/evaluation/rts-trace2/commonsJXPATH/workingDir/src/test/java/org/apache/commons/jxpath/issues/JXPath118Test.java: Recompile with -Xlint:deprecation for details.
[INFO] /mnt/c/Users/fujiwara yuma/evaluation/rts-trace2/commonsJXPATH/workingDir/src/test/java/org/apache/commons/jxpath/JXPathTestCase.java: Some input files use unchecked or unsafe operations.
[INFO] /mnt/c/Users/fujiwara yuma/evaluation/rts-trace2/commonsJXPATH/workingDir/src/test/java/org/apache/commons/jxpath/JXPathTestCase.java: Recompile with -Xlint:unchecked for details.
[INFO] 
[INFO] --- animal-sniffer-maven-plugin:1.22:check (checkAPIcompatibility) @ commons-jxpath ---
[INFO] Checking unresolved references to org.codehaus.mojo.signature:java18:1.0
[INFO] 
[INFO] --- jacoco-maven-plugin:0.8.8:prepare-agent (prepare-agent) @ commons-jxpath ---
[INFO] argLine set to "-javaagent:/home/ym-fujwr/.m2/repository/org/jacoco/org.jacoco.agent/0.8.8/org.jacoco.agent-0.8.8-runtime.jar=destfile=/mnt/c/Users/fujiwara yuma/evaluation/rts-trace2/commonsJXPATH/workingDir/target/jacoco.exec"
[INFO] 
[INFO] --- maven-surefire-plugin:3.0.0-M7:test (default-test) @ commons-jxpath ---
[INFO] Using auto detected provider org.apache.maven.surefire.junit4.JUnit4Provider
[INFO] 
[INFO] -------------------------------------------------------
[INFO]  T E S T S
[INFO] -------------------------------------------------------
[INFO] Running org.apache.commons.jxpath.BasicNodeSetTest
[INFO] Tests run: 3, Failures: 0, Errors: 0, Skipped: 0, Time elapsed: 6.543 s - in org.apache.commons.jxpath.BasicNodeSetTest
[INFO] Running org.apache.commons.jxpath.issues.JXPath113Test
[INFO] Tests run: 1, Failures: 0, Errors: 0, Skipped: 0, Time elapsed: 0.001 s - in org.apache.commons.jxpath.issues.JXPath113Test
[INFO] Running org.apache.commons.jxpath.issues.JXPath118Test
[INFO] Tests run: 1, Failures: 0, Errors: 0, Skipped: 0, Time elapsed: 0.025 s - in org.apache.commons.jxpath.issues.JXPath118Test
[INFO] Running org.apache.commons.jxpath.issues.JXPath149Test
[INFO] Tests run: 1, Failures: 0, Errors: 0, Skipped: 0, Time elapsed: 0.2 s - in org.apache.commons.jxpath.issues.JXPath149Test
[INFO] Running org.apache.commons.jxpath.issues.JXPath172DynamicTest
[INFO] Tests run: 3, Failures: 0, Errors: 0, Skipped: 0, Time elapsed: 0.34 s - in org.apache.commons.jxpath.issues.JXPath172DynamicTest
[INFO] Running org.apache.commons.jxpath.issues.JXPath172Test
[INFO] Tests run: 1, Failures: 0, Errors: 0, Skipped: 0, Time elapsed: 0.009 s - in org.apache.commons.jxpath.issues.JXPath172Test
[INFO] Running org.apache.commons.jxpath.issues.JXPath177Test
[INFO] Tests run: 3, Failures: 0, Errors: 0, Skipped: 0, Time elapsed: 0.105 s - in org.apache.commons.jxpath.issues.JXPath177Test
[INFO] Running org.apache.commons.jxpath.ri.axes.RecursiveAxesTest
[INFO] Tests run: 1, Failures: 0, Errors: 0, Skipped: 0, Time elapsed: 0.032 s - in org.apache.commons.jxpath.ri.axes.RecursiveAxesTest
[INFO] Running org.apache.commons.jxpath.ri.axes.SimplePathInterpreterTest
[INFO] Tests run: 8, Failures: 0, Errors: 0, Skipped: 0, Time elapsed: 0.375 s - in org.apache.commons.jxpath.ri.axes.SimplePathInterpreterTest
[INFO] Running org.apache.commons.jxpath.ri.compiler.ContextDependencyTest
[INFO] Tests run: 1, Failures: 0, Errors: 0, Skipped: 0, Time elapsed: 0.034 s - in org.apache.commons.jxpath.ri.compiler.ContextDependencyTest
[INFO] Running org.apache.commons.jxpath.ri.compiler.CoreFunctionTest
[INFO] Tests run: 2, Failures: 0, Errors: 0, Skipped: 0, Time elapsed: 0.381 s - in org.apache.commons.jxpath.ri.compiler.CoreFunctionTest
[INFO] Running org.apache.commons.jxpath.ri.compiler.CoreOperationTest
[INFO] Tests run: 1, Failures: 0, Errors: 0, Skipped: 0, Time elapsed: 0.157 s - in org.apache.commons.jxpath.ri.compiler.CoreOperationTest
[INFO] Running org.apache.commons.jxpath.ri.compiler.ExtensionFunctionTest
[INFO] Tests run: 14, Failures: 0, Errors: 0, Skipped: 0, Time elapsed: 0.45 s - in org.apache.commons.jxpath.ri.compiler.ExtensionFunctionTest
[INFO] Running org.apache.commons.jxpath.ri.compiler.VariableTest
[INFO] Tests run: 13, Failures: 0, Errors: 0, Skipped: 0, Time elapsed: 0.111 s - in org.apache.commons.jxpath.ri.compiler.VariableTest
[INFO] Running org.apache.commons.jxpath.ri.ExceptionHandlerTest
[INFO] Tests run: 2, Failures: 0, Errors: 0, Skipped: 0, Time elapsed: 0.036 s - in org.apache.commons.jxpath.ri.ExceptionHandlerTest
[INFO] Running org.apache.commons.jxpath.ri.JXPathCompiledExpressionTest
[INFO] Tests run: 27, Failures: 0, Errors: 0, Skipped: 0, Time elapsed: 0.242 s - in org.apache.commons.jxpath.ri.JXPathCompiledExpressionTest
[INFO] Running org.apache.commons.jxpath.ri.model.beans.BadlyImplementedFactoryTest
[INFO] Tests run: 1, Failures: 0, Errors: 0, Skipped: 0, Time elapsed: 0.006 s - in org.apache.commons.jxpath.ri.model.beans.BadlyImplementedFactoryTest
[INFO] Running org.apache.commons.jxpath.ri.model.beans.BeanModelTest
[INFO] Tests run: 1, Failures: 0, Errors: 0, Skipped: 0, Time elapsed: 0.028 s - in org.apache.commons.jxpath.ri.model.beans.BeanModelTest
[INFO] Running org.apache.commons.jxpath.ri.model.container.ContainerModelTest
[INFO] Tests run: 3, Failures: 0, Errors: 0, Skipped: 0, Time elapsed: 0.05 s - in org.apache.commons.jxpath.ri.model.container.ContainerModelTest
[INFO] Running org.apache.commons.jxpath.ri.model.dom.DOMModelTest
[INFO] Tests run: 2, Failures: 0, Errors: 0, Skipped: 0, Time elapsed: 0.049 s - in org.apache.commons.jxpath.ri.model.dom.DOMModelTest
[INFO] Running org.apache.commons.jxpath.ri.model.dynabeans.LazyDynaBeanTest
[INFO] Tests run: 1, Failures: 0, Errors: 0, Skipped: 0, Time elapsed: 0.104 s - in org.apache.commons.jxpath.ri.model.dynabeans.LazyDynaBeanTest
[INFO] Running org.apache.commons.jxpath.ri.model.dynamic.DynamicPropertiesModelTest
[INFO] Tests run: 10, Failures: 0, Errors: 0, Skipped: 0, Time elapsed: 0.087 s - in org.apache.commons.jxpath.ri.model.dynamic.DynamicPropertiesModelTest
[INFO] Running org.apache.commons.jxpath.ri.model.JXPath151Test
[INFO] Tests run: 2, Failures: 0, Errors: 0, Skipped: 0, Time elapsed: 0.013 s - in org.apache.commons.jxpath.ri.model.JXPath151Test
[INFO] Running org.apache.commons.jxpath.ri.model.JXPath154Test
[INFO] Tests run: 1, Failures: 0, Errors: 0, Skipped: 0, Time elapsed: 0.237 s - in org.apache.commons.jxpath.ri.model.JXPath154Test
[INFO] Running org.apache.commons.jxpath.ri.model.MixedModelTest
[INFO] Tests run: 30, Failures: 0, Errors: 0, Skipped: 0, Time elapsed: 0.217 s - in org.apache.commons.jxpath.ri.model.MixedModelTest
[INFO] Running org.apache.commons.jxpath.ri.model.XMLPreserveSpaceTest
[INFO] Tests run: 1, Failures: 0, Errors: 0, Skipped: 0, Time elapsed: 0.001 s - in org.apache.commons.jxpath.ri.model.XMLPreserveSpaceTest
[INFO] Running org.apache.commons.jxpath.ri.model.XMLSpaceTest
[INFO] Tests run: 5, Failures: 0, Errors: 0, Skipped: 0, Time elapsed: 0.123 s - in org.apache.commons.jxpath.ri.model.XMLSpaceTest
[INFO] Running org.apache.commons.jxpath.ri.StressTest
[INFO] Tests run: 1, Failures: 0, Errors: 0, Skipped: 0, Time elapsed: 11.777 s - in org.apache.commons.jxpath.ri.StressTest
[INFO] 
[INFO] Results:
[INFO] 
[INFO] Tests run: 140, Failures: 0, Errors: 0, Skipped: 0
[INFO] 
[INFO] ------------------------------------------------------------------------
[INFO] BUILD SUCCESS
[INFO] ------------------------------------------------------------------------
[INFO] Total time:  40.049 s
[INFO] Finished at: 2024-01-18T17:40:29+09:00
[INFO] ------------------------------------------------------------------------
