[INFO] Scanning for projects...
[INFO] 
[INFO] ----------------------< commons-cli:commons-cli >-----------------------
[INFO] Building Apache Commons CLI 1.7.0-SNAPSHOT
[INFO] --------------------------------[ jar ]---------------------------------
[INFO] 
[INFO] --- maven-enforcer-plugin:3.3.0:enforce (enforce-maven-version) @ commons-cli ---
[INFO] Rule 0: org.apache.maven.enforcer.rules.version.RequireMavenVersion passed
[INFO] 
[INFO] --- maven-enforcer-plugin:3.3.0:enforce (enforce-java-version) @ commons-cli ---
[INFO] Rule 0: org.apache.maven.enforcer.rules.version.RequireJavaVersion passed
[INFO] 
[INFO] --- apache-rat-plugin:0.15:check (rat-check) @ commons-cli ---
[INFO] RAT will not execute since it is configured to be skipped via system property 'rat.skip'.
[INFO] 
[INFO] --- build-helper-maven-plugin:3.4.0:parse-version (parse-version) @ commons-cli ---
[INFO] 
[INFO] --- maven-antrun-plugin:3.1.0:run (javadoc.resources) @ commons-cli ---
[INFO] Executing tasks
[INFO]      [copy] Copying 2 files to /mnt/c/Users/fujiwara yuma/evaluation/Ekstazi/commonsCLI/workingDir/target/apidocs/META-INF
[INFO] Executed tasks
[INFO] 
[INFO] --- maven-remote-resources-plugin:3.1.0:process (process-resource-bundles) @ commons-cli ---
[INFO] Skipping remote resources execution.
[INFO] 
[INFO] --- buildnumber-maven-plugin:3.2.0:create (default) @ commons-cli ---
[INFO] Executing: /bin/sh -c cd '/mnt/c/Users/fujiwara yuma/evaluation/Ekstazi/commonsCLI/workingDir' && 'git' 'rev-parse' '--verify' 'HEAD'
[INFO] Working directory: /mnt/c/Users/fujiwara yuma/evaluation/Ekstazi/commonsCLI/workingDir
[INFO] Storing buildNumber: ?????? at timestamp: 1703050617147
[INFO] Executing: /bin/sh -c cd '/mnt/c/Users/fujiwara yuma/evaluation/Ekstazi/commonsCLI/workingDir' && 'git' 'symbolic-ref' 'HEAD'
[INFO] Working directory: /mnt/c/Users/fujiwara yuma/evaluation/Ekstazi/commonsCLI/workingDir
[WARNING] Cannot get the branch information from the git repository: 
Detecting the current branch failed: fatal: not a git repository (or any parent up to mount point /mnt)
Stopping at filesystem boundary (GIT_DISCOVERY_ACROSS_FILESYSTEM not set).

[INFO] Executing: /bin/sh -c cd '/mnt/c/Users/fujiwara yuma/evaluation/Ekstazi/commonsCLI/workingDir' && 'git' 'rev-parse' '--verify' 'HEAD'
[INFO] Working directory: /mnt/c/Users/fujiwara yuma/evaluation/Ekstazi/commonsCLI/workingDir
[INFO] Storing scmBranch: UNKNOWN_BRANCH
[INFO] 
[INFO] --- maven-resources-plugin:3.3.1:resources (default-resources) @ commons-cli ---
[INFO] skip non existing resourceDirectory /mnt/c/Users/fujiwara yuma/evaluation/Ekstazi/commonsCLI/workingDir/src/main/resources
[INFO] Copying 2 resources from  to target/classes/META-INF
[INFO] 
[INFO] --- maven-compiler-plugin:3.11.0:compile (default-compile) @ commons-cli ---
[INFO] Changes detected - recompiling the module! :source
[INFO] Compiling 23 source files with javac [debug release 8] to target/classes
[INFO] /mnt/c/Users/fujiwara yuma/evaluation/Ekstazi/commonsCLI/workingDir/src/main/java/org/apache/commons/cli/Parser.java: Some input files use unchecked or unsafe operations.
[INFO] /mnt/c/Users/fujiwara yuma/evaluation/Ekstazi/commonsCLI/workingDir/src/main/java/org/apache/commons/cli/Parser.java: Recompile with -Xlint:unchecked for details.
[INFO] 
[INFO] --- maven-bundle-plugin:5.1.9:manifest (bundle-manifest) @ commons-cli ---
[INFO] Writing manifest: /mnt/c/Users/fujiwara yuma/evaluation/Ekstazi/commonsCLI/workingDir/target/osgi/MANIFEST.MF
[INFO] 
[INFO] --- maven-resources-plugin:3.3.1:testResources (default-testResources) @ commons-cli ---
[INFO] Copying 1 resource from src/test/resources to target/test-classes
[INFO] Copying 2 resources from  to target/test-classes/META-INF
[INFO] 
[INFO] --- maven-compiler-plugin:3.11.0:testCompile (default-testCompile) @ commons-cli ---
[INFO] Changes detected - recompiling the module! :dependency
[INFO] Compiling 30 source files with javac [debug release 8] to target/test-classes
[INFO] /mnt/c/Users/fujiwara yuma/evaluation/Ekstazi/commonsCLI/workingDir/src/test/java/org/apache/commons/cli/bug/BugCLI71Test.java: Some input files use or override a deprecated API.
[INFO] /mnt/c/Users/fujiwara yuma/evaluation/Ekstazi/commonsCLI/workingDir/src/test/java/org/apache/commons/cli/bug/BugCLI71Test.java: Recompile with -Xlint:deprecation for details.
[INFO] 
[INFO] --- jacoco-maven-plugin:0.8.10:prepare-agent (prepare-agent) @ commons-cli ---
[INFO] argLine set to "-javaagent:/home/ym-fujwr/.m2/repository/org/jacoco/org.jacoco.agent/0.8.10/org.jacoco.agent-0.8.10-runtime.jar=destfile=/mnt/c/Users/fujiwara yuma/evaluation/Ekstazi/commonsCLI/workingDir/target/jacoco.exec"
[INFO] 
[INFO] --- maven-surefire-plugin:3.1.2:test (default-test) @ commons-cli ---
[INFO] Using auto detected provider org.apache.maven.surefire.junitplatform.JUnitPlatformProvider
[INFO] 
[INFO] -------------------------------------------------------
[INFO]  T E S T S
[INFO] -------------------------------------------------------
[INFO] Running org.apache.commons.cli.BasicParserTest
[WARNING] Tests run: 66, Failures: 0, Errors: 0, Skipped: 27, Time elapsed: 0.197 s -- in org.apache.commons.cli.BasicParserTest
[INFO] Running org.apache.commons.cli.DefaultParserTest
[INFO] Tests run: 82, Failures: 0, Errors: 0, Skipped: 0, Time elapsed: 0.154 s -- in org.apache.commons.cli.DefaultParserTest
[INFO] Running org.apache.commons.cli.GnuParserTest
[WARNING] Tests run: 65, Failures: 0, Errors: 0, Skipped: 22, Time elapsed: 0.089 s -- in org.apache.commons.cli.GnuParserTest
[INFO] Running org.apache.commons.cli.PosixParserTest
[WARNING] Tests run: 70, Failures: 0, Errors: 0, Skipped: 10, Time elapsed: 0.142 s -- in org.apache.commons.cli.PosixParserTest
[INFO] 
[INFO] Results:
[INFO] 
[WARNING] Tests run: 283, Failures: 0, Errors: 0, Skipped: 59
[INFO] 
[INFO] ------------------------------------------------------------------------
[INFO] BUILD SUCCESS
[INFO] ------------------------------------------------------------------------
[INFO] Total time:  10.187 s
[INFO] Finished at: 2023-12-20T14:37:05+09:00
[INFO] ------------------------------------------------------------------------
